<?xml version="1.0" encoding="UTF-8"?>
<coverage generated="1714953407765" clover="3.2.0">
  <project timestamp="1714953407765" name="All files">
    <metrics statements="2362" coveredstatements="1075" conditionals="615" coveredconditionals="185" methods="187" coveredmethods="67" elements="3164" coveredelements="1327" complexity="0" loc="2362" ncloc="2362" packages="1" files="1" classes="1"/>
    <file name="scripts.js" path="C:\Users\danis\Documents\COMSLabs\SDProject\TestRepo\cryptid-web-app-sd-2024\scripts.js">
      <metrics statements="2362" coveredstatements="1075" conditionals="615" coveredconditionals="185" methods="187" coveredmethods="67"/>
      <line num="3" count="1" type="stmt"/>
      <line num="4" count="1" type="stmt"/>
      <line num="5" count="1" type="stmt"/>
      <line num="6" count="1" type="stmt"/>
      <line num="7" count="1" type="stmt"/>
      <line num="8" count="1" type="stmt"/>
      <line num="10" count="1" type="stmt"/>
      <line num="11" count="1" type="stmt"/>
      <line num="12" count="1" type="stmt"/>
      <line num="13" count="1" type="stmt"/>
      <line num="14" count="1" type="stmt"/>
      <line num="15" count="1" type="stmt"/>
      <line num="17" count="1" type="stmt"/>
      <line num="18" count="1" type="stmt"/>
      <line num="19" count="1" type="stmt"/>
      <line num="20" count="1" type="stmt"/>
      <line num="21" count="5579" type="stmt"/>
      <line num="22" count="1" type="stmt"/>
      <line num="23" count="1" type="stmt"/>
      <line num="24" count="1" type="stmt"/>
      <line num="25" count="1" type="stmt"/>
      <line num="26" count="1" type="stmt"/>
      <line num="27" count="1" type="stmt"/>
      <line num="28" count="1" type="stmt"/>
      <line num="29" count="1" type="stmt"/>
      <line num="30" count="1" type="stmt"/>
      <line num="31" count="1" type="stmt"/>
      <line num="32" count="1" type="stmt"/>
      <line num="33" count="1" type="stmt"/>
      <line num="34" count="1" type="stmt"/>
      <line num="35" count="1" type="stmt"/>
      <line num="36" count="1" type="stmt"/>
      <line num="37" count="1" type="stmt"/>
      <line num="38" count="1" type="stmt"/>
      <line num="39" count="1" type="stmt"/>
      <line num="40" count="1" type="stmt"/>
      <line num="41" count="1" type="stmt"/>
      <line num="42" count="1" type="stmt"/>
      <line num="43" count="1" type="stmt"/>
      <line num="44" count="1" type="stmt"/>
      <line num="45" count="1" type="stmt"/>
      <line num="46" count="1" type="stmt"/>
      <line num="47" count="1" type="stmt"/>
      <line num="48" count="1" type="stmt"/>
      <line num="49" count="1" type="stmt"/>
      <line num="50" count="1" type="stmt"/>
      <line num="51" count="1" type="stmt"/>
      <line num="52" count="1" type="stmt"/>
      <line num="53" count="1" type="stmt"/>
      <line num="54" count="1" type="stmt"/>
      <line num="55" count="1" type="stmt"/>
      <line num="56" count="1" type="stmt"/>
      <line num="57" count="1" type="stmt"/>
      <line num="58" count="1" type="stmt"/>
      <line num="59" count="1" type="stmt"/>
      <line num="60" count="1" type="stmt"/>
      <line num="61" count="1" type="stmt"/>
      <line num="62" count="1" type="stmt"/>
      <line num="63" count="1" type="stmt"/>
      <line num="64" count="1" type="stmt"/>
      <line num="65" count="1" type="stmt"/>
      <line num="66" count="1" type="stmt"/>
      <line num="67" count="1" type="stmt"/>
      <line num="69" count="37" type="stmt"/>
      <line num="72" count="0" type="stmt"/>
      <line num="74" count="1" type="stmt"/>
      <line num="75" count="1" type="stmt"/>
      <line num="76" count="1" type="stmt"/>
      <line num="77" count="1" type="stmt"/>
      <line num="79" count="38" type="stmt"/>
      <line num="82" count="0" type="stmt"/>
      <line num="84" count="1" type="stmt"/>
      <line num="85" count="1" type="stmt"/>
      <line num="86" count="1" type="stmt"/>
      <line num="88" count="1" type="stmt"/>
      <line num="89" count="1" type="stmt"/>
      <line num="90" count="1" type="stmt"/>
      <line num="91" count="1" type="stmt"/>
      <line num="92" count="1" type="stmt"/>
      <line num="93" count="1" type="stmt"/>
      <line num="94" count="1" type="stmt"/>
      <line num="96" count="1" type="stmt"/>
      <line num="97" count="1" type="stmt"/>
      <line num="98" count="1" type="stmt"/>
      <line num="99" count="1" type="stmt"/>
      <line num="101" count="1" type="stmt"/>
      <line num="102" count="1" type="stmt"/>
      <line num="103" count="1" type="stmt"/>
      <line num="104" count="1" type="stmt"/>
      <line num="106" count="1" type="stmt"/>
      <line num="107" count="1" type="stmt"/>
      <line num="108" count="1" type="stmt"/>
      <line num="109" count="1" type="stmt"/>
      <line num="111" count="1" type="stmt"/>
      <line num="112" count="1" type="stmt"/>
      <line num="113" count="1" type="stmt"/>
      <line num="114" count="1" type="stmt"/>
      <line num="116" count="1" type="stmt"/>
      <line num="117" count="1" type="stmt"/>
      <line num="118" count="1" type="stmt"/>
      <line num="119" count="1" type="stmt"/>
      <line num="120" count="1" type="stmt"/>
      <line num="121" count="1" type="stmt"/>
      <line num="122" count="1" type="stmt"/>
      <line num="123" count="1" type="stmt"/>
      <line num="124" count="1" type="stmt"/>
      <line num="125" count="1" type="stmt"/>
      <line num="126" count="1" type="stmt"/>
      <line num="127" count="1" type="stmt"/>
      <line num="128" count="1" type="stmt"/>
      <line num="129" count="1" type="stmt"/>
      <line num="130" count="1" type="stmt"/>
      <line num="133" count="1" type="stmt"/>
      <line num="134" count="1" type="stmt"/>
      <line num="135" count="1" type="stmt"/>
      <line num="137" count="7" type="stmt"/>
      <line num="139" count="1" type="stmt"/>
      <line num="141" count="65" type="stmt"/>
      <line num="143" count="1" type="stmt"/>
      <line num="144" count="1" type="stmt"/>
      <line num="145" count="1" type="stmt"/>
      <line num="147" count="3" type="stmt"/>
      <line num="149" count="1" type="stmt"/>
      <line num="151" count="60" type="stmt"/>
      <line num="153" count="1" type="stmt"/>
      <line num="154" count="1" type="stmt"/>
      <line num="155" count="1" type="stmt"/>
      <line num="157" count="6" type="stmt"/>
      <line num="159" count="1" type="stmt"/>
      <line num="161" count="63" type="stmt"/>
      <line num="163" count="1" type="stmt"/>
      <line num="164" count="1" type="stmt"/>
      <line num="165" count="1" type="stmt"/>
      <line num="167" count="3" type="stmt"/>
      <line num="169" count="1" type="stmt"/>
      <line num="171" count="60" type="stmt"/>
      <line num="173" count="1" type="stmt"/>
      <line num="174" count="1" type="stmt"/>
      <line num="175" count="1" type="stmt"/>
      <line num="176" count="1" type="stmt"/>
      <line num="178" count="56" type="stmt"/>
      <line num="181" count="20" type="stmt"/>
      <line num="183" count="1" type="stmt"/>
      <line num="184" count="1" type="stmt"/>
      <line num="185" count="1" type="stmt"/>
      <line num="187" count="26" type="stmt"/>
      <line num="190" count="104" type="stmt"/>
      <line num="192" count="1" type="stmt"/>
      <line num="194" count="29" type="stmt"/>
      <line num="197" count="104" type="stmt"/>
      <line num="199" count="1" type="stmt"/>
      <line num="200" count="1" type="stmt"/>
      <line num="201" count="1" type="stmt"/>
      <line num="202" count="1" type="stmt"/>
      <line num="204" count="1" type="stmt"/>
      <line num="205" count="1" type="stmt"/>
      <line num="206" count="1" type="stmt"/>
      <line num="207" count="1" type="stmt"/>
      <line num="208" count="1" type="stmt"/>
      <line num="209" count="1" type="stmt"/>
      <line num="210" count="1" type="stmt"/>
      <line num="212" count="1" type="stmt"/>
      <line num="213" count="1" type="stmt"/>
      <line num="214" count="1" type="stmt"/>
      <line num="215" count="1" type="stmt"/>
      <line num="274" count="1" type="stmt"/>
      <line num="275" count="1" type="stmt"/>
      <line num="276" count="1" type="stmt"/>
      <line num="277" count="1" type="stmt"/>
      <line num="280" count="33" type="stmt"/>
      <line num="281" count="33" type="stmt"/>
      <line num="282" count="33" type="stmt"/>
      <line num="283" count="33" type="stmt"/>
      <line num="284" count="33" type="stmt"/>
      <line num="285" count="33" type="stmt"/>
      <line num="286" count="33" type="stmt"/>
      <line num="287" count="33" type="stmt"/>
      <line num="288" count="33" type="stmt"/>
      <line num="289" count="33" type="stmt"/>
      <line num="290" count="33" type="stmt"/>
      <line num="291" count="33" type="stmt"/>
      <line num="292" count="33" type="stmt"/>
      <line num="293" count="33" type="stmt"/>
      <line num="294" count="33" type="stmt"/>
      <line num="295" count="33" type="stmt"/>
      <line num="296" count="33" type="stmt"/>
      <line num="297" count="33" type="stmt"/>
      <line num="298" count="33" type="stmt"/>
      <line num="299" count="33" type="stmt"/>
      <line num="300" count="33" type="stmt"/>
      <line num="301" count="33" type="stmt"/>
      <line num="302" count="33" type="stmt"/>
      <line num="303" count="33" type="stmt"/>
      <line num="304" count="33" type="stmt"/>
      <line num="305" count="33" type="stmt"/>
      <line num="306" count="33" type="stmt"/>
      <line num="307" count="33" type="stmt"/>
      <line num="308" count="33" type="stmt"/>
      <line num="309" count="33" type="stmt"/>
      <line num="310" count="33" type="stmt"/>
      <line num="312" count="33" type="stmt"/>
      <line num="313" count="33" type="stmt"/>
      <line num="315" count="33" type="stmt"/>
      <line num="316" count="33" type="stmt"/>
      <line num="318" count="33" type="stmt"/>
      <line num="319" count="33" type="stmt"/>
      <line num="320" count="33" type="stmt"/>
      <line num="321" count="33" type="stmt"/>
      <line num="322" count="33" type="stmt"/>
      <line num="323" count="33" type="stmt"/>
      <line num="324" count="33" type="stmt"/>
      <line num="325" count="33" type="stmt"/>
      <line num="326" count="33" type="stmt"/>
      <line num="330" count="33" type="stmt"/>
      <line num="331" count="33" type="stmt"/>
      <line num="332" count="33" type="stmt"/>
      <line num="337" count="0" type="stmt"/>
      <line num="338" count="0" type="stmt"/>
      <line num="339" count="0" type="stmt"/>
      <line num="340" count="0" type="stmt"/>
      <line num="342" count="0" type="stmt"/>
      <line num="343" count="0" type="stmt"/>
      <line num="345" count="0" type="stmt"/>
      <line num="346" count="0" type="stmt"/>
      <line num="348" count="0" type="stmt"/>
      <line num="349" count="0" type="stmt"/>
      <line num="350" count="0" type="stmt"/>
      <line num="351" count="0" type="stmt"/>
      <line num="352" count="0" type="stmt"/>
      <line num="353" count="0" type="stmt"/>
      <line num="354" count="0" type="stmt"/>
      <line num="355" count="0" type="stmt"/>
      <line num="356" count="0" type="stmt"/>
      <line num="357" count="0" type="stmt"/>
      <line num="358" count="0" type="stmt"/>
      <line num="359" count="0" type="cond" truecount="0" falsecount="2"/>
      <line num="360" count="0" type="stmt"/>
      <line num="363" count="0" type="stmt"/>
      <line num="365" count="0" type="stmt"/>
      <line num="366" count="0" type="stmt"/>
      <line num="367" count="0" type="stmt"/>
      <line num="370" count="0" type="stmt"/>
      <line num="372" count="0" type="cond" truecount="0" falsecount="2"/>
      <line num="373" count="0" type="stmt"/>
      <line num="376" count="0" type="stmt"/>
      <line num="377" count="0" type="stmt"/>
      <line num="378" count="0" type="stmt"/>
      <line num="379" count="0" type="stmt"/>
      <line num="380" count="0" type="cond" truecount="0" falsecount="2"/>
      <line num="381" count="0" type="stmt"/>
      <line num="383" count="0" type="stmt"/>
      <line num="387" count="1" type="stmt"/>
      <line num="388" count="1" type="stmt"/>
      <line num="395" count="37" type="stmt"/>
      <line num="396" count="37" type="stmt"/>
      <line num="397" count="37" type="cond" truecount="2" falsecount="0"/>
      <line num="398" count="1" type="stmt"/>
      <line num="401" count="37" type="stmt"/>
      <line num="402" count="37" type="stmt"/>
      <line num="403" count="222" type="stmt"/>
      <line num="404" count="222" type="cond" truecount="2" falsecount="0"/>
      <line num="405" count="8" type="stmt"/>
      <line num="406" count="8" type="stmt"/>
      <line num="409" count="214" type="stmt"/>
      <line num="411" count="222" type="cond" truecount="6" falsecount="0"/>
      <line num="414" count="37" type="stmt"/>
      <line num="417" count="37" type="cond" truecount="2" falsecount="0"/>
      <line num="418" count="1" type="stmt"/>
      <line num="421" count="36" type="stmt"/>
      <line num="423" count="37" type="stmt"/>
      <line num="426" count="37" type="stmt"/>
      <line num="429" count="37" type="cond" truecount="2" falsecount="0"/>
      <line num="430" count="2" type="stmt"/>
      <line num="433" count="35" type="stmt"/>
      <line num="435" count="37" type="stmt"/>
      <line num="438" count="37" type="stmt"/>
      <line num="441" count="37" type="cond" truecount="2" falsecount="0"/>
      <line num="442" count="1" type="stmt"/>
      <line num="445" count="36" type="stmt"/>
      <line num="447" count="37" type="stmt"/>
      <line num="450" count="37" type="stmt"/>
      <line num="453" count="37" type="cond" truecount="2" falsecount="0"/>
      <line num="454" count="2" type="stmt"/>
      <line num="457" count="35" type="stmt"/>
      <line num="459" count="37" type="stmt"/>
      <line num="462" count="37" type="stmt"/>
      <line num="465" count="37" type="cond" truecount="2" falsecount="0"/>
      <line num="466" count="1" type="stmt"/>
      <line num="469" count="36" type="stmt"/>
      <line num="471" count="37" type="stmt"/>
      <line num="474" count="37" type="stmt"/>
      <line num="477" count="37" type="cond" truecount="2" falsecount="0"/>
      <line num="478" count="1" type="stmt"/>
      <line num="481" count="36" type="stmt"/>
      <line num="483" count="37" type="stmt"/>
      <line num="487" count="37" type="stmt"/>
      <line num="488" count="37" type="stmt"/>
      <line num="489" count="37" type="stmt"/>
      <line num="490" count="37" type="stmt"/>
      <line num="491" count="37" type="stmt"/>
      <line num="493" count="37" type="stmt"/>
      <line num="494" count="37" type="stmt"/>
      <line num="495" count="37" type="stmt"/>
      <line num="497" count="37" type="stmt"/>
      <line num="498" count="37" type="stmt"/>
      <line num="499" count="37" type="stmt"/>
      <line num="501" count="37" type="stmt"/>
      <line num="502" count="37" type="stmt"/>
      <line num="503" count="37" type="cond" truecount="2" falsecount="0"/>
      <line num="504" count="1" type="stmt"/>
      <line num="506" count="1" type="stmt"/>
      <line num="507" count="1" type="stmt"/>
      <line num="508" count="1" type="stmt"/>
      <line num="510" count="1" type="stmt"/>
      <line num="511" count="1" type="stmt"/>
      <line num="512" count="1" type="stmt"/>
      <line num="514" count="1" type="stmt"/>
      <line num="515" count="1" type="stmt"/>
      <line num="516" count="1" type="stmt"/>
      <line num="518" count="1" type="stmt"/>
      <line num="519" count="1" type="stmt"/>
      <line num="520" count="1" type="stmt"/>
      <line num="522" count="1" type="stmt"/>
      <line num="523" count="1" type="stmt"/>
      <line num="526" count="36" type="stmt"/>
      <line num="528" count="36" type="stmt"/>
      <line num="529" count="36" type="stmt"/>
      <line num="530" count="36" type="stmt"/>
      <line num="532" count="36" type="stmt"/>
      <line num="533" count="36" type="stmt"/>
      <line num="534" count="36" type="stmt"/>
      <line num="536" count="36" type="stmt"/>
      <line num="537" count="36" type="stmt"/>
      <line num="539" count="37" type="stmt"/>
      <line num="540" count="37" type="stmt"/>
      <line num="553" count="37" type="stmt"/>
      <line num="554" count="37" type="stmt"/>
      <line num="556" count="37" type="stmt"/>
      <line num="557" count="37" type="stmt"/>
      <line num="558" count="37" type="stmt"/>
      <line num="559" count="37" type="cond" truecount="2" falsecount="0"/>
      <line num="560" count="1" type="stmt"/>
      <line num="562" count="37" type="stmt"/>
      <line num="563" count="37" type="stmt"/>
      <line num="565" count="1" type="stmt"/>
      <line num="566" count="1" type="stmt"/>
      <line num="570" count="105" type="stmt"/>
      <line num="571" count="105" type="stmt"/>
      <line num="572" count="105" type="stmt"/>
      <line num="573" count="630" type="stmt"/>
      <line num="574" count="630" type="stmt"/>
      <line num="575" count="630" type="cond" truecount="6" falsecount="0"/>
      <line num="577" count="105" type="cond" truecount="2" falsecount="0"/>
      <line num="578" count="8" type="stmt"/>
      <line num="579" count="8" type="stmt"/>
      <line num="580" count="8" type="stmt"/>
      <line num="581" count="8" type="stmt"/>
      <line num="582" count="8" type="stmt"/>
      <line num="583" count="8" type="stmt"/>
      <line num="584" count="8" type="stmt"/>
      <line num="587" count="97" type="stmt"/>
      <line num="588" count="97" type="stmt"/>
      <line num="590" count="105" type="stmt"/>
      <line num="592" count="105" type="cond" truecount="2" falsecount="0"/>
      <line num="593" count="7" type="stmt"/>
      <line num="594" count="7" type="stmt"/>
      <line num="595" count="7" type="stmt"/>
      <line num="596" count="7" type="stmt"/>
      <line num="599" count="98" type="stmt"/>
      <line num="600" count="98" type="stmt"/>
      <line num="602" count="105" type="stmt"/>
      <line num="604" count="105" type="cond" truecount="2" falsecount="0"/>
      <line num="605" count="7" type="stmt"/>
      <line num="606" count="7" type="stmt"/>
      <line num="607" count="7" type="stmt"/>
      <line num="608" count="7" type="stmt"/>
      <line num="611" count="98" type="stmt"/>
      <line num="612" count="98" type="stmt"/>
      <line num="614" count="105" type="stmt"/>
      <line num="616" count="105" type="cond" truecount="2" falsecount="0"/>
      <line num="617" count="6" type="stmt"/>
      <line num="618" count="6" type="stmt"/>
      <line num="619" count="6" type="stmt"/>
      <line num="620" count="6" type="stmt"/>
      <line num="623" count="99" type="stmt"/>
      <line num="624" count="99" type="stmt"/>
      <line num="626" count="105" type="stmt"/>
      <line num="628" count="105" type="cond" truecount="2" falsecount="0"/>
      <line num="629" count="8" type="stmt"/>
      <line num="630" count="8" type="stmt"/>
      <line num="631" count="8" type="stmt"/>
      <line num="632" count="8" type="stmt"/>
      <line num="635" count="97" type="stmt"/>
      <line num="636" count="97" type="stmt"/>
      <line num="638" count="105" type="stmt"/>
      <line num="640" count="105" type="cond" truecount="2" falsecount="0"/>
      <line num="641" count="8" type="stmt"/>
      <line num="642" count="8" type="stmt"/>
      <line num="643" count="8" type="stmt"/>
      <line num="644" count="8" type="stmt"/>
      <line num="647" count="97" type="stmt"/>
      <line num="648" count="97" type="stmt"/>
      <line num="650" count="105" type="stmt"/>
      <line num="657" count="1" type="stmt"/>
      <line num="658" count="1" type="stmt"/>
      <line num="662" count="614" type="stmt"/>
      <line num="664" count="614" type="stmt"/>
      <line num="666" count="614" type="stmt"/>
      <line num="667" count="614" type="stmt"/>
      <line num="668" count="1842" type="stmt"/>
      <line num="669" count="11052" type="stmt"/>
      <line num="670" count="11052" type="stmt"/>
      <line num="671" count="11052" type="stmt"/>
      <line num="672" count="11052" type="stmt"/>
      <line num="673" count="11052" type="stmt"/>
      <line num="675" count="11052" type="stmt"/>
      <line num="676" count="11052" type="stmt"/>
      <line num="678" count="11052" type="stmt"/>
      <line num="687" count="11052" type="stmt"/>
      <line num="689" count="11052" type="stmt"/>
      <line num="696" count="614" type="stmt"/>
      <line num="698" count="1" type="stmt"/>
      <line num="703" count="101" type="stmt"/>
      <line num="704" count="101" type="stmt"/>
      <line num="705" count="606" type="stmt"/>
      <line num="708" count="606" type="stmt"/>
      <line num="711" count="606" type="stmt"/>
      <line num="714" count="1" type="stmt"/>
      <line num="717" count="99" type="stmt"/>
      <line num="718" count="99" type="stmt"/>
      <line num="721" count="99" type="stmt"/>
      <line num="722" count="10692" type="stmt"/>
      <line num="723" count="10692" type="stmt"/>
      <line num="724" count="10692" type="stmt"/>
      <line num="725" count="10692" type="cond" truecount="2" falsecount="0"/>
      <line num="727" count="792" type="stmt"/>
      <line num="728" count="792" type="stmt"/>
      <line num="729" count="792" type="stmt"/>
      <line num="731" count="9900" type="cond" truecount="2" falsecount="0"/>
      <line num="732" count="792" type="stmt"/>
      <line num="733" count="792" type="stmt"/>
      <line num="734" count="792" type="stmt"/>
      <line num="738" count="1" type="stmt"/>
      <line num="742" count="1024" type="cond" truecount="6" falsecount="0"/>
      <line num="743" count="69" type="stmt"/>
      <line num="744" count="69" type="stmt"/>
      <line num="746" count="69" type="stmt"/>
      <line num="747" count="69" type="stmt"/>
      <line num="748" count="69" type="stmt"/>
      <line num="750" count="69" type="cond" truecount="2" falsecount="0"/>
      <line num="751" count="19" type="cond" truecount="2" falsecount="0"/>
      <line num="752" count="11" type="stmt"/>
      <line num="755" count="8" type="stmt"/>
      <line num="758" count="50" type="cond" truecount="2" falsecount="0"/>
      <line num="759" count="17" type="cond" truecount="2" falsecount="0"/>
      <line num="760" count="9" type="stmt"/>
      <line num="763" count="8" type="stmt"/>
      <line num="766" count="33" type="cond" truecount="2" falsecount="0"/>
      <line num="767" count="18" type="cond" truecount="2" falsecount="0"/>
      <line num="768" count="9" type="stmt"/>
      <line num="771" count="9" type="stmt"/>
      <line num="775" count="15" type="cond" truecount="2" falsecount="0"/>
      <line num="776" count="7" type="stmt"/>
      <line num="779" count="8" type="stmt"/>
      <line num="782" count="2472" type="cond" truecount="2" falsecount="0"/>
      <line num="783" count="69" type="stmt"/>
      <line num="784" count="69" type="stmt"/>
      <line num="785" count="69" type="stmt"/>
      <line num="789" count="1" type="stmt"/>
      <line num="793" count="508" type="cond" truecount="3" falsecount="1"/>
      <line num="794" count="508" type="stmt"/>
      <line num="795" count="508" type="stmt"/>
      <line num="801" count="1" type="stmt"/>
      <line num="804" count="12814" type="stmt"/>
      <line num="805" count="12814" type="cond" truecount="2" falsecount="0"/>
      <line num="806" count="12814" type="stmt"/>
      <line num="808" count="1" type="stmt"/>
      <line num="812" count="12708" type="cond" truecount="2" falsecount="0"/>
      <line num="813" count="12638" type="stmt"/>
      <line num="815" count="70" type="cond" truecount="2" falsecount="0"/>
      <line num="816" count="69" type="stmt"/>
      <line num="819" count="1" type="stmt"/>
      <line num="821" count="12708" type="stmt"/>
      <line num="822" count="12708" type="stmt"/>
      <line num="823" count="12708" type="stmt"/>
      <line num="824" count="12708" type="stmt"/>
      <line num="825" count="76204" type="stmt"/>
      <line num="826" count="76204" type="stmt"/>
      <line num="828" count="12708" type="stmt"/>
      <line num="829" count="12708" type="stmt"/>
      <line num="830" count="12708" type="stmt"/>
      <line num="832" count="1" type="stmt"/>
      <line num="836" count="790" type="stmt"/>
      <line num="837" count="790" type="stmt"/>
      <line num="838" count="790" type="cond" truecount="2" falsecount="0"/>
      <line num="839" count="37" type="stmt"/>
      <line num="841" count="753" type="cond" truecount="2" falsecount="0"/>
      <line num="842" count="2" type="stmt"/>
      <line num="844" count="790" type="stmt"/>
      <line num="846" count="4697" type="stmt"/>
      <line num="847" count="4697" type="stmt"/>
      <line num="850" count="790" type="stmt"/>
      <line num="852" count="1" type="stmt"/>
      <line num="856" count="1" type="stmt"/>
      <line num="857" count="1" type="stmt"/>
      <line num="860" count="1" type="cond" truecount="1" falsecount="1"/>
      <line num="861" count="0" type="stmt"/>
      <line num="862" count="0" type="stmt"/>
      <line num="863" count="0" type="stmt"/>
      <line num="864" count="0" type="stmt"/>
      <line num="865" count="0" type="stmt"/>
      <line num="866" count="0" type="stmt"/>
      <line num="867" count="0" type="stmt"/>
      <line num="869" count="1" type="stmt"/>
      <line num="870" count="216" type="stmt"/>
      <line num="872" count="216" type="stmt"/>
      <line num="873" count="1" type="stmt"/>
      <line num="874" count="1" type="cond" truecount="1" falsecount="9"/>
      <line num="876" count="1" type="stmt"/>
      <line num="877" count="1" type="stmt"/>
      <line num="878" count="1" type="stmt"/>
      <line num="879" count="1" type="stmt"/>
      <line num="880" count="1" type="stmt"/>
      <line num="881" count="1" type="stmt"/>
      <line num="882" count="1" type="stmt"/>
      <line num="884" count="0" type="stmt"/>
      <line num="885" count="0" type="stmt"/>
      <line num="887" count="0" type="stmt"/>
      <line num="888" count="0" type="stmt"/>
      <line num="889" count="0" type="stmt"/>
      <line num="890" count="0" type="stmt"/>
      <line num="891" count="0" type="stmt"/>
      <line num="893" count="0" type="stmt"/>
      <line num="894" count="0" type="stmt"/>
      <line num="896" count="0" type="stmt"/>
      <line num="897" count="0" type="stmt"/>
      <line num="898" count="0" type="stmt"/>
      <line num="899" count="0" type="stmt"/>
      <line num="900" count="0" type="stmt"/>
      <line num="902" count="0" type="stmt"/>
      <line num="903" count="0" type="stmt"/>
      <line num="905" count="0" type="stmt"/>
      <line num="906" count="0" type="stmt"/>
      <line num="907" count="0" type="stmt"/>
      <line num="908" count="0" type="stmt"/>
      <line num="909" count="0" type="stmt"/>
      <line num="911" count="0" type="stmt"/>
      <line num="912" count="0" type="stmt"/>
      <line num="914" count="0" type="stmt"/>
      <line num="915" count="0" type="stmt"/>
      <line num="916" count="0" type="stmt"/>
      <line num="917" count="0" type="stmt"/>
      <line num="918" count="0" type="stmt"/>
      <line num="920" count="0" type="stmt"/>
      <line num="921" count="0" type="stmt"/>
      <line num="923" count="0" type="stmt"/>
      <line num="924" count="0" type="stmt"/>
      <line num="925" count="0" type="stmt"/>
      <line num="926" count="0" type="stmt"/>
      <line num="927" count="0" type="stmt"/>
      <line num="929" count="0" type="stmt"/>
      <line num="930" count="0" type="stmt"/>
      <line num="932" count="0" type="stmt"/>
      <line num="933" count="0" type="stmt"/>
      <line num="934" count="0" type="stmt"/>
      <line num="935" count="0" type="stmt"/>
      <line num="936" count="0" type="stmt"/>
      <line num="938" count="0" type="stmt"/>
      <line num="939" count="0" type="stmt"/>
      <line num="941" count="0" type="stmt"/>
      <line num="942" count="0" type="stmt"/>
      <line num="943" count="0" type="stmt"/>
      <line num="944" count="0" type="stmt"/>
      <line num="945" count="0" type="stmt"/>
      <line num="947" count="0" type="stmt"/>
      <line num="948" count="0" type="stmt"/>
      <line num="950" count="0" type="stmt"/>
      <line num="951" count="0" type="stmt"/>
      <line num="952" count="0" type="stmt"/>
      <line num="953" count="0" type="stmt"/>
      <line num="954" count="0" type="stmt"/>
      <line num="956" count="0" type="stmt"/>
      <line num="957" count="0" type="stmt"/>
      <line num="959" count="0" type="stmt"/>
      <line num="960" count="0" type="stmt"/>
      <line num="961" count="0" type="stmt"/>
      <line num="962" count="0" type="stmt"/>
      <line num="963" count="0" type="stmt"/>
      <line num="968" count="1" type="stmt"/>
      <line num="969" count="1" type="stmt"/>
      <line num="970" count="1" type="stmt"/>
      <line num="971" count="1" type="stmt"/>
      <line num="972" count="1" type="stmt"/>
      <line num="977" count="0" type="stmt"/>
      <line num="978" count="0" type="stmt"/>
      <line num="979" count="0" type="stmt"/>
      <line num="983" count="36" type="stmt"/>
      <line num="986" count="36" type="stmt"/>
      <line num="988" count="1" type="stmt"/>
      <line num="989" count="1" type="stmt"/>
      <line num="991" count="1" type="stmt"/>
      <line num="992" count="0" type="stmt"/>
      <line num="993" count="0" type="stmt"/>
      <line num="994" count="0" type="stmt"/>
      <line num="995" count="0" type="stmt"/>
      <line num="997" count="0" type="stmt"/>
      <line num="998" count="0" type="cond" truecount="0" falsecount="2"/>
      <line num="1000" count="0" type="stmt"/>
      <line num="1001" count="0" type="stmt"/>
      <line num="1002" count="0" type="cond" truecount="0" falsecount="4"/>
      <line num="1003" count="0" type="stmt"/>
      <line num="1006" count="0" type="stmt"/>
      <line num="1015" count="658" type="cond" truecount="2" falsecount="0"/>
      <line num="1017" count="28" type="cond" truecount="5" falsecount="3"/>
      <line num="1019" count="0" type="stmt"/>
      <line num="1020" count="0" type="stmt"/>
      <line num="1022" count="1" type="stmt"/>
      <line num="1023" count="1" type="stmt"/>
      <line num="1025" count="0" type="stmt"/>
      <line num="1026" count="0" type="stmt"/>
      <line num="1028" count="1" type="stmt"/>
      <line num="1029" count="1" type="stmt"/>
      <line num="1031" count="1" type="stmt"/>
      <line num="1032" count="1" type="stmt"/>
      <line num="1034" count="1" type="stmt"/>
      <line num="1035" count="1" type="stmt"/>
      <line num="1037" count="1" type="stmt"/>
      <line num="1038" count="1" type="stmt"/>
      <line num="1040" count="0" type="stmt"/>
      <line num="1041" count="0" type="stmt"/>
      <line num="1047" count="4" type="stmt"/>
      <line num="1048" count="4" type="stmt"/>
      <line num="1049" count="432" type="stmt"/>
      <line num="1051" count="4" type="stmt"/>
      <line num="1052" count="4" type="stmt"/>
      <line num="1053" count="94" type="cond" truecount="2" falsecount="0"/>
      <line num="1054" count="4" type="stmt"/>
      <line num="1055" count="4" type="stmt"/>
      <line num="1057" count="4" type="stmt"/>
      <line num="1058" count="4" type="stmt"/>
      <line num="1059" count="4" type="stmt"/>
      <line num="1060" count="4" type="stmt"/>
      <line num="1062" count="4" type="stmt"/>
      <line num="1064" count="1" type="stmt"/>
      <line num="1065" count="1" type="stmt"/>
      <line num="1066" count="0" type="stmt"/>
      <line num="1070" count="4" type="stmt"/>
      <line num="1071" count="4" type="stmt"/>
      <line num="1072" count="432" type="stmt"/>
      <line num="1074" count="4" type="stmt"/>
      <line num="1075" count="4" type="stmt"/>
      <line num="1076" count="4" type="stmt"/>
      <line num="1077" count="94" type="cond" truecount="2" falsecount="0"/>
      <line num="1078" count="4" type="stmt"/>
      <line num="1079" count="4" type="stmt"/>
      <line num="1081" count="4" type="stmt"/>
      <line num="1082" count="4" type="stmt"/>
      <line num="1083" count="4" type="stmt"/>
      <line num="1084" count="4" type="stmt"/>
      <line num="1086" count="4" type="stmt"/>
      <line num="1088" count="1" type="stmt"/>
      <line num="1089" count="1" type="stmt"/>
      <line num="1090" count="0" type="stmt"/>
      <line num="1094" count="4" type="stmt"/>
      <line num="1095" count="432" type="stmt"/>
      <line num="1097" count="4" type="stmt"/>
      <line num="1098" count="94" type="cond" truecount="2" falsecount="0"/>
      <line num="1099" count="4" type="stmt"/>
      <line num="1100" count="4" type="stmt"/>
      <line num="1102" count="4" type="stmt"/>
      <line num="1103" count="4" type="stmt"/>
      <line num="1104" count="4" type="stmt"/>
      <line num="1105" count="4" type="stmt"/>
      <line num="1107" count="4" type="stmt"/>
      <line num="1109" count="1" type="stmt"/>
      <line num="1110" count="1" type="stmt"/>
      <line num="1111" count="0" type="stmt"/>
      <line num="1115" count="4" type="stmt"/>
      <line num="1116" count="4" type="stmt"/>
      <line num="1117" count="432" type="stmt"/>
      <line num="1119" count="4" type="stmt"/>
      <line num="1120" count="94" type="cond" truecount="2" falsecount="0"/>
      <line num="1121" count="4" type="stmt"/>
      <line num="1122" count="4" type="stmt"/>
      <line num="1124" count="4" type="stmt"/>
      <line num="1125" count="4" type="stmt"/>
      <line num="1126" count="4" type="stmt"/>
      <line num="1127" count="4" type="stmt"/>
      <line num="1129" count="4" type="stmt"/>
      <line num="1131" count="1" type="stmt"/>
      <line num="1132" count="1" type="stmt"/>
      <line num="1133" count="0" type="stmt"/>
      <line num="1137" count="4" type="stmt"/>
      <line num="1138" count="4" type="stmt"/>
      <line num="1139" count="432" type="stmt"/>
      <line num="1141" count="4" type="stmt"/>
      <line num="1142" count="94" type="cond" truecount="2" falsecount="0"/>
      <line num="1143" count="4" type="stmt"/>
      <line num="1144" count="4" type="stmt"/>
      <line num="1146" count="4" type="stmt"/>
      <line num="1147" count="4" type="stmt"/>
      <line num="1148" count="4" type="stmt"/>
      <line num="1149" count="4" type="stmt"/>
      <line num="1151" count="4" type="stmt"/>
      <line num="1153" count="1" type="stmt"/>
      <line num="1154" count="1" type="stmt"/>
      <line num="1155" count="0" type="stmt"/>
      <line num="1159" count="4" type="stmt"/>
      <line num="1160" count="4" type="stmt"/>
      <line num="1161" count="432" type="stmt"/>
      <line num="1163" count="4" type="stmt"/>
      <line num="1164" count="94" type="cond" truecount="2" falsecount="0"/>
      <line num="1165" count="4" type="stmt"/>
      <line num="1166" count="4" type="stmt"/>
      <line num="1168" count="4" type="stmt"/>
      <line num="1169" count="4" type="stmt"/>
      <line num="1170" count="4" type="stmt"/>
      <line num="1171" count="4" type="stmt"/>
      <line num="1173" count="4" type="stmt"/>
      <line num="1175" count="1" type="stmt"/>
      <line num="1176" count="1" type="stmt"/>
      <line num="1177" count="0" type="stmt"/>
      <line num="1181" count="4" type="stmt"/>
      <line num="1182" count="4" type="stmt"/>
      <line num="1183" count="432" type="stmt"/>
      <line num="1185" count="4" type="stmt"/>
      <line num="1186" count="94" type="cond" truecount="2" falsecount="0"/>
      <line num="1187" count="4" type="stmt"/>
      <line num="1188" count="4" type="stmt"/>
      <line num="1190" count="4" type="stmt"/>
      <line num="1191" count="4" type="stmt"/>
      <line num="1192" count="4" type="stmt"/>
      <line num="1193" count="4" type="stmt"/>
      <line num="1195" count="4" type="stmt"/>
      <line num="1197" count="1" type="stmt"/>
      <line num="1198" count="1" type="stmt"/>
      <line num="1199" count="0" type="stmt"/>
      <line num="1203" count="4" type="stmt"/>
      <line num="1204" count="4" type="stmt"/>
      <line num="1205" count="432" type="stmt"/>
      <line num="1207" count="4" type="stmt"/>
      <line num="1208" count="94" type="cond" truecount="2" falsecount="0"/>
      <line num="1209" count="4" type="stmt"/>
      <line num="1210" count="4" type="stmt"/>
      <line num="1212" count="4" type="stmt"/>
      <line num="1213" count="4" type="stmt"/>
      <line num="1214" count="4" type="stmt"/>
      <line num="1215" count="4" type="stmt"/>
      <line num="1217" count="4" type="stmt"/>
      <line num="1219" count="1" type="stmt"/>
      <line num="1220" count="1" type="stmt"/>
      <line num="1221" count="0" type="stmt"/>
      <line num="1225" count="18" type="cond" truecount="2" falsecount="0"/>
      <line num="1226" count="18" type="stmt"/>
      <line num="1227" count="18" type="cond" truecount="8" falsecount="0"/>
      <line num="1229" count="2" type="stmt"/>
      <line num="1230" count="2" type="stmt"/>
      <line num="1232" count="2" type="stmt"/>
      <line num="1233" count="2" type="stmt"/>
      <line num="1235" count="2" type="stmt"/>
      <line num="1236" count="2" type="stmt"/>
      <line num="1238" count="2" type="stmt"/>
      <line num="1239" count="2" type="stmt"/>
      <line num="1241" count="2" type="stmt"/>
      <line num="1242" count="2" type="stmt"/>
      <line num="1244" count="2" type="stmt"/>
      <line num="1245" count="2" type="stmt"/>
      <line num="1247" count="2" type="stmt"/>
      <line num="1248" count="2" type="stmt"/>
      <line num="1250" count="2" type="stmt"/>
      <line num="1251" count="2" type="stmt"/>
      <line num="1252" count="2" type="stmt"/>
      <line num="1254" count="18" type="stmt"/>
      <line num="1255" count="18" type="stmt"/>
      <line num="1257" count="1944" type="cond" truecount="2" falsecount="0"/>
      <line num="1258" count="3" type="stmt"/>
      <line num="1259" count="3" type="stmt"/>
      <line num="1260" count="3" type="stmt"/>
      <line num="1262" count="1944" type="stmt"/>
      <line num="1263" count="1944" type="cond" truecount="2" falsecount="0"/>
      <line num="1264" count="234" type="stmt"/>
      <line num="1267" count="18" type="stmt"/>
      <line num="1270" count="18" type="stmt"/>
      <line num="1271" count="18" type="stmt"/>
      <line num="1273" count="18" type="stmt"/>
      <line num="1274" count="18" type="stmt"/>
      <line num="1275" count="18" type="stmt"/>
      <line num="1276" count="18" type="stmt"/>
      <line num="1278" count="18" type="stmt"/>
      <line num="1280" count="1" type="stmt"/>
      <line num="1281" count="1" type="stmt"/>
      <line num="1282" count="0" type="stmt"/>
      <line num="1286" count="0" type="stmt"/>
      <line num="1287" count="0" type="stmt"/>
      <line num="1288" count="0" type="stmt"/>
      <line num="1290" count="1" type="stmt"/>
      <line num="1291" count="1" type="stmt"/>
      <line num="1293" count="1" type="stmt"/>
      <line num="1294" count="0" type="stmt"/>
      <line num="1295" count="0" type="stmt"/>
      <line num="1296" count="0" type="stmt"/>
      <line num="1299" count="1" type="stmt"/>
      <line num="1300" count="0" type="stmt"/>
      <line num="1301" count="0" type="stmt"/>
      <line num="1302" count="0" type="stmt"/>
      <line num="1307" count="3" type="stmt"/>
      <line num="1308" count="3" type="cond" truecount="2" falsecount="0"/>
      <line num="1309" count="2" type="stmt"/>
      <line num="1312" count="1" type="stmt"/>
      <line num="1314" count="3" type="stmt"/>
      <line num="1315" count="3" type="stmt"/>
      <line num="1317" count="3" type="stmt"/>
      <line num="1318" count="3" type="stmt"/>
      <line num="1319" count="3" type="stmt"/>
      <line num="1320" count="3" type="stmt"/>
      <line num="1321" count="3" type="stmt"/>
      <line num="1322" count="3" type="stmt"/>
      <line num="1323" count="3" type="stmt"/>
      <line num="1325" count="3" type="stmt"/>
      <line num="1326" count="3" type="stmt"/>
      <line num="1327" count="3" type="stmt"/>
      <line num="1328" count="3" type="stmt"/>
      <line num="1330" count="1" type="stmt"/>
      <line num="1331" count="1" type="stmt"/>
      <line num="1335" count="3" type="stmt"/>
      <line num="1336" count="3" type="cond" truecount="2" falsecount="0"/>
      <line num="1337" count="2" type="stmt"/>
      <line num="1340" count="1" type="stmt"/>
      <line num="1342" count="3" type="stmt"/>
      <line num="1343" count="3" type="stmt"/>
      <line num="1345" count="3" type="stmt"/>
      <line num="1346" count="3" type="stmt"/>
      <line num="1347" count="3" type="stmt"/>
      <line num="1348" count="3" type="stmt"/>
      <line num="1349" count="3" type="stmt"/>
      <line num="1350" count="3" type="stmt"/>
      <line num="1351" count="3" type="stmt"/>
      <line num="1353" count="3" type="stmt"/>
      <line num="1354" count="3" type="stmt"/>
      <line num="1355" count="3" type="stmt"/>
      <line num="1356" count="3" type="stmt"/>
      <line num="1358" count="1" type="stmt"/>
      <line num="1359" count="1" type="stmt"/>
      <line num="1362" count="3" type="stmt"/>
      <line num="1363" count="3" type="cond" truecount="2" falsecount="0"/>
      <line num="1364" count="2" type="stmt"/>
      <line num="1367" count="1" type="stmt"/>
      <line num="1369" count="3" type="stmt"/>
      <line num="1370" count="3" type="stmt"/>
      <line num="1372" count="3" type="stmt"/>
      <line num="1373" count="3" type="stmt"/>
      <line num="1374" count="3" type="stmt"/>
      <line num="1375" count="3" type="stmt"/>
      <line num="1376" count="3" type="stmt"/>
      <line num="1377" count="3" type="stmt"/>
      <line num="1378" count="3" type="stmt"/>
      <line num="1380" count="3" type="stmt"/>
      <line num="1381" count="3" type="stmt"/>
      <line num="1382" count="3" type="stmt"/>
      <line num="1383" count="3" type="stmt"/>
      <line num="1385" count="1" type="stmt"/>
      <line num="1386" count="1" type="stmt"/>
      <line num="1387" count="0" type="stmt"/>
      <line num="1391" count="3" type="stmt"/>
      <line num="1392" count="3" type="cond" truecount="2" falsecount="0"/>
      <line num="1393" count="2" type="stmt"/>
      <line num="1396" count="1" type="stmt"/>
      <line num="1398" count="3" type="stmt"/>
      <line num="1399" count="3" type="stmt"/>
      <line num="1401" count="3" type="stmt"/>
      <line num="1402" count="3" type="stmt"/>
      <line num="1403" count="3" type="stmt"/>
      <line num="1404" count="3" type="stmt"/>
      <line num="1405" count="3" type="stmt"/>
      <line num="1406" count="3" type="stmt"/>
      <line num="1407" count="3" type="stmt"/>
      <line num="1409" count="3" type="stmt"/>
      <line num="1410" count="3" type="stmt"/>
      <line num="1411" count="3" type="stmt"/>
      <line num="1412" count="3" type="stmt"/>
      <line num="1414" count="1" type="stmt"/>
      <line num="1415" count="1" type="stmt"/>
      <line num="1416" count="0" type="stmt"/>
      <line num="1420" count="3" type="stmt"/>
      <line num="1421" count="3" type="cond" truecount="2" falsecount="0"/>
      <line num="1422" count="2" type="stmt"/>
      <line num="1425" count="1" type="stmt"/>
      <line num="1427" count="3" type="stmt"/>
      <line num="1428" count="3" type="stmt"/>
      <line num="1430" count="3" type="stmt"/>
      <line num="1431" count="3" type="stmt"/>
      <line num="1432" count="3" type="stmt"/>
      <line num="1433" count="3" type="stmt"/>
      <line num="1434" count="3" type="stmt"/>
      <line num="1435" count="3" type="stmt"/>
      <line num="1436" count="3" type="stmt"/>
      <line num="1438" count="3" type="stmt"/>
      <line num="1439" count="3" type="stmt"/>
      <line num="1440" count="3" type="stmt"/>
      <line num="1441" count="3" type="stmt"/>
      <line num="1443" count="1" type="stmt"/>
      <line num="1444" count="1" type="stmt"/>
      <line num="1445" count="0" type="stmt"/>
      <line num="1449" count="3" type="stmt"/>
      <line num="1450" count="3" type="cond" truecount="2" falsecount="0"/>
      <line num="1451" count="2" type="stmt"/>
      <line num="1454" count="1" type="stmt"/>
      <line num="1456" count="3" type="stmt"/>
      <line num="1457" count="3" type="stmt"/>
      <line num="1459" count="3" type="stmt"/>
      <line num="1460" count="3" type="stmt"/>
      <line num="1461" count="3" type="stmt"/>
      <line num="1462" count="3" type="stmt"/>
      <line num="1463" count="3" type="stmt"/>
      <line num="1464" count="3" type="stmt"/>
      <line num="1465" count="3" type="stmt"/>
      <line num="1467" count="3" type="stmt"/>
      <line num="1468" count="3" type="stmt"/>
      <line num="1469" count="3" type="stmt"/>
      <line num="1470" count="3" type="stmt"/>
      <line num="1472" count="1" type="stmt"/>
      <line num="1473" count="1" type="stmt"/>
      <line num="1474" count="0" type="stmt"/>
      <line num="1478" count="5" type="stmt"/>
      <line num="1479" count="5" type="stmt"/>
      <line num="1480" count="5" type="stmt"/>
      <line num="1481" count="5" type="stmt"/>
      <line num="1482" count="5" type="stmt"/>
      <line num="1483" count="5" type="stmt"/>
      <line num="1485" count="5" type="cond" truecount="1" falsecount="1"/>
      <line num="1486" count="5" type="stmt"/>
      <line num="1487" count="5" type="stmt"/>
      <line num="1488" count="5" type="stmt"/>
      <line num="1489" count="20" type="cond" truecount="2" falsecount="0"/>
      <line num="1490" count="5" type="stmt"/>
      <line num="1491" count="5" type="cond" truecount="5" falsecount="1"/>
      <line num="1493" count="0" type="stmt"/>
      <line num="1494" count="0" type="stmt"/>
      <line num="1496" count="1" type="stmt"/>
      <line num="1497" count="1" type="stmt"/>
      <line num="1499" count="1" type="stmt"/>
      <line num="1500" count="1" type="stmt"/>
      <line num="1502" count="1" type="stmt"/>
      <line num="1503" count="1" type="stmt"/>
      <line num="1505" count="1" type="stmt"/>
      <line num="1506" count="1" type="stmt"/>
      <line num="1508" count="1" type="stmt"/>
      <line num="1509" count="1" type="stmt"/>
      <line num="1513" count="5" type="stmt"/>
      <line num="1516" count="5" type="stmt"/>
      <line num="1517" count="5" type="stmt"/>
      <line num="1518" count="5" type="stmt"/>
      <line num="1520" count="5" type="stmt"/>
      <line num="1521" count="5" type="stmt"/>
      <line num="1522" count="5" type="stmt"/>
      <line num="1523" count="5" type="stmt"/>
      <line num="1524" count="5" type="stmt"/>
      <line num="1525" count="5" type="stmt"/>
      <line num="1526" count="5" type="stmt"/>
      <line num="1528" count="5" type="stmt"/>
      <line num="1529" count="5" type="stmt"/>
      <line num="1530" count="5" type="stmt"/>
      <line num="1531" count="5" type="stmt"/>
      <line num="1534" count="1" type="stmt"/>
      <line num="1535" count="1" type="stmt"/>
      <line num="1536" count="0" type="stmt"/>
      <line num="1542" count="5" type="stmt"/>
      <line num="1543" count="5" type="stmt"/>
      <line num="1544" count="5" type="stmt"/>
      <line num="1545" count="5" type="stmt"/>
      <line num="1546" count="5" type="stmt"/>
      <line num="1547" count="5" type="stmt"/>
      <line num="1548" count="5" type="cond" truecount="1" falsecount="1"/>
      <line num="1549" count="5" type="stmt"/>
      <line num="1550" count="5" type="stmt"/>
      <line num="1551" count="5" type="stmt"/>
      <line num="1552" count="19" type="cond" truecount="2" falsecount="0"/>
      <line num="1553" count="5" type="stmt"/>
      <line num="1554" count="5" type="cond" truecount="5" falsecount="1"/>
      <line num="1556" count="1" type="stmt"/>
      <line num="1557" count="1" type="stmt"/>
      <line num="1559" count="0" type="stmt"/>
      <line num="1560" count="0" type="stmt"/>
      <line num="1562" count="1" type="stmt"/>
      <line num="1563" count="1" type="stmt"/>
      <line num="1565" count="1" type="stmt"/>
      <line num="1566" count="1" type="stmt"/>
      <line num="1568" count="1" type="stmt"/>
      <line num="1569" count="1" type="stmt"/>
      <line num="1571" count="1" type="stmt"/>
      <line num="1572" count="1" type="stmt"/>
      <line num="1575" count="5" type="stmt"/>
      <line num="1578" count="5" type="stmt"/>
      <line num="1579" count="5" type="stmt"/>
      <line num="1580" count="5" type="stmt"/>
      <line num="1582" count="5" type="stmt"/>
      <line num="1583" count="5" type="stmt"/>
      <line num="1584" count="5" type="stmt"/>
      <line num="1585" count="5" type="stmt"/>
      <line num="1586" count="5" type="stmt"/>
      <line num="1587" count="5" type="stmt"/>
      <line num="1588" count="5" type="stmt"/>
      <line num="1590" count="5" type="stmt"/>
      <line num="1591" count="5" type="stmt"/>
      <line num="1592" count="5" type="stmt"/>
      <line num="1593" count="5" type="stmt"/>
      <line num="1596" count="1" type="stmt"/>
      <line num="1597" count="0" type="stmt"/>
      <line num="1599" count="1" type="stmt"/>
      <line num="1602" count="5" type="stmt"/>
      <line num="1603" count="5" type="stmt"/>
      <line num="1604" count="5" type="stmt"/>
      <line num="1605" count="5" type="stmt"/>
      <line num="1606" count="5" type="stmt"/>
      <line num="1607" count="5" type="stmt"/>
      <line num="1608" count="5" type="cond" truecount="1" falsecount="1"/>
      <line num="1609" count="5" type="stmt"/>
      <line num="1610" count="5" type="stmt"/>
      <line num="1611" count="5" type="stmt"/>
      <line num="1612" count="18" type="cond" truecount="2" falsecount="0"/>
      <line num="1613" count="5" type="stmt"/>
      <line num="1614" count="5" type="cond" truecount="5" falsecount="1"/>
      <line num="1616" count="1" type="stmt"/>
      <line num="1617" count="1" type="stmt"/>
      <line num="1619" count="1" type="stmt"/>
      <line num="1620" count="1" type="stmt"/>
      <line num="1622" count="0" type="stmt"/>
      <line num="1623" count="0" type="stmt"/>
      <line num="1625" count="1" type="stmt"/>
      <line num="1626" count="1" type="stmt"/>
      <line num="1628" count="1" type="stmt"/>
      <line num="1629" count="1" type="stmt"/>
      <line num="1631" count="1" type="stmt"/>
      <line num="1632" count="1" type="stmt"/>
      <line num="1635" count="5" type="stmt"/>
      <line num="1638" count="5" type="stmt"/>
      <line num="1639" count="5" type="stmt"/>
      <line num="1640" count="5" type="stmt"/>
      <line num="1642" count="5" type="stmt"/>
      <line num="1643" count="5" type="stmt"/>
      <line num="1644" count="5" type="stmt"/>
      <line num="1645" count="5" type="stmt"/>
      <line num="1646" count="5" type="stmt"/>
      <line num="1647" count="5" type="stmt"/>
      <line num="1648" count="5" type="stmt"/>
      <line num="1650" count="5" type="stmt"/>
      <line num="1651" count="5" type="stmt"/>
      <line num="1652" count="5" type="stmt"/>
      <line num="1653" count="5" type="stmt"/>
      <line num="1656" count="1" type="stmt"/>
      <line num="1657" count="0" type="stmt"/>
      <line num="1659" count="1" type="stmt"/>
      <line num="1662" count="5" type="stmt"/>
      <line num="1663" count="5" type="stmt"/>
      <line num="1664" count="5" type="stmt"/>
      <line num="1665" count="5" type="stmt"/>
      <line num="1666" count="5" type="stmt"/>
      <line num="1667" count="5" type="stmt"/>
      <line num="1668" count="5" type="cond" truecount="1" falsecount="1"/>
      <line num="1669" count="5" type="stmt"/>
      <line num="1670" count="5" type="stmt"/>
      <line num="1671" count="5" type="stmt"/>
      <line num="1672" count="17" type="cond" truecount="2" falsecount="0"/>
      <line num="1673" count="5" type="stmt"/>
      <line num="1674" count="5" type="cond" truecount="5" falsecount="1"/>
      <line num="1676" count="1" type="stmt"/>
      <line num="1677" count="1" type="stmt"/>
      <line num="1679" count="1" type="stmt"/>
      <line num="1680" count="1" type="stmt"/>
      <line num="1682" count="1" type="stmt"/>
      <line num="1683" count="1" type="stmt"/>
      <line num="1685" count="0" type="stmt"/>
      <line num="1686" count="0" type="stmt"/>
      <line num="1688" count="1" type="stmt"/>
      <line num="1689" count="1" type="stmt"/>
      <line num="1691" count="1" type="stmt"/>
      <line num="1692" count="1" type="stmt"/>
      <line num="1695" count="5" type="stmt"/>
      <line num="1698" count="5" type="stmt"/>
      <line num="1699" count="5" type="stmt"/>
      <line num="1700" count="5" type="stmt"/>
      <line num="1702" count="5" type="stmt"/>
      <line num="1703" count="5" type="stmt"/>
      <line num="1704" count="5" type="stmt"/>
      <line num="1705" count="5" type="stmt"/>
      <line num="1706" count="5" type="stmt"/>
      <line num="1707" count="5" type="stmt"/>
      <line num="1708" count="5" type="stmt"/>
      <line num="1710" count="5" type="stmt"/>
      <line num="1711" count="5" type="stmt"/>
      <line num="1712" count="5" type="stmt"/>
      <line num="1713" count="5" type="stmt"/>
      <line num="1716" count="1" type="stmt"/>
      <line num="1717" count="0" type="stmt"/>
      <line num="1719" count="1" type="stmt"/>
      <line num="1722" count="5" type="stmt"/>
      <line num="1723" count="5" type="stmt"/>
      <line num="1724" count="5" type="stmt"/>
      <line num="1725" count="5" type="stmt"/>
      <line num="1726" count="5" type="stmt"/>
      <line num="1727" count="5" type="stmt"/>
      <line num="1728" count="5" type="cond" truecount="1" falsecount="1"/>
      <line num="1729" count="5" type="stmt"/>
      <line num="1730" count="5" type="stmt"/>
      <line num="1731" count="5" type="stmt"/>
      <line num="1732" count="16" type="cond" truecount="2" falsecount="0"/>
      <line num="1733" count="5" type="stmt"/>
      <line num="1734" count="5" type="cond" truecount="5" falsecount="1"/>
      <line num="1736" count="1" type="stmt"/>
      <line num="1737" count="1" type="stmt"/>
      <line num="1739" count="1" type="stmt"/>
      <line num="1740" count="1" type="stmt"/>
      <line num="1742" count="1" type="stmt"/>
      <line num="1743" count="1" type="stmt"/>
      <line num="1745" count="1" type="stmt"/>
      <line num="1746" count="1" type="stmt"/>
      <line num="1748" count="0" type="stmt"/>
      <line num="1749" count="0" type="stmt"/>
      <line num="1751" count="1" type="stmt"/>
      <line num="1752" count="1" type="stmt"/>
      <line num="1755" count="5" type="stmt"/>
      <line num="1758" count="5" type="stmt"/>
      <line num="1759" count="5" type="stmt"/>
      <line num="1760" count="5" type="stmt"/>
      <line num="1762" count="5" type="stmt"/>
      <line num="1763" count="5" type="stmt"/>
      <line num="1764" count="5" type="stmt"/>
      <line num="1765" count="5" type="stmt"/>
      <line num="1766" count="5" type="stmt"/>
      <line num="1767" count="5" type="stmt"/>
      <line num="1768" count="5" type="stmt"/>
      <line num="1770" count="5" type="stmt"/>
      <line num="1771" count="5" type="stmt"/>
      <line num="1772" count="5" type="stmt"/>
      <line num="1773" count="5" type="stmt"/>
      <line num="1776" count="1" type="stmt"/>
      <line num="1777" count="0" type="stmt"/>
      <line num="1779" count="1" type="stmt"/>
      <line num="1782" count="5" type="stmt"/>
      <line num="1783" count="5" type="stmt"/>
      <line num="1784" count="5" type="stmt"/>
      <line num="1785" count="5" type="stmt"/>
      <line num="1786" count="5" type="stmt"/>
      <line num="1787" count="5" type="stmt"/>
      <line num="1788" count="5" type="cond" truecount="1" falsecount="1"/>
      <line num="1789" count="5" type="stmt"/>
      <line num="1790" count="5" type="stmt"/>
      <line num="1791" count="5" type="stmt"/>
      <line num="1792" count="15" type="cond" truecount="2" falsecount="0"/>
      <line num="1793" count="5" type="stmt"/>
      <line num="1794" count="5" type="cond" truecount="5" falsecount="1"/>
      <line num="1796" count="1" type="stmt"/>
      <line num="1797" count="1" type="stmt"/>
      <line num="1799" count="1" type="stmt"/>
      <line num="1800" count="1" type="stmt"/>
      <line num="1802" count="1" type="stmt"/>
      <line num="1803" count="1" type="stmt"/>
      <line num="1805" count="1" type="stmt"/>
      <line num="1806" count="1" type="stmt"/>
      <line num="1808" count="1" type="stmt"/>
      <line num="1809" count="1" type="stmt"/>
      <line num="1811" count="0" type="stmt"/>
      <line num="1812" count="0" type="stmt"/>
      <line num="1815" count="5" type="stmt"/>
      <line num="1818" count="5" type="stmt"/>
      <line num="1819" count="5" type="stmt"/>
      <line num="1820" count="5" type="stmt"/>
      <line num="1822" count="5" type="stmt"/>
      <line num="1823" count="5" type="stmt"/>
      <line num="1824" count="5" type="stmt"/>
      <line num="1825" count="5" type="stmt"/>
      <line num="1826" count="5" type="stmt"/>
      <line num="1827" count="5" type="stmt"/>
      <line num="1828" count="5" type="stmt"/>
      <line num="1830" count="5" type="stmt"/>
      <line num="1831" count="5" type="stmt"/>
      <line num="1832" count="5" type="stmt"/>
      <line num="1833" count="5" type="stmt"/>
      <line num="1836" count="1" type="stmt"/>
      <line num="1837" count="0" type="stmt"/>
      <line num="1839" count="1" type="stmt"/>
      <line num="1844" count="1" type="cond" truecount="2" falsecount="0"/>
      <line num="1845" count="1" type="stmt"/>
      <line num="1846" count="0" type="cond" truecount="0" falsecount="4"/>
      <line num="1847" count="0" type="stmt"/>
      <line num="1848" count="0" type="stmt"/>
      <line num="1851" count="1" type="stmt"/>
      <line num="1852" count="1" type="stmt"/>
      <line num="1853" count="1" type="stmt"/>
      <line num="1854" count="1" type="stmt"/>
      <line num="1856" count="1" type="stmt"/>
      <line num="1857" count="0" type="stmt"/>
      <line num="1859" count="1" type="stmt"/>
      <line num="1861" count="1" type="stmt"/>
      <line num="1862" count="0" type="cond" truecount="0" falsecount="2"/>
      <line num="1863" count="0" type="stmt"/>
      <line num="1864" count="0" type="cond" truecount="0" falsecount="4"/>
      <line num="1865" count="0" type="stmt"/>
      <line num="1866" count="0" type="stmt"/>
      <line num="1869" count="0" type="stmt"/>
      <line num="1870" count="0" type="stmt"/>
      <line num="1871" count="0" type="stmt"/>
      <line num="1872" count="0" type="stmt"/>
      <line num="1875" count="1" type="stmt"/>
      <line num="1876" count="0" type="cond" truecount="0" falsecount="2"/>
      <line num="1877" count="0" type="stmt"/>
      <line num="1878" count="0" type="cond" truecount="0" falsecount="4"/>
      <line num="1879" count="0" type="stmt"/>
      <line num="1880" count="0" type="stmt"/>
      <line num="1883" count="0" type="stmt"/>
      <line num="1884" count="0" type="stmt"/>
      <line num="1885" count="0" type="stmt"/>
      <line num="1886" count="0" type="stmt"/>
      <line num="1889" count="1" type="stmt"/>
      <line num="1890" count="0" type="cond" truecount="0" falsecount="2"/>
      <line num="1891" count="0" type="stmt"/>
      <line num="1892" count="0" type="cond" truecount="0" falsecount="4"/>
      <line num="1893" count="0" type="stmt"/>
      <line num="1894" count="0" type="stmt"/>
      <line num="1897" count="0" type="stmt"/>
      <line num="1898" count="0" type="stmt"/>
      <line num="1899" count="0" type="stmt"/>
      <line num="1900" count="0" type="stmt"/>
      <line num="1903" count="1" type="stmt"/>
      <line num="1904" count="0" type="cond" truecount="0" falsecount="2"/>
      <line num="1905" count="0" type="stmt"/>
      <line num="1906" count="0" type="cond" truecount="0" falsecount="4"/>
      <line num="1907" count="0" type="stmt"/>
      <line num="1908" count="0" type="stmt"/>
      <line num="1911" count="0" type="stmt"/>
      <line num="1912" count="0" type="stmt"/>
      <line num="1913" count="0" type="stmt"/>
      <line num="1914" count="0" type="stmt"/>
      <line num="1917" count="1" type="stmt"/>
      <line num="1918" count="0" type="cond" truecount="0" falsecount="2"/>
      <line num="1919" count="0" type="stmt"/>
      <line num="1920" count="0" type="cond" truecount="0" falsecount="4"/>
      <line num="1921" count="0" type="stmt"/>
      <line num="1922" count="0" type="stmt"/>
      <line num="1925" count="0" type="stmt"/>
      <line num="1926" count="0" type="stmt"/>
      <line num="1927" count="0" type="stmt"/>
      <line num="1928" count="0" type="stmt"/>
      <line num="1931" count="1" type="stmt"/>
      <line num="1932" count="0" type="cond" truecount="0" falsecount="2"/>
      <line num="1933" count="0" type="stmt"/>
      <line num="1934" count="0" type="cond" truecount="0" falsecount="4"/>
      <line num="1935" count="0" type="stmt"/>
      <line num="1936" count="0" type="stmt"/>
      <line num="1939" count="0" type="stmt"/>
      <line num="1940" count="0" type="stmt"/>
      <line num="1941" count="0" type="stmt"/>
      <line num="1942" count="0" type="stmt"/>
      <line num="1945" count="1" type="stmt"/>
      <line num="1946" count="0" type="cond" truecount="0" falsecount="2"/>
      <line num="1947" count="0" type="stmt"/>
      <line num="1948" count="0" type="cond" truecount="0" falsecount="4"/>
      <line num="1949" count="0" type="stmt"/>
      <line num="1950" count="0" type="stmt"/>
      <line num="1953" count="0" type="stmt"/>
      <line num="1954" count="0" type="stmt"/>
      <line num="1955" count="0" type="stmt"/>
      <line num="1956" count="0" type="stmt"/>
      <line num="1959" count="1" type="stmt"/>
      <line num="1960" count="0" type="cond" truecount="0" falsecount="2"/>
      <line num="1961" count="0" type="stmt"/>
      <line num="1962" count="0" type="cond" truecount="0" falsecount="4"/>
      <line num="1963" count="0" type="stmt"/>
      <line num="1964" count="0" type="stmt"/>
      <line num="1967" count="0" type="stmt"/>
      <line num="1968" count="0" type="stmt"/>
      <line num="1969" count="0" type="stmt"/>
      <line num="1970" count="0" type="stmt"/>
      <line num="1973" count="1" type="stmt"/>
      <line num="1974" count="0" type="cond" truecount="0" falsecount="2"/>
      <line num="1975" count="0" type="stmt"/>
      <line num="1976" count="0" type="cond" truecount="0" falsecount="4"/>
      <line num="1977" count="0" type="stmt"/>
      <line num="1978" count="0" type="stmt"/>
      <line num="1981" count="0" type="stmt"/>
      <line num="1982" count="0" type="stmt"/>
      <line num="1983" count="0" type="stmt"/>
      <line num="1984" count="0" type="stmt"/>
      <line num="1987" count="1" type="stmt"/>
      <line num="1988" count="0" type="cond" truecount="0" falsecount="2"/>
      <line num="1989" count="0" type="stmt"/>
      <line num="1990" count="0" type="stmt"/>
      <line num="1991" count="0" type="stmt"/>
      <line num="1994" count="1" type="stmt"/>
      <line num="1995" count="0" type="cond" truecount="0" falsecount="2"/>
      <line num="1996" count="0" type="stmt"/>
      <line num="1999" count="0" type="stmt"/>
      <line num="2001" count="0" type="stmt"/>
      <line num="2002" count="0" type="stmt"/>
      <line num="2003" count="0" type="stmt"/>
      <line num="2004" count="0" type="stmt"/>
      <line num="2009" count="1" type="stmt"/>
      <line num="2010" count="0" type="stmt"/>
      <line num="2011" count="0" type="stmt"/>
      <line num="2012" count="0" type="stmt"/>
      <line num="2013" count="0" type="stmt"/>
      <line num="2014" count="0" type="stmt"/>
      <line num="2015" count="0" type="stmt"/>
      <line num="2016" count="0" type="stmt"/>
      <line num="2017" count="0" type="stmt"/>
      <line num="2018" count="0" type="stmt"/>
      <line num="2019" count="0" type="stmt"/>
      <line num="2020" count="0" type="stmt"/>
      <line num="2021" count="0" type="stmt"/>
      <line num="2022" count="0" type="stmt"/>
      <line num="2023" count="0" type="stmt"/>
      <line num="2026" count="0" type="stmt"/>
      <line num="2027" count="0" type="stmt"/>
      <line num="2028" count="0" type="stmt"/>
      <line num="2029" count="0" type="stmt"/>
      <line num="2030" count="0" type="stmt"/>
      <line num="2031" count="0" type="stmt"/>
      <line num="2034" count="1" type="stmt"/>
      <line num="2035" count="0" type="stmt"/>
      <line num="2036" count="0" type="stmt"/>
      <line num="2037" count="0" type="stmt"/>
      <line num="2038" count="0" type="stmt"/>
      <line num="2039" count="0" type="stmt"/>
      <line num="2040" count="0" type="stmt"/>
      <line num="2041" count="0" type="stmt"/>
      <line num="2042" count="0" type="stmt"/>
      <line num="2043" count="0" type="stmt"/>
      <line num="2044" count="0" type="stmt"/>
      <line num="2045" count="0" type="stmt"/>
      <line num="2046" count="0" type="stmt"/>
      <line num="2047" count="0" type="stmt"/>
      <line num="2048" count="0" type="stmt"/>
      <line num="2049" count="0" type="stmt"/>
      <line num="2051" count="0" type="stmt"/>
      <line num="2052" count="0" type="stmt"/>
      <line num="2054" count="0" type="stmt"/>
      <line num="2056" count="0" type="stmt"/>
      <line num="2059" count="1" type="stmt"/>
      <line num="2060" count="0" type="stmt"/>
      <line num="2061" count="0" type="stmt"/>
      <line num="2062" count="0" type="stmt"/>
      <line num="2063" count="0" type="stmt"/>
      <line num="2064" count="0" type="stmt"/>
      <line num="2065" count="0" type="stmt"/>
      <line num="2066" count="0" type="stmt"/>
      <line num="2067" count="0" type="stmt"/>
      <line num="2068" count="0" type="stmt"/>
      <line num="2069" count="0" type="stmt"/>
      <line num="2070" count="0" type="stmt"/>
      <line num="2071" count="0" type="stmt"/>
      <line num="2072" count="0" type="stmt"/>
      <line num="2073" count="0" type="stmt"/>
      <line num="2074" count="0" type="stmt"/>
      <line num="2075" count="0" type="stmt"/>
      <line num="2076" count="0" type="stmt"/>
      <line num="2077" count="0" type="stmt"/>
      <line num="2079" count="0" type="stmt"/>
      <line num="2081" count="0" type="stmt"/>
      <line num="2084" count="1" type="stmt"/>
      <line num="2085" count="0" type="stmt"/>
      <line num="2086" count="0" type="stmt"/>
      <line num="2089" count="1" type="stmt"/>
      <line num="2090" count="0" type="stmt"/>
      <line num="2091" count="0" type="stmt"/>
      <line num="2094" count="1" type="stmt"/>
      <line num="2095" count="0" type="stmt"/>
      <line num="2096" count="0" type="stmt"/>
      <line num="2099" count="1" type="stmt"/>
      <line num="2100" count="0" type="stmt"/>
      <line num="2101" count="0" type="stmt"/>
      <line num="2104" count="1" type="stmt"/>
      <line num="2105" count="0" type="stmt"/>
      <line num="2106" count="0" type="stmt"/>
      <line num="2109" count="1" type="stmt"/>
      <line num="2110" count="0" type="stmt"/>
      <line num="2113" count="1" type="stmt"/>
      <line num="2114" count="0" type="stmt"/>
      <line num="2117" count="1" type="stmt"/>
      <line num="2118" count="0" type="stmt"/>
      <line num="2119" count="0" type="stmt"/>
      <line num="2123" count="1" type="stmt"/>
      <line num="2124" count="0" type="stmt"/>
      <line num="2127" count="1" type="stmt"/>
      <line num="2128" count="0" type="stmt"/>
      <line num="2129" count="0" type="stmt"/>
      <line num="2130" count="0" type="stmt"/>
      <line num="2131" count="0" type="cond" truecount="0" falsecount="4"/>
      <line num="2132" count="0" type="stmt"/>
      <line num="2134" count="0" type="cond" truecount="0" falsecount="2"/>
      <line num="2135" count="0" type="stmt"/>
      <line num="2137" count="0" type="stmt"/>
      <line num="2138" count="0" type="stmt"/>
      <line num="2139" count="0" type="stmt"/>
      <line num="2140" count="0" type="stmt"/>
      <line num="2141" count="0" type="stmt"/>
      <line num="2142" count="0" type="stmt"/>
      <line num="2143" count="0" type="stmt"/>
      <line num="2144" count="0" type="stmt"/>
      <line num="2145" count="0" type="stmt"/>
      <line num="2146" count="0" type="stmt"/>
      <line num="2147" count="0" type="stmt"/>
      <line num="2148" count="0" type="stmt"/>
      <line num="2149" count="0" type="stmt"/>
      <line num="2152" count="1" type="stmt"/>
      <line num="2153" count="0" type="stmt"/>
      <line num="2154" count="0" type="stmt"/>
      <line num="2156" count="0" type="stmt"/>
      <line num="2157" count="0" type="stmt"/>
      <line num="2159" count="0" type="stmt"/>
      <line num="2160" count="0" type="stmt"/>
      <line num="2161" count="0" type="stmt"/>
      <line num="2162" count="0" type="stmt"/>
      <line num="2163" count="0" type="stmt"/>
      <line num="2164" count="0" type="stmt"/>
      <line num="2165" count="0" type="stmt"/>
      <line num="2166" count="0" type="stmt"/>
      <line num="2167" count="0" type="stmt"/>
      <line num="2168" count="0" type="stmt"/>
      <line num="2171" count="1" type="stmt"/>
      <line num="2172" count="0" type="stmt"/>
      <line num="2175" count="1" type="stmt"/>
      <line num="2176" count="0" type="stmt"/>
      <line num="2179" count="1" type="stmt"/>
      <line num="2180" count="0" type="stmt"/>
      <line num="2181" count="0" type="stmt"/>
      <line num="2182" count="0" type="stmt"/>
      <line num="2183" count="0" type="stmt"/>
      <line num="2184" count="0" type="cond" truecount="0" falsecount="4"/>
      <line num="2185" count="0" type="stmt"/>
      <line num="2187" count="0" type="cond" truecount="0" falsecount="2"/>
      <line num="2188" count="0" type="stmt"/>
      <line num="2190" count="0" type="stmt"/>
      <line num="2191" count="0" type="stmt"/>
      <line num="2192" count="0" type="stmt"/>
      <line num="2193" count="0" type="stmt"/>
      <line num="2199" count="1" type="stmt"/>
      <line num="2200" count="1" type="stmt"/>
      <line num="2201" count="1" type="stmt"/>
      <line num="2202" count="1" type="stmt"/>
      <line num="2203" count="1" type="stmt"/>
      <line num="2207" count="0" type="stmt"/>
      <line num="2215" count="0" type="stmt"/>
      <line num="2218" count="1" type="stmt"/>
      <line num="2219" count="0" type="stmt"/>
      <line num="2229" count="0" type="stmt"/>
      <line num="2230" count="0" type="stmt"/>
      <line num="2231" count="0" type="stmt"/>
      <line num="2232" count="0" type="stmt"/>
      <line num="2233" count="0" type="stmt"/>
      <line num="2234" count="0" type="stmt"/>
      <line num="2235" count="0" type="stmt"/>
      <line num="2236" count="0" type="stmt"/>
      <line num="2237" count="0" type="stmt"/>
      <line num="2238" count="0" type="stmt"/>
      <line num="2239" count="0" type="stmt"/>
      <line num="2240" count="0" type="stmt"/>
      <line num="2242" count="1" type="stmt"/>
      <line num="2243" count="0" type="cond" truecount="0" falsecount="2"/>
      <line num="2245" count="0" type="cond" truecount="0" falsecount="5"/>
      <line num="2247" count="0" type="stmt"/>
      <line num="2248" count="0" type="cond" truecount="0" falsecount="2"/>
      <line num="2249" count="0" type="stmt"/>
      <line num="2250" count="0" type="stmt"/>
      <line num="2253" count="0" type="stmt"/>
      <line num="2254" count="0" type="cond" truecount="0" falsecount="2"/>
      <line num="2255" count="0" type="stmt"/>
      <line num="2256" count="0" type="stmt"/>
      <line num="2259" count="0" type="stmt"/>
      <line num="2261" count="0" type="stmt"/>
      <line num="2262" count="0" type="cond" truecount="0" falsecount="2"/>
      <line num="2263" count="0" type="stmt"/>
      <line num="2264" count="0" type="stmt"/>
      <line num="2267" count="0" type="stmt"/>
      <line num="2268" count="0" type="cond" truecount="0" falsecount="2"/>
      <line num="2269" count="0" type="stmt"/>
      <line num="2270" count="0" type="stmt"/>
      <line num="2273" count="0" type="stmt"/>
      <line num="2275" count="0" type="stmt"/>
      <line num="2276" count="0" type="cond" truecount="0" falsecount="2"/>
      <line num="2277" count="0" type="stmt"/>
      <line num="2278" count="0" type="stmt"/>
      <line num="2281" count="0" type="stmt"/>
      <line num="2282" count="0" type="cond" truecount="0" falsecount="2"/>
      <line num="2283" count="0" type="stmt"/>
      <line num="2284" count="0" type="stmt"/>
      <line num="2287" count="0" type="stmt"/>
      <line num="2289" count="0" type="stmt"/>
      <line num="2290" count="0" type="cond" truecount="0" falsecount="2"/>
      <line num="2291" count="0" type="stmt"/>
      <line num="2292" count="0" type="stmt"/>
      <line num="2295" count="0" type="stmt"/>
      <line num="2296" count="0" type="cond" truecount="0" falsecount="2"/>
      <line num="2297" count="0" type="stmt"/>
      <line num="2298" count="0" type="stmt"/>
      <line num="2301" count="0" type="stmt"/>
      <line num="2303" count="0" type="stmt"/>
      <line num="2304" count="0" type="cond" truecount="0" falsecount="2"/>
      <line num="2305" count="0" type="stmt"/>
      <line num="2306" count="0" type="stmt"/>
      <line num="2309" count="0" type="stmt"/>
      <line num="2310" count="0" type="cond" truecount="0" falsecount="2"/>
      <line num="2311" count="0" type="stmt"/>
      <line num="2312" count="0" type="stmt"/>
      <line num="2315" count="0" type="stmt"/>
      <line num="2318" count="0" type="cond" truecount="0" falsecount="2"/>
      <line num="2319" count="0" type="stmt"/>
      <line num="2320" count="0" type="stmt"/>
      <line num="2321" count="0" type="stmt"/>
      <line num="2323" count="1" type="stmt"/>
      <line num="2325" count="0" type="stmt"/>
      <line num="2327" count="0" type="cond" truecount="0" falsecount="5"/>
      <line num="2329" count="0" type="stmt"/>
      <line num="2330" count="0" type="cond" truecount="0" falsecount="2"/>
      <line num="2331" count="0" type="stmt"/>
      <line num="2334" count="0" type="stmt"/>
      <line num="2336" count="0" type="stmt"/>
      <line num="2337" count="0" type="cond" truecount="0" falsecount="2"/>
      <line num="2338" count="0" type="stmt"/>
      <line num="2341" count="0" type="stmt"/>
      <line num="2343" count="0" type="stmt"/>
      <line num="2344" count="0" type="cond" truecount="0" falsecount="2"/>
      <line num="2345" count="0" type="stmt"/>
      <line num="2348" count="0" type="stmt"/>
      <line num="2350" count="0" type="stmt"/>
      <line num="2351" count="0" type="cond" truecount="0" falsecount="2"/>
      <line num="2352" count="0" type="stmt"/>
      <line num="2355" count="0" type="stmt"/>
      <line num="2357" count="0" type="stmt"/>
      <line num="2358" count="0" type="cond" truecount="0" falsecount="2"/>
      <line num="2359" count="0" type="stmt"/>
      <line num="2362" count="0" type="stmt"/>
      <line num="2364" count="0" type="stmt"/>
      <line num="2367" count="1" type="stmt"/>
      <line num="2368" count="0" type="cond" truecount="0" falsecount="2"/>
      <line num="2369" count="0" type="stmt"/>
      <line num="2372" count="0" type="cond" truecount="0" falsecount="2"/>
      <line num="2373" count="0" type="cond" truecount="0" falsecount="5"/>
      <line num="2375" count="0" type="stmt"/>
      <line num="2376" count="0" type="stmt"/>
      <line num="2377" count="0" type="stmt"/>
      <line num="2378" count="0" type="stmt"/>
      <line num="2379" count="0" type="stmt"/>
      <line num="2380" count="0" type="stmt"/>
      <line num="2381" count="0" type="stmt"/>
      <line num="2382" count="0" type="stmt"/>
      <line num="2383" count="0" type="stmt"/>
      <line num="2384" count="0" type="stmt"/>
      <line num="2385" count="0" type="stmt"/>
      <line num="2387" count="0" type="stmt"/>
      <line num="2389" count="0" type="stmt"/>
      <line num="2390" count="0" type="stmt"/>
      <line num="2391" count="0" type="stmt"/>
      <line num="2392" count="0" type="stmt"/>
      <line num="2393" count="0" type="stmt"/>
      <line num="2394" count="0" type="stmt"/>
      <line num="2395" count="0" type="stmt"/>
      <line num="2396" count="0" type="stmt"/>
      <line num="2397" count="0" type="stmt"/>
      <line num="2398" count="0" type="stmt"/>
      <line num="2399" count="0" type="stmt"/>
      <line num="2401" count="0" type="stmt"/>
      <line num="2403" count="0" type="stmt"/>
      <line num="2404" count="0" type="stmt"/>
      <line num="2405" count="0" type="stmt"/>
      <line num="2406" count="0" type="stmt"/>
      <line num="2407" count="0" type="stmt"/>
      <line num="2408" count="0" type="stmt"/>
      <line num="2409" count="0" type="stmt"/>
      <line num="2410" count="0" type="stmt"/>
      <line num="2411" count="0" type="stmt"/>
      <line num="2412" count="0" type="stmt"/>
      <line num="2413" count="0" type="stmt"/>
      <line num="2415" count="0" type="stmt"/>
      <line num="2417" count="0" type="stmt"/>
      <line num="2418" count="0" type="stmt"/>
      <line num="2419" count="0" type="stmt"/>
      <line num="2420" count="0" type="stmt"/>
      <line num="2421" count="0" type="stmt"/>
      <line num="2422" count="0" type="stmt"/>
      <line num="2423" count="0" type="stmt"/>
      <line num="2424" count="0" type="stmt"/>
      <line num="2425" count="0" type="stmt"/>
      <line num="2426" count="0" type="stmt"/>
      <line num="2427" count="0" type="stmt"/>
      <line num="2429" count="0" type="stmt"/>
      <line num="2431" count="0" type="stmt"/>
      <line num="2432" count="0" type="stmt"/>
      <line num="2433" count="0" type="stmt"/>
      <line num="2434" count="0" type="stmt"/>
      <line num="2435" count="0" type="stmt"/>
      <line num="2436" count="0" type="stmt"/>
      <line num="2437" count="0" type="stmt"/>
      <line num="2438" count="0" type="stmt"/>
      <line num="2439" count="0" type="stmt"/>
      <line num="2440" count="0" type="stmt"/>
      <line num="2441" count="0" type="stmt"/>
      <line num="2443" count="0" type="stmt"/>
      <line num="2446" count="0" type="cond" truecount="0" falsecount="2"/>
      <line num="2447" count="0" type="cond" truecount="0" falsecount="5"/>
      <line num="2449" count="0" type="stmt"/>
      <line num="2450" count="0" type="stmt"/>
      <line num="2451" count="0" type="stmt"/>
      <line num="2452" count="0" type="stmt"/>
      <line num="2453" count="0" type="stmt"/>
      <line num="2454" count="0" type="stmt"/>
      <line num="2455" count="0" type="stmt"/>
      <line num="2456" count="0" type="stmt"/>
      <line num="2457" count="0" type="stmt"/>
      <line num="2458" count="0" type="stmt"/>
      <line num="2459" count="0" type="stmt"/>
      <line num="2461" count="0" type="stmt"/>
      <line num="2463" count="0" type="stmt"/>
      <line num="2464" count="0" type="stmt"/>
[...]
      <line num="2982" count="0" type="stmt"/>
      <line num="2983" count="0" type="stmt"/>
      <line num="2985" count="0" type="stmt"/>
      <line num="2986" count="0" type="cond" truecount="0" falsecount="2"/>
      <line num="2987" count="0" type="stmt"/>
      <line num="2988" count="0" type="stmt"/>
      <line num="2990" count="0" type="stmt"/>
      <line num="2991" count="0" type="stmt"/>
      <line num="2992" count="0" type="stmt"/>
      <line num="2993" count="0" type="stmt"/>
      <line num="2996" count="0" type="cond" truecount="0" falsecount="5"/>
      <line num="2997" count="0" type="stmt"/>
      <line num="2998" count="0" type="cond" truecount="0" falsecount="5"/>
      <line num="3001" count="0" type="stmt"/>
      <line num="3002" count="0" type="stmt"/>
      <line num="3005" count="0" type="stmt"/>
      <line num="3006" count="0" type="stmt"/>
      <line num="3009" count="0" type="stmt"/>
      <line num="3010" count="0" type="stmt"/>
      <line num="3013" count="0" type="stmt"/>
      <line num="3014" count="0" type="stmt"/>
      <line num="3017" count="0" type="stmt"/>
      <line num="3018" count="0" type="stmt"/>
      <line num="3021" count="0" type="cond" truecount="0" falsecount="2"/>
      <line num="3022" count="0" type="stmt"/>
      <line num="3023" count="0" type="stmt"/>
      <line num="3025" count="0" type="stmt"/>
      <line num="3026" count="0" type="stmt"/>
      <line num="3028" count="0" type="stmt"/>
      <line num="3029" count="0" type="stmt"/>
      <line num="3031" count="0" type="cond" truecount="0" falsecount="5"/>
      <line num="3032" count="0" type="stmt"/>
      <line num="3033" count="0" type="cond" truecount="0" falsecount="2"/>
      <line num="3034" count="0" type="stmt"/>
      <line num="3035" count="0" type="stmt"/>
      <line num="3038" count="0" type="stmt"/>
      <line num="3039" count="0" type="cond" truecount="0" falsecount="5"/>
      <line num="3041" count="0" type="stmt"/>
      <line num="3042" count="0" type="stmt"/>
      <line num="3043" count="0" type="stmt"/>
      <line num="3045" count="0" type="stmt"/>
      <line num="3046" count="0" type="stmt"/>
      <line num="3047" count="0" type="stmt"/>
      <line num="3049" count="0" type="stmt"/>
      <line num="3050" count="0" type="stmt"/>
      <line num="3051" count="0" type="stmt"/>
      <line num="3053" count="0" type="stmt"/>
      <line num="3054" count="0" type="stmt"/>
      <line num="3055" count="0" type="stmt"/>
      <line num="3057" count="0" type="stmt"/>
      <line num="3058" count="0" type="stmt"/>
      <line num="3059" count="0" type="stmt"/>
      <line num="3061" count="0" type="stmt"/>
      <line num="3062" count="0" type="cond" truecount="0" falsecount="2"/>
      <line num="3063" count="0" type="stmt"/>
      <line num="3064" count="0" type="stmt"/>
      <line num="3066" count="0" type="stmt"/>
      <line num="3067" count="0" type="stmt"/>
      <line num="3068" count="0" type="stmt"/>
      <line num="3069" count="0" type="stmt"/>
      <line num="3072" count="0" type="stmt"/>
      <line num="3075" count="1" type="stmt"/>
      <line num="3076" count="0" type="stmt"/>
      <line num="3077" count="0" type="stmt"/>
      <line num="3078" count="0" type="cond" truecount="0" falsecount="5"/>
      <line num="3080" count="0" type="stmt"/>
      <line num="3081" count="0" type="stmt"/>
      <line num="3082" count="0" type="stmt"/>
      <line num="3083" count="0" type="stmt"/>
      <line num="3084" count="0" type="stmt"/>
      <line num="3085" count="0" type="cond" truecount="0" falsecount="4"/>
      <line num="3086" count="0" type="stmt"/>
      <line num="3088" count="0" type="cond" truecount="0" falsecount="2"/>
      <line num="3089" count="0" type="stmt"/>
      <line num="3091" count="0" type="stmt"/>
      <line num="3093" count="0" type="stmt"/>
      <line num="3094" count="0" type="stmt"/>
      <line num="3095" count="0" type="stmt"/>
      <line num="3096" count="0" type="stmt"/>
      <line num="3097" count="0" type="stmt"/>
      <line num="3098" count="0" type="cond" truecount="0" falsecount="4"/>
      <line num="3099" count="0" type="stmt"/>
      <line num="3101" count="0" type="cond" truecount="0" falsecount="2"/>
      <line num="3102" count="0" type="stmt"/>
      <line num="3104" count="0" type="stmt"/>
      <line num="3106" count="0" type="stmt"/>
      <line num="3107" count="0" type="stmt"/>
      <line num="3108" count="0" type="stmt"/>
      <line num="3109" count="0" type="stmt"/>
      <line num="3110" count="0" type="stmt"/>
      <line num="3111" count="0" type="cond" truecount="0" falsecount="4"/>
      <line num="3112" count="0" type="stmt"/>
      <line num="3114" count="0" type="cond" truecount="0" falsecount="2"/>
      <line num="3115" count="0" type="stmt"/>
      <line num="3117" count="0" type="stmt"/>
      <line num="3119" count="0" type="stmt"/>
      <line num="3120" count="0" type="stmt"/>
      <line num="3121" count="0" type="stmt"/>
      <line num="3122" count="0" type="stmt"/>
      <line num="3123" count="0" type="stmt"/>
      <line num="3124" count="0" type="cond" truecount="0" falsecount="2"/>
      <line num="3125" count="0" type="stmt"/>
      <line num="3127" count="0" type="stmt"/>
      <line num="3129" count="0" type="stmt"/>
      <line num="3130" count="0" type="stmt"/>
      <line num="3131" count="0" type="stmt"/>
      <line num="3132" count="0" type="stmt"/>
      <line num="3133" count="0" type="stmt"/>
      <line num="3134" count="0" type="stmt"/>
      <line num="3136" count="0" type="stmt"/>
      <line num="3137" count="0" type="stmt"/>
      <line num="3138" count="0" type="stmt"/>
      <line num="3139" count="0" type="stmt"/>
      <line num="3140" count="0" type="stmt"/>
      <line num="3141" count="0" type="stmt"/>
      <line num="3144" count="1" type="stmt"/>
      <line num="3145" count="0" type="stmt"/>
      <line num="3146" count="0" type="stmt"/>
      <line num="3147" count="0" type="stmt"/>
      <line num="3148" count="0" type="stmt"/>
      <line num="3149" count="0" type="stmt"/>
      <line num="3151" count="1" type="stmt"/>
      <line num="3152" count="0" type="stmt"/>
      <line num="3153" count="0" type="stmt"/>
      <line num="3154" count="0" type="stmt"/>
      <line num="3155" count="0" type="stmt"/>
      <line num="3156" count="0" type="stmt"/>
      <line num="3158" count="1" type="stmt"/>
      <line num="3159" count="0" type="stmt"/>
      <line num="3160" count="0" type="stmt"/>
      <line num="3161" count="0" type="stmt"/>
      <line num="3162" count="0" type="stmt"/>
      <line num="3163" count="0" type="stmt"/>
      <line num="3165" count="1" type="stmt"/>
      <line num="3166" count="0" type="stmt"/>
      <line num="3167" count="0" type="stmt"/>
      <line num="3168" count="0" type="stmt"/>
      <line num="3169" count="0" type="stmt"/>
      <line num="3170" count="0" type="stmt"/>
      <line num="3172" count="1" type="stmt"/>
      <line num="3173" count="0" type="stmt"/>
      <line num="3174" count="0" type="stmt"/>
      <line num="3175" count="0" type="stmt"/>
      <line num="3176" count="0" type="stmt"/>
      <line num="3177" count="0" type="stmt"/>
      <line num="3179" count="1" type="stmt"/>
      <line num="3180" count="1" type="stmt"/>
      <line num="3181" count="1" type="stmt"/>
      <line num="3182" count="0" type="stmt"/>
      <line num="3183" count="0" type="cond" truecount="0" falsecount="2"/>
      <line num="3184" count="0" type="cond" truecount="0" falsecount="5"/>
      <line num="3186" count="0" type="stmt"/>
      <line num="3187" count="0" type="stmt"/>
      <line num="3188" count="0" type="stmt"/>
      <line num="3190" count="0" type="stmt"/>
      <line num="3191" count="0" type="stmt"/>
      <line num="3192" count="0" type="stmt"/>
      <line num="3194" count="0" type="stmt"/>
      <line num="3195" count="0" type="stmt"/>
      <line num="3196" count="0" type="stmt"/>
      <line num="3198" count="0" type="stmt"/>
      <line num="3199" count="0" type="stmt"/>
      <line num="3200" count="0" type="stmt"/>
      <line num="3202" count="0" type="stmt"/>
      <line num="3203" count="0" type="stmt"/>
      <line num="3204" count="0" type="stmt"/>
      <line num="3206" count="0" type="stmt"/>
      <line num="3207" count="0" type="cond" truecount="0" falsecount="2"/>
      <line num="3208" count="0" type="stmt"/>
      <line num="3209" count="0" type="stmt"/>
      <line num="3210" count="0" type="cond" truecount="0" falsecount="5"/>
      <line num="3212" count="0" type="stmt"/>
      <line num="3213" count="0" type="stmt"/>
      <line num="3215" count="0" type="stmt"/>
      <line num="3216" count="0" type="stmt"/>
      <line num="3218" count="0" type="stmt"/>
      <line num="3219" count="0" type="stmt"/>
      <line num="3221" count="0" type="stmt"/>
      <line num="3222" count="0" type="stmt"/>
      <line num="3224" count="0" type="stmt"/>
      <line num="3225" count="0" type="stmt"/>
      <line num="3227" count="0" type="stmt"/>
      <line num="3228" count="0" type="stmt"/>
      <line num="3229" count="0" type="stmt"/>
      <line num="3230" count="0" type="stmt"/>
      <line num="3232" count="1" type="stmt"/>
      <line num="3233" count="0" type="stmt"/>
      <line num="3234" count="0" type="cond" truecount="0" falsecount="2"/>
      <line num="3235" count="0" type="cond" truecount="0" falsecount="5"/>
      <line num="3237" count="0" type="stmt"/>
      <line num="3238" count="0" type="stmt"/>
      <line num="3239" count="0" type="stmt"/>
      <line num="3241" count="0" type="stmt"/>
      <line num="3242" count="0" type="stmt"/>
      <line num="3243" count="0" type="stmt"/>
      <line num="3245" count="0" type="stmt"/>
      <line num="3246" count="0" type="stmt"/>
      <line num="3247" count="0" type="stmt"/>
      <line num="3249" count="0" type="stmt"/>
      <line num="3250" count="0" type="stmt"/>
      <line num="3251" count="0" type="stmt"/>
      <line num="3253" count="0" type="stmt"/>
      <line num="3254" count="0" type="stmt"/>
      <line num="3255" count="0" type="stmt"/>
      <line num="3257" count="0" type="stmt"/>
      <line num="3258" count="0" type="cond" truecount="0" falsecount="2"/>
      <line num="3259" count="0" type="stmt"/>
      <line num="3260" count="0" type="stmt"/>
      <line num="3261" count="0" type="cond" truecount="0" falsecount="5"/>
      <line num="3263" count="0" type="stmt"/>
      <line num="3264" count="0" type="stmt"/>
      <line num="3266" count="0" type="stmt"/>
      <line num="3267" count="0" type="stmt"/>
      <line num="3269" count="0" type="stmt"/>
      <line num="3270" count="0" type="stmt"/>
      <line num="3272" count="0" type="stmt"/>
      <line num="3273" count="0" type="stmt"/>
      <line num="3275" count="0" type="stmt"/>
      <line num="3276" count="0" type="stmt"/>
      <line num="3278" count="0" type="stmt"/>
      <line num="3279" count="0" type="stmt"/>
      <line num="3280" count="0" type="stmt"/>
      <line num="3281" count="0" type="stmt"/>
      <line num="3282" count="0" type="stmt"/>
      <line num="3283" count="0" type="stmt"/>
      <line num="3286" count="1" type="stmt"/>
      <line num="3288" count="0" type="stmt"/>
      <line num="3289" count="0" type="stmt"/>
      <line num="3291" count="0" type="stmt"/>
      <line num="3292" count="0" type="stmt"/>
      <line num="3293" count="0" type="cond" truecount="0" falsecount="5"/>
      <line num="3295" count="0" type="stmt"/>
      <line num="3296" count="0" type="stmt"/>
      <line num="3297" count="0" type="stmt"/>
      <line num="3298" count="0" type="stmt"/>
      <line num="3300" count="0" type="stmt"/>
      <line num="3301" count="0" type="stmt"/>
      <line num="3302" count="0" type="stmt"/>
      <line num="3303" count="0" type="stmt"/>
      <line num="3305" count="0" type="stmt"/>
      <line num="3306" count="0" type="cond" truecount="0" falsecount="2"/>
      <line num="3308" count="0" type="stmt"/>
      <line num="3309" count="0" type="stmt"/>
      <line num="3310" count="0" type="stmt"/>
      <line num="3312" count="0" type="stmt"/>
      <line num="3313" count="0" type="stmt"/>
      <line num="3314" count="0" type="stmt"/>
      <line num="3316" count="0" type="stmt"/>
      <line num="3318" count="0" type="stmt"/>
      <line num="3319" count="0" type="cond" truecount="0" falsecount="2"/>
      <line num="3321" count="0" type="stmt"/>
      <line num="3322" count="0" type="stmt"/>
      <line num="3323" count="0" type="stmt"/>
      <line num="3325" count="0" type="stmt"/>
      <line num="3326" count="0" type="stmt"/>
      <line num="3327" count="0" type="stmt"/>
      <line num="3329" count="0" type="stmt"/>
      <line num="3331" count="0" type="stmt"/>
      <line num="3332" count="0" type="stmt"/>
      <line num="3333" count="0" type="stmt"/>
      <line num="3334" count="0" type="stmt"/>
      <line num="3336" count="0" type="cond" truecount="0" falsecount="2"/>
      <line num="3337" count="0" type="stmt"/>
      <line num="3338" count="0" type="stmt"/>
      <line num="3339" count="0" type="stmt"/>
      <line num="3340" count="0" type="stmt"/>
      <line num="3344" count="0" type="stmt"/>
      <line num="3346" count="0" type="stmt"/>
      <line num="3347" count="0" type="stmt"/>
      <line num="3348" count="0" type="stmt"/>
      <line num="3351" count="1" type="stmt"/>
      <line num="3352" count="0" type="cond" truecount="0" falsecount="2"/>
      <line num="3353" count="0" type="cond" truecount="0" falsecount="2"/>
      <line num="3354" count="0" type="stmt"/>
      <line num="3355" count="0" type="stmt"/>
      <line num="3356" count="0" type="stmt"/>
      <line num="3357" count="0" type="cond" truecount="0" falsecount="4"/>
      <line num="3358" count="0" type="stmt"/>
      <line num="3360" count="0" type="cond" truecount="0" falsecount="2"/>
      <line num="3361" count="0" type="stmt"/>
      <line num="3363" count="0" type="stmt"/>
      <line num="3364" count="0" type="stmt"/>
      <line num="3365" count="0" type="stmt"/>
      <line num="3366" count="0" type="stmt"/>
      <line num="3367" count="0" type="stmt"/>
      <line num="3368" count="0" type="stmt"/>
      <line num="3369" count="0" type="stmt"/>
      <line num="3370" count="0" type="stmt"/>
      <line num="3371" count="0" type="stmt"/>
      <line num="3372" count="0" type="stmt"/>
      <line num="3373" count="0" type="stmt"/>
      <line num="3374" count="0" type="stmt"/>
      <line num="3375" count="0" type="stmt"/>
      <line num="3376" count="0" type="stmt"/>
      <line num="3377" count="0" type="stmt"/>
      <line num="3378" count="0" type="stmt"/>
      <line num="3379" count="0" type="stmt"/>
      <line num="3382" count="0" type="cond" truecount="0" falsecount="5"/>
      <line num="3384" count="0" type="stmt"/>
      <line num="3385" count="0" type="stmt"/>
      <line num="3388" count="0" type="stmt"/>
      <line num="3389" count="0" type="stmt"/>
      <line num="3391" count="0" type="stmt"/>
      <line num="3392" count="0" type="stmt"/>
      <line num="3394" count="0" type="stmt"/>
      <line num="3395" count="0" type="stmt"/>
      <line num="3397" count="0" type="stmt"/>
      <line num="3398" count="0" type="stmt"/>
      <line num="3401" count="0" type="stmt"/>
      <line num="3402" count="0" type="stmt"/>
      <line num="3403" count="0" type="stmt"/>
      <line num="3409" count="1" type="stmt"/>
      <line num="3410" count="0" type="stmt"/>
      <line num="3411" count="0" type="cond" truecount="0" falsecount="2"/>
      <line num="3413" count="0" type="cond" truecount="0" falsecount="5"/>
      <line num="3415" count="0" type="stmt"/>
      <line num="3416" count="0" type="stmt"/>
      <line num="3417" count="0" type="stmt"/>
      <line num="3418" count="0" type="stmt"/>
      <line num="3419" count="0" type="stmt"/>
      <line num="3421" count="0" type="stmt"/>
      <line num="3422" count="0" type="stmt"/>
      <line num="3423" count="0" type="stmt"/>
      <line num="3424" count="0" type="stmt"/>
      <line num="3425" count="0" type="stmt"/>
      <line num="3427" count="0" type="stmt"/>
      <line num="3428" count="0" type="stmt"/>
      <line num="3429" count="0" type="cond" truecount="0" falsecount="2"/>
      <line num="3431" count="0" type="stmt"/>
      <line num="3432" count="0" type="stmt"/>
      <line num="3433" count="0" type="stmt"/>
      <line num="3435" count="0" type="stmt"/>
      <line num="3436" count="0" type="stmt"/>
      <line num="3437" count="0" type="stmt"/>
      <line num="3439" count="0" type="stmt"/>
      <line num="3441" count="0" type="stmt"/>
      <line num="3442" count="0" type="stmt"/>
      <line num="3443" count="0" type="cond" truecount="0" falsecount="2"/>
      <line num="3445" count="0" type="stmt"/>
      <line num="3446" count="0" type="stmt"/>
      <line num="3447" count="0" type="stmt"/>
      <line num="3449" count="0" type="stmt"/>
      <line num="3450" count="0" type="stmt"/>
      <line num="3451" count="0" type="stmt"/>
      <line num="3453" count="0" type="stmt"/>
      <line num="3455" count="0" type="stmt"/>
      <line num="3456" count="0" type="stmt"/>
      <line num="3457" count="0" type="stmt"/>
      <line num="3458" count="0" type="stmt"/>
      <line num="3459" count="0" type="stmt"/>
      <line num="3461" count="0" type="stmt"/>
      <line num="3462" count="0" type="stmt"/>
      <line num="3463" count="0" type="stmt"/>
      <line num="3464" count="0" type="stmt"/>
      <line num="3465" count="0" type="stmt"/>
      <line num="3467" count="0" type="stmt"/>
      <line num="3468" count="0" type="stmt"/>
      <line num="3469" count="0" type="stmt"/>
      <line num="3471" count="1" type="stmt"/>
      <line num="3472" count="0" type="stmt"/>
      <line num="3473" count="0" type="cond" truecount="0" falsecount="2"/>
      <line num="3475" count="0" type="cond" truecount="0" falsecount="5"/>
      <line num="3477" count="0" type="stmt"/>
      <line num="3478" count="0" type="stmt"/>
      <line num="3479" count="0" type="stmt"/>
      <line num="3481" count="0" type="stmt"/>
      <line num="3482" count="0" type="stmt"/>
      <line num="3483" count="0" type="stmt"/>
      <line num="3485" count="0" type="stmt"/>
      <line num="3486" count="0" type="stmt"/>
      <line num="3487" count="0" type="stmt"/>
      <line num="3489" count="0" type="stmt"/>
      <line num="3490" count="0" type="stmt"/>
      <line num="3491" count="0" type="stmt"/>
      <line num="3493" count="0" type="stmt"/>
      <line num="3494" count="0" type="stmt"/>
      <line num="3495" count="0" type="stmt"/>
      <line num="3497" count="0" type="stmt"/>
      <line num="3498" count="0" type="cond" truecount="0" falsecount="5"/>
      <line num="3500" count="0" type="stmt"/>
      <line num="3501" count="0" type="stmt"/>
      <line num="3503" count="0" type="stmt"/>
      <line num="3504" count="0" type="stmt"/>
      <line num="3506" count="0" type="stmt"/>
      <line num="3507" count="0" type="stmt"/>
      <line num="3509" count="0" type="stmt"/>
      <line num="3510" count="0" type="stmt"/>
      <line num="3512" count="0" type="stmt"/>
      <line num="3513" count="0" type="stmt"/>
      <line num="3515" count="0" type="stmt"/>
      <line num="3516" count="0" type="stmt"/>
      <line num="3517" count="0" type="stmt"/>
      <line num="3518" count="0" type="stmt"/>
      <line num="3520" count="0" type="stmt"/>
      <line num="3521" count="0" type="stmt"/>
      <line num="3522" count="0" type="stmt"/>
      <line num="3523" count="0" type="stmt"/>
      <line num="3524" count="0" type="stmt"/>
      <line num="3525" count="0" type="stmt"/>
      <line num="3526" count="0" type="stmt"/>
    </file>
  </project>
</coverage>
