<?xml version="1.0" encoding="UTF-8"?>
<coverage generated="1714389974729" clover="3.2.0">
  <project timestamp="1714389974729" name="All files">
    <metrics statements="2142" coveredstatements="383" conditionals="601" coveredconditionals="47" methods="142" coveredmethods="12" elements="2885" coveredelements="442" complexity="0" loc="2142" ncloc="2142" packages="1" files="1" classes="1"/>
    <file name="scripts.js" path="/home/vmuser/Downloads/2312053/cryptid-web-app-sd-2024/scripts.js">
      <metrics statements="2142" coveredstatements="383" conditionals="601" coveredconditionals="47" methods="142" coveredmethods="12"/>
      <line num="3" count="1" type="stmt"/>
      <line num="4" count="1" type="stmt"/>
      <line num="5" count="1" type="stmt"/>
      <line num="7" count="1" type="stmt"/>
      <line num="8" count="1" type="stmt"/>
      <line num="9" count="1" type="stmt"/>
      <line num="11" count="1" type="stmt"/>
      <line num="12" count="1" type="stmt"/>
      <line num="13" count="106" type="stmt"/>
      <line num="14" count="1" type="stmt"/>
      <line num="15" count="1" type="stmt"/>
      <line num="16" count="1" type="stmt"/>
      <line num="17" count="1" type="stmt"/>
      <line num="18" count="1" type="stmt"/>
      <line num="19" count="1" type="stmt"/>
      <line num="20" count="1" type="stmt"/>
      <line num="21" count="1" type="stmt"/>
      <line num="22" count="1" type="stmt"/>
      <line num="23" count="1" type="stmt"/>
      <line num="24" count="1" type="stmt"/>
      <line num="25" count="1" type="stmt"/>
      <line num="26" count="1" type="stmt"/>
      <line num="27" count="1" type="stmt"/>
      <line num="28" count="1" type="stmt"/>
      <line num="29" count="1" type="stmt"/>
      <line num="30" count="1" type="stmt"/>
      <line num="31" count="1" type="stmt"/>
      <line num="32" count="1" type="stmt"/>
      <line num="33" count="1" type="stmt"/>
      <line num="34" count="1" type="stmt"/>
      <line num="35" count="1" type="stmt"/>
      <line num="36" count="1" type="stmt"/>
      <line num="37" count="1" type="stmt"/>
      <line num="38" count="1" type="stmt"/>
      <line num="39" count="1" type="stmt"/>
      <line num="40" count="1" type="stmt"/>
      <line num="41" count="1" type="stmt"/>
      <line num="42" count="1" type="stmt"/>
      <line num="43" count="1" type="stmt"/>
      <line num="45" count="1" type="stmt"/>
      <line num="46" count="1" type="stmt"/>
      <line num="47" count="1" type="stmt"/>
      <line num="48" count="1" type="stmt"/>
      <line num="49" count="1" type="stmt"/>
      <line num="50" count="1" type="stmt"/>
      <line num="51" count="1" type="stmt"/>
      <line num="52" count="1" type="stmt"/>
      <line num="53" count="1" type="stmt"/>
      <line num="54" count="1" type="stmt"/>
      <line num="55" count="1" type="stmt"/>
      <line num="56" count="1" type="stmt"/>
      <line num="57" count="1" type="stmt"/>
      <line num="58" count="1" type="stmt"/>
      <line num="59" count="1" type="stmt"/>
      <line num="60" count="1" type="stmt"/>
      <line num="61" count="1" type="stmt"/>
      <line num="62" count="1" type="stmt"/>
      <line num="63" count="1" type="stmt"/>
      <line num="64" count="1" type="stmt"/>
      <line num="65" count="1" type="stmt"/>
      <line num="66" count="1" type="stmt"/>
      <line num="67" count="1" type="stmt"/>
      <line num="68" count="1" type="stmt"/>
      <line num="69" count="1" type="stmt"/>
      <line num="70" count="1" type="stmt"/>
      <line num="73" count="1" type="stmt"/>
      <line num="74" count="1" type="stmt"/>
      <line num="75" count="1" type="stmt"/>
      <line num="76" count="1" type="stmt"/>
      <line num="77" count="1" type="stmt"/>
      <line num="78" count="1" type="stmt"/>
      <line num="79" count="1" type="stmt"/>
      <line num="80" count="1" type="stmt"/>
      <line num="81" count="1" type="stmt"/>
      <line num="82" count="1" type="stmt"/>
      <line num="84" count="1" type="stmt"/>
      <line num="85" count="1" type="stmt"/>
      <line num="86" count="1" type="stmt"/>
      <line num="87" count="1" type="stmt"/>
      <line num="88" count="1" type="stmt"/>
      <line num="89" count="1" type="stmt"/>
      <line num="90" count="1" type="stmt"/>
      <line num="92" count="1" type="stmt"/>
      <line num="93" count="1" type="stmt"/>
      <line num="94" count="1" type="stmt"/>
      <line num="95" count="1" type="stmt"/>
      <line num="154" count="1" type="stmt"/>
      <line num="155" count="1" type="stmt"/>
      <line num="156" count="1" type="stmt"/>
      <line num="157" count="1" type="stmt"/>
      <line num="160" count="1" type="stmt"/>
      <line num="161" count="1" type="stmt"/>
      <line num="162" count="1" type="stmt"/>
      <line num="163" count="1" type="stmt"/>
      <line num="164" count="1" type="stmt"/>
      <line num="165" count="1" type="stmt"/>
      <line num="166" count="1" type="stmt"/>
      <line num="167" count="1" type="stmt"/>
      <line num="168" count="1" type="stmt"/>
      <line num="169" count="1" type="stmt"/>
      <line num="170" count="1" type="stmt"/>
      <line num="171" count="1" type="stmt"/>
      <line num="172" count="1" type="stmt"/>
      <line num="173" count="1" type="stmt"/>
      <line num="174" count="1" type="stmt"/>
      <line num="175" count="1" type="stmt"/>
      <line num="176" count="1" type="stmt"/>
      <line num="177" count="1" type="stmt"/>
      <line num="178" count="1" type="stmt"/>
      <line num="179" count="1" type="stmt"/>
      <line num="180" count="1" type="stmt"/>
      <line num="181" count="1" type="stmt"/>
      <line num="182" count="1" type="stmt"/>
      <line num="183" count="1" type="stmt"/>
      <line num="184" count="1" type="stmt"/>
      <line num="185" count="1" type="stmt"/>
      <line num="186" count="1" type="stmt"/>
      <line num="187" count="1" type="stmt"/>
      <line num="188" count="1" type="stmt"/>
      <line num="189" count="1" type="stmt"/>
      <line num="190" count="1" type="stmt"/>
      <line num="192" count="1" type="stmt"/>
      <line num="193" count="1" type="stmt"/>
      <line num="195" count="1" type="stmt"/>
      <line num="196" count="1" type="stmt"/>
      <line num="198" count="1" type="stmt"/>
      <line num="199" count="1" type="stmt"/>
      <line num="200" count="1" type="stmt"/>
      <line num="201" count="1" type="stmt"/>
      <line num="202" count="1" type="stmt"/>
      <line num="203" count="1" type="stmt"/>
      <line num="204" count="1" type="stmt"/>
      <line num="205" count="1" type="stmt"/>
      <line num="206" count="1" type="stmt"/>
      <line num="210" count="1" type="stmt"/>
      <line num="211" count="1" type="stmt"/>
      <line num="212" count="1" type="stmt"/>
      <line num="217" count="0" type="stmt"/>
      <line num="218" count="0" type="stmt"/>
      <line num="219" count="0" type="stmt"/>
      <line num="220" count="0" type="stmt"/>
      <line num="222" count="0" type="stmt"/>
      <line num="223" count="0" type="stmt"/>
      <line num="225" count="0" type="stmt"/>
      <line num="226" count="0" type="stmt"/>
      <line num="228" count="0" type="stmt"/>
      <line num="229" count="0" type="stmt"/>
      <line num="230" count="0" type="stmt"/>
      <line num="231" count="0" type="stmt"/>
      <line num="232" count="0" type="stmt"/>
      <line num="233" count="0" type="stmt"/>
      <line num="234" count="0" type="stmt"/>
      <line num="235" count="0" type="stmt"/>
      <line num="236" count="0" type="stmt"/>
      <line num="237" count="0" type="stmt"/>
      <line num="238" count="0" type="stmt"/>
      <line num="239" count="0" type="cond" truecount="0" falsecount="2"/>
      <line num="240" count="0" type="stmt"/>
      <line num="243" count="0" type="stmt"/>
      <line num="245" count="0" type="stmt"/>
      <line num="246" count="0" type="stmt"/>
      <line num="247" count="0" type="stmt"/>
      <line num="250" count="0" type="stmt"/>
      <line num="252" count="0" type="cond" truecount="0" falsecount="2"/>
      <line num="253" count="0" type="stmt"/>
      <line num="256" count="0" type="stmt"/>
      <line num="257" count="0" type="stmt"/>
      <line num="258" count="0" type="stmt"/>
      <line num="259" count="0" type="stmt"/>
      <line num="260" count="0" type="cond" truecount="0" falsecount="2"/>
      <line num="261" count="0" type="stmt"/>
      <line num="263" count="0" type="stmt"/>
      <line num="274" count="1" type="stmt"/>
      <line num="275" count="1" type="stmt"/>
      <line num="276" count="1" type="cond" truecount="1" falsecount="1"/>
      <line num="277" count="0" type="stmt"/>
      <line num="280" count="1" type="stmt"/>
      <line num="281" count="1" type="stmt"/>
      <line num="282" count="6" type="stmt"/>
      <line num="283" count="6" type="cond" truecount="1" falsecount="1"/>
      <line num="284" count="0" type="stmt"/>
      <line num="285" count="0" type="stmt"/>
      <line num="288" count="6" type="stmt"/>
      <line num="290" count="6" type="cond" truecount="6" falsecount="0"/>
      <line num="293" count="1" type="stmt"/>
      <line num="296" count="1" type="cond" truecount="1" falsecount="1"/>
      <line num="297" count="0" type="stmt"/>
      <line num="300" count="1" type="stmt"/>
      <line num="302" count="1" type="stmt"/>
      <line num="305" count="1" type="stmt"/>
      <line num="308" count="1" type="cond" truecount="1" falsecount="1"/>
      <line num="309" count="0" type="stmt"/>
      <line num="312" count="1" type="stmt"/>
      <line num="314" count="1" type="stmt"/>
      <line num="317" count="1" type="stmt"/>
      <line num="320" count="1" type="cond" truecount="1" falsecount="1"/>
      <line num="321" count="0" type="stmt"/>
      <line num="324" count="1" type="stmt"/>
      <line num="326" count="1" type="stmt"/>
      <line num="329" count="1" type="stmt"/>
      <line num="332" count="1" type="cond" truecount="1" falsecount="1"/>
      <line num="333" count="0" type="stmt"/>
      <line num="336" count="1" type="stmt"/>
      <line num="338" count="1" type="stmt"/>
      <line num="341" count="1" type="stmt"/>
      <line num="344" count="1" type="cond" truecount="1" falsecount="1"/>
      <line num="345" count="0" type="stmt"/>
      <line num="348" count="1" type="stmt"/>
      <line num="350" count="1" type="stmt"/>
      <line num="353" count="1" type="stmt"/>
      <line num="356" count="1" type="cond" truecount="1" falsecount="1"/>
      <line num="357" count="0" type="stmt"/>
      <line num="360" count="1" type="stmt"/>
      <line num="362" count="1" type="stmt"/>
      <line num="366" count="1" type="stmt"/>
      <line num="367" count="1" type="stmt"/>
      <line num="368" count="1" type="stmt"/>
      <line num="369" count="1" type="stmt"/>
      <line num="370" count="1" type="stmt"/>
      <line num="372" count="1" type="stmt"/>
      <line num="373" count="1" type="stmt"/>
      <line num="374" count="1" type="stmt"/>
      <line num="376" count="1" type="stmt"/>
      <line num="377" count="1" type="stmt"/>
      <line num="378" count="1" type="stmt"/>
      <line num="380" count="1" type="stmt"/>
      <line num="381" count="1" type="stmt"/>
      <line num="382" count="1" type="cond" truecount="1" falsecount="1"/>
      <line num="383" count="0" type="stmt"/>
      <line num="385" count="0" type="stmt"/>
      <line num="386" count="0" type="stmt"/>
      <line num="387" count="0" type="stmt"/>
      <line num="389" count="0" type="stmt"/>
      <line num="390" count="0" type="stmt"/>
      <line num="391" count="0" type="stmt"/>
      <line num="393" count="0" type="stmt"/>
      <line num="394" count="0" type="stmt"/>
      <line num="395" count="0" type="stmt"/>
      <line num="397" count="0" type="stmt"/>
      <line num="398" count="0" type="stmt"/>
      <line num="399" count="0" type="stmt"/>
      <line num="401" count="0" type="stmt"/>
      <line num="402" count="0" type="stmt"/>
      <line num="405" count="1" type="stmt"/>
      <line num="407" count="1" type="stmt"/>
      <line num="408" count="1" type="stmt"/>
      <line num="409" count="1" type="stmt"/>
      <line num="411" count="1" type="stmt"/>
      <line num="412" count="1" type="stmt"/>
      <line num="413" count="1" type="stmt"/>
      <line num="415" count="1" type="stmt"/>
      <line num="416" count="1" type="stmt"/>
      <line num="418" count="1" type="stmt"/>
      <line num="419" count="1" type="stmt"/>
      <line num="432" count="1" type="stmt"/>
      <line num="433" count="1" type="stmt"/>
      <line num="435" count="1" type="stmt"/>
      <line num="436" count="1" type="stmt"/>
      <line num="437" count="1" type="stmt"/>
      <line num="438" count="1" type="cond" truecount="1" falsecount="1"/>
      <line num="439" count="0" type="stmt"/>
      <line num="441" count="1" type="stmt"/>
      <line num="442" count="1" type="stmt"/>
      <line num="447" count="1" type="stmt"/>
      <line num="448" count="6" type="stmt"/>
      <line num="449" count="6" type="stmt"/>
      <line num="450" count="6" type="cond" truecount="6" falsecount="0"/>
      <line num="452" count="1" type="cond" truecount="1" falsecount="1"/>
      <line num="453" count="0" type="stmt"/>
      <line num="454" count="0" type="stmt"/>
      <line num="455" count="0" type="stmt"/>
      <line num="456" count="0" type="stmt"/>
      <line num="459" count="1" type="stmt"/>
      <line num="460" count="1" type="stmt"/>
      <line num="462" count="1" type="stmt"/>
      <line num="464" count="1" type="cond" truecount="1" falsecount="1"/>
      <line num="465" count="0" type="stmt"/>
      <line num="466" count="0" type="stmt"/>
      <line num="467" count="0" type="stmt"/>
      <line num="468" count="0" type="stmt"/>
      <line num="471" count="1" type="stmt"/>
      <line num="472" count="1" type="stmt"/>
      <line num="474" count="1" type="stmt"/>
      <line num="476" count="1" type="cond" truecount="1" falsecount="1"/>
      <line num="477" count="0" type="stmt"/>
      <line num="478" count="0" type="stmt"/>
      <line num="479" count="0" type="stmt"/>
      <line num="480" count="0" type="stmt"/>
      <line num="483" count="1" type="stmt"/>
      <line num="484" count="1" type="stmt"/>
      <line num="486" count="1" type="stmt"/>
      <line num="488" count="1" type="cond" truecount="1" falsecount="1"/>
      <line num="489" count="0" type="stmt"/>
      <line num="490" count="0" type="stmt"/>
      <line num="491" count="0" type="stmt"/>
      <line num="492" count="0" type="stmt"/>
      <line num="495" count="1" type="stmt"/>
      <line num="496" count="1" type="stmt"/>
      <line num="498" count="1" type="stmt"/>
      <line num="500" count="1" type="cond" truecount="1" falsecount="1"/>
      <line num="501" count="0" type="stmt"/>
      <line num="502" count="0" type="stmt"/>
      <line num="503" count="0" type="stmt"/>
      <line num="504" count="0" type="stmt"/>
      <line num="507" count="1" type="stmt"/>
      <line num="508" count="1" type="stmt"/>
      <line num="510" count="1" type="stmt"/>
      <line num="512" count="1" type="cond" truecount="1" falsecount="1"/>
      <line num="513" count="0" type="stmt"/>
      <line num="514" count="0" type="stmt"/>
      <line num="515" count="0" type="stmt"/>
      <line num="516" count="0" type="stmt"/>
      <line num="519" count="1" type="stmt"/>
      <line num="520" count="1" type="stmt"/>
      <line num="522" count="1" type="stmt"/>
      <line num="529" count="8" type="stmt"/>
      <line num="530" count="8" type="stmt"/>
      <line num="532" count="8" type="stmt"/>
      <line num="533" count="8" type="stmt"/>
      <line num="534" count="24" type="stmt"/>
      <line num="535" count="144" type="stmt"/>
      <line num="536" count="144" type="stmt"/>
      <line num="537" count="144" type="stmt"/>
      <line num="538" count="144" type="stmt"/>
      <line num="540" count="144" type="stmt"/>
      <line num="549" count="144" type="stmt"/>
      <line num="558" count="144" type="stmt"/>
      <line num="563" count="8" type="stmt"/>
      <line num="565" count="1" type="stmt"/>
      <line num="570" count="1" type="stmt"/>
      <line num="571" count="1" type="stmt"/>
      <line num="572" count="6" type="stmt"/>
      <line num="573" count="6" type="stmt"/>
      <line num="574" count="6" type="stmt"/>
      <line num="575" count="6" type="stmt"/>
      <line num="578" count="1" type="stmt"/>
      <line num="581" count="1" type="stmt"/>
      <line num="582" count="1" type="stmt"/>
      <line num="585" count="1" type="stmt"/>
      <line num="586" count="108" type="stmt"/>
      <line num="587" count="108" type="stmt"/>
      <line num="588" count="108" type="stmt"/>
      <line num="589" count="108" type="cond" truecount="2" falsecount="0"/>
      <line num="591" count="8" type="stmt"/>
      <line num="592" count="8" type="stmt"/>
      <line num="593" count="8" type="stmt"/>
      <line num="595" count="100" type="cond" truecount="2" falsecount="0"/>
      <line num="596" count="8" type="stmt"/>
      <line num="597" count="8" type="stmt"/>
      <line num="598" count="8" type="stmt"/>
      <line num="602" count="1" type="stmt"/>
      <line num="606" count="6" type="cond" truecount="4" falsecount="2"/>
      <line num="607" count="0" type="stmt"/>
      <line num="608" count="0" type="stmt"/>
      <line num="610" count="0" type="stmt"/>
      <line num="611" count="0" type="stmt"/>
      <line num="612" count="0" type="stmt"/>
      <line num="614" count="0" type="cond" truecount="0" falsecount="2"/>
      <line num="615" count="0" type="cond" truecount="0" falsecount="2"/>
      <line num="616" count="0" type="stmt"/>
      <line num="619" count="0" type="stmt"/>
      <line num="622" count="0" type="cond" truecount="0" falsecount="2"/>
      <line num="623" count="0" type="cond" truecount="0" falsecount="2"/>
      <line num="624" count="0" type="stmt"/>
      <line num="627" count="0" type="stmt"/>
      <line num="630" count="0" type="cond" truecount="0" falsecount="2"/>
      <line num="631" count="0" type="cond" truecount="0" falsecount="2"/>
      <line num="632" count="0" type="stmt"/>
      <line num="635" count="0" type="stmt"/>
      <line num="639" count="0" type="cond" truecount="0" falsecount="2"/>
      <line num="640" count="0" type="stmt"/>
      <line num="643" count="0" type="stmt"/>
      <line num="646" count="0" type="cond" truecount="0" falsecount="2"/>
      <line num="647" count="0" type="stmt"/>
      <line num="648" count="0" type="stmt"/>
      <line num="649" count="0" type="stmt"/>
      <line num="653" count="1" type="stmt"/>
      <line num="657" count="3" type="cond" truecount="3" falsecount="1"/>
      <line num="658" count="3" type="stmt"/>
      <line num="659" count="3" type="stmt"/>
      <line num="664" count="1" type="stmt"/>
      <line num="667" count="164" type="stmt"/>
      <line num="668" count="164" type="cond" truecount="2" falsecount="0"/>
      <line num="669" count="164" type="stmt"/>
      <line num="671" count="1" type="stmt"/>
      <line num="675" count="162" type="cond" truecount="1" falsecount="1"/>
      <line num="676" count="162" type="stmt"/>
      <line num="678" count="0" type="cond" truecount="0" falsecount="2"/>
      <line num="679" count="0" type="stmt"/>
      <line num="682" count="0" type="stmt"/>
      <line num="684" count="162" type="stmt"/>
      <line num="685" count="162" type="stmt"/>
      <line num="686" count="162" type="stmt"/>
      <line num="687" count="162" type="stmt"/>
      <line num="688" count="972" type="stmt"/>
      <line num="689" count="972" type="stmt"/>
      <line num="691" count="162" type="stmt"/>
      <line num="692" count="162" type="stmt"/>
      <line num="693" count="162" type="stmt"/>
      <line num="695" count="1" type="stmt"/>
      <line num="699" count="16" type="stmt"/>
      <line num="700" count="16" type="stmt"/>
      <line num="701" count="16" type="cond" truecount="2" falsecount="0"/>
      <line num="702" count="1" type="stmt"/>
      <line num="704" count="15" type="cond" truecount="2" falsecount="0"/>
      <line num="705" count="1" type="stmt"/>
      <line num="707" count="16" type="stmt"/>
      <line num="709" count="97" type="stmt"/>
      <line num="710" count="97" type="stmt"/>
      <line num="713" count="16" type="stmt"/>
      <line num="715" count="1" type="stmt"/>
      <line num="719" count="0" type="stmt"/>
      <line num="720" count="0" type="stmt"/>
      <line num="723" count="0" type="cond" truecount="0" falsecount="2"/>
      <line num="724" count="0" type="stmt"/>
      <line num="725" count="0" type="stmt"/>
      <line num="726" count="0" type="stmt"/>
      <line num="727" count="0" type="stmt"/>
      <line num="728" count="0" type="stmt"/>
      <line num="729" count="0" type="stmt"/>
      <line num="730" count="0" type="stmt"/>
      <line num="732" count="0" type="stmt"/>
      <line num="733" count="0" type="stmt"/>
      <line num="735" count="0" type="stmt"/>
      <line num="736" count="0" type="stmt"/>
      <line num="737" count="0" type="cond" truecount="0" falsecount="10"/>
      <line num="739" count="0" type="stmt"/>
      <line num="740" count="0" type="stmt"/>
      <line num="741" count="0" type="stmt"/>
      <line num="742" count="0" type="stmt"/>
      <line num="743" count="0" type="stmt"/>
      <line num="744" count="0" type="stmt"/>
      <line num="745" count="0" type="stmt"/>
      <line num="747" count="0" type="stmt"/>
      <line num="748" count="0" type="stmt"/>
      <line num="750" count="0" type="stmt"/>
      <line num="751" count="0" type="stmt"/>
      <line num="752" count="0" type="stmt"/>
      <line num="753" count="0" type="stmt"/>
      <line num="754" count="0" type="stmt"/>
      <line num="756" count="0" type="stmt"/>
      <line num="757" count="0" type="stmt"/>
      <line num="759" count="0" type="stmt"/>
      <line num="760" count="0" type="stmt"/>
      <line num="761" count="0" type="stmt"/>
      <line num="762" count="0" type="stmt"/>
      <line num="763" count="0" type="stmt"/>
      <line num="765" count="0" type="stmt"/>
      <line num="766" count="0" type="stmt"/>
      <line num="768" count="0" type="stmt"/>
      <line num="769" count="0" type="stmt"/>
      <line num="770" count="0" type="stmt"/>
      <line num="771" count="0" type="stmt"/>
      <line num="772" count="0" type="stmt"/>
      <line num="774" count="0" type="stmt"/>
      <line num="775" count="0" type="stmt"/>
      <line num="777" count="0" type="stmt"/>
      <line num="778" count="0" type="stmt"/>
      <line num="779" count="0" type="stmt"/>
      <line num="780" count="0" type="stmt"/>
      <line num="781" count="0" type="stmt"/>
      <line num="783" count="0" type="stmt"/>
      <line num="784" count="0" type="stmt"/>
      <line num="786" count="0" type="stmt"/>
      <line num="787" count="0" type="stmt"/>
      <line num="788" count="0" type="stmt"/>
      <line num="789" count="0" type="stmt"/>
      <line num="790" count="0" type="stmt"/>
      <line num="792" count="0" type="stmt"/>
      <line num="793" count="0" type="stmt"/>
      <line num="795" count="0" type="stmt"/>
      <line num="796" count="0" type="stmt"/>
      <line num="797" count="0" type="stmt"/>
      <line num="798" count="0" type="stmt"/>
      <line num="799" count="0" type="stmt"/>
      <line num="801" count="0" type="stmt"/>
      <line num="802" count="0" type="stmt"/>
      <line num="804" count="0" type="stmt"/>
      <line num="805" count="0" type="stmt"/>
      <line num="806" count="0" type="stmt"/>
      <line num="807" count="0" type="stmt"/>
      <line num="808" count="0" type="stmt"/>
      <line num="810" count="0" type="stmt"/>
      <line num="811" count="0" type="stmt"/>
      <line num="813" count="0" type="stmt"/>
      <line num="814" count="0" type="stmt"/>
      <line num="815" count="0" type="stmt"/>
      <line num="816" count="0" type="stmt"/>
      <line num="817" count="0" type="stmt"/>
      <line num="819" count="0" type="stmt"/>
      <line num="820" count="0" type="stmt"/>
      <line num="822" count="0" type="stmt"/>
      <line num="823" count="0" type="stmt"/>
      <line num="824" count="0" type="stmt"/>
      <line num="825" count="0" type="stmt"/>
      <line num="826" count="0" type="stmt"/>
      <line num="831" count="1" type="stmt"/>
      <line num="832" count="1" type="stmt"/>
      <line num="833" count="1" type="stmt"/>
      <line num="834" count="1" type="stmt"/>
      <line num="839" count="0" type="stmt"/>
      <line num="840" count="0" type="stmt"/>
      <line num="841" count="0" type="stmt"/>
      <line num="845" count="1" type="stmt"/>
      <line num="846" count="0" type="stmt"/>
      <line num="847" count="0" type="stmt"/>
      <line num="848" count="0" type="stmt"/>
      <line num="849" count="0" type="stmt"/>
      <line num="851" count="0" type="stmt"/>
      <line num="852" count="0" type="cond" truecount="0" falsecount="2"/>
      <line num="854" count="0" type="stmt"/>
      <line num="855" count="0" type="stmt"/>
      <line num="856" count="0" type="cond" truecount="0" falsecount="4"/>
      <line num="857" count="0" type="stmt"/>
      <line num="860" count="0" type="stmt"/>
      <line num="869" count="1" type="stmt"/>
      <line num="870" count="0" type="stmt"/>
      <line num="871" count="0" type="stmt"/>
      <line num="873" count="0" type="stmt"/>
      <line num="874" count="0" type="cond" truecount="0" falsecount="2"/>
      <line num="875" count="0" type="stmt"/>
      <line num="876" count="0" type="stmt"/>
      <line num="878" count="0" type="stmt"/>
      <line num="879" count="0" type="stmt"/>
      <line num="880" count="0" type="stmt"/>
      <line num="881" count="0" type="stmt"/>
      <line num="883" count="0" type="stmt"/>
      <line num="886" count="1" type="stmt"/>
      <line num="887" count="0" type="stmt"/>
      <line num="888" count="0" type="stmt"/>
      <line num="890" count="0" type="stmt"/>
      <line num="891" count="0" type="cond" truecount="0" falsecount="2"/>
      <line num="892" count="0" type="stmt"/>
      <line num="893" count="0" type="stmt"/>
      <line num="895" count="0" type="stmt"/>
      <line num="896" count="0" type="stmt"/>
      <line num="897" count="0" type="stmt"/>
      <line num="898" count="0" type="stmt"/>
      <line num="900" count="0" type="stmt"/>
      <line num="903" count="1" type="stmt"/>
      <line num="904" count="0" type="stmt"/>
      <line num="905" count="0" type="stmt"/>
      <line num="907" count="0" type="stmt"/>
      <line num="908" count="0" type="cond" truecount="0" falsecount="2"/>
      <line num="909" count="0" type="stmt"/>
      <line num="910" count="0" type="stmt"/>
      <line num="912" count="0" type="stmt"/>
      <line num="913" count="0" type="stmt"/>
      <line num="914" count="0" type="stmt"/>
      <line num="915" count="0" type="stmt"/>
      <line num="917" count="0" type="stmt"/>
      <line num="920" count="1" type="stmt"/>
      <line num="921" count="0" type="stmt"/>
      <line num="922" count="0" type="stmt"/>
      <line num="924" count="0" type="stmt"/>
      <line num="925" count="0" type="cond" truecount="0" falsecount="2"/>
      <line num="926" count="0" type="stmt"/>
      <line num="927" count="0" type="stmt"/>
      <line num="929" count="0" type="stmt"/>
      <line num="930" count="0" type="stmt"/>
      <line num="931" count="0" type="stmt"/>
      <line num="932" count="0" type="stmt"/>
      <line num="934" count="0" type="stmt"/>
      <line num="937" count="1" type="stmt"/>
      <line num="938" count="0" type="stmt"/>
      <line num="939" count="0" type="stmt"/>
      <line num="941" count="0" type="stmt"/>
      <line num="942" count="0" type="cond" truecount="0" falsecount="2"/>
      <line num="943" count="0" type="stmt"/>
      <line num="944" count="0" type="stmt"/>
      <line num="946" count="0" type="stmt"/>
      <line num="947" count="0" type="stmt"/>
      <line num="948" count="0" type="stmt"/>
      <line num="949" count="0" type="stmt"/>
      <line num="951" count="0" type="stmt"/>
      <line num="954" count="1" type="stmt"/>
      <line num="955" count="0" type="stmt"/>
      <line num="956" count="0" type="stmt"/>
      <line num="958" count="0" type="stmt"/>
      <line num="959" count="0" type="cond" truecount="0" falsecount="2"/>
      <line num="960" count="0" type="stmt"/>
      <line num="961" count="0" type="stmt"/>
      <line num="963" count="0" type="stmt"/>
      <line num="964" count="0" type="stmt"/>
      <line num="965" count="0" type="stmt"/>
      <line num="966" count="0" type="stmt"/>
      <line num="968" count="0" type="stmt"/>
      <line num="971" count="1" type="stmt"/>
      <line num="972" count="0" type="stmt"/>
      <line num="973" count="0" type="stmt"/>
      <line num="975" count="0" type="stmt"/>
      <line num="976" count="0" type="cond" truecount="0" falsecount="2"/>
      <line num="977" count="0" type="stmt"/>
      <line num="978" count="0" type="stmt"/>
      <line num="980" count="0" type="stmt"/>
      <line num="981" count="0" type="stmt"/>
      <line num="982" count="0" type="stmt"/>
      <line num="983" count="0" type="stmt"/>
      <line num="985" count="0" type="stmt"/>
      <line num="988" count="1" type="stmt"/>
      <line num="989" count="0" type="stmt"/>
      <line num="990" count="0" type="stmt"/>
      <line num="992" count="0" type="stmt"/>
      <line num="993" count="0" type="cond" truecount="0" falsecount="2"/>
      <line num="994" count="0" type="stmt"/>
      <line num="995" count="0" type="stmt"/>
      <line num="997" count="0" type="stmt"/>
      <line num="998" count="0" type="stmt"/>
      <line num="999" count="0" type="stmt"/>
      <line num="1000" count="0" type="stmt"/>
      <line num="1002" count="0" type="stmt"/>
      <line num="1005" count="1" type="stmt"/>
      <line num="1006" count="0" type="cond" truecount="0" falsecount="2"/>
      <line num="1007" count="0" type="cond" truecount="0" falsecount="8"/>
      <line num="1009" count="0" type="stmt"/>
      <line num="1010" count="0" type="stmt"/>
      <line num="1012" count="0" type="stmt"/>
      <line num="1013" count="0" type="stmt"/>
      <line num="1015" count="0" type="stmt"/>
      <line num="1016" count="0" type="stmt"/>
      <line num="1018" count="0" type="stmt"/>
      <line num="1019" count="0" type="stmt"/>
      <line num="1021" count="0" type="stmt"/>
      <line num="1022" count="0" type="stmt"/>
      <line num="1024" count="0" type="stmt"/>
      <line num="1025" count="0" type="stmt"/>
      <line num="1027" count="0" type="stmt"/>
      <line num="1028" count="0" type="stmt"/>
      <line num="1030" count="0" type="stmt"/>
      <line num="1031" count="0" type="stmt"/>
      <line num="1033" count="0" type="stmt"/>
      <line num="1034" count="0" type="stmt"/>
      <line num="1038" count="0" type="stmt"/>
      <line num="1039" count="0" type="stmt"/>
      <line num="1041" count="0" type="stmt"/>
      <line num="1042" count="0" type="stmt"/>
      <line num="1043" count="0" type="stmt"/>
      <line num="1044" count="0" type="stmt"/>
      <line num="1046" count="0" type="stmt"/>
      <line num="1049" count="1" type="stmt"/>
      <line num="1051" count="0" type="stmt"/>
      <line num="1052" count="0" type="stmt"/>
      <line num="1053" count="0" type="stmt"/>
      <line num="1056" count="1" type="stmt"/>
      <line num="1057" count="0" type="stmt"/>
      <line num="1058" count="0" type="stmt"/>
      <line num="1059" count="0" type="stmt"/>
      <line num="1062" count="1" type="stmt"/>
      <line num="1063" count="0" type="stmt"/>
      <line num="1064" count="0" type="stmt"/>
      <line num="1065" count="0" type="stmt"/>
      <line num="1068" count="1" type="stmt"/>
      <line num="1069" count="0" type="cond" truecount="0" falsecount="2"/>
      <line num="1070" count="0" type="stmt"/>
      <line num="1073" count="0" type="stmt"/>
      <line num="1075" count="0" type="stmt"/>
      <line num="1076" count="0" type="stmt"/>
      <line num="1078" count="0" type="stmt"/>
      <line num="1079" count="0" type="stmt"/>
      <line num="1080" count="0" type="stmt"/>
      <line num="1081" count="0" type="stmt"/>
      <line num="1082" count="0" type="stmt"/>
      <line num="1083" count="0" type="stmt"/>
      <line num="1084" count="0" type="stmt"/>
      <line num="1086" count="0" type="stmt"/>
      <line num="1087" count="0" type="stmt"/>
      <line num="1088" count="0" type="stmt"/>
      <line num="1089" count="0" type="stmt"/>
      <line num="1092" count="1" type="stmt"/>
      <line num="1093" count="0" type="cond" truecount="0" falsecount="2"/>
      <line num="1094" count="0" type="stmt"/>
      <line num="1097" count="0" type="stmt"/>
      <line num="1099" count="0" type="stmt"/>
      <line num="1100" count="0" type="stmt"/>
      <line num="1102" count="0" type="stmt"/>
      <line num="1103" count="0" type="stmt"/>
      <line num="1104" count="0" type="stmt"/>
      <line num="1105" count="0" type="stmt"/>
      <line num="1106" count="0" type="stmt"/>
      <line num="1107" count="0" type="stmt"/>
      <line num="1108" count="0" type="stmt"/>
      <line num="1110" count="0" type="stmt"/>
      <line num="1111" count="0" type="stmt"/>
      <line num="1112" count="0" type="stmt"/>
      <line num="1113" count="0" type="stmt"/>
      <line num="1116" count="1" type="stmt"/>
      <line num="1117" count="0" type="cond" truecount="0" falsecount="2"/>
      <line num="1118" count="0" type="stmt"/>
      <line num="1121" count="0" type="stmt"/>
      <line num="1123" count="0" type="stmt"/>
      <line num="1124" count="0" type="stmt"/>
      <line num="1126" count="0" type="stmt"/>
      <line num="1127" count="0" type="stmt"/>
      <line num="1128" count="0" type="stmt"/>
      <line num="1129" count="0" type="stmt"/>
      <line num="1130" count="0" type="stmt"/>
      <line num="1131" count="0" type="stmt"/>
      <line num="1132" count="0" type="stmt"/>
      <line num="1134" count="0" type="stmt"/>
      <line num="1135" count="0" type="stmt"/>
      <line num="1136" count="0" type="stmt"/>
      <line num="1137" count="0" type="stmt"/>
      <line num="1140" count="1" type="stmt"/>
      <line num="1141" count="0" type="cond" truecount="0" falsecount="2"/>
      <line num="1142" count="0" type="stmt"/>
      <line num="1145" count="0" type="stmt"/>
      <line num="1147" count="0" type="stmt"/>
      <line num="1148" count="0" type="stmt"/>
      <line num="1150" count="0" type="stmt"/>
      <line num="1151" count="0" type="stmt"/>
      <line num="1152" count="0" type="stmt"/>
      <line num="1153" count="0" type="stmt"/>
      <line num="1154" count="0" type="stmt"/>
      <line num="1155" count="0" type="stmt"/>
      <line num="1156" count="0" type="stmt"/>
      <line num="1158" count="0" type="stmt"/>
      <line num="1159" count="0" type="stmt"/>
      <line num="1160" count="0" type="stmt"/>
      <line num="1161" count="0" type="stmt"/>
      <line num="1164" count="1" type="stmt"/>
      <line num="1165" count="0" type="cond" truecount="0" falsecount="2"/>
      <line num="1166" count="0" type="stmt"/>
      <line num="1169" count="0" type="stmt"/>
      <line num="1171" count="0" type="stmt"/>
      <line num="1172" count="0" type="stmt"/>
      <line num="1174" count="0" type="stmt"/>
      <line num="1175" count="0" type="stmt"/>
      <line num="1176" count="0" type="stmt"/>
      <line num="1177" count="0" type="stmt"/>
      <line num="1178" count="0" type="stmt"/>
      <line num="1179" count="0" type="stmt"/>
      <line num="1180" count="0" type="stmt"/>
      <line num="1182" count="0" type="stmt"/>
      <line num="1183" count="0" type="stmt"/>
      <line num="1184" count="0" type="stmt"/>
      <line num="1185" count="0" type="stmt"/>
      <line num="1188" count="1" type="stmt"/>
      <line num="1189" count="0" type="cond" truecount="0" falsecount="2"/>
      <line num="1190" count="0" type="stmt"/>
      <line num="1193" count="0" type="stmt"/>
      <line num="1195" count="0" type="stmt"/>
      <line num="1196" count="0" type="stmt"/>
      <line num="1198" count="0" type="stmt"/>
      <line num="1199" count="0" type="stmt"/>
      <line num="1200" count="0" type="stmt"/>
      <line num="1201" count="0" type="stmt"/>
      <line num="1202" count="0" type="stmt"/>
      <line num="1203" count="0" type="stmt"/>
      <line num="1204" count="0" type="stmt"/>
      <line num="1206" count="0" type="stmt"/>
      <line num="1207" count="0" type="stmt"/>
      <line num="1208" count="0" type="stmt"/>
      <line num="1209" count="0" type="stmt"/>
      <line num="1212" count="1" type="stmt"/>
      <line num="1213" count="0" type="cond" truecount="0" falsecount="2"/>
      <line num="1214" count="0" type="stmt"/>
      <line num="1215" count="0" type="stmt"/>
      <line num="1216" count="0" type="stmt"/>
      <line num="1217" count="0" type="cond" truecount="0" falsecount="2"/>
      <line num="1218" count="0" type="stmt"/>
      <line num="1219" count="0" type="cond" truecount="0" falsecount="6"/>
      <line num="1221" count="0" type="stmt"/>
      <line num="1222" count="0" type="stmt"/>
      <line num="1224" count="0" type="stmt"/>
      <line num="1225" count="0" type="stmt"/>
      <line num="1227" count="0" type="stmt"/>
      <line num="1228" count="0" type="stmt"/>
      <line num="1230" count="0" type="stmt"/>
      <line num="1231" count="0" type="stmt"/>
      <line num="1233" count="0" type="stmt"/>
      <line num="1234" count="0" type="stmt"/>
      <line num="1236" count="0" type="stmt"/>
      <line num="1237" count="0" type="stmt"/>
      <line num="1241" count="0" type="stmt"/>
      <line num="1244" count="0" type="stmt"/>
      <line num="1245" count="0" type="stmt"/>
      <line num="1246" count="0" type="stmt"/>
      <line num="1248" count="0" type="stmt"/>
      <line num="1249" count="0" type="stmt"/>
      <line num="1250" count="0" type="stmt"/>
      <line num="1251" count="0" type="stmt"/>
      <line num="1252" count="0" type="stmt"/>
      <line num="1253" count="0" type="stmt"/>
      <line num="1254" count="0" type="stmt"/>
      <line num="1256" count="0" type="stmt"/>
      <line num="1257" count="0" type="stmt"/>
      <line num="1258" count="0" type="stmt"/>
      <line num="1259" count="0" type="stmt"/>
      <line num="1265" count="1" type="stmt"/>
      <line num="1266" count="0" type="cond" truecount="0" falsecount="2"/>
      <line num="1267" count="0" type="stmt"/>
      <line num="1268" count="0" type="stmt"/>
      <line num="1269" count="0" type="stmt"/>
      <line num="1270" count="0" type="cond" truecount="0" falsecount="2"/>
      <line num="1271" count="0" type="stmt"/>
      <line num="1272" count="0" type="cond" truecount="0" falsecount="6"/>
      <line num="1274" count="0" type="stmt"/>
      <line num="1275" count="0" type="stmt"/>
      <line num="1277" count="0" type="stmt"/>
      <line num="1278" count="0" type="stmt"/>
      <line num="1280" count="0" type="stmt"/>
      <line num="1281" count="0" type="stmt"/>
      <line num="1283" count="0" type="stmt"/>
      <line num="1284" count="0" type="stmt"/>
      <line num="1286" count="0" type="stmt"/>
      <line num="1287" count="0" type="stmt"/>
      <line num="1289" count="0" type="stmt"/>
      <line num="1290" count="0" type="stmt"/>
      <line num="1293" count="0" type="stmt"/>
      <line num="1296" count="0" type="stmt"/>
      <line num="1297" count="0" type="stmt"/>
      <line num="1298" count="0" type="stmt"/>
      <line num="1300" count="0" type="stmt"/>
      <line num="1301" count="0" type="stmt"/>
      <line num="1302" count="0" type="stmt"/>
      <line num="1303" count="0" type="stmt"/>
      <line num="1304" count="0" type="stmt"/>
      <line num="1305" count="0" type="stmt"/>
      <line num="1306" count="0" type="stmt"/>
      <line num="1308" count="0" type="stmt"/>
      <line num="1309" count="0" type="stmt"/>
      <line num="1310" count="0" type="stmt"/>
      <line num="1311" count="0" type="stmt"/>
      <line num="1316" count="1" type="stmt"/>
      <line num="1317" count="0" type="cond" truecount="0" falsecount="2"/>
      <line num="1318" count="0" type="stmt"/>
      <line num="1319" count="0" type="stmt"/>
      <line num="1320" count="0" type="stmt"/>
      <line num="1321" count="0" type="cond" truecount="0" falsecount="2"/>
      <line num="1322" count="0" type="stmt"/>
      <line num="1323" count="0" type="cond" truecount="0" falsecount="6"/>
      <line num="1325" count="0" type="stmt"/>
      <line num="1326" count="0" type="stmt"/>
      <line num="1328" count="0" type="stmt"/>
      <line num="1329" count="0" type="stmt"/>
      <line num="1331" count="0" type="stmt"/>
      <line num="1332" count="0" type="stmt"/>
      <line num="1334" count="0" type="stmt"/>
      <line num="1335" count="0" type="stmt"/>
      <line num="1337" count="0" type="stmt"/>
      <line num="1338" count="0" type="stmt"/>
      <line num="1340" count="0" type="stmt"/>
      <line num="1341" count="0" type="stmt"/>
      <line num="1344" count="0" type="stmt"/>
      <line num="1347" count="0" type="stmt"/>
      <line num="1348" count="0" type="stmt"/>
      <line num="1349" count="0" type="stmt"/>
      <line num="1351" count="0" type="stmt"/>
      <line num="1352" count="0" type="stmt"/>
      <line num="1353" count="0" type="stmt"/>
      <line num="1354" count="0" type="stmt"/>
      <line num="1355" count="0" type="stmt"/>
      <line num="1356" count="0" type="stmt"/>
      <line num="1357" count="0" type="stmt"/>
      <line num="1359" count="0" type="stmt"/>
      <line num="1360" count="0" type="stmt"/>
      <line num="1361" count="0" type="stmt"/>
      <line num="1362" count="0" type="stmt"/>
      <line num="1367" count="1" type="stmt"/>
      <line num="1368" count="0" type="cond" truecount="0" falsecount="2"/>
      <line num="1369" count="0" type="stmt"/>
      <line num="1370" count="0" type="stmt"/>
      <line num="1371" count="0" type="stmt"/>
      <line num="1372" count="0" type="cond" truecount="0" falsecount="2"/>
      <line num="1373" count="0" type="stmt"/>
      <line num="1374" count="0" type="cond" truecount="0" falsecount="6"/>
      <line num="1376" count="0" type="stmt"/>
      <line num="1377" count="0" type="stmt"/>
      <line num="1379" count="0" type="stmt"/>
      <line num="1380" count="0" type="stmt"/>
      <line num="1382" count="0" type="stmt"/>
      <line num="1383" count="0" type="stmt"/>
      <line num="1385" count="0" type="stmt"/>
      <line num="1386" count="0" type="stmt"/>
      <line num="1388" count="0" type="stmt"/>
      <line num="1389" count="0" type="stmt"/>
      <line num="1391" count="0" type="stmt"/>
      <line num="1392" count="0" type="stmt"/>
      <line num="1395" count="0" type="stmt"/>
      <line num="1398" count="0" type="stmt"/>
      <line num="1399" count="0" type="stmt"/>
      <line num="1400" count="0" type="stmt"/>
      <line num="1402" count="0" type="stmt"/>
      <line num="1403" count="0" type="stmt"/>
      <line num="1404" count="0" type="stmt"/>
      <line num="1405" count="0" type="stmt"/>
      <line num="1406" count="0" type="stmt"/>
      <line num="1407" count="0" type="stmt"/>
      <line num="1408" count="0" type="stmt"/>
      <line num="1410" count="0" type="stmt"/>
      <line num="1411" count="0" type="stmt"/>
      <line num="1412" count="0" type="stmt"/>
      <line num="1413" count="0" type="stmt"/>
      <line num="1417" count="1" type="stmt"/>
      <line num="1418" count="0" type="cond" truecount="0" falsecount="2"/>
      <line num="1419" count="0" type="stmt"/>
      <line num="1420" count="0" type="stmt"/>
      <line num="1421" count="0" type="stmt"/>
      <line num="1422" count="0" type="cond" truecount="0" falsecount="2"/>
      <line num="1423" count="0" type="stmt"/>
      <line num="1424" count="0" type="cond" truecount="0" falsecount="6"/>
      <line num="1426" count="0" type="stmt"/>
      <line num="1427" count="0" type="stmt"/>
      <line num="1429" count="0" type="stmt"/>
      <line num="1430" count="0" type="stmt"/>
      <line num="1432" count="0" type="stmt"/>
      <line num="1433" count="0" type="stmt"/>
      <line num="1435" count="0" type="stmt"/>
      <line num="1436" count="0" type="stmt"/>
      <line num="1438" count="0" type="stmt"/>
      <line num="1439" count="0" type="stmt"/>
      <line num="1441" count="0" type="stmt"/>
      <line num="1442" count="0" type="stmt"/>
      <line num="1445" count="0" type="stmt"/>
      <line num="1448" count="0" type="stmt"/>
      <line num="1449" count="0" type="stmt"/>
      <line num="1450" count="0" type="stmt"/>
      <line num="1452" count="0" type="stmt"/>
      <line num="1453" count="0" type="stmt"/>
      <line num="1454" count="0" type="stmt"/>
      <line num="1455" count="0" type="stmt"/>
      <line num="1456" count="0" type="stmt"/>
      <line num="1457" count="0" type="stmt"/>
      <line num="1458" count="0" type="stmt"/>
      <line num="1460" count="0" type="stmt"/>
      <line num="1461" count="0" type="stmt"/>
      <line num="1462" count="0" type="stmt"/>
      <line num="1463" count="0" type="stmt"/>
      <line num="1467" count="1" type="stmt"/>
      <line num="1468" count="0" type="cond" truecount="0" falsecount="2"/>
      <line num="1469" count="0" type="stmt"/>
      <line num="1470" count="0" type="stmt"/>
      <line num="1471" count="0" type="stmt"/>
      <line num="1472" count="0" type="cond" truecount="0" falsecount="2"/>
      <line num="1473" count="0" type="stmt"/>
      <line num="1474" count="0" type="cond" truecount="0" falsecount="6"/>
      <line num="1476" count="0" type="stmt"/>
      <line num="1477" count="0" type="stmt"/>
      <line num="1479" count="0" type="stmt"/>
      <line num="1480" count="0" type="stmt"/>
      <line num="1482" count="0" type="stmt"/>
      <line num="1483" count="0" type="stmt"/>
      <line num="1485" count="0" type="stmt"/>
      <line num="1486" count="0" type="stmt"/>
      <line num="1488" count="0" type="stmt"/>
      <line num="1489" count="0" type="stmt"/>
      <line num="1491" count="0" type="stmt"/>
      <line num="1492" count="0" type="stmt"/>
      <line num="1495" count="0" type="stmt"/>
      <line num="1498" count="0" type="stmt"/>
      <line num="1499" count="0" type="stmt"/>
      <line num="1500" count="0" type="stmt"/>
      <line num="1502" count="0" type="stmt"/>
      <line num="1503" count="0" type="stmt"/>
      <line num="1504" count="0" type="stmt"/>
      <line num="1505" count="0" type="stmt"/>
      <line num="1506" count="0" type="stmt"/>
      <line num="1507" count="0" type="stmt"/>
      <line num="1508" count="0" type="stmt"/>
      <line num="1510" count="0" type="stmt"/>
      <line num="1511" count="0" type="stmt"/>
      <line num="1512" count="0" type="stmt"/>
      <line num="1513" count="0" type="stmt"/>
      <line num="1519" count="1" type="stmt"/>
      <line num="1520" count="0" type="cond" truecount="0" falsecount="2"/>
      <line num="1521" count="0" type="stmt"/>
      <line num="1522" count="0" type="cond" truecount="0" falsecount="4"/>
      <line num="1523" count="0" type="stmt"/>
      <line num="1524" count="0" type="stmt"/>
      <line num="1527" count="0" type="stmt"/>
      <line num="1528" count="0" type="stmt"/>
      <line num="1529" count="0" type="stmt"/>
      <line num="1530" count="0" type="stmt"/>
      <line num="1533" count="1" type="stmt"/>
      <line num="1534" count="0" type="cond" truecount="0" falsecount="2"/>
      <line num="1535" count="0" type="stmt"/>
      <line num="1536" count="0" type="cond" truecount="0" falsecount="4"/>
      <line num="1537" count="0" type="stmt"/>
      <line num="1538" count="0" type="stmt"/>
      <line num="1541" count="0" type="stmt"/>
      <line num="1542" count="0" type="stmt"/>
      <line num="1543" count="0" type="stmt"/>
      <line num="1544" count="0" type="stmt"/>
      <line num="1547" count="1" type="stmt"/>
      <line num="1548" count="0" type="cond" truecount="0" falsecount="2"/>
      <line num="1549" count="0" type="stmt"/>
      <line num="1550" count="0" type="cond" truecount="0" falsecount="4"/>
      <line num="1551" count="0" type="stmt"/>
      <line num="1552" count="0" type="stmt"/>
      <line num="1555" count="0" type="stmt"/>
      <line num="1556" count="0" type="stmt"/>
      <line num="1557" count="0" type="stmt"/>
      <line num="1558" count="0" type="stmt"/>
      <line num="1561" count="1" type="stmt"/>
      <line num="1562" count="0" type="cond" truecount="0" falsecount="2"/>
      <line num="1563" count="0" type="stmt"/>
      <line num="1564" count="0" type="cond" truecount="0" falsecount="4"/>
      <line num="1565" count="0" type="stmt"/>
      <line num="1566" count="0" type="stmt"/>
      <line num="1569" count="0" type="stmt"/>
      <line num="1570" count="0" type="stmt"/>
      <line num="1571" count="0" type="stmt"/>
      <line num="1572" count="0" type="stmt"/>
      <line num="1575" count="1" type="stmt"/>
      <line num="1576" count="0" type="cond" truecount="0" falsecount="2"/>
      <line num="1577" count="0" type="stmt"/>
      <line num="1578" count="0" type="cond" truecount="0" falsecount="4"/>
      <line num="1579" count="0" type="stmt"/>
      <line num="1580" count="0" type="stmt"/>
      <line num="1583" count="0" type="stmt"/>
      <line num="1584" count="0" type="stmt"/>
      <line num="1585" count="0" type="stmt"/>
      <line num="1586" count="0" type="stmt"/>
      <line num="1589" count="1" type="stmt"/>
      <line num="1590" count="0" type="cond" truecount="0" falsecount="2"/>
      <line num="1591" count="0" type="stmt"/>
      <line num="1592" count="0" type="cond" truecount="0" falsecount="4"/>
      <line num="1593" count="0" type="stmt"/>
      <line num="1594" count="0" type="stmt"/>
      <line num="1597" count="0" type="stmt"/>
      <line num="1598" count="0" type="stmt"/>
      <line num="1599" count="0" type="stmt"/>
      <line num="1600" count="0" type="stmt"/>
      <line num="1603" count="1" type="stmt"/>
      <line num="1604" count="0" type="cond" truecount="0" falsecount="2"/>
      <line num="1605" count="0" type="stmt"/>
      <line num="1606" count="0" type="cond" truecount="0" falsecount="4"/>
      <line num="1607" count="0" type="stmt"/>
      <line num="1608" count="0" type="stmt"/>
      <line num="1611" count="0" type="stmt"/>
      <line num="1612" count="0" type="stmt"/>
      <line num="1613" count="0" type="stmt"/>
      <line num="1614" count="0" type="stmt"/>
      <line num="1617" count="1" type="stmt"/>
      <line num="1618" count="0" type="cond" truecount="0" falsecount="2"/>
      <line num="1619" count="0" type="stmt"/>
      <line num="1620" count="0" type="cond" truecount="0" falsecount="4"/>
      <line num="1621" count="0" type="stmt"/>
      <line num="1622" count="0" type="stmt"/>
      <line num="1625" count="0" type="stmt"/>
      <line num="1626" count="0" type="stmt"/>
      <line num="1627" count="0" type="stmt"/>
      <line num="1628" count="0" type="stmt"/>
      <line num="1631" count="1" type="stmt"/>
      <line num="1632" count="0" type="cond" truecount="0" falsecount="2"/>
      <line num="1633" count="0" type="stmt"/>
      <line num="1634" count="0" type="cond" truecount="0" falsecount="4"/>
      <line num="1635" count="0" type="stmt"/>
      <line num="1636" count="0" type="stmt"/>
      <line num="1639" count="0" type="stmt"/>
      <line num="1640" count="0" type="stmt"/>
      <line num="1641" count="0" type="stmt"/>
      <line num="1642" count="0" type="stmt"/>
      <line num="1645" count="1" type="stmt"/>
      <line num="1646" count="0" type="cond" truecount="0" falsecount="2"/>
      <line num="1647" count="0" type="stmt"/>
      <line num="1648" count="0" type="cond" truecount="0" falsecount="4"/>
      <line num="1649" count="0" type="stmt"/>
      <line num="1650" count="0" type="stmt"/>
      <line num="1653" count="0" type="stmt"/>
      <line num="1654" count="0" type="stmt"/>
      <line num="1655" count="0" type="stmt"/>
      <line num="1656" count="0" type="stmt"/>
      <line num="1659" count="1" type="stmt"/>
      <line num="1660" count="0" type="cond" truecount="0" falsecount="2"/>
      <line num="1661" count="0" type="stmt"/>
      <line num="1662" count="0" type="stmt"/>
      <line num="1663" count="0" type="stmt"/>
      <line num="1666" count="1" type="stmt"/>
      <line num="1667" count="0" type="cond" truecount="0" falsecount="2"/>
      <line num="1668" count="0" type="stmt"/>
      <line num="1671" count="0" type="stmt"/>
      <line num="1673" count="0" type="stmt"/>
      <line num="1674" count="0" type="stmt"/>
      <line num="1675" count="0" type="stmt"/>
      <line num="1676" count="0" type="stmt"/>
      <line num="1681" count="1" type="stmt"/>
      <line num="1682" count="0" type="stmt"/>
      <line num="1683" count="0" type="stmt"/>
      <line num="1684" count="0" type="stmt"/>
      <line num="1685" count="0" type="stmt"/>
      <line num="1686" count="0" type="stmt"/>
      <line num="1687" count="0" type="stmt"/>
      <line num="1688" count="0" type="stmt"/>
      <line num="1689" count="0" type="stmt"/>
      <line num="1690" count="0" type="stmt"/>
      <line num="1691" count="0" type="stmt"/>
      <line num="1692" count="0" type="stmt"/>
      <line num="1693" count="0" type="stmt"/>
      <line num="1694" count="0" type="stmt"/>
      <line num="1695" count="0" type="stmt"/>
      <line num="1698" count="0" type="stmt"/>
      <line num="1699" count="0" type="stmt"/>
      <line num="1700" count="0" type="stmt"/>
      <line num="1701" count="0" type="stmt"/>
      <line num="1702" count="0" type="stmt"/>
      <line num="1703" count="0" type="stmt"/>
      <line num="1706" count="1" type="stmt"/>
      <line num="1707" count="0" type="stmt"/>
      <line num="1708" count="0" type="stmt"/>
      <line num="1709" count="0" type="stmt"/>
      <line num="1710" count="0" type="stmt"/>
      <line num="1711" count="0" type="stmt"/>
      <line num="1712" count="0" type="stmt"/>
      <line num="1713" count="0" type="stmt"/>
      <line num="1714" count="0" type="stmt"/>
      <line num="1715" count="0" type="stmt"/>
      <line num="1716" count="0" type="stmt"/>
      <line num="1717" count="0" type="stmt"/>
      <line num="1718" count="0" type="stmt"/>
      <line num="1719" count="0" type="stmt"/>
      <line num="1720" count="0" type="stmt"/>
      <line num="1721" count="0" type="stmt"/>
      <line num="1723" count="0" type="stmt"/>
      <line num="1724" count="0" type="stmt"/>
      <line num="1726" count="0" type="stmt"/>
      <line num="1728" count="0" type="stmt"/>
      <line num="1731" count="1" type="stmt"/>
      <line num="1732" count="0" type="stmt"/>
      <line num="1733" count="0" type="stmt"/>
      <line num="1734" count="0" type="stmt"/>
      <line num="1735" count="0" type="stmt"/>
      <line num="1736" count="0" type="stmt"/>
      <line num="1737" count="0" type="stmt"/>
      <line num="1738" count="0" type="stmt"/>
      <line num="1739" count="0" type="stmt"/>
      <line num="1740" count="0" type="stmt"/>
      <line num="1741" count="0" type="stmt"/>
      <line num="1742" count="0" type="stmt"/>
      <line num="1743" count="0" type="stmt"/>
      <line num="1744" count="0" type="stmt"/>
      <line num="1745" count="0" type="stmt"/>
      <line num="1746" count="0" type="stmt"/>
      <line num="1747" count="0" type="stmt"/>
      <line num="1748" count="0" type="stmt"/>
      <line num="1749" count="0" type="stmt"/>
      <line num="1751" count="0" type="stmt"/>
      <line num="1753" count="0" type="stmt"/>
      <line num="1756" count="1" type="stmt"/>
      <line num="1757" count="0" type="stmt"/>
      <line num="1758" count="0" type="stmt"/>
      <line num="1761" count="1" type="stmt"/>
      <line num="1762" count="0" type="stmt"/>
      <line num="1763" count="0" type="stmt"/>
      <line num="1766" count="1" type="stmt"/>
      <line num="1767" count="0" type="stmt"/>
      <line num="1768" count="0" type="stmt"/>
      <line num="1771" count="1" type="stmt"/>
      <line num="1772" count="0" type="stmt"/>
      <line num="1773" count="0" type="stmt"/>
      <line num="1776" count="1" type="stmt"/>
      <line num="1777" count="0" type="stmt"/>
      <line num="1778" count="0" type="stmt"/>
      <line num="1781" count="1" type="stmt"/>
      <line num="1782" count="0" type="stmt"/>
      <line num="1785" count="1" type="stmt"/>
      <line num="1786" count="0" type="stmt"/>
      <line num="1789" count="1" type="stmt"/>
      <line num="1790" count="0" type="stmt"/>
      <line num="1791" count="0" type="stmt"/>
      <line num="1795" count="1" type="stmt"/>
      <line num="1796" count="0" type="stmt"/>
      <line num="1799" count="1" type="stmt"/>
      <line num="1800" count="0" type="stmt"/>
      <line num="1801" count="0" type="stmt"/>
      <line num="1802" count="0" type="stmt"/>
      <line num="1803" count="0" type="cond" truecount="0" falsecount="4"/>
      <line num="1804" count="0" type="stmt"/>
      <line num="1806" count="0" type="cond" truecount="0" falsecount="2"/>
      <line num="1807" count="0" type="stmt"/>
      <line num="1809" count="0" type="stmt"/>
      <line num="1810" count="0" type="stmt"/>
      <line num="1811" count="0" type="stmt"/>
      <line num="1812" count="0" type="stmt"/>
      <line num="1813" count="0" type="stmt"/>
      <line num="1814" count="0" type="stmt"/>
      <line num="1815" count="0" type="stmt"/>
      <line num="1816" count="0" type="stmt"/>
      <line num="1817" count="0" type="stmt"/>
      <line num="1818" count="0" type="stmt"/>
      <line num="1819" count="0" type="stmt"/>
      <line num="1820" count="0" type="stmt"/>
      <line num="1821" count="0" type="stmt"/>
      <line num="1824" count="1" type="stmt"/>
      <line num="1825" count="0" type="stmt"/>
      <line num="1826" count="0" type="stmt"/>
      <line num="1828" count="0" type="stmt"/>
      <line num="1829" count="0" type="stmt"/>
      <line num="1831" count="0" type="stmt"/>
      <line num="1832" count="0" type="stmt"/>
      <line num="1833" count="0" type="stmt"/>
      <line num="1834" count="0" type="stmt"/>
      <line num="1835" count="0" type="stmt"/>
      <line num="1836" count="0" type="stmt"/>
      <line num="1837" count="0" type="stmt"/>
      <line num="1838" count="0" type="stmt"/>
      <line num="1839" count="0" type="stmt"/>
      <line num="1840" count="0" type="stmt"/>
      <line num="1843" count="1" type="stmt"/>
      <line num="1844" count="0" type="stmt"/>
      <line num="1847" count="1" type="stmt"/>
      <line num="1848" count="0" type="stmt"/>
      <line num="1851" count="1" type="stmt"/>
      <line num="1852" count="0" type="stmt"/>
      <line num="1853" count="0" type="stmt"/>
      <line num="1854" count="0" type="stmt"/>
      <line num="1855" count="0" type="stmt"/>
      <line num="1856" count="0" type="cond" truecount="0" falsecount="4"/>
      <line num="1857" count="0" type="stmt"/>
      <line num="1859" count="0" type="cond" truecount="0" falsecount="2"/>
      <line num="1860" count="0" type="stmt"/>
      <line num="1862" count="0" type="stmt"/>
      <line num="1863" count="0" type="stmt"/>
      <line num="1864" count="0" type="stmt"/>
      <line num="1865" count="0" type="stmt"/>
      <line num="1871" count="1" type="stmt"/>
      <line num="1872" count="1" type="stmt"/>
      <line num="1873" count="1" type="stmt"/>
      <line num="1874" count="1" type="stmt"/>
      <line num="1875" count="1" type="stmt"/>
      <line num="1879" count="0" type="stmt"/>
      <line num="1887" count="0" type="stmt"/>
      <line num="1890" count="1" type="stmt"/>
      <line num="1891" count="0" type="stmt"/>
      <line num="1901" count="0" type="stmt"/>
      <line num="1902" count="0" type="stmt"/>
      <line num="1903" count="0" type="stmt"/>
      <line num="1904" count="0" type="stmt"/>
      <line num="1905" count="0" type="stmt"/>
      <line num="1906" count="0" type="stmt"/>
      <line num="1907" count="0" type="stmt"/>
      <line num="1908" count="0" type="stmt"/>
      <line num="1909" count="0" type="stmt"/>
      <line num="1910" count="0" type="stmt"/>
      <line num="1911" count="0" type="stmt"/>
      <line num="1912" count="0" type="stmt"/>
      <line num="1914" count="1" type="stmt"/>
      <line num="1915" count="0" type="cond" truecount="0" falsecount="2"/>
      <line num="1917" count="0" type="cond" truecount="0" falsecount="5"/>
      <line num="1919" count="0" type="stmt"/>
      <line num="1920" count="0" type="cond" truecount="0" falsecount="2"/>
      <line num="1921" count="0" type="stmt"/>
      <line num="1922" count="0" type="stmt"/>
      <line num="1925" count="0" type="stmt"/>
      <line num="1926" count="0" type="cond" truecount="0" falsecount="2"/>
      <line num="1927" count="0" type="stmt"/>
      <line num="1928" count="0" type="stmt"/>
      <line num="1931" count="0" type="stmt"/>
      <line num="1933" count="0" type="stmt"/>
      <line num="1934" count="0" type="cond" truecount="0" falsecount="2"/>
      <line num="1935" count="0" type="stmt"/>
      <line num="1936" count="0" type="stmt"/>
      <line num="1939" count="0" type="stmt"/>
      <line num="1940" count="0" type="cond" truecount="0" falsecount="2"/>
      <line num="1941" count="0" type="stmt"/>
      <line num="1942" count="0" type="stmt"/>
      <line num="1945" count="0" type="stmt"/>
      <line num="1947" count="0" type="stmt"/>
      <line num="1948" count="0" type="cond" truecount="0" falsecount="2"/>
      <line num="1949" count="0" type="stmt"/>
      <line num="1950" count="0" type="stmt"/>
      <line num="1953" count="0" type="stmt"/>
      <line num="1954" count="0" type="cond" truecount="0" falsecount="2"/>
      <line num="1955" count="0" type="stmt"/>
      <line num="1956" count="0" type="stmt"/>
      <line num="1959" count="0" type="stmt"/>
      <line num="1961" count="0" type="stmt"/>
      <line num="1962" count="0" type="cond" truecount="0" falsecount="2"/>
      <line num="1963" count="0" type="stmt"/>
      <line num="1964" count="0" type="stmt"/>
      <line num="1967" count="0" type="stmt"/>
      <line num="1968" count="0" type="cond" truecount="0" falsecount="2"/>
      <line num="1969" count="0" type="stmt"/>
      <line num="1970" count="0" type="stmt"/>
      <line num="1973" count="0" type="stmt"/>
      <line num="1975" count="0" type="stmt"/>
      <line num="1976" count="0" type="cond" truecount="0" falsecount="2"/>
      <line num="1977" count="0" type="stmt"/>
      <line num="1978" count="0" type="stmt"/>
      <line num="1981" count="0" type="stmt"/>
      <line num="1982" count="0" type="cond" truecount="0" falsecount="2"/>
      <line num="1983" count="0" type="stmt"/>
      <line num="1984" count="0" type="stmt"/>
      <line num="1987" count="0" type="stmt"/>
      <line num="1990" count="0" type="cond" truecount="0" falsecount="2"/>
      <line num="1991" count="0" type="stmt"/>
      <line num="1992" count="0" type="stmt"/>
      <line num="1993" count="0" type="stmt"/>
      <line num="1995" count="1" type="stmt"/>
      <line num="1997" count="0" type="stmt"/>
      <line num="1999" count="0" type="cond" truecount="0" falsecount="5"/>
      <line num="2001" count="0" type="stmt"/>
      <line num="2002" count="0" type="cond" truecount="0" falsecount="2"/>
      <line num="2003" count="0" type="stmt"/>
      <line num="2006" count="0" type="stmt"/>
      <line num="2008" count="0" type="stmt"/>
      <line num="2009" count="0" type="cond" truecount="0" falsecount="2"/>
      <line num="2010" count="0" type="stmt"/>
      <line num="2013" count="0" type="stmt"/>
      <line num="2015" count="0" type="stmt"/>
      <line num="2016" count="0" type="cond" truecount="0" falsecount="2"/>
      <line num="2017" count="0" type="stmt"/>
      <line num="2020" count="0" type="stmt"/>
      <line num="2022" count="0" type="stmt"/>
      <line num="2023" count="0" type="cond" truecount="0" falsecount="2"/>
      <line num="2024" count="0" type="stmt"/>
      <line num="2027" count="0" type="stmt"/>
      <line num="2029" count="0" type="stmt"/>
      <line num="2030" count="0" type="cond" truecount="0" falsecount="2"/>
      <line num="2031" count="0" type="stmt"/>
      <line num="2034" count="0" type="stmt"/>
      <line num="2036" count="0" type="stmt"/>
      <line num="2039" count="1" type="stmt"/>
      <line num="2040" count="0" type="cond" truecount="0" falsecount="2"/>
      <line num="2041" count="0" type="stmt"/>
      <line num="2044" count="0" type="cond" truecount="0" falsecount="2"/>
      <line num="2045" count="0" type="cond" truecount="0" falsecount="5"/>
      <line num="2047" count="0" type="stmt"/>
      <line num="2048" count="0" type="stmt"/>
      <line num="2049" count="0" type="stmt"/>
      <line num="2050" count="0" type="stmt"/>
      <line num="2051" count="0" type="stmt"/>
      <line num="2052" count="0" type="stmt"/>
      <line num="2053" count="0" type="stmt"/>
      <line num="2054" count="0" type="stmt"/>
      <line num="2055" count="0" type="stmt"/>
      <line num="2056" count="0" type="stmt"/>
      <line num="2057" count="0" type="stmt"/>
      <line num="2059" count="0" type="stmt"/>
      <line num="2061" count="0" type="stmt"/>
      <line num="2062" count="0" type="stmt"/>
      <line num="2063" count="0" type="stmt"/>
      <line num="2064" count="0" type="stmt"/>
      <line num="2065" count="0" type="stmt"/>
      <line num="2066" count="0" type="stmt"/>
      <line num="2067" count="0" type="stmt"/>
      <line num="2068" count="0" type="stmt"/>
      <line num="2069" count="0" type="stmt"/>
      <line num="2070" count="0" type="stmt"/>
      <line num="2071" count="0" type="stmt"/>
      <line num="2073" count="0" type="stmt"/>
      <line num="2075" count="0" type="stmt"/>
      <line num="2076" count="0" type="stmt"/>
      <line num="2077" count="0" type="stmt"/>
      <line num="2078" count="0" type="stmt"/>
      <line num="2079" count="0" type="stmt"/>
      <line num="2080" count="0" type="stmt"/>
      <line num="2081" count="0" type="stmt"/>
      <line num="2082" count="0" type="stmt"/>
      <line num="2083" count="0" type="stmt"/>
      <line num="2084" count="0" type="stmt"/>
      <line num="2085" count="0" type="stmt"/>
      <line num="2087" count="0" type="stmt"/>
      <line num="2089" count="0" type="stmt"/>
      <line num="2090" count="0" type="stmt"/>
      <line num="2091" count="0" type="stmt"/>
      <line num="2092" count="0" type="stmt"/>
      <line num="2093" count="0" type="stmt"/>
      <line num="2094" count="0" type="stmt"/>
      <line num="2095" count="0" type="stmt"/>
      <line num="2096" count="0" type="stmt"/>
      <line num="2097" count="0" type="stmt"/>
      <line num="2098" count="0" type="stmt"/>
      <line num="2099" count="0" type="stmt"/>
      <line num="2101" count="0" type="stmt"/>
      <line num="2103" count="0" type="stmt"/>
      <line num="2104" count="0" type="stmt"/>
      <line num="2105" count="0" type="stmt"/>
      <line num="2106" count="0" type="stmt"/>
      <line num="2107" count="0" type="stmt"/>
      <line num="2108" count="0" type="stmt"/>
      <line num="2109" count="0" type="stmt"/>
      <line num="2110" count="0" type="stmt"/>
      <line num="2111" count="0" type="stmt"/>
      <line num="2112" count="0" type="stmt"/>
      <line num="2113" count="0" type="stmt"/>
      <line num="2115" count="0" type="stmt"/>
      <line num="2118" count="0" type="cond" truecount="0" falsecount="2"/>
      <line num="2119" count="0" type="cond" truecount="0" falsecount="5"/>
      <line num="2121" count="0" type="stmt"/>
      <line num="2122" count="0" type="stmt"/>
      <line num="2123" count="0" type="stmt"/>
      <line num="2124" count="0" type="stmt"/>
      <line num="2125" count="0" type="stmt"/>
      <line num="2126" count="0" type="stmt"/>
      <line num="2127" count="0" type="stmt"/>
      <line num="2128" count="0" type="stmt"/>
      <line num="2129" count="0" type="stmt"/>
      <line num="2130" count="0" type="stmt"/>
      <line num="2131" count="0" type="stmt"/>
      <line num="2133" count="0" type="stmt"/>
      <line num="2135" count="0" type="stmt"/>
      <line num="2136" count="0" type="stmt"/>
      <line num="2137" count="0" type="stmt"/>
      <line num="2138" count="0" type="stmt"/>
      <line num="2139" count="0" type="stmt"/>
      <line num="2140" count="0" type="stmt"/>
      <line num="2141" count="0" type="stmt"/>
      <line num="2142" count="0" type="stmt"/>
      <line num="2143" count="0" type="stmt"/>
      <line num="2144" count="0" type="stmt"/>
      <line num="2145" count="0" type="stmt"/>
      <line num="2147" count="0" type="stmt"/>
      <line num="2149" count="0" type="stmt"/>
      <line num="2150" count="0" type="stmt"/>
      <line num="2151" count="0" type="stmt"/>
      <line num="2152" count="0" type="stmt"/>
      <line num="2153" count="0" type="stmt"/>
      <line num="2154" count="0" type="stmt"/>
      <line num="2155" count="0" type="stmt"/>
      <line num="2156" count="0" type="stmt"/>
      <line num="2157" count="0" type="stmt"/>
      <line num="2158" count="0" type="stmt"/>
      <line num="2159" count="0" type="stmt"/>
      <line num="2161" count="0" type="stmt"/>
      <line num="2163" count="0" type="stmt"/>
      <line num="2164" count="0" type="stmt"/>
      <line num="2165" count="0" type="stmt"/>
      <line num="2166" count="0" type="stmt"/>
      <line num="2167" count="0" type="stmt"/>
      <line num="2168" count="0" type="stmt"/>
      <line num="2169" count="0" type="stmt"/>
      <line num="2170" count="0" type="stmt"/>
      <line num="2171" count="0" type="stmt"/>
      <line num="2172" count="0" type="stmt"/>
      <line num="2173" count="0" type="stmt"/>
      <line num="2175" count="0" type="stmt"/>
      <line num="2177" count="0" type="stmt"/>
      <line num="2178" count="0" type="stmt"/>
      <line num="2179" count="0" type="stmt"/>
      <line num="2180" count="0" type="stmt"/>
      <line num="2181" count="0" type="stmt"/>
      <line num="2182" count="0" type="stmt"/>
      <line num="2183" count="0" type="stmt"/>
      <line num="2184" count="0" type="stmt"/>
      <line num="2185" count="0" type="stmt"/>
      <line num="2186" count="0" type="stmt"/>
      <line num="2187" count="0" type="stmt"/>
      <line num="2189" count="0" type="stmt"/>
      <line num="2193" count="0" type="stmt"/>
      <line num="2194" count="0" type="cond" truecount="0" falsecount="2"/>
      <line num="2195" count="0" type="stmt"/>
      <line num="2197" count="0" type="stmt"/>
      <line num="2198" count="0" type="cond" truecount="0" falsecount="5"/>
      <line num="2201" count="0" type="stmt"/>
      <line num="2202" count="0" type="stmt"/>
      <line num="2203" count="0" type="stmt"/>
      <line num="2204" count="0" type="stmt"/>
      <line num="2205" count="0" type="stmt"/>
      <line num="2206" count="0" type="stmt"/>
      <line num="2207" count="0" type="stmt"/>
      <line num="2208" count="0" type="stmt"/>
      <line num="2209" count="0" type="stmt"/>
      <line num="2210" count="0" type="stmt"/>
      <line num="2211" count="0" type="stmt"/>
      <line num="2212" count="0" type="cond" truecount="0" falsecount="2"/>
      <line num="2213" count="0" type="stmt"/>
      <line num="2214" count="0" type="cond" truecount="0" falsecount="2"/>
      <line num="2215" count="0" type="stmt"/>
      <line num="2218" count="0" type="stmt"/>
      <line num="2222" count="0" type="stmt"/>
      <line num="2223" count="0" type="stmt"/>
      <line num="2224" count="0" type="stmt"/>
      <line num="2227" count="0" type="stmt"/>
      <line num="2230" count="0" type="stmt"/>
      <line num="2231" count="0" type="stmt"/>
      <line num="2232" count="0" type="stmt"/>
      <line num="2233" count="0" type="stmt"/>
      <line num="2234" count="0" type="stmt"/>
      <line num="2235" count="0" type="stmt"/>
      <line num="2236" count="0" type="stmt"/>
      <line num="2237" count="0" type="stmt"/>
      <line num="2238" count="0" type="stmt"/>
      <line num="2239" count="0" type="stmt"/>
      <line num="2240" count="0" type="stmt"/>
      <line num="2241" count="0" type="cond" truecount="0" falsecount="2"/>
      <line num="2242" count="0" type="stmt"/>
      <line num="2243" count="0" type="cond" truecount="0" falsecount="2"/>
      <line num="2244" count="0" type="stmt"/>
      <line num="2247" count="0" type="stmt"/>
      <line num="2251" count="0" type="stmt"/>
      <line num="2252" count="0" type="stmt"/>
      <line num="2253" count="0" type="stmt"/>
      <line num="2256" count="0" type="stmt"/>
      <line num="2259" count="0" type="stmt"/>
      <line num="2260" count="0" type="stmt"/>
      <line num="2261" count="0" type="stmt"/>
      <line num="2262" count="0" type="stmt"/>
      <line num="2263" count="0" type="stmt"/>
      <line num="2264" count="0" type="stmt"/>
      <line num="2265" count="0" type="stmt"/>
      <line num="2266" count="0" type="stmt"/>
      <line num="2267" count="0" type="stmt"/>
      <line num="2268" count="0" type="stmt"/>
      <line num="2269" count="0" type="stmt"/>
      <line num="2270" count="0" type="cond" truecount="0" falsecount="2"/>
      <line num="2271" count="0" type="stmt"/>
      <line num="2272" count="0" type="cond" truecount="0" falsecount="2"/>
      <line num="2273" count="0" type="stmt"/>
      <line num="2276" count="0" type="stmt"/>
      <line num="2280" count="0" type="stmt"/>
      <line num="2281" count="0" type="stmt"/>
      <line num="2282" count="0" type="stmt"/>
      <line num="2285" count="0" type="stmt"/>
      <line num="2288" count="0" type="stmt"/>
      <line num="2289" count="0" type="stmt"/>
      <line num="2290" count="0" type="stmt"/>
      <line num="2291" count="0" type="stmt"/>
      <line num="2292" count="0" type="stmt"/>
      <line num="2293" count="0" type="stmt"/>
      <line num="2294" count="0" type="stmt"/>
      <line num="2295" count="0" type="stmt"/>
      <line num="2296" count="0" type="stmt"/>
      <line num="2297" count="0" type="stmt"/>
      <line num="2298" count="0" type="stmt"/>
      <line num="2299" count="0" type="cond" truecount="0" falsecount="2"/>
      <line num="2300" count="0" type="stmt"/>
      <line num="2301" count="0" type="cond" truecount="0" falsecount="2"/>
      <line num="2302" count="0" type="stmt"/>
      <line num="2305" count="0" type="stmt"/>
      <line num="2309" count="0" type="stmt"/>
      <line num="2310" count="0" type="stmt"/>
      <line num="2311" count="0" type="stmt"/>
      <line num="2314" count="0" type="stmt"/>
      <line num="2317" count="0" type="stmt"/>
      <line num="2318" count="0" type="stmt"/>
      <line num="2319" count="0" type="stmt"/>
      <line num="2320" count="0" type="stmt"/>
      <line num="2321" count="0" type="stmt"/>
      <line num="2322" count="0" type="stmt"/>
      <line num="2323" count="0" type="stmt"/>
      <line num="2324" count="0" type="stmt"/>
      <line num="2325" count="0" type="stmt"/>
      <line num="2326" count="0" type="stmt"/>
      <line num="2327" count="0" type="stmt"/>
      <line num="2328" count="0" type="cond" truecount="0" falsecount="2"/>
      <line num="2329" count="0" type="stmt"/>
      <line num="2330" count="0" type="cond" truecount="0" falsecount="2"/>
      <line num="2331" count="0" type="stmt"/>
      <line num="2334" count="0" type="stmt"/>
      <line num="2338" count="0" type="stmt"/>
      <line num="2339" count="0" type="stmt"/>
      <line num="2340" count="0" type="stmt"/>
      <line num="2343" count="0" type="stmt"/>
      <line num="2346" count="0" type="stmt"/>
      <line num="2347" count="0" type="stmt"/>
      <line num="2349" count="1" type="stmt"/>
      <line num="2351" count="1" type="stmt"/>
      <line num="2352" count="0" type="cond" truecount="0" falsecount="4"/>
      <line num="2353" count="0" type="stmt"/>
      <line num="2354" count="0" type="cond" truecount="0" falsecount="4"/>
      <line num="2356" count="0" type="stmt"/>
      <line num="2357" count="0" type="cond" truecount="0" falsecount="2"/>
      <line num="2358" count="0" type="stmt"/>
      <line num="2361" count="0" type="cond" truecount="0" falsecount="2"/>
      <line num="2362" count="0" type="stmt"/>
      <line num="2363" count="0" type="stmt"/>
      <line num="2366" count="0" type="stmt"/>
      <line num="2367" count="0" type="stmt"/>
      <line num="2368" count="0" type="stmt"/>
      <line num="2369" count="0" type="stmt"/>
      <line num="2371" count="0" type="stmt"/>
      <line num="2373" count="0" type="stmt"/>
      <line num="2374" count="0" type="cond" truecount="0" falsecount="2"/>
      <line num="2375" count="0" type="stmt"/>
      <line num="2378" count="0" type="cond" truecount="0" falsecount="2"/>
      <line num="2379" count="0" type="stmt"/>
      <line num="2380" count="0" type="stmt"/>
      <line num="2383" count="0" type="stmt"/>
      <line num="2384" count="0" type="stmt"/>
      <line num="2385" count="0" type="stmt"/>
      <line num="2386" count="0" type="stmt"/>
      <line num="2388" count="0" type="stmt"/>
      <line num="2390" count="0" type="stmt"/>
      <line num="2391" count="0" type="cond" truecount="0" falsecount="2"/>
      <line num="2392" count="0" type="stmt"/>
      <line num="2395" count="0" type="cond" truecount="0" falsecount="2"/>
      <line num="2396" count="0" type="stmt"/>
      <line num="2397" count="0" type="stmt"/>
      <line num="2400" count="0" type="stmt"/>
      <line num="2401" count="0" type="stmt"/>
      <line num="2402" count="0" type="stmt"/>
      <line num="2403" count="0" type="stmt"/>
      <line num="2405" count="0" type="stmt"/>
      <line num="2407" count="0" type="stmt"/>
      <line num="2408" count="0" type="cond" truecount="0" falsecount="2"/>
      <line num="2409" count="0" type="stmt"/>
      <line num="2412" count="0" type="cond" truecount="0" falsecount="2"/>
      <line num="2413" count="0" type="stmt"/>
      <line num="2414" count="0" type="stmt"/>
      <line num="2417" count="0" type="stmt"/>
      <line num="2418" count="0" type="stmt"/>
      <line num="2419" count="0" type="stmt"/>
      <line num="2420" count="0" type="stmt"/>
      <line num="2422" count="0" type="stmt"/>
      <line num="2428" count="0" type="cond" truecount="0" falsecount="4"/>
      <line num="2429" count="0" type="stmt"/>
      <line num="2430" count="0" type="cond" truecount="0" falsecount="2"/>
      <line num="2431" count="0" type="stmt"/>
      <line num="2432" count="0" type="cond" truecount="0" falsecount="2"/>
      <line num="2433" count="0" type="stmt"/>
      <line num="2436" count="0" type="cond" truecount="0" falsecount="2"/>
      <line num="2437" count="0" type="stmt"/>
      <line num="2438" count="0" type="stmt"/>
      <line num="2441" count="0" type="stmt"/>
      <line num="2442" count="0" type="stmt"/>
      <line num="2443" count="0" type="stmt"/>
      <line num="2444" count="0" type="stmt"/>
[...]
      <line num="2654" count="0" type="stmt"/>
      <line num="2655" count="0" type="stmt"/>
      <line num="2657" count="0" type="stmt"/>
      <line num="2658" count="0" type="cond" truecount="0" falsecount="2"/>
      <line num="2659" count="0" type="stmt"/>
      <line num="2660" count="0" type="stmt"/>
      <line num="2662" count="0" type="stmt"/>
      <line num="2663" count="0" type="stmt"/>
      <line num="2664" count="0" type="stmt"/>
      <line num="2665" count="0" type="stmt"/>
      <line num="2668" count="0" type="cond" truecount="0" falsecount="5"/>
      <line num="2669" count="0" type="stmt"/>
      <line num="2670" count="0" type="cond" truecount="0" falsecount="5"/>
      <line num="2673" count="0" type="stmt"/>
      <line num="2674" count="0" type="stmt"/>
      <line num="2677" count="0" type="stmt"/>
      <line num="2678" count="0" type="stmt"/>
      <line num="2681" count="0" type="stmt"/>
      <line num="2682" count="0" type="stmt"/>
      <line num="2685" count="0" type="stmt"/>
      <line num="2686" count="0" type="stmt"/>
      <line num="2689" count="0" type="stmt"/>
      <line num="2690" count="0" type="stmt"/>
      <line num="2693" count="0" type="cond" truecount="0" falsecount="2"/>
      <line num="2694" count="0" type="stmt"/>
      <line num="2695" count="0" type="stmt"/>
      <line num="2697" count="0" type="stmt"/>
      <line num="2698" count="0" type="stmt"/>
      <line num="2700" count="0" type="stmt"/>
      <line num="2701" count="0" type="stmt"/>
      <line num="2703" count="0" type="cond" truecount="0" falsecount="5"/>
      <line num="2704" count="0" type="stmt"/>
      <line num="2705" count="0" type="cond" truecount="0" falsecount="2"/>
      <line num="2706" count="0" type="stmt"/>
      <line num="2707" count="0" type="stmt"/>
      <line num="2710" count="0" type="stmt"/>
      <line num="2711" count="0" type="cond" truecount="0" falsecount="5"/>
      <line num="2713" count="0" type="stmt"/>
      <line num="2714" count="0" type="stmt"/>
      <line num="2715" count="0" type="stmt"/>
      <line num="2717" count="0" type="stmt"/>
      <line num="2718" count="0" type="stmt"/>
      <line num="2719" count="0" type="stmt"/>
      <line num="2721" count="0" type="stmt"/>
      <line num="2722" count="0" type="stmt"/>
      <line num="2723" count="0" type="stmt"/>
      <line num="2725" count="0" type="stmt"/>
      <line num="2726" count="0" type="stmt"/>
      <line num="2727" count="0" type="stmt"/>
      <line num="2729" count="0" type="stmt"/>
      <line num="2730" count="0" type="stmt"/>
      <line num="2731" count="0" type="stmt"/>
      <line num="2733" count="0" type="stmt"/>
      <line num="2734" count="0" type="cond" truecount="0" falsecount="2"/>
      <line num="2735" count="0" type="stmt"/>
      <line num="2736" count="0" type="stmt"/>
      <line num="2738" count="0" type="stmt"/>
      <line num="2739" count="0" type="stmt"/>
      <line num="2740" count="0" type="stmt"/>
      <line num="2741" count="0" type="stmt"/>
      <line num="2744" count="0" type="stmt"/>
      <line num="2747" count="1" type="stmt"/>
      <line num="2748" count="0" type="stmt"/>
      <line num="2749" count="0" type="stmt"/>
      <line num="2750" count="0" type="cond" truecount="0" falsecount="5"/>
      <line num="2752" count="0" type="stmt"/>
      <line num="2753" count="0" type="stmt"/>
      <line num="2754" count="0" type="stmt"/>
      <line num="2755" count="0" type="stmt"/>
      <line num="2756" count="0" type="stmt"/>
      <line num="2757" count="0" type="cond" truecount="0" falsecount="4"/>
      <line num="2758" count="0" type="stmt"/>
      <line num="2760" count="0" type="cond" truecount="0" falsecount="2"/>
      <line num="2761" count="0" type="stmt"/>
      <line num="2763" count="0" type="stmt"/>
      <line num="2765" count="0" type="stmt"/>
      <line num="2766" count="0" type="stmt"/>
      <line num="2767" count="0" type="stmt"/>
      <line num="2768" count="0" type="stmt"/>
      <line num="2769" count="0" type="stmt"/>
      <line num="2770" count="0" type="cond" truecount="0" falsecount="4"/>
      <line num="2771" count="0" type="stmt"/>
      <line num="2773" count="0" type="cond" truecount="0" falsecount="2"/>
      <line num="2774" count="0" type="stmt"/>
      <line num="2776" count="0" type="stmt"/>
      <line num="2778" count="0" type="stmt"/>
      <line num="2779" count="0" type="stmt"/>
      <line num="2780" count="0" type="stmt"/>
      <line num="2781" count="0" type="stmt"/>
      <line num="2782" count="0" type="stmt"/>
      <line num="2783" count="0" type="cond" truecount="0" falsecount="4"/>
      <line num="2784" count="0" type="stmt"/>
      <line num="2786" count="0" type="cond" truecount="0" falsecount="2"/>
      <line num="2787" count="0" type="stmt"/>
      <line num="2789" count="0" type="stmt"/>
      <line num="2791" count="0" type="stmt"/>
      <line num="2792" count="0" type="stmt"/>
      <line num="2793" count="0" type="stmt"/>
      <line num="2794" count="0" type="stmt"/>
      <line num="2795" count="0" type="stmt"/>
      <line num="2796" count="0" type="cond" truecount="0" falsecount="2"/>
      <line num="2797" count="0" type="stmt"/>
      <line num="2799" count="0" type="stmt"/>
      <line num="2801" count="0" type="stmt"/>
      <line num="2802" count="0" type="stmt"/>
      <line num="2803" count="0" type="stmt"/>
      <line num="2804" count="0" type="stmt"/>
      <line num="2805" count="0" type="stmt"/>
      <line num="2806" count="0" type="stmt"/>
      <line num="2808" count="0" type="stmt"/>
      <line num="2809" count="0" type="stmt"/>
      <line num="2810" count="0" type="stmt"/>
      <line num="2811" count="0" type="stmt"/>
      <line num="2812" count="0" type="stmt"/>
      <line num="2813" count="0" type="stmt"/>
      <line num="2816" count="1" type="stmt"/>
      <line num="2817" count="0" type="stmt"/>
      <line num="2818" count="0" type="stmt"/>
      <line num="2819" count="0" type="stmt"/>
      <line num="2820" count="0" type="stmt"/>
      <line num="2821" count="0" type="stmt"/>
      <line num="2823" count="1" type="stmt"/>
      <line num="2824" count="0" type="stmt"/>
      <line num="2825" count="0" type="stmt"/>
      <line num="2826" count="0" type="stmt"/>
      <line num="2827" count="0" type="stmt"/>
      <line num="2828" count="0" type="stmt"/>
      <line num="2830" count="1" type="stmt"/>
      <line num="2831" count="0" type="stmt"/>
      <line num="2832" count="0" type="stmt"/>
      <line num="2833" count="0" type="stmt"/>
      <line num="2834" count="0" type="stmt"/>
      <line num="2835" count="0" type="stmt"/>
      <line num="2837" count="1" type="stmt"/>
      <line num="2838" count="0" type="stmt"/>
      <line num="2839" count="0" type="stmt"/>
      <line num="2840" count="0" type="stmt"/>
      <line num="2841" count="0" type="stmt"/>
      <line num="2842" count="0" type="stmt"/>
      <line num="2844" count="1" type="stmt"/>
      <line num="2845" count="0" type="stmt"/>
      <line num="2846" count="0" type="stmt"/>
      <line num="2847" count="0" type="stmt"/>
      <line num="2848" count="0" type="stmt"/>
      <line num="2849" count="0" type="stmt"/>
      <line num="2851" count="1" type="stmt"/>
      <line num="2852" count="1" type="stmt"/>
      <line num="2853" count="1" type="stmt"/>
      <line num="2854" count="0" type="stmt"/>
      <line num="2855" count="0" type="cond" truecount="0" falsecount="2"/>
      <line num="2856" count="0" type="cond" truecount="0" falsecount="5"/>
      <line num="2858" count="0" type="stmt"/>
      <line num="2859" count="0" type="stmt"/>
      <line num="2860" count="0" type="stmt"/>
      <line num="2862" count="0" type="stmt"/>
      <line num="2863" count="0" type="stmt"/>
      <line num="2864" count="0" type="stmt"/>
      <line num="2866" count="0" type="stmt"/>
      <line num="2867" count="0" type="stmt"/>
      <line num="2868" count="0" type="stmt"/>
      <line num="2870" count="0" type="stmt"/>
      <line num="2871" count="0" type="stmt"/>
      <line num="2872" count="0" type="stmt"/>
      <line num="2874" count="0" type="stmt"/>
      <line num="2875" count="0" type="stmt"/>
      <line num="2876" count="0" type="stmt"/>
      <line num="2878" count="0" type="stmt"/>
      <line num="2879" count="0" type="cond" truecount="0" falsecount="2"/>
      <line num="2880" count="0" type="stmt"/>
      <line num="2881" count="0" type="stmt"/>
      <line num="2882" count="0" type="cond" truecount="0" falsecount="5"/>
      <line num="2884" count="0" type="stmt"/>
      <line num="2885" count="0" type="stmt"/>
      <line num="2887" count="0" type="stmt"/>
      <line num="2888" count="0" type="stmt"/>
      <line num="2890" count="0" type="stmt"/>
      <line num="2891" count="0" type="stmt"/>
      <line num="2893" count="0" type="stmt"/>
      <line num="2894" count="0" type="stmt"/>
      <line num="2896" count="0" type="stmt"/>
      <line num="2897" count="0" type="stmt"/>
      <line num="2899" count="0" type="stmt"/>
      <line num="2900" count="0" type="stmt"/>
      <line num="2901" count="0" type="stmt"/>
      <line num="2902" count="0" type="stmt"/>
      <line num="2904" count="1" type="stmt"/>
      <line num="2905" count="0" type="stmt"/>
      <line num="2906" count="0" type="cond" truecount="0" falsecount="2"/>
      <line num="2907" count="0" type="cond" truecount="0" falsecount="5"/>
      <line num="2909" count="0" type="stmt"/>
      <line num="2910" count="0" type="stmt"/>
      <line num="2911" count="0" type="stmt"/>
      <line num="2913" count="0" type="stmt"/>
      <line num="2914" count="0" type="stmt"/>
      <line num="2915" count="0" type="stmt"/>
      <line num="2917" count="0" type="stmt"/>
      <line num="2918" count="0" type="stmt"/>
      <line num="2919" count="0" type="stmt"/>
      <line num="2921" count="0" type="stmt"/>
      <line num="2922" count="0" type="stmt"/>
      <line num="2923" count="0" type="stmt"/>
      <line num="2925" count="0" type="stmt"/>
      <line num="2926" count="0" type="stmt"/>
      <line num="2927" count="0" type="stmt"/>
      <line num="2929" count="0" type="stmt"/>
      <line num="2930" count="0" type="cond" truecount="0" falsecount="2"/>
      <line num="2931" count="0" type="stmt"/>
      <line num="2932" count="0" type="stmt"/>
      <line num="2933" count="0" type="cond" truecount="0" falsecount="5"/>
      <line num="2935" count="0" type="stmt"/>
      <line num="2936" count="0" type="stmt"/>
      <line num="2938" count="0" type="stmt"/>
      <line num="2939" count="0" type="stmt"/>
      <line num="2941" count="0" type="stmt"/>
      <line num="2942" count="0" type="stmt"/>
      <line num="2944" count="0" type="stmt"/>
      <line num="2945" count="0" type="stmt"/>
      <line num="2947" count="0" type="stmt"/>
      <line num="2948" count="0" type="stmt"/>
      <line num="2950" count="0" type="stmt"/>
      <line num="2951" count="0" type="stmt"/>
      <line num="2952" count="0" type="stmt"/>
      <line num="2953" count="0" type="stmt"/>
      <line num="2954" count="0" type="stmt"/>
      <line num="2955" count="0" type="stmt"/>
      <line num="2958" count="1" type="stmt"/>
      <line num="2960" count="0" type="stmt"/>
      <line num="2961" count="0" type="stmt"/>
      <line num="2963" count="0" type="stmt"/>
      <line num="2964" count="0" type="stmt"/>
      <line num="2965" count="0" type="cond" truecount="0" falsecount="5"/>
      <line num="2967" count="0" type="stmt"/>
      <line num="2968" count="0" type="stmt"/>
      <line num="2969" count="0" type="stmt"/>
      <line num="2970" count="0" type="stmt"/>
      <line num="2972" count="0" type="stmt"/>
      <line num="2973" count="0" type="stmt"/>
      <line num="2974" count="0" type="stmt"/>
      <line num="2975" count="0" type="stmt"/>
      <line num="2977" count="0" type="stmt"/>
      <line num="2978" count="0" type="cond" truecount="0" falsecount="2"/>
      <line num="2980" count="0" type="stmt"/>
      <line num="2981" count="0" type="stmt"/>
      <line num="2982" count="0" type="stmt"/>
      <line num="2984" count="0" type="stmt"/>
      <line num="2985" count="0" type="stmt"/>
      <line num="2986" count="0" type="stmt"/>
      <line num="2988" count="0" type="stmt"/>
      <line num="2990" count="0" type="stmt"/>
      <line num="2991" count="0" type="cond" truecount="0" falsecount="2"/>
      <line num="2993" count="0" type="stmt"/>
      <line num="2994" count="0" type="stmt"/>
      <line num="2995" count="0" type="stmt"/>
      <line num="2997" count="0" type="stmt"/>
      <line num="2998" count="0" type="stmt"/>
      <line num="2999" count="0" type="stmt"/>
      <line num="3001" count="0" type="stmt"/>
      <line num="3003" count="0" type="stmt"/>
      <line num="3004" count="0" type="stmt"/>
      <line num="3005" count="0" type="stmt"/>
      <line num="3006" count="0" type="stmt"/>
      <line num="3008" count="0" type="cond" truecount="0" falsecount="2"/>
      <line num="3009" count="0" type="stmt"/>
      <line num="3010" count="0" type="stmt"/>
      <line num="3011" count="0" type="stmt"/>
      <line num="3012" count="0" type="stmt"/>
      <line num="3016" count="0" type="stmt"/>
      <line num="3018" count="0" type="stmt"/>
      <line num="3019" count="0" type="stmt"/>
      <line num="3020" count="0" type="stmt"/>
      <line num="3023" count="1" type="stmt"/>
      <line num="3024" count="0" type="cond" truecount="0" falsecount="2"/>
      <line num="3025" count="0" type="cond" truecount="0" falsecount="2"/>
      <line num="3026" count="0" type="stmt"/>
      <line num="3027" count="0" type="stmt"/>
      <line num="3028" count="0" type="stmt"/>
      <line num="3029" count="0" type="cond" truecount="0" falsecount="4"/>
      <line num="3030" count="0" type="stmt"/>
      <line num="3032" count="0" type="cond" truecount="0" falsecount="2"/>
      <line num="3033" count="0" type="stmt"/>
      <line num="3035" count="0" type="stmt"/>
      <line num="3036" count="0" type="stmt"/>
      <line num="3037" count="0" type="stmt"/>
      <line num="3038" count="0" type="stmt"/>
      <line num="3039" count="0" type="stmt"/>
      <line num="3040" count="0" type="stmt"/>
      <line num="3041" count="0" type="stmt"/>
      <line num="3042" count="0" type="stmt"/>
      <line num="3043" count="0" type="stmt"/>
      <line num="3044" count="0" type="stmt"/>
      <line num="3045" count="0" type="stmt"/>
      <line num="3046" count="0" type="stmt"/>
      <line num="3047" count="0" type="stmt"/>
      <line num="3048" count="0" type="stmt"/>
      <line num="3049" count="0" type="stmt"/>
      <line num="3050" count="0" type="stmt"/>
      <line num="3051" count="0" type="stmt"/>
      <line num="3054" count="0" type="cond" truecount="0" falsecount="5"/>
      <line num="3056" count="0" type="stmt"/>
      <line num="3057" count="0" type="stmt"/>
      <line num="3060" count="0" type="stmt"/>
      <line num="3061" count="0" type="stmt"/>
      <line num="3063" count="0" type="stmt"/>
      <line num="3064" count="0" type="stmt"/>
      <line num="3066" count="0" type="stmt"/>
      <line num="3067" count="0" type="stmt"/>
      <line num="3069" count="0" type="stmt"/>
      <line num="3070" count="0" type="stmt"/>
      <line num="3073" count="0" type="stmt"/>
      <line num="3074" count="0" type="stmt"/>
      <line num="3075" count="0" type="stmt"/>
      <line num="3081" count="1" type="stmt"/>
      <line num="3082" count="0" type="stmt"/>
      <line num="3083" count="0" type="cond" truecount="0" falsecount="2"/>
      <line num="3085" count="0" type="cond" truecount="0" falsecount="5"/>
      <line num="3087" count="0" type="stmt"/>
      <line num="3088" count="0" type="stmt"/>
      <line num="3089" count="0" type="stmt"/>
      <line num="3090" count="0" type="stmt"/>
      <line num="3091" count="0" type="stmt"/>
      <line num="3093" count="0" type="stmt"/>
      <line num="3094" count="0" type="stmt"/>
      <line num="3095" count="0" type="stmt"/>
      <line num="3096" count="0" type="stmt"/>
      <line num="3097" count="0" type="stmt"/>
      <line num="3099" count="0" type="stmt"/>
      <line num="3100" count="0" type="stmt"/>
      <line num="3101" count="0" type="cond" truecount="0" falsecount="2"/>
      <line num="3103" count="0" type="stmt"/>
      <line num="3104" count="0" type="stmt"/>
      <line num="3105" count="0" type="stmt"/>
      <line num="3107" count="0" type="stmt"/>
      <line num="3108" count="0" type="stmt"/>
      <line num="3109" count="0" type="stmt"/>
      <line num="3111" count="0" type="stmt"/>
      <line num="3113" count="0" type="stmt"/>
      <line num="3114" count="0" type="stmt"/>
      <line num="3115" count="0" type="cond" truecount="0" falsecount="2"/>
      <line num="3117" count="0" type="stmt"/>
      <line num="3118" count="0" type="stmt"/>
      <line num="3119" count="0" type="stmt"/>
      <line num="3121" count="0" type="stmt"/>
      <line num="3122" count="0" type="stmt"/>
      <line num="3123" count="0" type="stmt"/>
      <line num="3125" count="0" type="stmt"/>
      <line num="3127" count="0" type="stmt"/>
      <line num="3128" count="0" type="stmt"/>
      <line num="3129" count="0" type="stmt"/>
      <line num="3130" count="0" type="stmt"/>
      <line num="3131" count="0" type="stmt"/>
      <line num="3133" count="0" type="stmt"/>
      <line num="3134" count="0" type="stmt"/>
      <line num="3135" count="0" type="stmt"/>
      <line num="3136" count="0" type="stmt"/>
      <line num="3137" count="0" type="stmt"/>
      <line num="3139" count="0" type="stmt"/>
      <line num="3140" count="0" type="stmt"/>
      <line num="3141" count="0" type="stmt"/>
      <line num="3143" count="1" type="stmt"/>
      <line num="3144" count="0" type="stmt"/>
      <line num="3145" count="0" type="cond" truecount="0" falsecount="2"/>
      <line num="3147" count="0" type="cond" truecount="0" falsecount="5"/>
      <line num="3149" count="0" type="stmt"/>
      <line num="3150" count="0" type="stmt"/>
      <line num="3151" count="0" type="stmt"/>
      <line num="3153" count="0" type="stmt"/>
      <line num="3154" count="0" type="stmt"/>
      <line num="3155" count="0" type="stmt"/>
      <line num="3157" count="0" type="stmt"/>
      <line num="3158" count="0" type="stmt"/>
      <line num="3159" count="0" type="stmt"/>
      <line num="3161" count="0" type="stmt"/>
      <line num="3162" count="0" type="stmt"/>
      <line num="3163" count="0" type="stmt"/>
      <line num="3165" count="0" type="stmt"/>
      <line num="3166" count="0" type="stmt"/>
      <line num="3167" count="0" type="stmt"/>
      <line num="3169" count="0" type="stmt"/>
      <line num="3170" count="0" type="cond" truecount="0" falsecount="5"/>
      <line num="3172" count="0" type="stmt"/>
      <line num="3173" count="0" type="stmt"/>
      <line num="3175" count="0" type="stmt"/>
      <line num="3176" count="0" type="stmt"/>
      <line num="3178" count="0" type="stmt"/>
      <line num="3179" count="0" type="stmt"/>
      <line num="3181" count="0" type="stmt"/>
      <line num="3182" count="0" type="stmt"/>
      <line num="3184" count="0" type="stmt"/>
      <line num="3185" count="0" type="stmt"/>
      <line num="3187" count="0" type="stmt"/>
      <line num="3188" count="0" type="stmt"/>
      <line num="3189" count="0" type="stmt"/>
      <line num="3190" count="0" type="stmt"/>
      <line num="3192" count="0" type="stmt"/>
      <line num="3193" count="0" type="stmt"/>
      <line num="3194" count="0" type="stmt"/>
      <line num="3195" count="0" type="stmt"/>
      <line num="3196" count="0" type="stmt"/>
      <line num="3197" count="0" type="stmt"/>
      <line num="3198" count="0" type="stmt"/>
    </file>
  </project>
</coverage>
