{"C:\\Users\\danis\\Documents\\COMSLabs\\SDProject\\TestRepo\\cryptid-web-app-sd-2024\\scripts.js": {"path":"C:\\Users\\danis\\Documents\\COMSLabs\\SDProject\\TestRepo\\cryptid-web-app-sd-2024\\scripts.js","statementMap":{"0":{"start":{"line":3,"column":12},"end":{"line":3,"column":44}},"1":{"start":{"line":4,"column":0},"end":{"line":4,"column":29}},"2":{"start":{"line":5,"column":21},"end":{"line":5,"column":57}},"3":{"start":{"line":6,"column":0},"end":{"line":6,"column":47}},"4":{"start":{"line":7,"column":17},"end":{"line":7,"column":50}},"5":{"start":{"line":8,"column":0},"end":{"line":8,"column":39}},"6":{"start":{"line":10,"column":17},"end":{"line":10,"column":39}},"7":{"start":{"line":11,"column":0},"end":{"line":11,"column":35}},"8":{"start":{"line":12,"column":17},"end":{"line":12,"column":43}},"9":{"start":{"line":13,"column":0},"end":{"line":13,"column":34}},"10":{"start":{"line":14,"column":18},"end":{"line":14,"column":41}},"11":{"start":{"line":15,"column":0},"end":{"line":15,"column":37}},"12":{"start":{"line":17,"column":26},"end":{"line":17,"column":70}},"13":{"start":{"line":18,"column":0},"end":{"line":18,"column":53}},"14":{"start":{"line":19,"column":21},"end":{"line":19,"column":60}},"15":{"start":{"line":20,"column":0},"end":{"line":20,"column":43}},"16":{"start":{"line":21,"column":11},"end":{"line":21,"column":28}},"17":{"start":{"line":21,"column":22},"end":{"line":21,"column":27}},"18":{"start":{"line":22,"column":0},"end":{"line":22,"column":23}},"19":{"start":{"line":23,"column":14},"end":{"line":23,"column":15}},"20":{"start":{"line":24,"column":0},"end":{"line":24,"column":29}},"21":{"start":{"line":25,"column":15},"end":{"line":25,"column":17}},"22":{"start":{"line":26,"column":0},"end":{"line":26,"column":31}},"23":{"start":{"line":27,"column":12},"end":{"line":27,"column":23}},"24":{"start":{"line":28,"column":0},"end":{"line":28,"column":25}},"25":{"start":{"line":29,"column":17},"end":{"line":29,"column":55}},"26":{"start":{"line":30,"column":0},"end":{"line":30,"column":35}},"27":{"start":{"line":31,"column":21},"end":{"line":31,"column":59}},"28":{"start":{"line":32,"column":0},"end":{"line":32,"column":43}},"29":{"start":{"line":33,"column":21},"end":{"line":33,"column":48}},"30":{"start":{"line":34,"column":0},"end":{"line":34,"column":43}},"31":{"start":{"line":35,"column":22},"end":{"line":35,"column":40}},"32":{"start":{"line":36,"column":0},"end":{"line":36,"column":45}},"33":{"start":{"line":37,"column":16},"end":{"line":37,"column":18}},"34":{"start":{"line":38,"column":16},"end":{"line":38,"column":33}},"35":{"start":{"line":39,"column":14},"end":{"line":39,"column":25}},"36":{"start":{"line":40,"column":0},"end":{"line":40,"column":29}},"37":{"start":{"line":41,"column":15},"end":{"line":41,"column":26}},"38":{"start":{"line":42,"column":0},"end":{"line":42,"column":31}},"39":{"start":{"line":43,"column":14},"end":{"line":43,"column":25}},"40":{"start":{"line":44,"column":0},"end":{"line":44,"column":29}},"41":{"start":{"line":45,"column":15},"end":{"line":45,"column":26}},"42":{"start":{"line":46,"column":0},"end":{"line":46,"column":31}},"43":{"start":{"line":47,"column":14},"end":{"line":47,"column":25}},"44":{"start":{"line":48,"column":0},"end":{"line":48,"column":29}},"45":{"start":{"line":49,"column":19},"end":{"line":49,"column":28}},"46":{"start":{"line":50,"column":0},"end":{"line":50,"column":39}},"47":{"start":{"line":51,"column":18},"end":{"line":51,"column":27}},"48":{"start":{"line":52,"column":0},"end":{"line":52,"column":37}},"49":{"start":{"line":53,"column":19},"end":{"line":53,"column":28}},"50":{"start":{"line":54,"column":0},"end":{"line":54,"column":39}},"51":{"start":{"line":55,"column":19},"end":{"line":55,"column":28}},"52":{"start":{"line":56,"column":0},"end":{"line":56,"column":39}},"53":{"start":{"line":57,"column":16},"end":{"line":57,"column":25}},"54":{"start":{"line":58,"column":16},"end":{"line":58,"column":25}},"55":{"start":{"line":59,"column":16},"end":{"line":59,"column":25}},"56":{"start":{"line":60,"column":16},"end":{"line":60,"column":25}},"57":{"start":{"line":61,"column":16},"end":{"line":61,"column":25}},"58":{"start":{"line":62,"column":18},"end":{"line":62,"column":22}},"59":{"start":{"line":63,"column":18},"end":{"line":63,"column":22}},"60":{"start":{"line":64,"column":18},"end":{"line":64,"column":22}},"61":{"start":{"line":65,"column":18},"end":{"line":65,"column":23}},"62":{"start":{"line":66,"column":18},"end":{"line":66,"column":23}},"63":{"start":{"line":67,"column":13},"end":{"line":67,"column":15}},"64":{"start":{"line":69,"column":4},"end":{"line":69,"column":18}},"65":{"start":{"line":72,"column":4},"end":{"line":72,"column":20}},"66":{"start":{"line":74,"column":0},"end":{"line":74,"column":31}},"67":{"start":{"line":75,"column":0},"end":{"line":75,"column":37}},"68":{"start":{"line":76,"column":0},"end":{"line":76,"column":37}},"69":{"start":{"line":77,"column":11},"end":{"line":77,"column":13}},"70":{"start":{"line":79,"column":4},"end":{"line":79,"column":16}},"71":{"start":{"line":82,"column":4},"end":{"line":82,"column":20}},"72":{"start":{"line":84,"column":0},"end":{"line":84,"column":27}},"73":{"start":{"line":85,"column":0},"end":{"line":85,"column":33}},"74":{"start":{"line":86,"column":0},"end":{"line":86,"column":33}},"75":{"start":{"line":88,"column":14},"end":{"line":88,"column":149}},"76":{"start":{"line":89,"column":0},"end":{"line":89,"column":29}},"77":{"start":{"line":90,"column":14},"end":{"line":90,"column":51}},"78":{"start":{"line":91,"column":0},"end":{"line":91,"column":29}},"79":{"start":{"line":92,"column":14},"end":{"line":92,"column":133}},"80":{"start":{"line":93,"column":0},"end":{"line":93,"column":29}},"81":{"start":{"line":94,"column":14},"end":{"line":94,"column":51}},"82":{"start":{"line":96,"column":0},"end":{"line":96,"column":29}},"83":{"start":{"line":97,"column":14},"end":{"line":97,"column":127}},"84":{"start":{"line":98,"column":0},"end":{"line":98,"column":29}},"85":{"start":{"line":99,"column":14},"end":{"line":99,"column":51}},"86":{"start":{"line":101,"column":0},"end":{"line":101,"column":29}},"87":{"start":{"line":102,"column":14},"end":{"line":102,"column":133}},"88":{"start":{"line":103,"column":0},"end":{"line":103,"column":29}},"89":{"start":{"line":104,"column":14},"end":{"line":104,"column":51}},"90":{"start":{"line":106,"column":0},"end":{"line":106,"column":29}},"91":{"start":{"line":107,"column":14},"end":{"line":107,"column":127}},"92":{"start":{"line":108,"column":0},"end":{"line":108,"column":29}},"93":{"start":{"line":109,"column":14},"end":{"line":109,"column":51}},"94":{"start":{"line":111,"column":0},"end":{"line":111,"column":29}},"95":{"start":{"line":112,"column":14},"end":{"line":112,"column":129}},"96":{"start":{"line":113,"column":0},"end":{"line":113,"column":29}},"97":{"start":{"line":114,"column":14},"end":{"line":114,"column":51}},"98":{"start":{"line":116,"column":0},"end":{"line":116,"column":29}},"99":{"start":{"line":117,"column":24},"end":{"line":117,"column":58}},"100":{"start":{"line":118,"column":24},"end":{"line":118,"column":58}},"101":{"start":{"line":119,"column":26},"end":{"line":119,"column":62}},"102":{"start":{"line":120,"column":25},"end":{"line":120,"column":60}},"103":{"start":{"line":121,"column":25},"end":{"line":121,"column":60}},"104":{"start":{"line":122,"column":24},"end":{"line":122,"column":58}},"105":{"start":{"line":123,"column":20},"end":{"line":123,"column":58}},"106":{"start":{"line":124,"column":20},"end":{"line":124,"column":58}},"107":{"start":{"line":125,"column":22},"end":{"line":125,"column":62}},"108":{"start":{"line":126,"column":21},"end":{"line":126,"column":60}},"109":{"start":{"line":127,"column":21},"end":{"line":127,"column":60}},"110":{"start":{"line":128,"column":20},"end":{"line":128,"column":58}},"111":{"start":{"line":129,"column":20},"end":{"line":129,"column":61}},"112":{"start":{"line":130,"column":22},"end":{"line":130,"column":62}},"113":{"start":{"line":133,"column":16},"end":{"line":133,"column":18}},"114":{"start":{"line":134,"column":23},"end":{"line":134,"column":25}},"115":{"start":{"line":135,"column":0},"end":{"line":135,"column":51}},"116":{"start":{"line":137,"column":4},"end":{"line":137,"column":28}},"117":{"start":{"line":139,"column":0},"end":{"line":139,"column":47}},"118":{"start":{"line":141,"column":4},"end":{"line":141,"column":34}},"119":{"start":{"line":143,"column":0},"end":{"line":143,"column":47}},"120":{"start":{"line":144,"column":22},"end":{"line":144,"column":24}},"121":{"start":{"line":145,"column":0},"end":{"line":145,"column":49}},"122":{"start":{"line":147,"column":4},"end":{"line":147,"column":27}},"123":{"start":{"line":149,"column":0},"end":{"line":149,"column":45}},"124":{"start":{"line":151,"column":4},"end":{"line":151,"column":33}},"125":{"start":{"line":153,"column":0},"end":{"line":153,"column":45}},"126":{"start":{"line":154,"column":23},"end":{"line":154,"column":25}},"127":{"start":{"line":155,"column":0},"end":{"line":155,"column":51}},"128":{"start":{"line":157,"column":4},"end":{"line":157,"column":28}},"129":{"start":{"line":159,"column":0},"end":{"line":159,"column":47}},"130":{"start":{"line":161,"column":4},"end":{"line":161,"column":34}},"131":{"start":{"line":163,"column":0},"end":{"line":163,"column":47}},"132":{"start":{"line":164,"column":23},"end":{"line":164,"column":25}},"133":{"start":{"line":165,"column":0},"end":{"line":165,"column":51}},"134":{"start":{"line":167,"column":4},"end":{"line":167,"column":28}},"135":{"start":{"line":169,"column":0},"end":{"line":169,"column":47}},"136":{"start":{"line":171,"column":4},"end":{"line":171,"column":34}},"137":{"start":{"line":173,"column":0},"end":{"line":173,"column":47}},"138":{"start":{"line":174,"column":16},"end":{"line":174,"column":58}},"139":{"start":{"line":174,"column":23},"end":{"line":174,"column":58}},"140":{"start":{"line":175,"column":15},"end":{"line":175,"column":17}},"141":{"start":{"line":176,"column":0},"end":{"line":176,"column":35}},"142":{"start":{"line":178,"column":4},"end":{"line":178,"column":20}},"143":{"start":{"line":181,"column":4},"end":{"line":181,"column":28}},"144":{"start":{"line":183,"column":0},"end":{"line":183,"column":41}},"145":{"start":{"line":184,"column":0},"end":{"line":184,"column":41}},"146":{"start":{"line":185,"column":16},"end":{"line":185,"column":29}},"147":{"start":{"line":187,"column":4},"end":{"line":187,"column":30}},"148":{"start":{"line":190,"column":4},"end":{"line":190,"column":21}},"149":{"start":{"line":192,"column":11},"end":{"line":192,"column":24}},"150":{"start":{"line":194,"column":4},"end":{"line":194,"column":20}},"151":{"start":{"line":197,"column":4},"end":{"line":197,"column":16}},"152":{"start":{"line":199,"column":0},"end":{"line":199,"column":33}},"153":{"start":{"line":200,"column":0},"end":{"line":200,"column":43}},"154":{"start":{"line":201,"column":0},"end":{"line":201,"column":33}},"155":{"start":{"line":202,"column":0},"end":{"line":202,"column":43}},"156":{"start":{"line":204,"column":15},"end":{"line":204,"column":16}},"157":{"start":{"line":205,"column":14},"end":{"line":205,"column":16}},"158":{"start":{"line":206,"column":18},"end":{"line":206,"column":19}},"159":{"start":{"line":207,"column":23},"end":{"line":207,"column":25}},"160":{"start":{"line":208,"column":22},"end":{"line":208,"column":27}},"161":{"start":{"line":209,"column":22},"end":{"line":209,"column":24}},"162":{"start":{"line":210,"column":12},"end":{"line":210,"column":14}},"163":{"start":{"line":212,"column":24},"end":{"line":212,"column":26}},"164":{"start":{"line":213,"column":18},"end":{"line":213,"column":19}},"165":{"start":{"line":214,"column":13},"end":{"line":214,"column":18}},"166":{"start":{"line":215,"column":14},"end":{"line":272,"column":1}},"167":{"start":{"line":274,"column":10},"end":{"line":274,"column":55}},"168":{"start":{"line":275,"column":14},"end":{"line":275,"column":16}},"169":{"start":{"line":276,"column":0},"end":{"line":276,"column":20}},"170":{"start":{"line":277,"column":0},"end":{"line":277,"column":16}},"171":{"start":{"line":280,"column":4},"end":{"line":280,"column":19}},"172":{"start":{"line":281,"column":4},"end":{"line":281,"column":54}},"173":{"start":{"line":282,"column":4},"end":{"line":282,"column":54}},"174":{"start":{"line":283,"column":4},"end":{"line":283,"column":54}},"175":{"start":{"line":284,"column":4},"end":{"line":284,"column":54}},"176":{"start":{"line":285,"column":4},"end":{"line":285,"column":54}},"177":{"start":{"line":286,"column":4},"end":{"line":286,"column":55}},"178":{"start":{"line":287,"column":4},"end":{"line":287,"column":55}},"179":{"start":{"line":288,"column":4},"end":{"line":288,"column":55}},"180":{"start":{"line":289,"column":4},"end":{"line":289,"column":59}},"181":{"start":{"line":290,"column":4},"end":{"line":290,"column":64}},"182":{"start":{"line":291,"column":4},"end":{"line":291,"column":57}},"183":{"start":{"line":292,"column":4},"end":{"line":292,"column":58}},"184":{"start":{"line":293,"column":4},"end":{"line":293,"column":58}},"185":{"start":{"line":294,"column":4},"end":{"line":294,"column":58}},"186":{"start":{"line":295,"column":4},"end":{"line":295,"column":58}},"187":{"start":{"line":296,"column":4},"end":{"line":296,"column":22}},"188":{"start":{"line":297,"column":4},"end":{"line":297,"column":21}},"189":{"start":{"line":298,"column":4},"end":{"line":298,"column":17}},"190":{"start":{"line":299,"column":4},"end":{"line":299,"column":20}},"191":{"start":{"line":300,"column":4},"end":{"line":300,"column":26}},"192":{"start":{"line":301,"column":4},"end":{"line":301,"column":28}},"193":{"start":{"line":302,"column":4},"end":{"line":302,"column":25}},"194":{"start":{"line":303,"column":4},"end":{"line":303,"column":22}},"195":{"start":{"line":304,"column":4},"end":{"line":304,"column":19}},"196":{"start":{"line":305,"column":4},"end":{"line":305,"column":23}},"197":{"start":{"line":306,"column":4},"end":{"line":306,"column":28}},"198":{"start":{"line":307,"column":4},"end":{"line":307,"column":17}},"199":{"start":{"line":308,"column":4},"end":{"line":308,"column":56}},"200":{"start":{"line":309,"column":4},"end":{"line":309,"column":39}},"201":{"start":{"line":310,"column":4},"end":{"line":311,"column":43}},"202":{"start":{"line":312,"column":4},"end":{"line":312,"column":39}},"203":{"start":{"line":313,"column":4},"end":{"line":314,"column":43}},"204":{"start":{"line":315,"column":4},"end":{"line":315,"column":40}},"205":{"start":{"line":316,"column":4},"end":{"line":317,"column":53}},"206":{"start":{"line":318,"column":4},"end":{"line":318,"column":18}},"207":{"start":{"line":319,"column":4},"end":{"line":319,"column":37}},"208":{"start":{"line":320,"column":4},"end":{"line":320,"column":36}},"209":{"start":{"line":321,"column":4},"end":{"line":321,"column":37}},"210":{"start":{"line":322,"column":4},"end":{"line":322,"column":37}},"211":{"start":{"line":323,"column":4},"end":{"line":323,"column":14}},"212":{"start":{"line":324,"column":4},"end":{"line":324,"column":16}},"213":{"start":{"line":325,"column":4},"end":{"line":325,"column":30}},"214":{"start":{"line":326,"column":4},"end":{"line":326,"column":25}},"215":{"start":{"line":330,"column":4},"end":{"line":330,"column":42}},"216":{"start":{"line":331,"column":4},"end":{"line":331,"column":57}},"217":{"start":{"line":332,"column":4},"end":{"line":332,"column":74}},"218":{"start":{"line":337,"column":4},"end":{"line":337,"column":17}},"219":{"start":{"line":338,"column":4},"end":{"line":338,"column":56}},"220":{"start":{"line":339,"column":4},"end":{"line":339,"column":39}},"221":{"start":{"line":340,"column":4},"end":{"line":341,"column":43}},"222":{"start":{"line":342,"column":4},"end":{"line":342,"column":39}},"223":{"start":{"line":343,"column":4},"end":{"line":344,"column":61}},"224":{"start":{"line":345,"column":4},"end":{"line":345,"column":40}},"225":{"start":{"line":346,"column":4},"end":{"line":347,"column":53}},"226":{"start":{"line":348,"column":4},"end":{"line":348,"column":18}},"227":{"start":{"line":349,"column":4},"end":{"line":349,"column":37}},"228":{"start":{"line":350,"column":4},"end":{"line":350,"column":36}},"229":{"start":{"line":351,"column":4},"end":{"line":351,"column":37}},"230":{"start":{"line":352,"column":4},"end":{"line":352,"column":37}},"231":{"start":{"line":353,"column":4},"end":{"line":353,"column":14}},"232":{"start":{"line":354,"column":4},"end":{"line":354,"column":16}},"233":{"start":{"line":355,"column":4},"end":{"line":355,"column":22}},"234":{"start":{"line":356,"column":4},"end":{"line":356,"column":24}},"235":{"start":{"line":357,"column":4},"end":{"line":357,"column":24}},"236":{"start":{"line":358,"column":4},"end":{"line":358,"column":30}},"237":{"start":{"line":359,"column":4},"end":{"line":364,"column":5}},"238":{"start":{"line":360,"column":2},"end":{"line":360,"column":20}},"239":{"start":{"line":363,"column":2},"end":{"line":363,"column":20}},"240":{"start":{"line":365,"column":0},"end":{"line":365,"column":43}},"241":{"start":{"line":366,"column":0},"end":{"line":366,"column":17}},"242":{"start":{"line":367,"column":16},"end":{"line":367,"column":55}},"243":{"start":{"line":370,"column":0},"end":{"line":385,"column":3}},"244":{"start":{"line":372,"column":1},"end":{"line":372,"column":40}},"245":{"start":{"line":372,"column":18},"end":{"line":372,"column":40}},"246":{"start":{"line":373,"column":1},"end":{"line":373,"column":48}},"247":{"start":{"line":376,"column":16},"end":{"line":376,"column":43}},"248":{"start":{"line":377,"column":16},"end":{"line":377,"column":57}},"249":{"start":{"line":378,"column":16},"end":{"line":378,"column":45}},"250":{"start":{"line":379,"column":16},"end":{"line":379,"column":39}},"251":{"start":{"line":380,"column":16},"end":{"line":382,"column":17}},"252":{"start":{"line":381,"column":20},"end":{"line":381,"column":60}},"253":{"start":{"line":383,"column":16},"end":{"line":383,"column":37}},"254":{"start":{"line":387,"column":0},"end":{"line":387,"column":41}},"255":{"start":{"line":388,"column":0},"end":{"line":388,"column":45}},"256":{"start":{"line":395,"column":20},"end":{"line":395,"column":34}},"257":{"start":{"line":396,"column":0},"end":{"line":396,"column":23}},"258":{"start":{"line":397,"column":0},"end":{"line":399,"column":1}},"259":{"start":{"line":398,"column":4},"end":{"line":398,"column":17}},"260":{"start":{"line":401,"column":0},"end":{"line":401,"column":20}},"261":{"start":{"line":402,"column":0},"end":{"line":486,"column":1}},"262":{"start":{"line":402,"column":10},"end":{"line":402,"column":11}},"263":{"start":{"line":403,"column":4},"end":{"line":403,"column":35}},"264":{"start":{"line":404,"column":4},"end":{"line":410,"column":5}},"265":{"start":{"line":405,"column":8},"end":{"line":405,"column":20}},"266":{"start":{"line":406,"column":8},"end":{"line":406,"column":33}},"267":{"start":{"line":409,"column":8},"end":{"line":409,"column":30}},"268":{"start":{"line":411,"column":4},"end":{"line":484,"column":5}},"269":{"start":{"line":414,"column":12},"end":{"line":414,"column":74}},"270":{"start":{"line":417,"column":12},"end":{"line":422,"column":13}},"271":{"start":{"line":418,"column":16},"end":{"line":418,"column":43}},"272":{"start":{"line":421,"column":16},"end":{"line":421,"column":44}},"273":{"start":{"line":423,"column":12},"end":{"line":423,"column":18}},"274":{"start":{"line":426,"column":12},"end":{"line":426,"column":74}},"275":{"start":{"line":429,"column":12},"end":{"line":434,"column":13}},"276":{"start":{"line":430,"column":16},"end":{"line":430,"column":43}},"277":{"start":{"line":433,"column":16},"end":{"line":433,"column":44}},"278":{"start":{"line":435,"column":12},"end":{"line":435,"column":18}},"279":{"start":{"line":438,"column":12},"end":{"line":438,"column":76}},"280":{"start":{"line":441,"column":12},"end":{"line":446,"column":13}},"281":{"start":{"line":442,"column":16},"end":{"line":442,"column":45}},"282":{"start":{"line":445,"column":16},"end":{"line":445,"column":46}},"283":{"start":{"line":447,"column":12},"end":{"line":447,"column":18}},"284":{"start":{"line":450,"column":12},"end":{"line":450,"column":75}},"285":{"start":{"line":453,"column":12},"end":{"line":458,"column":13}},"286":{"start":{"line":454,"column":16},"end":{"line":454,"column":44}},"287":{"start":{"line":457,"column":16},"end":{"line":457,"column":45}},"288":{"start":{"line":459,"column":12},"end":{"line":459,"column":18}},"289":{"start":{"line":462,"column":12},"end":{"line":462,"column":75}},"290":{"start":{"line":465,"column":12},"end":{"line":470,"column":13}},"291":{"start":{"line":466,"column":16},"end":{"line":466,"column":44}},"292":{"start":{"line":469,"column":16},"end":{"line":469,"column":45}},"293":{"start":{"line":471,"column":12},"end":{"line":471,"column":18}},"294":{"start":{"line":474,"column":12},"end":{"line":474,"column":74}},"295":{"start":{"line":477,"column":12},"end":{"line":482,"column":13}},"296":{"start":{"line":478,"column":16},"end":{"line":478,"column":43}},"297":{"start":{"line":481,"column":16},"end":{"line":481,"column":44}},"298":{"start":{"line":483,"column":12},"end":{"line":483,"column":18}},"299":{"start":{"line":487,"column":0},"end":{"line":487,"column":23}},"300":{"start":{"line":488,"column":0},"end":{"line":488,"column":18}},"301":{"start":{"line":489,"column":16},"end":{"line":489,"column":51}},"302":{"start":{"line":490,"column":14},"end":{"line":490,"column":19}},"303":{"start":{"line":491,"column":0},"end":{"line":491,"column":68}},"304":{"start":{"line":493,"column":0},"end":{"line":493,"column":36}},"305":{"start":{"line":494,"column":0},"end":{"line":494,"column":36}},"306":{"start":{"line":495,"column":0},"end":{"line":495,"column":68}},"307":{"start":{"line":497,"column":0},"end":{"line":497,"column":36}},"308":{"start":{"line":498,"column":0},"end":{"line":498,"column":36}},"309":{"start":{"line":499,"column":0},"end":{"line":499,"column":68}},"310":{"start":{"line":501,"column":0},"end":{"line":501,"column":35}},"311":{"start":{"line":502,"column":0},"end":{"line":502,"column":35}},"312":{"start":{"line":503,"column":0},"end":{"line":538,"column":1}},"313":{"start":{"line":504,"column":4},"end":{"line":504,"column":72}},"314":{"start":{"line":506,"column":4},"end":{"line":506,"column":40}},"315":{"start":{"line":507,"column":4},"end":{"line":507,"column":40}},"316":{"start":{"line":508,"column":4},"end":{"line":508,"column":72}},"317":{"start":{"line":510,"column":4},"end":{"line":510,"column":40}},"318":{"start":{"line":511,"column":4},"end":{"line":511,"column":40}},"319":{"start":{"line":512,"column":4},"end":{"line":512,"column":74}},"320":{"start":{"line":514,"column":4},"end":{"line":514,"column":40}},"321":{"start":{"line":515,"column":4},"end":{"line":515,"column":40}},"322":{"start":{"line":516,"column":4},"end":{"line":516,"column":74}},"323":{"start":{"line":518,"column":4},"end":{"line":518,"column":39}},"324":{"start":{"line":519,"column":4},"end":{"line":519,"column":39}},"325":{"start":{"line":520,"column":4},"end":{"line":520,"column":74}},"326":{"start":{"line":522,"column":4},"end":{"line":522,"column":40}},"327":{"start":{"line":523,"column":4},"end":{"line":523,"column":40}},"328":{"start":{"line":526,"column":4},"end":{"line":526,"column":72}},"329":{"start":{"line":528,"column":4},"end":{"line":528,"column":40}},"330":{"start":{"line":529,"column":4},"end":{"line":529,"column":40}},"331":{"start":{"line":530,"column":4},"end":{"line":530,"column":72}},"332":{"start":{"line":532,"column":4},"end":{"line":532,"column":40}},"333":{"start":{"line":533,"column":4},"end":{"line":533,"column":40}},"334":{"start":{"line":534,"column":4},"end":{"line":534,"column":74}},"335":{"start":{"line":536,"column":4},"end":{"line":536,"column":39}},"336":{"start":{"line":537,"column":4},"end":{"line":537,"column":39}},"337":{"start":{"line":539,"column":0},"end":{"line":539,"column":33}},"338":{"start":{"line":540,"column":0},"end":{"line":540,"column":22}},"339":{"start":{"line":553,"column":0},"end":{"line":553,"column":29}},"340":{"start":{"line":554,"column":0},"end":{"line":554,"column":44}},"341":{"start":{"line":556,"column":0},"end":{"line":556,"column":43}},"342":{"start":{"line":557,"column":0},"end":{"line":557,"column":43}},"343":{"start":{"line":558,"column":0},"end":{"line":558,"column":41}},"344":{"start":{"line":559,"column":0},"end":{"line":561,"column":1}},"345":{"start":{"line":560,"column":4},"end":{"line":560,"column":47}},"346":{"start":{"line":562,"column":0},"end":{"line":562,"column":53}},"347":{"start":{"line":563,"column":0},"end":{"line":563,"column":70}},"348":{"start":{"line":565,"column":0},"end":{"line":565,"column":37}},"349":{"start":{"line":566,"column":0},"end":{"line":566,"column":30}},"350":{"start":{"line":570,"column":4},"end":{"line":570,"column":16}},"351":{"start":{"line":571,"column":4},"end":{"line":571,"column":14}},"352":{"start":{"line":572,"column":4},"end":{"line":654,"column":1}},"353":{"start":{"line":572,"column":15},"end":{"line":572,"column":16}},"354":{"start":{"line":573,"column":8},"end":{"line":573,"column":34}},"355":{"start":{"line":574,"column":8},"end":{"line":574,"column":29}},"356":{"start":{"line":575,"column":8},"end":{"line":652,"column":1}},"357":{"start":{"line":577,"column":12},"end":{"line":589,"column":13}},"358":{"start":{"line":578,"column":16},"end":{"line":578,"column":34}},"359":{"start":{"line":579,"column":16},"end":{"line":579,"column":50}},"360":{"start":{"line":580,"column":16},"end":{"line":580,"column":36}},"361":{"start":{"line":581,"column":16},"end":{"line":581,"column":48}},"362":{"start":{"line":582,"column":16},"end":{"line":582,"column":50}},"363":{"start":{"line":583,"column":16},"end":{"line":583,"column":44}},"364":{"start":{"line":584,"column":16},"end":{"line":584,"column":35}},"365":{"start":{"line":587,"column":16},"end":{"line":587,"column":46}},"366":{"start":{"line":588,"column":16},"end":{"line":588,"column":42}},"367":{"start":{"line":590,"column":12},"end":{"line":590,"column":18}},"368":{"start":{"line":592,"column":12},"end":{"line":601,"column":13}},"369":{"start":{"line":593,"column":16},"end":{"line":593,"column":50}},"370":{"start":{"line":594,"column":16},"end":{"line":594,"column":48}},"371":{"start":{"line":595,"column":16},"end":{"line":595,"column":50}},"372":{"start":{"line":596,"column":16},"end":{"line":596,"column":44}},"373":{"start":{"line":599,"column":16},"end":{"line":599,"column":46}},"374":{"start":{"line":600,"column":16},"end":{"line":600,"column":42}},"375":{"start":{"line":602,"column":12},"end":{"line":602,"column":18}},"376":{"start":{"line":604,"column":12},"end":{"line":613,"column":13}},"377":{"start":{"line":605,"column":16},"end":{"line":605,"column":50}},"378":{"start":{"line":606,"column":16},"end":{"line":606,"column":48}},"379":{"start":{"line":607,"column":16},"end":{"line":607,"column":50}},"380":{"start":{"line":608,"column":16},"end":{"line":608,"column":44}},"381":{"start":{"line":611,"column":16},"end":{"line":611,"column":46}},"382":{"start":{"line":612,"column":16},"end":{"line":612,"column":42}},"383":{"start":{"line":614,"column":12},"end":{"line":614,"column":18}},"384":{"start":{"line":616,"column":12},"end":{"line":625,"column":13}},"385":{"start":{"line":617,"column":16},"end":{"line":617,"column":50}},"386":{"start":{"line":618,"column":16},"end":{"line":618,"column":48}},"387":{"start":{"line":619,"column":16},"end":{"line":619,"column":50}},"388":{"start":{"line":620,"column":16},"end":{"line":620,"column":44}},"389":{"start":{"line":623,"column":16},"end":{"line":623,"column":46}},"390":{"start":{"line":624,"column":16},"end":{"line":624,"column":42}},"391":{"start":{"line":626,"column":12},"end":{"line":626,"column":18}},"392":{"start":{"line":628,"column":12},"end":{"line":637,"column":13}},"393":{"start":{"line":629,"column":16},"end":{"line":629,"column":50}},"394":{"start":{"line":630,"column":16},"end":{"line":630,"column":48}},"395":{"start":{"line":631,"column":16},"end":{"line":631,"column":50}},"396":{"start":{"line":632,"column":16},"end":{"line":632,"column":44}},"397":{"start":{"line":635,"column":16},"end":{"line":635,"column":46}},"398":{"start":{"line":636,"column":16},"end":{"line":636,"column":42}},"399":{"start":{"line":638,"column":12},"end":{"line":638,"column":18}},"400":{"start":{"line":640,"column":12},"end":{"line":649,"column":13}},"401":{"start":{"line":641,"column":16},"end":{"line":641,"column":50}},"402":{"start":{"line":642,"column":16},"end":{"line":642,"column":48}},"403":{"start":{"line":643,"column":16},"end":{"line":643,"column":50}},"404":{"start":{"line":644,"column":16},"end":{"line":644,"column":44}},"405":{"start":{"line":647,"column":16},"end":{"line":647,"column":46}},"406":{"start":{"line":648,"column":16},"end":{"line":648,"column":42}},"407":{"start":{"line":650,"column":12},"end":{"line":650,"column":18}},"408":{"start":{"line":657,"column":0},"end":{"line":657,"column":35}},"409":{"start":{"line":658,"column":0},"end":{"line":658,"column":51}},"410":{"start":{"line":662,"column":19},"end":{"line":662,"column":21}},"411":{"start":{"line":664,"column":12},"end":{"line":664,"column":16}},"412":{"start":{"line":666,"column":10},"end":{"line":666,"column":12}},"413":{"start":{"line":667,"column":2},"end":{"line":695,"column":3}},"414":{"start":{"line":668,"column":6},"end":{"line":693,"column":5}},"415":{"start":{"line":669,"column":8},"end":{"line":669,"column":16}},"416":{"start":{"line":670,"column":8},"end":{"line":670,"column":41}},"417":{"start":{"line":671,"column":8},"end":{"line":671,"column":31}},"418":{"start":{"line":672,"column":8},"end":{"line":672,"column":37}},"419":{"start":{"line":673,"column":8},"end":{"line":673,"column":57}},"420":{"start":{"line":675,"column":26},"end":{"line":675,"column":37}},"421":{"start":{"line":676,"column":24},"end":{"line":676,"column":35}},"422":{"start":{"line":678,"column":24},"end":{"line":686,"column":9}},"423":{"start":{"line":687,"column":8},"end":{"line":687,"column":35}},"424":{"start":{"line":689,"column":8},"end":{"line":689,"column":31}},"425":{"start":{"line":696,"column":2},"end":{"line":696,"column":23}},"426":{"start":{"line":698,"column":0},"end":{"line":698,"column":35}},"427":{"start":{"line":703,"column":28},"end":{"line":703,"column":65}},"428":{"start":{"line":704,"column":4},"end":{"line":712,"column":5}},"429":{"start":{"line":704,"column":14},"end":{"line":704,"column":15}},"430":{"start":{"line":705,"column":8},"end":{"line":705,"column":38}},"431":{"start":{"line":708,"column":8},"end":{"line":708,"column":38}},"432":{"start":{"line":711,"column":8},"end":{"line":711,"column":134}},"433":{"start":{"line":714,"column":0},"end":{"line":714,"column":35}},"434":{"start":{"line":717,"column":14},"end":{"line":717,"column":18}},"435":{"start":{"line":718,"column":12},"end":{"line":718,"column":13}},"436":{"start":{"line":721,"column":4},"end":{"line":736,"column":5}},"437":{"start":{"line":722,"column":8},"end":{"line":722,"column":41}},"438":{"start":{"line":723,"column":8},"end":{"line":723,"column":31}},"439":{"start":{"line":724,"column":8},"end":{"line":724,"column":31}},"440":{"start":{"line":725,"column":8},"end":{"line":735,"column":9}},"441":{"start":{"line":727,"column":12},"end":{"line":727,"column":35}},"442":{"start":{"line":728,"column":12},"end":{"line":728,"column":41}},"443":{"start":{"line":729,"column":12},"end":{"line":729,"column":61}},"444":{"start":{"line":731,"column":13},"end":{"line":735,"column":9}},"445":{"start":{"line":732,"column":12},"end":{"line":732,"column":35}},"446":{"start":{"line":733,"column":12},"end":{"line":733,"column":39}},"447":{"start":{"line":734,"column":12},"end":{"line":734,"column":61}},"448":{"start":{"line":738,"column":0},"end":{"line":738,"column":35}},"449":{"start":{"line":742,"column":4},"end":{"line":787,"column":5}},"450":{"start":{"line":743,"column":14},"end":{"line":743,"column":18}},"451":{"start":{"line":744,"column":12},"end":{"line":744,"column":13}},"452":{"start":{"line":746,"column":4},"end":{"line":746,"column":31}},"453":{"start":{"line":747,"column":4},"end":{"line":747,"column":19}},"454":{"start":{"line":748,"column":4},"end":{"line":748,"column":19}},"455":{"start":{"line":750,"column":4},"end":{"line":781,"column":5}},"456":{"start":{"line":751,"column":8},"end":{"line":756,"column":9}},"457":{"start":{"line":752,"column":12},"end":{"line":752,"column":28}},"458":{"start":{"line":755,"column":12},"end":{"line":755,"column":28}},"459":{"start":{"line":758,"column":9},"end":{"line":781,"column":5}},"460":{"start":{"line":759,"column":8},"end":{"line":764,"column":9}},"461":{"start":{"line":760,"column":12},"end":{"line":760,"column":28}},"462":{"start":{"line":763,"column":12},"end":{"line":763,"column":28}},"463":{"start":{"line":766,"column":9},"end":{"line":781,"column":5}},"464":{"start":{"line":767,"column":8},"end":{"line":772,"column":9}},"465":{"start":{"line":768,"column":12},"end":{"line":768,"column":28}},"466":{"start":{"line":771,"column":12},"end":{"line":771,"column":28}},"467":{"start":{"line":775,"column":8},"end":{"line":780,"column":9}},"468":{"start":{"line":776,"column":12},"end":{"line":776,"column":28}},"469":{"start":{"line":779,"column":12},"end":{"line":779,"column":28}},"470":{"start":{"line":782,"column":4},"end":{"line":782,"column":94}},"471":{"start":{"line":782,"column":24},"end":{"line":782,"column":73}},"472":{"start":{"line":783,"column":4},"end":{"line":783,"column":27}},"473":{"start":{"line":784,"column":4},"end":{"line":784,"column":34}},"474":{"start":{"line":785,"column":4},"end":{"line":785,"column":75}},"475":{"start":{"line":789,"column":0},"end":{"line":789,"column":37}},"476":{"start":{"line":793,"column":4},"end":{"line":796,"column":5}},"477":{"start":{"line":794,"column":8},"end":{"line":794,"column":37}},"478":{"start":{"line":795,"column":8},"end":{"line":795,"column":37}},"479":{"start":{"line":801,"column":0},"end":{"line":801,"column":45}},"480":{"start":{"line":804,"column":4},"end":{"line":804,"column":32}},"481":{"start":{"line":805,"column":4},"end":{"line":805,"column":59}},"482":{"start":{"line":806,"column":4},"end":{"line":806,"column":13}},"483":{"start":{"line":808,"column":0},"end":{"line":808,"column":41}},"484":{"start":{"line":812,"column":4},"end":{"line":820,"column":5}},"485":{"start":{"line":813,"column":8},"end":{"line":813,"column":28}},"486":{"start":{"line":815,"column":9},"end":{"line":820,"column":5}},"487":{"start":{"line":816,"column":8},"end":{"line":816,"column":28}},"488":{"start":{"line":819,"column":8},"end":{"line":819,"column":29}},"489":{"start":{"line":821,"column":4},"end":{"line":821,"column":48}},"490":{"start":{"line":822,"column":12},"end":{"line":822,"column":13}},"491":{"start":{"line":823,"column":4},"end":{"line":823,"column":25}},"492":{"start":{"line":824,"column":4},"end":{"line":827,"column":5}},"493":{"start":{"line":825,"column":19},"end":{"line":825,"column":30}},"494":{"start":{"line":826,"column":8},"end":{"line":826,"column":36}},"495":{"start":{"line":828,"column":4},"end":{"line":828,"column":25}},"496":{"start":{"line":829,"column":4},"end":{"line":829,"column":20}},"497":{"start":{"line":830,"column":4},"end":{"line":830,"column":22}},"498":{"start":{"line":832,"column":0},"end":{"line":832,"column":35}},"499":{"start":{"line":836,"column":17},"end":{"line":836,"column":28}},"500":{"start":{"line":837,"column":14},"end":{"line":837,"column":15}},"501":{"start":{"line":837,"column":21},"end":{"line":837,"column":26}},"502":{"start":{"line":838,"column":4},"end":{"line":843,"column":5}},"503":{"start":{"line":839,"column":8},"end":{"line":839,"column":30}},"504":{"start":{"line":841,"column":9},"end":{"line":843,"column":5}},"505":{"start":{"line":842,"column":8},"end":{"line":842,"column":28}},"506":{"start":{"line":844,"column":4},"end":{"line":848,"column":5}},"507":{"start":{"line":846,"column":8},"end":{"line":846,"column":66}},"508":{"start":{"line":847,"column":8},"end":{"line":847,"column":20}},"509":{"start":{"line":850,"column":4},"end":{"line":850,"column":18}},"510":{"start":{"line":852,"column":0},"end":{"line":852,"column":39}},"511":{"start":{"line":856,"column":4},"end":{"line":856,"column":40}},"512":{"start":{"line":857,"column":4},"end":{"line":858,"column":53}},"513":{"start":{"line":860,"column":4},"end":{"line":868,"column":5}},"514":{"start":{"line":861,"column":8},"end":{"line":861,"column":42}},"515":{"start":{"line":862,"column":8},"end":{"line":862,"column":42}},"516":{"start":{"line":863,"column":8},"end":{"line":863,"column":32}},"517":{"start":{"line":864,"column":18},"end":{"line":864,"column":22}},"518":{"start":{"line":865,"column":17},"end":{"line":865,"column":35}},"519":{"start":{"line":866,"column":17},"end":{"line":866,"column":35}},"520":{"start":{"line":867,"column":8},"end":{"line":867,"column":80}},"521":{"start":{"line":869,"column":4},"end":{"line":966,"column":7}},"522":{"start":{"line":870,"column":8},"end":{"line":870,"column":33}},"523":{"start":{"line":872,"column":8},"end":{"line":965,"column":9}},"524":{"start":{"line":872,"column":19},"end":{"line":872,"column":20}},"525":{"start":{"line":873,"column":23},"end":{"line":873,"column":27}},"526":{"start":{"line":874,"column":12},"end":{"line":964,"column":13}},"527":{"start":{"line":876,"column":32},"end":{"line":876,"column":41}},"528":{"start":{"line":877,"column":32},"end":{"line":877,"column":53}},"529":{"start":{"line":878,"column":20},"end":{"line":878,"column":50}},"530":{"start":{"line":879,"column":20},"end":{"line":879,"column":44}},"531":{"start":{"line":880,"column":20},"end":{"line":880,"column":51}},"532":{"start":{"line":881,"column":20},"end":{"line":881,"column":95}},"533":{"start":{"line":882,"column":20},"end":{"line":882,"column":26}},"534":{"start":{"line":884,"column":32},"end":{"line":884,"column":41}},"535":{"start":{"line":885,"column":32},"end":{"line":885,"column":53}},"536":{"start":{"line":887,"column":20},"end":{"line":887,"column":50}},"537":{"start":{"line":888,"column":20},"end":{"line":888,"column":44}},"538":{"start":{"line":889,"column":20},"end":{"line":889,"column":51}},"539":{"start":{"line":890,"column":20},"end":{"line":890,"column":96}},"540":{"start":{"line":891,"column":20},"end":{"line":891,"column":26}},"541":{"start":{"line":893,"column":32},"end":{"line":893,"column":41}},"542":{"start":{"line":894,"column":32},"end":{"line":894,"column":53}},"543":{"start":{"line":896,"column":20},"end":{"line":896,"column":50}},"544":{"start":{"line":897,"column":20},"end":{"line":897,"column":44}},"545":{"start":{"line":898,"column":20},"end":{"line":898,"column":51}},"546":{"start":{"line":899,"column":20},"end":{"line":899,"column":95}},"547":{"start":{"line":900,"column":20},"end":{"line":900,"column":26}},"548":{"start":{"line":902,"column":32},"end":{"line":902,"column":41}},"549":{"start":{"line":903,"column":32},"end":{"line":903,"column":53}},"550":{"start":{"line":905,"column":20},"end":{"line":905,"column":50}},"551":{"start":{"line":906,"column":20},"end":{"line":906,"column":44}},"552":{"start":{"line":907,"column":20},"end":{"line":907,"column":51}},"553":{"start":{"line":908,"column":20},"end":{"line":908,"column":96}},"554":{"start":{"line":909,"column":20},"end":{"line":909,"column":26}},"555":{"start":{"line":911,"column":32},"end":{"line":911,"column":41}},"556":{"start":{"line":912,"column":32},"end":{"line":912,"column":53}},"557":{"start":{"line":914,"column":20},"end":{"line":914,"column":50}},"558":{"start":{"line":915,"column":20},"end":{"line":915,"column":44}},"559":{"start":{"line":916,"column":20},"end":{"line":916,"column":51}},"560":{"start":{"line":917,"column":20},"end":{"line":917,"column":95}},"561":{"start":{"line":918,"column":20},"end":{"line":918,"column":26}},"562":{"start":{"line":920,"column":32},"end":{"line":920,"column":41}},"563":{"start":{"line":921,"column":32},"end":{"line":921,"column":53}},"564":{"start":{"line":923,"column":20},"end":{"line":923,"column":50}},"565":{"start":{"line":924,"column":20},"end":{"line":924,"column":44}},"566":{"start":{"line":925,"column":20},"end":{"line":925,"column":51}},"567":{"start":{"line":926,"column":20},"end":{"line":926,"column":96}},"568":{"start":{"line":927,"column":20},"end":{"line":927,"column":26}},"569":{"start":{"line":929,"column":32},"end":{"line":929,"column":41}},"570":{"start":{"line":930,"column":32},"end":{"line":930,"column":53}},"571":{"start":{"line":932,"column":20},"end":{"line":932,"column":50}},"572":{"start":{"line":933,"column":20},"end":{"line":933,"column":44}},"573":{"start":{"line":934,"column":20},"end":{"line":934,"column":51}},"574":{"start":{"line":935,"column":20},"end":{"line":935,"column":95}},"575":{"start":{"line":936,"column":20},"end":{"line":936,"column":26}},"576":{"start":{"line":938,"column":32},"end":{"line":938,"column":41}},"577":{"start":{"line":939,"column":32},"end":{"line":939,"column":53}},"578":{"start":{"line":941,"column":20},"end":{"line":941,"column":50}},"579":{"start":{"line":942,"column":20},"end":{"line":942,"column":44}},"580":{"start":{"line":943,"column":20},"end":{"line":943,"column":51}},"581":{"start":{"line":944,"column":20},"end":{"line":944,"column":96}},"582":{"start":{"line":945,"column":20},"end":{"line":945,"column":26}},"583":{"start":{"line":947,"column":32},"end":{"line":947,"column":41}},"584":{"start":{"line":948,"column":32},"end":{"line":948,"column":53}},"585":{"start":{"line":950,"column":20},"end":{"line":950,"column":50}},"586":{"start":{"line":951,"column":20},"end":{"line":951,"column":44}},"587":{"start":{"line":952,"column":20},"end":{"line":952,"column":51}},"588":{"start":{"line":953,"column":20},"end":{"line":953,"column":95}},"589":{"start":{"line":954,"column":20},"end":{"line":954,"column":26}},"590":{"start":{"line":956,"column":32},"end":{"line":956,"column":41}},"591":{"start":{"line":957,"column":32},"end":{"line":957,"column":53}},"592":{"start":{"line":959,"column":20},"end":{"line":959,"column":50}},"593":{"start":{"line":960,"column":20},"end":{"line":960,"column":44}},"594":{"start":{"line":961,"column":20},"end":{"line":961,"column":51}},"595":{"start":{"line":962,"column":20},"end":{"line":962,"column":96}},"596":{"start":{"line":963,"column":20},"end":{"line":963,"column":26}},"597":{"start":{"line":968,"column":0},"end":{"line":968,"column":39}},"598":{"start":{"line":969,"column":11},"end":{"line":969,"column":43}},"599":{"start":{"line":970,"column":15},"end":{"line":970,"column":48}},"600":{"start":{"line":971,"column":14},"end":{"line":971,"column":45}},"601":{"start":{"line":972,"column":14},"end":{"line":972,"column":35}},"602":{"start":{"line":977,"column":13},"end":{"line":977,"column":19}},"603":{"start":{"line":978,"column":13},"end":{"line":978,"column":19}},"604":{"start":{"line":979,"column":4},"end":{"line":979,"column":31}},"605":{"start":{"line":983,"column":4},"end":{"line":983,"column":24}},"606":{"start":{"line":986,"column":4},"end":{"line":986,"column":36}},"607":{"start":{"line":988,"column":0},"end":{"line":988,"column":49}},"608":{"start":{"line":989,"column":0},"end":{"line":989,"column":49}},"609":{"start":{"line":991,"column":0},"end":{"line":1013,"column":10}},"610":{"start":{"line":992,"column":12},"end":{"line":992,"column":23}},"611":{"start":{"line":993,"column":12},"end":{"line":993,"column":23}},"612":{"start":{"line":994,"column":4},"end":{"line":994,"column":19}},"613":{"start":{"line":995,"column":4},"end":{"line":995,"column":19}},"614":{"start":{"line":997,"column":4},"end":{"line":1011,"column":7}},"615":{"start":{"line":998,"column":8},"end":{"line":1010,"column":9}},"616":{"start":{"line":1000,"column":12},"end":{"line":1000,"column":38}},"617":{"start":{"line":1001,"column":12},"end":{"line":1001,"column":35}},"618":{"start":{"line":1002,"column":12},"end":{"line":1007,"column":13}},"619":{"start":{"line":1003,"column":16},"end":{"line":1003,"column":64}},"620":{"start":{"line":1006,"column":16},"end":{"line":1006,"column":42}},"621":{"start":{"line":1015,"column":20},"end":{"line":1015,"column":109}},"622":{"start":{"line":1015,"column":40},"end":{"line":1015,"column":101}},"623":{"start":{"line":1017,"column":4},"end":{"line":1042,"column":5}},"624":{"start":{"line":1019,"column":12},"end":{"line":1019,"column":40}},"625":{"start":{"line":1020,"column":12},"end":{"line":1020,"column":18}},"626":{"start":{"line":1022,"column":12},"end":{"line":1022,"column":40}},"627":{"start":{"line":1023,"column":12},"end":{"line":1023,"column":18}},"628":{"start":{"line":1025,"column":12},"end":{"line":1025,"column":40}},"629":{"start":{"line":1026,"column":12},"end":{"line":1026,"column":18}},"630":{"start":{"line":1028,"column":12},"end":{"line":1028,"column":40}},"631":{"start":{"line":1029,"column":12},"end":{"line":1029,"column":18}},"632":{"start":{"line":1031,"column":12},"end":{"line":1031,"column":39}},"633":{"start":{"line":1032,"column":12},"end":{"line":1032,"column":18}},"634":{"start":{"line":1034,"column":12},"end":{"line":1034,"column":39}},"635":{"start":{"line":1035,"column":12},"end":{"line":1035,"column":18}},"636":{"start":{"line":1037,"column":12},"end":{"line":1037,"column":40}},"637":{"start":{"line":1038,"column":12},"end":{"line":1038,"column":18}},"638":{"start":{"line":1040,"column":12},"end":{"line":1040,"column":40}},"639":{"start":{"line":1041,"column":12},"end":{"line":1041,"column":18}},"640":{"start":{"line":1047,"column":4},"end":{"line":1047,"column":34}},"641":{"start":{"line":1048,"column":4},"end":{"line":1050,"column":5}},"642":{"start":{"line":1048,"column":15},"end":{"line":1048,"column":16}},"643":{"start":{"line":1049,"column":8},"end":{"line":1049,"column":31}},"644":{"start":{"line":1051,"column":4},"end":{"line":1051,"column":30}},"645":{"start":{"line":1052,"column":4},"end":{"line":1052,"column":39}},"646":{"start":{"line":1053,"column":4},"end":{"line":1053,"column":115}},"647":{"start":{"line":1053,"column":24},"end":{"line":1053,"column":99}},"648":{"start":{"line":1054,"column":4},"end":{"line":1054,"column":39}},"649":{"start":{"line":1055,"column":4},"end":{"line":1056,"column":61}},"650":{"start":{"line":1057,"column":4},"end":{"line":1057,"column":47}},"651":{"start":{"line":1058,"column":4},"end":{"line":1058,"column":47}},"652":{"start":{"line":1059,"column":4},"end":{"line":1059,"column":45}},"653":{"start":{"line":1060,"column":4},"end":{"line":1060,"column":47}},"654":{"start":{"line":1062,"column":4},"end":{"line":1062,"column":26}},"655":{"start":{"line":1064,"column":0},"end":{"line":1064,"column":63}},"656":{"start":{"line":1065,"column":0},"end":{"line":1067,"column":2}},"657":{"start":{"line":1066,"column":4},"end":{"line":1066,"column":29}},"658":{"start":{"line":1070,"column":4},"end":{"line":1070,"column":34}},"659":{"start":{"line":1071,"column":4},"end":{"line":1073,"column":5}},"660":{"start":{"line":1071,"column":15},"end":{"line":1071,"column":16}},"661":{"start":{"line":1072,"column":8},"end":{"line":1072,"column":31}},"662":{"start":{"line":1074,"column":4},"end":{"line":1074,"column":34}},"663":{"start":{"line":1075,"column":4},"end":{"line":1075,"column":30}},"664":{"start":{"line":1076,"column":4},"end":{"line":1076,"column":39}},"665":{"start":{"line":1077,"column":4},"end":{"line":1077,"column":115}},"666":{"start":{"line":1077,"column":24},"end":{"line":1077,"column":99}},"667":{"start":{"line":1078,"column":4},"end":{"line":1078,"column":39}},"668":{"start":{"line":1079,"column":4},"end":{"line":1080,"column":61}},"669":{"start":{"line":1081,"column":4},"end":{"line":1081,"column":47}},"670":{"start":{"line":1082,"column":4},"end":{"line":1082,"column":47}},"671":{"start":{"line":1083,"column":4},"end":{"line":1083,"column":45}},"672":{"start":{"line":1084,"column":4},"end":{"line":1084,"column":47}},"673":{"start":{"line":1086,"column":4},"end":{"line":1086,"column":26}},"674":{"start":{"line":1088,"column":0},"end":{"line":1088,"column":63}},"675":{"start":{"line":1089,"column":0},"end":{"line":1091,"column":2}},"676":{"start":{"line":1090,"column":4},"end":{"line":1090,"column":29}},"677":{"start":{"line":1094,"column":4},"end":{"line":1096,"column":5}},"678":{"start":{"line":1094,"column":15},"end":{"line":1094,"column":16}},"679":{"start":{"line":1095,"column":8},"end":{"line":1095,"column":31}},"680":{"start":{"line":1097,"column":4},"end":{"line":1097,"column":39}},"681":{"start":{"line":1098,"column":4},"end":{"line":1098,"column":115}},"682":{"start":{"line":1098,"column":24},"end":{"line":1098,"column":99}},"683":{"start":{"line":1099,"column":4},"end":{"line":1099,"column":39}},"684":{"start":{"line":1100,"column":4},"end":{"line":1101,"column":61}},"685":{"start":{"line":1102,"column":4},"end":{"line":1102,"column":47}},"686":{"start":{"line":1103,"column":4},"end":{"line":1103,"column":47}},"687":{"start":{"line":1104,"column":4},"end":{"line":1104,"column":45}},"688":{"start":{"line":1105,"column":4},"end":{"line":1105,"column":47}},"689":{"start":{"line":1107,"column":4},"end":{"line":1107,"column":26}},"690":{"start":{"line":1109,"column":0},"end":{"line":1109,"column":63}},"691":{"start":{"line":1110,"column":0},"end":{"line":1112,"column":2}},"692":{"start":{"line":1111,"column":4},"end":{"line":1111,"column":29}},"693":{"start":{"line":1115,"column":4},"end":{"line":1115,"column":34}},"694":{"start":{"line":1116,"column":4},"end":{"line":1118,"column":5}},"695":{"start":{"line":1116,"column":15},"end":{"line":1116,"column":16}},"696":{"start":{"line":1117,"column":8},"end":{"line":1117,"column":31}},"697":{"start":{"line":1119,"column":4},"end":{"line":1119,"column":39}},"698":{"start":{"line":1120,"column":4},"end":{"line":1120,"column":115}},"699":{"start":{"line":1120,"column":24},"end":{"line":1120,"column":99}},"700":{"start":{"line":1121,"column":4},"end":{"line":1121,"column":39}},"701":{"start":{"line":1122,"column":4},"end":{"line":1123,"column":61}},"702":{"start":{"line":1124,"column":4},"end":{"line":1124,"column":47}},"703":{"start":{"line":1125,"column":4},"end":{"line":1125,"column":47}},"704":{"start":{"line":1126,"column":4},"end":{"line":1126,"column":45}},"705":{"start":{"line":1127,"column":4},"end":{"line":1127,"column":47}},"706":{"start":{"line":1129,"column":4},"end":{"line":1129,"column":26}},"707":{"start":{"line":1131,"column":0},"end":{"line":1131,"column":63}},"708":{"start":{"line":1132,"column":0},"end":{"line":1134,"column":2}},"709":{"start":{"line":1133,"column":4},"end":{"line":1133,"column":29}},"710":{"start":{"line":1137,"column":4},"end":{"line":1137,"column":34}},"711":{"start":{"line":1138,"column":4},"end":{"line":1140,"column":5}},"712":{"start":{"line":1138,"column":15},"end":{"line":1138,"column":16}},"713":{"start":{"line":1139,"column":8},"end":{"line":1139,"column":31}},"714":{"start":{"line":1141,"column":4},"end":{"line":1141,"column":38}},"715":{"start":{"line":1142,"column":4},"end":{"line":1142,"column":113}},"716":{"start":{"line":1142,"column":24},"end":{"line":1142,"column":97}},"717":{"start":{"line":1143,"column":4},"end":{"line":1143,"column":39}},"718":{"start":{"line":1144,"column":4},"end":{"line":1145,"column":61}},"719":{"start":{"line":1146,"column":4},"end":{"line":1146,"column":47}},"720":{"start":{"line":1147,"column":4},"end":{"line":1147,"column":47}},"721":{"start":{"line":1148,"column":4},"end":{"line":1148,"column":45}},"722":{"start":{"line":1149,"column":4},"end":{"line":1149,"column":47}},"723":{"start":{"line":1151,"column":4},"end":{"line":1151,"column":26}},"724":{"start":{"line":1153,"column":0},"end":{"line":1153,"column":61}},"725":{"start":{"line":1154,"column":0},"end":{"line":1156,"column":2}},"726":{"start":{"line":1155,"column":4},"end":{"line":1155,"column":28}},"727":{"start":{"line":1159,"column":4},"end":{"line":1159,"column":34}},"728":{"start":{"line":1160,"column":4},"end":{"line":1162,"column":5}},"729":{"start":{"line":1160,"column":15},"end":{"line":1160,"column":16}},"730":{"start":{"line":1161,"column":8},"end":{"line":1161,"column":31}},"731":{"start":{"line":1163,"column":4},"end":{"line":1163,"column":38}},"732":{"start":{"line":1164,"column":4},"end":{"line":1164,"column":113}},"733":{"start":{"line":1164,"column":24},"end":{"line":1164,"column":97}},"734":{"start":{"line":1165,"column":4},"end":{"line":1165,"column":39}},"735":{"start":{"line":1166,"column":4},"end":{"line":1167,"column":61}},"736":{"start":{"line":1168,"column":4},"end":{"line":1168,"column":47}},"737":{"start":{"line":1169,"column":4},"end":{"line":1169,"column":47}},"738":{"start":{"line":1170,"column":4},"end":{"line":1170,"column":45}},"739":{"start":{"line":1171,"column":4},"end":{"line":1171,"column":47}},"740":{"start":{"line":1173,"column":4},"end":{"line":1173,"column":26}},"741":{"start":{"line":1175,"column":0},"end":{"line":1175,"column":61}},"742":{"start":{"line":1176,"column":0},"end":{"line":1178,"column":2}},"743":{"start":{"line":1177,"column":4},"end":{"line":1177,"column":28}},"744":{"start":{"line":1181,"column":4},"end":{"line":1181,"column":34}},"745":{"start":{"line":1182,"column":4},"end":{"line":1184,"column":5}},"746":{"start":{"line":1182,"column":15},"end":{"line":1182,"column":16}},"747":{"start":{"line":1183,"column":8},"end":{"line":1183,"column":31}},"748":{"start":{"line":1185,"column":4},"end":{"line":1185,"column":39}},"749":{"start":{"line":1186,"column":4},"end":{"line":1186,"column":115}},"750":{"start":{"line":1186,"column":24},"end":{"line":1186,"column":99}},"751":{"start":{"line":1187,"column":4},"end":{"line":1187,"column":39}},"752":{"start":{"line":1188,"column":4},"end":{"line":1189,"column":61}},"753":{"start":{"line":1190,"column":4},"end":{"line":1190,"column":47}},"754":{"start":{"line":1191,"column":4},"end":{"line":1191,"column":47}},"755":{"start":{"line":1192,"column":4},"end":{"line":1192,"column":45}},"756":{"start":{"line":1193,"column":4},"end":{"line":1193,"column":47}},"757":{"start":{"line":1195,"column":4},"end":{"line":1195,"column":26}},"758":{"start":{"line":1197,"column":0},"end":{"line":1197,"column":63}},"759":{"start":{"line":1198,"column":0},"end":{"line":1200,"column":2}},"760":{"start":{"line":1199,"column":4},"end":{"line":1199,"column":29}},"761":{"start":{"line":1203,"column":4},"end":{"line":1203,"column":34}},"762":{"start":{"line":1204,"column":4},"end":{"line":1206,"column":5}},"763":{"start":{"line":1204,"column":15},"end":{"line":1204,"column":16}},"764":{"start":{"line":1205,"column":8},"end":{"line":1205,"column":31}},"765":{"start":{"line":1207,"column":4},"end":{"line":1207,"column":39}},"766":{"start":{"line":1208,"column":4},"end":{"line":1208,"column":115}},"767":{"start":{"line":1208,"column":24},"end":{"line":1208,"column":99}},"768":{"start":{"line":1209,"column":4},"end":{"line":1209,"column":39}},"769":{"start":{"line":1210,"column":4},"end":{"line":1211,"column":61}},"770":{"start":{"line":1212,"column":4},"end":{"line":1212,"column":47}},"771":{"start":{"line":1213,"column":4},"end":{"line":1213,"column":47}},"772":{"start":{"line":1214,"column":4},"end":{"line":1214,"column":45}},"773":{"start":{"line":1215,"column":4},"end":{"line":1215,"column":47}},"774":{"start":{"line":1217,"column":4},"end":{"line":1217,"column":26}},"775":{"start":{"line":1219,"column":0},"end":{"line":1219,"column":63}},"776":{"start":{"line":1220,"column":0},"end":{"line":1222,"column":2}},"777":{"start":{"line":1221,"column":4},"end":{"line":1221,"column":29}},"778":{"start":{"line":1225,"column":20},"end":{"line":1225,"column":109}},"779":{"start":{"line":1225,"column":40},"end":{"line":1225,"column":101}},"780":{"start":{"line":1226,"column":4},"end":{"line":1226,"column":29}},"781":{"start":{"line":1227,"column":4},"end":{"line":1253,"column":5}},"782":{"start":{"line":1229,"column":12},"end":{"line":1229,"column":40}},"783":{"start":{"line":1230,"column":12},"end":{"line":1230,"column":18}},"784":{"start":{"line":1232,"column":12},"end":{"line":1232,"column":40}},"785":{"start":{"line":1233,"column":12},"end":{"line":1233,"column":18}},"786":{"start":{"line":1235,"column":12},"end":{"line":1235,"column":40}},"787":{"start":{"line":1236,"column":12},"end":{"line":1236,"column":18}},"788":{"start":{"line":1238,"column":12},"end":{"line":1238,"column":40}},"789":{"start":{"line":1239,"column":12},"end":{"line":1239,"column":18}},"790":{"start":{"line":1241,"column":12},"end":{"line":1241,"column":39}},"791":{"start":{"line":1242,"column":12},"end":{"line":1242,"column":18}},"792":{"start":{"line":1244,"column":12},"end":{"line":1244,"column":39}},"793":{"start":{"line":1245,"column":12},"end":{"line":1245,"column":18}},"794":{"start":{"line":1247,"column":12},"end":{"line":1247,"column":40}},"795":{"start":{"line":1248,"column":12},"end":{"line":1248,"column":18}},"796":{"start":{"line":1250,"column":12},"end":{"line":1250,"column":40}},"797":{"start":{"line":1251,"column":12},"end":{"line":1251,"column":35}},"798":{"start":{"line":1252,"column":12},"end":{"line":1252,"column":18}},"799":{"start":{"line":1254,"column":20},"end":{"line":1254,"column":25}},"800":{"start":{"line":1255,"column":4},"end":{"line":1266,"column":5}},"801":{"start":{"line":1255,"column":15},"end":{"line":1255,"column":16}},"802":{"start":{"line":1257,"column":8},"end":{"line":1261,"column":9}},"803":{"start":{"line":1258,"column":12},"end":{"line":1258,"column":41}},"804":{"start":{"line":1259,"column":12},"end":{"line":1259,"column":26}},"805":{"start":{"line":1260,"column":12},"end":{"line":1260,"column":29}},"806":{"start":{"line":1262,"column":8},"end":{"line":1262,"column":31}},"807":{"start":{"line":1263,"column":8},"end":{"line":1265,"column":9}},"808":{"start":{"line":1264,"column":12},"end":{"line":1264,"column":36}},"809":{"start":{"line":1267,"column":4},"end":{"line":1267,"column":33}},"810":{"start":{"line":1270,"column":4},"end":{"line":1270,"column":39}},"811":{"start":{"line":1271,"column":4},"end":{"line":1272,"column":61}},"812":{"start":{"line":1273,"column":4},"end":{"line":1273,"column":47}},"813":{"start":{"line":1274,"column":4},"end":{"line":1274,"column":47}},"814":{"start":{"line":1275,"column":4},"end":{"line":1275,"column":45}},"815":{"start":{"line":1276,"column":4},"end":{"line":1276,"column":47}},"816":{"start":{"line":1278,"column":4},"end":{"line":1278,"column":26}},"817":{"start":{"line":1280,"column":0},"end":{"line":1280,"column":57}},"818":{"start":{"line":1281,"column":0},"end":{"line":1283,"column":2}},"819":{"start":{"line":1282,"column":4},"end":{"line":1282,"column":26}},"820":{"start":{"line":1286,"column":4},"end":{"line":1286,"column":56}},"821":{"start":{"line":1287,"column":4},"end":{"line":1287,"column":71}},"822":{"start":{"line":1288,"column":4},"end":{"line":1288,"column":28}},"823":{"start":{"line":1290,"column":0},"end":{"line":1290,"column":49}},"824":{"start":{"line":1291,"column":0},"end":{"line":1291,"column":76}},"825":{"start":{"line":1291,"column":57},"end":{"line":1291,"column":74}},"826":{"start":{"line":1293,"column":0},"end":{"line":1297,"column":2}},"827":{"start":{"line":1294,"column":4},"end":{"line":1294,"column":19}},"828":{"start":{"line":1295,"column":4},"end":{"line":1295,"column":24}},"829":{"start":{"line":1296,"column":4},"end":{"line":1296,"column":56}},"830":{"start":{"line":1299,"column":0},"end":{"line":1303,"column":6}},"831":{"start":{"line":1300,"column":4},"end":{"line":1300,"column":19}},"832":{"start":{"line":1301,"column":4},"end":{"line":1301,"column":24}},"833":{"start":{"line":1302,"column":4},"end":{"line":1302,"column":56}},"834":{"start":{"line":1307,"column":24},"end":{"line":1307,"column":62}},"835":{"start":{"line":1308,"column":4},"end":{"line":1313,"column":5}},"836":{"start":{"line":1309,"column":8},"end":{"line":1309,"column":20}},"837":{"start":{"line":1312,"column":8},"end":{"line":1312,"column":20}},"838":{"start":{"line":1314,"column":4},"end":{"line":1314,"column":39}},"839":{"start":{"line":1315,"column":4},"end":{"line":1316,"column":43}},"840":{"start":{"line":1317,"column":4},"end":{"line":1317,"column":14}},"841":{"start":{"line":1318,"column":4},"end":{"line":1318,"column":16}},"842":{"start":{"line":1319,"column":4},"end":{"line":1319,"column":37}},"843":{"start":{"line":1320,"column":4},"end":{"line":1320,"column":26}},"844":{"start":{"line":1321,"column":4},"end":{"line":1321,"column":48}},"845":{"start":{"line":1322,"column":4},"end":{"line":1322,"column":39}},"846":{"start":{"line":1323,"column":4},"end":{"line":1324,"column":61}},"847":{"start":{"line":1325,"column":4},"end":{"line":1325,"column":47}},"848":{"start":{"line":1326,"column":4},"end":{"line":1326,"column":47}},"849":{"start":{"line":1327,"column":4},"end":{"line":1327,"column":45}},"850":{"start":{"line":1328,"column":4},"end":{"line":1328,"column":47}},"851":{"start":{"line":1330,"column":0},"end":{"line":1330,"column":59}},"852":{"start":{"line":1331,"column":0},"end":{"line":1331,"column":57}},"853":{"start":{"line":1331,"column":33},"end":{"line":1331,"column":55}},"854":{"start":{"line":1335,"column":24},"end":{"line":1335,"column":62}},"855":{"start":{"line":1336,"column":4},"end":{"line":1341,"column":5}},"856":{"start":{"line":1337,"column":8},"end":{"line":1337,"column":20}},"857":{"start":{"line":1340,"column":8},"end":{"line":1340,"column":20}},"858":{"start":{"line":1342,"column":4},"end":{"line":1342,"column":39}},"859":{"start":{"line":1343,"column":4},"end":{"line":1344,"column":43}},"860":{"start":{"line":1345,"column":4},"end":{"line":1345,"column":14}},"861":{"start":{"line":1346,"column":4},"end":{"line":1346,"column":16}},"862":{"start":{"line":1347,"column":4},"end":{"line":1347,"column":37}},"863":{"start":{"line":1348,"column":4},"end":{"line":1348,"column":26}},"864":{"start":{"line":1349,"column":4},"end":{"line":1349,"column":48}},"865":{"start":{"line":1350,"column":4},"end":{"line":1350,"column":39}},"866":{"start":{"line":1351,"column":4},"end":{"line":1352,"column":61}},"867":{"start":{"line":1353,"column":4},"end":{"line":1353,"column":47}},"868":{"start":{"line":1354,"column":4},"end":{"line":1354,"column":47}},"869":{"start":{"line":1355,"column":4},"end":{"line":1355,"column":45}},"870":{"start":{"line":1356,"column":4},"end":{"line":1356,"column":47}},"871":{"start":{"line":1358,"column":0},"end":{"line":1358,"column":59}},"872":{"start":{"line":1359,"column":0},"end":{"line":1359,"column":57}},"873":{"start":{"line":1359,"column":33},"end":{"line":1359,"column":55}},"874":{"start":{"line":1362,"column":26},"end":{"line":1362,"column":66}},"875":{"start":{"line":1363,"column":4},"end":{"line":1368,"column":5}},"876":{"start":{"line":1364,"column":8},"end":{"line":1364,"column":20}},"877":{"start":{"line":1367,"column":8},"end":{"line":1367,"column":20}},"878":{"start":{"line":1369,"column":4},"end":{"line":1369,"column":39}},"879":{"start":{"line":1370,"column":4},"end":{"line":1371,"column":43}},"880":{"start":{"line":1372,"column":4},"end":{"line":1372,"column":14}},"881":{"start":{"line":1373,"column":4},"end":{"line":1373,"column":16}},"882":{"start":{"line":1374,"column":4},"end":{"line":1374,"column":37}},"883":{"start":{"line":1375,"column":4},"end":{"line":1375,"column":26}},"884":{"start":{"line":1376,"column":4},"end":{"line":1376,"column":48}},"885":{"start":{"line":1377,"column":4},"end":{"line":1377,"column":39}},"886":{"start":{"line":1378,"column":4},"end":{"line":1379,"column":61}},"887":{"start":{"line":1380,"column":4},"end":{"line":1380,"column":47}},"888":{"start":{"line":1381,"column":4},"end":{"line":1381,"column":47}},"889":{"start":{"line":1382,"column":4},"end":{"line":1382,"column":45}},"890":{"start":{"line":1383,"column":4},"end":{"line":1383,"column":47}},"891":{"start":{"line":1385,"column":0},"end":{"line":1385,"column":63}},"892":{"start":{"line":1386,"column":0},"end":{"line":1388,"column":2}},"893":{"start":{"line":1387,"column":4},"end":{"line":1387,"column":29}},"894":{"start":{"line":1391,"column":25},"end":{"line":1391,"column":64}},"895":{"start":{"line":1392,"column":4},"end":{"line":1397,"column":5}},"896":{"start":{"line":1393,"column":8},"end":{"line":1393,"column":20}},"897":{"start":{"line":1396,"column":8},"end":{"line":1396,"column":20}},"898":{"start":{"line":1398,"column":4},"end":{"line":1398,"column":39}},"899":{"start":{"line":1399,"column":4},"end":{"line":1400,"column":43}},"900":{"start":{"line":1401,"column":4},"end":{"line":1401,"column":14}},"901":{"start":{"line":1402,"column":4},"end":{"line":1402,"column":16}},"902":{"start":{"line":1403,"column":4},"end":{"line":1403,"column":37}},"903":{"start":{"line":1404,"column":4},"end":{"line":1404,"column":26}},"904":{"start":{"line":1405,"column":4},"end":{"line":1405,"column":48}},"905":{"start":{"line":1406,"column":4},"end":{"line":1406,"column":39}},"906":{"start":{"line":1407,"column":4},"end":{"line":1408,"column":61}},"907":{"start":{"line":1409,"column":4},"end":{"line":1409,"column":47}},"908":{"start":{"line":1410,"column":4},"end":{"line":1410,"column":47}},"909":{"start":{"line":1411,"column":4},"end":{"line":1411,"column":45}},"910":{"start":{"line":1412,"column":4},"end":{"line":1412,"column":47}},"911":{"start":{"line":1414,"column":0},"end":{"line":1414,"column":61}},"912":{"start":{"line":1415,"column":0},"end":{"line":1417,"column":2}},"913":{"start":{"line":1416,"column":4},"end":{"line":1416,"column":28}},"914":{"start":{"line":1420,"column":25},"end":{"line":1420,"column":64}},"915":{"start":{"line":1421,"column":4},"end":{"line":1426,"column":5}},"916":{"start":{"line":1422,"column":8},"end":{"line":1422,"column":20}},"917":{"start":{"line":1425,"column":8},"end":{"line":1425,"column":20}},"918":{"start":{"line":1427,"column":4},"end":{"line":1427,"column":39}},"919":{"start":{"line":1428,"column":4},"end":{"line":1429,"column":43}},"920":{"start":{"line":1430,"column":4},"end":{"line":1430,"column":14}},"921":{"start":{"line":1431,"column":4},"end":{"line":1431,"column":16}},"922":{"start":{"line":1432,"column":4},"end":{"line":1432,"column":37}},"923":{"start":{"line":1433,"column":4},"end":{"line":1433,"column":26}},"924":{"start":{"line":1434,"column":4},"end":{"line":1434,"column":48}},"925":{"start":{"line":1435,"column":4},"end":{"line":1435,"column":39}},"926":{"start":{"line":1436,"column":4},"end":{"line":1437,"column":61}},"927":{"start":{"line":1438,"column":4},"end":{"line":1438,"column":47}},"928":{"start":{"line":1439,"column":4},"end":{"line":1439,"column":47}},"929":{"start":{"line":1440,"column":4},"end":{"line":1440,"column":45}},"930":{"start":{"line":1441,"column":4},"end":{"line":1441,"column":47}},"931":{"start":{"line":1443,"column":0},"end":{"line":1443,"column":61}},"932":{"start":{"line":1444,"column":0},"end":{"line":1446,"column":2}},"933":{"start":{"line":1445,"column":4},"end":{"line":1445,"column":28}},"934":{"start":{"line":1449,"column":24},"end":{"line":1449,"column":62}},"935":{"start":{"line":1450,"column":4},"end":{"line":1455,"column":5}},"936":{"start":{"line":1451,"column":8},"end":{"line":1451,"column":20}},"937":{"start":{"line":1454,"column":8},"end":{"line":1454,"column":20}},"938":{"start":{"line":1456,"column":4},"end":{"line":1456,"column":39}},"939":{"start":{"line":1457,"column":4},"end":{"line":1458,"column":43}},"940":{"start":{"line":1459,"column":4},"end":{"line":1459,"column":14}},"941":{"start":{"line":1460,"column":4},"end":{"line":1460,"column":16}},"942":{"start":{"line":1461,"column":4},"end":{"line":1461,"column":37}},"943":{"start":{"line":1462,"column":4},"end":{"line":1462,"column":26}},"944":{"start":{"line":1463,"column":4},"end":{"line":1463,"column":48}},"945":{"start":{"line":1464,"column":4},"end":{"line":1464,"column":39}},"946":{"start":{"line":1465,"column":4},"end":{"line":1466,"column":61}},"947":{"start":{"line":1467,"column":4},"end":{"line":1467,"column":47}},"948":{"start":{"line":1468,"column":4},"end":{"line":1468,"column":47}},"949":{"start":{"line":1469,"column":4},"end":{"line":1469,"column":45}},"950":{"start":{"line":1470,"column":4},"end":{"line":1470,"column":47}},"951":{"start":{"line":1472,"column":0},"end":{"line":1472,"column":59}},"952":{"start":{"line":1473,"column":0},"end":{"line":1475,"column":2}},"953":{"start":{"line":1474,"column":4},"end":{"line":1474,"column":27}},"954":{"start":{"line":1478,"column":26},"end":{"line":1478,"column":60}},"955":{"start":{"line":1479,"column":26},"end":{"line":1479,"column":60}},"956":{"start":{"line":1480,"column":28},"end":{"line":1480,"column":64}},"957":{"start":{"line":1481,"column":27},"end":{"line":1481,"column":62}},"958":{"start":{"line":1482,"column":27},"end":{"line":1482,"column":62}},"959":{"start":{"line":1483,"column":26},"end":{"line":1483,"column":60}},"960":{"start":{"line":1485,"column":4},"end":{"line":1532,"column":5}},"961":{"start":{"line":1486,"column":16},"end":{"line":1486,"column":49}},"962":{"start":{"line":1487,"column":17},"end":{"line":1487,"column":29}},"963":{"start":{"line":1488,"column":2},"end":{"line":1515,"column":3}},"964":{"start":{"line":1488,"column":13},"end":{"line":1488,"column":14}},"965":{"start":{"line":1489,"column":4},"end":{"line":1514,"column":5}},"966":{"start":{"line":1490,"column":8},"end":{"line":1490,"column":32}},"967":{"start":{"line":1491,"column":8},"end":{"line":1511,"column":9}},"968":{"start":{"line":1493,"column":16},"end":{"line":1493,"column":78}},"969":{"start":{"line":1494,"column":16},"end":{"line":1494,"column":22}},"970":{"start":{"line":1496,"column":16},"end":{"line":1496,"column":78}},"971":{"start":{"line":1497,"column":16},"end":{"line":1497,"column":22}},"972":{"start":{"line":1499,"column":16},"end":{"line":1499,"column":80}},"973":{"start":{"line":1500,"column":16},"end":{"line":1500,"column":22}},"974":{"start":{"line":1502,"column":16},"end":{"line":1502,"column":79}},"975":{"start":{"line":1503,"column":16},"end":{"line":1503,"column":22}},"976":{"start":{"line":1505,"column":16},"end":{"line":1505,"column":79}},"977":{"start":{"line":1506,"column":16},"end":{"line":1506,"column":22}},"978":{"start":{"line":1508,"column":16},"end":{"line":1508,"column":78}},"979":{"start":{"line":1509,"column":16},"end":{"line":1509,"column":22}},"980":{"start":{"line":1513,"column":8},"end":{"line":1513,"column":14}},"981":{"start":{"line":1516,"column":2},"end":{"line":1516,"column":25}},"982":{"start":{"line":1517,"column":2},"end":{"line":1517,"column":37}},"983":{"start":{"line":1518,"column":4},"end":{"line":1519,"column":43}},"984":{"start":{"line":1520,"column":4},"end":{"line":1520,"column":14}},"985":{"start":{"line":1521,"column":4},"end":{"line":1521,"column":16}},"986":{"start":{"line":1522,"column":4},"end":{"line":1522,"column":37}},"987":{"start":{"line":1523,"column":4},"end":{"line":1523,"column":26}},"988":{"start":{"line":1524,"column":4},"end":{"line":1524,"column":48}},"989":{"start":{"line":1525,"column":4},"end":{"line":1525,"column":39}},"990":{"start":{"line":1526,"column":4},"end":{"line":1527,"column":61}},"991":{"start":{"line":1528,"column":4},"end":{"line":1528,"column":47}},"992":{"start":{"line":1529,"column":4},"end":{"line":1529,"column":47}},"993":{"start":{"line":1530,"column":4},"end":{"line":1530,"column":45}},"994":{"start":{"line":1531,"column":4},"end":{"line":1531,"column":47}},"995":{"start":{"line":1534,"column":0},"end":{"line":1534,"column":67}},"996":{"start":{"line":1535,"column":0},"end":{"line":1537,"column":2}},"997":{"start":{"line":1536,"column":4},"end":{"line":1536,"column":31}},"998":{"start":{"line":1542,"column":26},"end":{"line":1542,"column":60}},"999":{"start":{"line":1543,"column":26},"end":{"line":1543,"column":60}},"1000":{"start":{"line":1544,"column":28},"end":{"line":1544,"column":64}},"1001":{"start":{"line":1545,"column":27},"end":{"line":1545,"column":62}},"1002":{"start":{"line":1546,"column":27},"end":{"line":1546,"column":62}},"1003":{"start":{"line":1547,"column":26},"end":{"line":1547,"column":60}},"1004":{"start":{"line":1548,"column":4},"end":{"line":1594,"column":5}},"1005":{"start":{"line":1549,"column":16},"end":{"line":1549,"column":49}},"1006":{"start":{"line":1550,"column":17},"end":{"line":1550,"column":29}},"1007":{"start":{"line":1551,"column":2},"end":{"line":1577,"column":3}},"1008":{"start":{"line":1551,"column":13},"end":{"line":1551,"column":14}},"1009":{"start":{"line":1552,"column":4},"end":{"line":1576,"column":5}},"1010":{"start":{"line":1553,"column":8},"end":{"line":1553,"column":32}},"1011":{"start":{"line":1554,"column":8},"end":{"line":1574,"column":9}},"1012":{"start":{"line":1556,"column":16},"end":{"line":1556,"column":78}},"1013":{"start":{"line":1557,"column":16},"end":{"line":1557,"column":22}},"1014":{"start":{"line":1559,"column":16},"end":{"line":1559,"column":78}},"1015":{"start":{"line":1560,"column":16},"end":{"line":1560,"column":22}},"1016":{"start":{"line":1562,"column":16},"end":{"line":1562,"column":80}},"1017":{"start":{"line":1563,"column":16},"end":{"line":1563,"column":22}},"1018":{"start":{"line":1565,"column":16},"end":{"line":1565,"column":79}},"1019":{"start":{"line":1566,"column":16},"end":{"line":1566,"column":22}},"1020":{"start":{"line":1568,"column":16},"end":{"line":1568,"column":79}},"1021":{"start":{"line":1569,"column":16},"end":{"line":1569,"column":22}},"1022":{"start":{"line":1571,"column":16},"end":{"line":1571,"column":78}},"1023":{"start":{"line":1572,"column":16},"end":{"line":1572,"column":22}},"1024":{"start":{"line":1575,"column":8},"end":{"line":1575,"column":14}},"1025":{"start":{"line":1578,"column":2},"end":{"line":1578,"column":25}},"1026":{"start":{"line":1579,"column":2},"end":{"line":1579,"column":37}},"1027":{"start":{"line":1580,"column":4},"end":{"line":1581,"column":43}},"1028":{"start":{"line":1582,"column":4},"end":{"line":1582,"column":14}},"1029":{"start":{"line":1583,"column":4},"end":{"line":1583,"column":16}},"1030":{"start":{"line":1584,"column":4},"end":{"line":1584,"column":37}},"1031":{"start":{"line":1585,"column":4},"end":{"line":1585,"column":26}},"1032":{"start":{"line":1586,"column":4},"end":{"line":1586,"column":48}},"1033":{"start":{"line":1587,"column":4},"end":{"line":1587,"column":39}},"1034":{"start":{"line":1588,"column":4},"end":{"line":1589,"column":61}},"1035":{"start":{"line":1590,"column":4},"end":{"line":1590,"column":47}},"1036":{"start":{"line":1591,"column":4},"end":{"line":1591,"column":47}},"1037":{"start":{"line":1592,"column":4},"end":{"line":1592,"column":45}},"1038":{"start":{"line":1593,"column":4},"end":{"line":1593,"column":47}},"1039":{"start":{"line":1596,"column":0},"end":{"line":1598,"column":2}},"1040":{"start":{"line":1597,"column":4},"end":{"line":1597,"column":31}},"1041":{"start":{"line":1599,"column":0},"end":{"line":1599,"column":67}},"1042":{"start":{"line":1602,"column":26},"end":{"line":1602,"column":60}},"1043":{"start":{"line":1603,"column":26},"end":{"line":1603,"column":60}},"1044":{"start":{"line":1604,"column":28},"end":{"line":1604,"column":64}},"1045":{"start":{"line":1605,"column":27},"end":{"line":1605,"column":62}},"1046":{"start":{"line":1606,"column":27},"end":{"line":1606,"column":62}},"1047":{"start":{"line":1607,"column":26},"end":{"line":1607,"column":60}},"1048":{"start":{"line":1608,"column":4},"end":{"line":1654,"column":5}},"1049":{"start":{"line":1609,"column":16},"end":{"line":1609,"column":38}},"1050":{"start":{"line":1610,"column":17},"end":{"line":1610,"column":29}},"1051":{"start":{"line":1611,"column":2},"end":{"line":1637,"column":3}},"1052":{"start":{"line":1611,"column":13},"end":{"line":1611,"column":14}},"1053":{"start":{"line":1612,"column":4},"end":{"line":1636,"column":5}},"1054":{"start":{"line":1613,"column":8},"end":{"line":1613,"column":32}},"1055":{"start":{"line":1614,"column":8},"end":{"line":1634,"column":9}},"1056":{"start":{"line":1616,"column":16},"end":{"line":1616,"column":78}},"1057":{"start":{"line":1617,"column":16},"end":{"line":1617,"column":22}},"1058":{"start":{"line":1619,"column":16},"end":{"line":1619,"column":78}},"1059":{"start":{"line":1620,"column":16},"end":{"line":1620,"column":22}},"1060":{"start":{"line":1622,"column":16},"end":{"line":1622,"column":80}},"1061":{"start":{"line":1623,"column":16},"end":{"line":1623,"column":22}},"1062":{"start":{"line":1625,"column":16},"end":{"line":1625,"column":79}},"1063":{"start":{"line":1626,"column":16},"end":{"line":1626,"column":22}},"1064":{"start":{"line":1628,"column":16},"end":{"line":1628,"column":79}},"1065":{"start":{"line":1629,"column":16},"end":{"line":1629,"column":22}},"1066":{"start":{"line":1631,"column":16},"end":{"line":1631,"column":78}},"1067":{"start":{"line":1632,"column":16},"end":{"line":1632,"column":22}},"1068":{"start":{"line":1635,"column":8},"end":{"line":1635,"column":14}},"1069":{"start":{"line":1638,"column":2},"end":{"line":1638,"column":25}},"1070":{"start":{"line":1639,"column":2},"end":{"line":1639,"column":37}},"1071":{"start":{"line":1640,"column":4},"end":{"line":1641,"column":43}},"1072":{"start":{"line":1642,"column":4},"end":{"line":1642,"column":14}},"1073":{"start":{"line":1643,"column":4},"end":{"line":1643,"column":16}},"1074":{"start":{"line":1644,"column":4},"end":{"line":1644,"column":37}},"1075":{"start":{"line":1645,"column":4},"end":{"line":1645,"column":26}},"1076":{"start":{"line":1646,"column":4},"end":{"line":1646,"column":48}},"1077":{"start":{"line":1647,"column":4},"end":{"line":1647,"column":39}},"1078":{"start":{"line":1648,"column":4},"end":{"line":1649,"column":61}},"1079":{"start":{"line":1650,"column":4},"end":{"line":1650,"column":47}},"1080":{"start":{"line":1651,"column":4},"end":{"line":1651,"column":47}},"1081":{"start":{"line":1652,"column":4},"end":{"line":1652,"column":45}},"1082":{"start":{"line":1653,"column":4},"end":{"line":1653,"column":47}},"1083":{"start":{"line":1656,"column":0},"end":{"line":1658,"column":2}},"1084":{"start":{"line":1657,"column":4},"end":{"line":1657,"column":33}},"1085":{"start":{"line":1659,"column":0},"end":{"line":1659,"column":71}},"1086":{"start":{"line":1662,"column":26},"end":{"line":1662,"column":60}},"1087":{"start":{"line":1663,"column":26},"end":{"line":1663,"column":60}},"1088":{"start":{"line":1664,"column":28},"end":{"line":1664,"column":64}},"1089":{"start":{"line":1665,"column":27},"end":{"line":1665,"column":62}},"1090":{"start":{"line":1666,"column":27},"end":{"line":1666,"column":62}},"1091":{"start":{"line":1667,"column":26},"end":{"line":1667,"column":60}},"1092":{"start":{"line":1668,"column":4},"end":{"line":1714,"column":11}},"1093":{"start":{"line":1669,"column":22},"end":{"line":1669,"column":56}},"1094":{"start":{"line":1670,"column":23},"end":{"line":1670,"column":35}},"1095":{"start":{"line":1671,"column":8},"end":{"line":1697,"column":9}},"1096":{"start":{"line":1671,"column":19},"end":{"line":1671,"column":20}},"1097":{"start":{"line":1672,"column":10},"end":{"line":1696,"column":11}},"1098":{"start":{"line":1673,"column":14},"end":{"line":1673,"column":38}},"1099":{"start":{"line":1674,"column":14},"end":{"line":1694,"column":15}},"1100":{"start":{"line":1676,"column":22},"end":{"line":1676,"column":84}},"1101":{"start":{"line":1677,"column":22},"end":{"line":1677,"column":28}},"1102":{"start":{"line":1679,"column":22},"end":{"line":1679,"column":84}},"1103":{"start":{"line":1680,"column":22},"end":{"line":1680,"column":28}},"1104":{"start":{"line":1682,"column":22},"end":{"line":1682,"column":86}},"1105":{"start":{"line":1683,"column":22},"end":{"line":1683,"column":28}},"1106":{"start":{"line":1685,"column":22},"end":{"line":1685,"column":8
[...]
:94,"717":4,"718":4,"719":4,"720":4,"721":4,"722":4,"723":4,"724":1,"725":1,"726":0,"727":4,"728":4,"729":4,"730":432,"731":4,"732":4,"733":94,"734":4,"735":4,"736":4,"737":4,"738":4,"739":4,"740":4,"741":1,"742":1,"743":0,"744":4,"745":4,"746":4,"747":432,"748":4,"749":4,"750":94,"751":4,"752":4,"753":4,"754":4,"755":4,"756":4,"757":4,"758":1,"759":1,"760":0,"761":4,"762":4,"763":4,"764":432,"765":4,"766":4,"767":94,"768":4,"769":4,"770":4,"771":4,"772":4,"773":4,"774":4,"775":1,"776":1,"777":0,"778":18,"779":18,"780":18,"781":18,"782":2,"783":2,"784":2,"785":2,"786":2,"787":2,"788":2,"789":2,"790":2,"791":2,"792":2,"793":2,"794":2,"795":2,"796":2,"797":2,"798":2,"799":18,"800":18,"801":18,"802":1944,"803":3,"804":3,"805":3,"806":1944,"807":1944,"808":234,"809":18,"810":18,"811":18,"812":18,"813":18,"814":18,"815":18,"816":18,"817":1,"818":1,"819":0,"820":0,"821":0,"822":0,"823":1,"824":1,"825":0,"826":1,"827":0,"828":0,"829":0,"830":1,"831":0,"832":0,"833":0,"834":3,"835":3,"836":2,"837":1,"838":3,"839":3,"840":3,"841":3,"842":3,"843":3,"844":3,"845":3,"846":3,"847":3,"848":3,"849":3,"850":3,"851":1,"852":1,"853":0,"854":3,"855":3,"856":2,"857":1,"858":3,"859":3,"860":3,"861":3,"862":3,"863":3,"864":3,"865":3,"866":3,"867":3,"868":3,"869":3,"870":3,"871":1,"872":1,"873":0,"874":3,"875":3,"876":2,"877":1,"878":3,"879":3,"880":3,"881":3,"882":3,"883":3,"884":3,"885":3,"886":3,"887":3,"888":3,"889":3,"890":3,"891":1,"892":1,"893":0,"894":3,"895":3,"896":2,"897":1,"898":3,"899":3,"900":3,"901":3,"902":3,"903":3,"904":3,"905":3,"906":3,"907":3,"908":3,"909":3,"910":3,"911":1,"912":1,"913":0,"914":3,"915":3,"916":2,"917":1,"918":3,"919":3,"920":3,"921":3,"922":3,"923":3,"924":3,"925":3,"926":3,"927":3,"928":3,"929":3,"930":3,"931":1,"932":1,"933":0,"934":3,"935":3,"936":2,"937":1,"938":3,"939":3,"940":3,"941":3,"942":3,"943":3,"944":3,"945":3,"946":3,"947":3,"948":3,"949":3,"950":3,"951":1,"952":1,"953":0,"954":5,"955":5,"956":5,"957":5,"958":5,"959":5,"960":5,"961":5,"962":5,"963":5,"964":5,"965":20,"966":5,"967":5,"968":0,"969":0,"970":1,"971":1,"972":1,"973":1,"974":1,"975":1,"976":1,"977":1,"978":1,"979":1,"980":5,"981":5,"982":5,"983":5,"984":5,"985":5,"986":5,"987":5,"988":5,"989":5,"990":5,"991":5,"992":5,"993":5,"994":5,"995":1,"996":1,"997":0,"998":5,"999":5,"1000":5,"1001":5,"1002":5,"1003":5,"1004":5,"1005":5,"1006":5,"1007":5,"1008":5,"1009":19,"1010":5,"1011":5,"1012":1,"1013":1,"1014":0,"1015":0,"1016":1,"1017":1,"1018":1,"1019":1,"1020":1,"1021":1,"1022":1,"1023":1,"1024":5,"1025":5,"1026":5,"1027":5,"1028":5,"1029":5,"1030":5,"1031":5,"1032":5,"1033":5,"1034":5,"1035":5,"1036":5,"1037":5,"1038":5,"1039":1,"1040":0,"1041":1,"1042":5,"1043":5,"1044":5,"1045":5,"1046":5,"1047":5,"1048":5,"1049":5,"1050":5,"1051":5,"1052":5,"1053":18,"1054":5,"1055":5,"1056":1,"1057":1,"1058":1,"1059":1,"1060":0,"1061":0,"1062":1,"1063":1,"1064":1,"1065":1,"1066":1,"1067":1,"1068":5,"1069":5,"1070":5,"1071":5,"1072":5,"1073":5,"1074":5,"1075":5,"1076":5,"1077":5,"1078":5,"1079":5,"1080":5,"1081":5,"1082":5,"1083":1,"1084":0,"1085":1,"1086":5,"1087":5,"1088":5,"1089":5,"1090":5,"1091":5,"1092":5,"1093":5,"1094":5,"1095":5,"1096":5,"1097":17,"1098":5,"1099":5,"1100":1,"1101":1,"1102":1,"1103":1,"1104":1,"1105":1,"1106":0,"1107":0,"1108":1,"1109":1,"1110":1,"1111":1,"1112":5,"1113":5,"1114":5,"1115":5,"1116":5,"1117":5,"1118":5,"1119":5,"1120":5,"1121":5,"1122":5,"1123":5,"1124":5,"1125":5,"1126":5,"1127":1,"1128":0,"1129":1,"1130":5,"1131":5,"1132":5,"1133":5,"1134":5,"1135":5,"1136":5,"1137":5,"1138":5,"1139":5,"1140":5,"1141":16,"1142":5,"1143":5,"1144":1,"1145":1,"1146":1,"1147":1,"1148":1,"1149":1,"1150":1,"1151":1,"1152":0,"1153":0,"1154":1,"1155":1,"1156":5,"1157":5,"1158":5,"1159":5,"1160":5,"1161":5,"1162":5,"1163":5,"1164":5,"1165":5,"1166":5,"1167":5,"1168":5,"1169":5,"1170":5,"1171":1,"1172":0,"1173":1,"1174":5,"1175":5,"1176":5,"1177":5,"1178":5,"1179":5,"1180":5,"1181":5,"1182":5,"1183":5,"1184":5,"1185":15,"1186":5,"1187":5,"1188":1,"1189":1,"1190":1,"1191":1,"1192":1,"1193":1,"1194":1,"1195":1,"1196":1,"1197":1,"1198":0,"1199":0,"1200":5,"1201":5,"1202":5,"1203":5,"1204":5,"1205":5,"1206":5,"1207":5,"1208":5,"1209":5,"1210":5,"1211":5,"1212":5,"1213":5,"1214":5,"1215":1,"1216":0,"1217":1,"1218":1,"1219":1,"1220":1,"1221":1,"1222":0,"1223":0,"1224":0,"1225":1,"1226":1,"1227":1,"1228":1,"1229":1,"1230":0,"1231":1,"1232":1,"1233":0,"1234":0,"1235":0,"1236":0,"1237":0,"1238":0,"1239":0,"1240":0,"1241":0,"1242":0,"1243":0,"1244":1,"1245":0,"1246":0,"1247":0,"1248":0,"1249":0,"1250":0,"1251":0,"1252":0,"1253":0,"1254":0,"1255":0,"1256":1,"1257":0,"1258":0,"1259":0,"1260":0,"1261":0,"1262":0,"1263":0,"1264":0,"1265":0,"1266":0,"1267":0,"1268":1,"1269":0,"1270":0,"1271":0,"1272":0,"1273":0,"1274":0,"1275":0,"1276":0,"1277":0,"1278":0,"1279":0,"1280":1,"1281":0,"1282":0,"1283":0,"1284":0,"1285":0,"1286":0,"1287":0,"1288":0,"1289":0,"1290":0,"1291":0,"1292":1,"1293":0,"1294":0,"1295":0,"1296":0,"1297":0,"1298":0,"1299":0,"1300":0,"1301":0,"1302":0,"1303":0,"1304":1,"1305":0,"1306":0,"1307":0,"1308":0,"1309":0,"1310":0,"1311":0,"1312":0,"1313":0,"1314":0,"1315":0,"1316":1,"1317":0,"1318":0,"1319":0,"1320":0,"1321":0,"1322":0,"1323":0,"1324":0,"1325":0,"1326":0,"1327":0,"1328":1,"1329":0,"1330":0,"1331":0,"1332":0,"1333":0,"1334":0,"1335":0,"1336":0,"1337":0,"1338":0,"1339":0,"1340":1,"1341":0,"1342":0,"1343":0,"1344":0,"1345":0,"1346":1,"1347":0,"1348":0,"1349":0,"1350":0,"1351":0,"1352":0,"1353":0,"1354":1,"1355":0,"1356":0,"1357":0,"1358":0,"1359":0,"1360":0,"1361":0,"1362":0,"1363":0,"1364":0,"1365":0,"1366":0,"1367":0,"1368":0,"1369":0,"1370":0,"1371":0,"1372":0,"1373":0,"1374":0,"1375":1,"1376":0,"1377":0,"1378":0,"1379":0,"1380":0,"1381":0,"1382":0,"1383":0,"1384":0,"1385":0,"1386":0,"1387":0,"1388":0,"1389":0,"1390":0,"1391":0,"1392":0,"1393":0,"1394":0,"1395":1,"1396":0,"1397":0,"1398":0,"1399":0,"1400":0,"1401":0,"1402":0,"1403":0,"1404":0,"1405":0,"1406":0,"1407":0,"1408":0,"1409":0,"1410":0,"1411":0,"1412":0,"1413":0,"1414":0,"1415":0,"1416":1,"1417":0,"1418":0,"1419":1,"1420":0,"1421":0,"1422":1,"1423":0,"1424":0,"1425":1,"1426":0,"1427":0,"1428":1,"1429":0,"1430":0,"1431":1,"1432":0,"1433":1,"1434":0,"1435":1,"1436":0,"1437":0,"1438":1,"1439":0,"1440":1,"1441":0,"1442":0,"1443":0,"1444":0,"1445":0,"1446":0,"1447":0,"1448":0,"1449":0,"1450":0,"1451":0,"1452":0,"1453":0,"1454":0,"1455":0,"1456":0,"1457":0,"1458":0,"1459":0,"1460":0,"1461":1,"1462":0,"1463":0,"1464":0,"1465":0,"1466":0,"1467":0,"1468":0,"1469":0,"1470":0,"1471":0,"1472":0,"1473":0,"1474":0,"1475":0,"1476":1,"1477":0,"1478":1,"1479":0,"1480":1,"1481":0,"1482":0,"1483":0,"1484":0,"1485":0,"1486":0,"1487":0,"1488":0,"1489":0,"1490":0,"1491":0,"1492":0,"1493":1,"1494":1,"1495":1,"1496":1,"1497":1,"1498":0,"1499":0,"1500":1,"1501":0,"1502":0,"1503":0,"1504":0,"1505":0,"1506":0,"1507":0,"1508":0,"1509":0,"1510":0,"1511":0,"1512":0,"1513":0,"1514":1,"1515":0,"1516":0,"1517":0,"1518":0,"1519":0,"1520":0,"1521":0,"1522":0,"1523":0,"1524":0,"1525":0,"1526":0,"1527":0,"1528":0,"1529":0,"1530":0,"1531":0,"1532":0,"1533":0,"1534":0,"1535":0,"1536":0,"1537":0,"1538":0,"1539":0,"1540":0,"1541":0,"1542":0,"1543":0,"1544":0,"1545":0,"1546":0,"1547":0,"1548":0,"1549":0,"1550":0,"1551":0,"1552":0,"1553":0,"1554":0,"1555":0,"1556":0,"1557":0,"1558":0,"1559":0,"1560":0,"1561":0,"1562":0,"1563":0,"1564":0,"1565":0,"1566":0,"1567":0,"1568":1,"1569":0,"1570":0,"1571":0,"1572":0,"1573":0,"1574":0,"1575":0,"1576":0,"1577":0,"1578":0,"1579":0,"1580":0,"1581":0,"1582":0,"1583":0,"1584":0,"1585":0,"1586":0,"1587":0,"1588":0,"1589":0,"1590":0,"1591":0,"1592":1,"1593":0,"1594":0,"1595":0,"1596":0,"1597":0,"1598":0,"1599":0,"1600":0,"1601":0,"1602":0,"1603":0,"1604":0,"1605":0,"1606":0,"1607":0,"1608":0,"1609":0,"1610":0,"1611":0,"1612":0,"1613":0,"1614":0,"1615":0,"1616":0,"1617":0,"1618":0,"1619":0,"1620":0,"1621":0,"1622":0,"1623":0,"1624":0,"1625":0,"1626":0,"1627":0,"1628":0,"1629":0,"1630":0,"1631":0,"1632":0,"1633":0,"1634":0,"1635":0,"1636":0,"1637":0,"1638":0,"1639":0,"1640":0,"1641":0,"1642":0,"1643":0,"1644":0,"1645":0,"1646":0,"1647":0,"1648":0,"1649":0,"1650":0,"1651":0,"1652":0,"1653":0,"1654":0,"1655":0,"1656":0,"1657":0,"1658":0,"1659":0,"1660":0,"1661":0,"1662":0,"1663":0,"1664":0,"1665":0,"1666":0,"1667":0,"1668":0,"1669":0,"1670":0,"1671":0,"1672":0,"1673":0,"1674":0,"1675":0,"1676":0,"1677":0,"1678":0,"1679":0,"1680":0,"1681":0,"1682":0,"1683":0,"1684":0,"1685":0,"1686":0,"1687":0,"1688":0,"1689":0,"1690":0,"1691":0,"1692":0,"1693":0,"1694":0,"1695":0,"1696":0,"1697":0,"1698":0,"1699":0,"1700":0,"1701":0,"1702":0,"1703":0,"1704":0,"1705":0,"1706":0,"1707":0,"1708":0,"1709":0,"1710":0,"1711":0,"1712":0,"1713":0,"1714":0,"1715":0,"1716":0,"1717":0,"1718":0,"1719":0,"1720":0,"1721":0,"1722":0,"1723":0,"1724":0,"1725":0,"1726":0,"1727":0,"1728":0,"1729":0,"1730":0,"1731":0,"1732":0,"1733":0,"1734":0,"1735":0,"1736":0,"1737":0,"1738":0,"1739":0,"1740":0,"1741":0,"1742":0,"1743":0,"1744":0,"1745":0,"1746":0,"1747":0,"1748":0,"1749":0,"1750":0,"1751":0,"1752":0,"1753":0,"1754":0,"1755":0,"1756":0,"1757":0,"1758":0,"1759":0,"1760":0,"1761":0,"1762":0,"1763":0,"1764":0,"1765":0,"1766":0,"1767":0,"1768":0,"1769":0,"1770":0,"1771":0,"1772":0,"1773":0,"1774":0,"1775":0,"1776":0,"1777":0,"1778":0,"1779":0,"1780":0,"1781":0,"1782":0,"1783":0,"1784":0,"1785":0,"1786":0,"1787":0,"1788":0,"1789":0,"1790":0,"1791":0,"1792":0,"1793":0,"1794":0,"1795":0,"1796":0,"1797":0,"1798":0,"1799":0,"1800":0,"1801":0,"1802":0,"1803":0,"1804":0,"1805":0,"1806":0,"1807":0,"1808":0,"1809":0,"1810":0,"1811":0,"1812":0,"1813":0,"1814":0,"1815":0,"1816":0,"1817":0,"1818":0,"1819":0,"1820":0,"1821":0,"1822":0,"1823":0,"1824":0,"1825":0,"1826":1,"1827":1,"1828":0,"1829":0,"1830":0,"1831":0,"1832":0,"1833":0,"1834":0,"1835":0,"1836":0,"1837":0,"1838":0,"1839":0,"1840":0,"1841":0,"1842":0,"1843":0,"1844":0,"1845":0,"1846":0,"1847":0,"1848":0,"1849":0,"1850":0,"1851":0,"1852":0,"1853":0,"1854":0,"1855":0,"1856":0,"1857":0,"1858":0,"1859":0,"1860":0,"1861":0,"1862":0,"1863":0,"1864":0,"1865":0,"1866":0,"1867":0,"1868":0,"1869":0,"1870":0,"1871":0,"1872":0,"1873":0,"1874":0,"1875":0,"1876":0,"1877":0,"1878":0,"1879":0,"1880":0,"1881":0,"1882":0,"1883":0,"1884":0,"1885":0,"1886":0,"1887":0,"1888":0,"1889":0,"1890":0,"1891":0,"1892":0,"1893":0,"1894":0,"1895":0,"1896":0,"1897":0,"1898":0,"1899":0,"1900":0,"1901":0,"1902":0,"1903":0,"1904":0,"1905":0,"1906":0,"1907":0,"1908":0,"1909":0,"1910":0,"1911":0,"1912":0,"1913":0,"1914":0,"1915":0,"1916":0,"1917":0,"1918":0,"1919":0,"1920":0,"1921":0,"1922":0,"1923":0,"1924":0,"1925":0,"1926":0,"1927":0,"1928":0,"1929":0,"1930":0,"1931":0,"1932":0,"1933":0,"1934":0,"1935":0,"1936":0,"1937":0,"1938":0,"1939":0,"1940":0,"1941":0,"1942":0,"1943":0,"1944":0,"1945":0,"1946":0,"1947":0,"1948":0,"1949":0,"1950":0,"1951":0,"1952":0,"1953":0,"1954":0,"1955":0,"1956":0,"1957":0,"1958":0,"1959":0,"1960":0,"1961":0,"1962":0,"1963":0,"1964":0,"1965":0,"1966":0,"1967":0,"1968":0,"1969":0,"1970":0,"1971":0,"1972":0,"1973":0,"1974":0,"1975":0,"1976":0,"1977":0,"1978":0,"1979":0,"1980":0,"1981":0,"1982":0,"1983":0,"1984":0,"1985":0,"1986":0,"1987":0,"1988":0,"1989":0,"1990":0,"1991":0,"1992":0,"1993":0,"1994":0,"1995":0,"1996":0,"1997":0,"1998":0,"1999":0,"2000":0,"2001":0,"2002":0,"2003":0,"2004":0,"2005":0,"2006":0,"2007":0,"2008":0,"2009":0,"2010":0,"2011":0,"2012":0,"2013":0,"2014":0,"2015":0,"2016":0,"2017":0,"2018":0,"2019":0,"2020":0,"2021":0,"2022":0,"2023":0,"2024":0,"2025":0,"2026":0,"2027":0,"2028":0,"2029":0,"2030":0,"2031":0,"2032":0,"2033":0,"2034":0,"2035":0,"2036":0,"2037":0,"2038":0,"2039":0,"2040":0,"2041":0,"2042":0,"2043":0,"2044":0,"2045":0,"2046":0,"2047":0,"2048":0,"2049":0,"2050":0,"2051":0,"2052":0,"2053":0,"2054":0,"2055":0,"2056":0,"2057":0,"2058":0,"2059":0,"2060":0,"2061":0,"2062":0,"2063":0,"2064":0,"2065":0,"2066":0,"2067":0,"2068":0,"2069":0,"2070":0,"2071":0,"2072":0,"2073":0,"2074":0,"2075":0,"2076":0,"2077":0,"2078":0,"2079":0,"2080":0,"2081":0,"2082":0,"2083":1,"2084":0,"2085":0,"2086":0,"2087":0,"2088":0,"2089":0,"2090":0,"2091":0,"2092":0,"2093":0,"2094":0,"2095":0,"2096":0,"2097":0,"2098":0,"2099":0,"2100":0,"2101":0,"2102":0,"2103":0,"2104":0,"2105":0,"2106":0,"2107":0,"2108":0,"2109":0,"2110":0,"2111":0,"2112":0,"2113":0,"2114":0,"2115":0,"2116":0,"2117":0,"2118":0,"2119":0,"2120":0,"2121":0,"2122":0,"2123":0,"2124":0,"2125":0,"2126":0,"2127":0,"2128":0,"2129":0,"2130":0,"2131":0,"2132":0,"2133":0,"2134":0,"2135":0,"2136":0,"2137":1,"2138":0,"2139":0,"2140":0,"2141":0,"2142":0,"2143":1,"2144":0,"2145":0,"2146":0,"2147":0,"2148":0,"2149":1,"2150":0,"2151":0,"2152":0,"2153":0,"2154":0,"2155":1,"2156":0,"2157":0,"2158":0,"2159":0,"2160":0,"2161":1,"2162":0,"2163":0,"2164":0,"2165":0,"2166":0,"2167":1,"2168":1,"2169":1,"2170":0,"2171":0,"2172":0,"2173":0,"2174":0,"2175":0,"2176":0,"2177":0,"2178":0,"2179":0,"2180":0,"2181":0,"2182":0,"2183":0,"2184":0,"2185":0,"2186":0,"2187":0,"2188":0,"2189":0,"2190":0,"2191":0,"2192":0,"2193":0,"2194":0,"2195":0,"2196":0,"2197":0,"2198":0,"2199":0,"2200":0,"2201":0,"2202":0,"2203":0,"2204":0,"2205":0,"2206":0,"2207":0,"2208":0,"2209":1,"2210":0,"2211":0,"2212":0,"2213":0,"2214":0,"2215":0,"2216":0,"2217":0,"2218":0,"2219":0,"2220":0,"2221":0,"2222":0,"2223":0,"2224":0,"2225":0,"2226":0,"2227":0,"2228":0,"2229":0,"2230":0,"2231":0,"2232":0,"2233":0,"2234":0,"2235":0,"2236":0,"2237":0,"2238":0,"2239":0,"2240":0,"2241":0,"2242":0,"2243":0,"2244":0,"2245":0,"2246":0,"2247":0,"2248":0,"2249":0,"2250":0,"2251":1,"2252":0,"2253":0,"2254":0,"2255":0,"2256":0,"2257":0,"2258":0,"2259":0,"2260":0,"2261":0,"2262":0,"2263":0,"2264":0,"2265":0,"2266":0,"2267":0,"2268":0,"2269":0,"2270":0,"2271":0,"2272":0,"2273":0,"2274":0,"2275":0,"2276":0,"2277":0,"2278":0,"2279":0,"2280":0,"2281":0,"2282":0,"2283":0,"2284":0,"2285":0,"2286":0,"2287":0,"2288":0,"2289":0,"2290":0,"2291":0,"2292":0,"2293":0,"2294":0,"2295":0,"2296":0,"2297":1,"2298":0,"2299":0,"2300":0,"2301":0,"2302":0,"2303":0,"2304":0,"2305":0,"2306":0,"2307":0,"2308":0,"2309":0,"2310":0,"2311":0,"2312":0,"2313":0,"2314":0,"2315":0,"2316":0,"2317":0,"2318":0,"2319":0,"2320":0,"2321":0,"2322":0,"2323":0,"2324":0,"2325":0,"2326":0,"2327":0,"2328":0,"2329":0,"2330":0,"2331":0,"2332":0,"2333":0,"2334":0,"2335":0,"2336":0,"2337":0,"2338":1,"2339":0,"2340":0,"2341":0,"2342":0,"2343":0,"2344":0,"2345":0,"2346":0,"2347":0,"2348":0,"2349":0,"2350":0,"2351":0,"2352":0,"2353":0,"2354":0,"2355":0,"2356":0,"2357":0,"2358":0,"2359":0,"2360":0,"2361":0,"2362":0,"2363":0,"2364":0,"2365":0,"2366":0,"2367":0,"2368":0,"2369":0,"2370":0,"2371":0,"2372":0,"2373":0,"2374":0,"2375":0,"2376":0,"2377":0,"2378":0,"2379":0,"2380":0,"2381":0,"2382":0,"2383":0,"2384":0,"2385":0,"2386":1,"2387":0,"2388":0,"2389":0,"2390":0,"2391":0,"2392":0,"2393":0,"2394":0,"2395":0,"2396":0,"2397":0,"2398":0,"2399":0,"2400":0,"2401":0,"2402":0,"2403":0,"2404":0,"2405":0,"2406":0,"2407":0,"2408":0,"2409":0,"2410":0,"2411":0,"2412":0,"2413":0,"2414":0,"2415":0,"2416":0,"2417":0,"2418":0,"2419":0,"2420":0,"2421":0,"2422":0,"2423":0,"2424":0,"2425":0,"2426":0,"2427":0,"2428":0},"f":{"0":5579,"1":37,"2":0,"3":38,"4":0,"5":7,"6":65,"7":3,"8":60,"9":6,"10":63,"11":3,"12":60,"13":0,"14":56,"15":20,"16":26,"17":104,"18":29,"19":104,"20":33,"21":0,"22":0,"23":0,"24":37,"25":105,"26":614,"27":101,"28":99,"29":1024,"30":2472,"31":508,"32":12814,"33":12708,"34":790,"35":1,"36":216,"37":0,"38":36,"39":36,"40":0,"41":0,"42":28,"43":658,"44":4,"45":94,"46":0,"47":4,"48":94,"49":0,"50":4,"51":94,"52":0,"53":4,"54":94,"55":0,"56":4,"57":94,"58":0,"59":4,"60":94,"61":0,"62":4,"63":94,"64":0,"65":4,"66":94,"67":0,"68":18,"69":18,"70":0,"71":0,"72":0,"73":0,"74":0,"75":3,"76":0,"77":3,"78":0,"79":3,"80":0,"81":3,"82":0,"83":3,"84":0,"85":3,"86":0,"87":5,"88":0,"89":5,"90":0,"91":5,"92":0,"93":5,"94":0,"95":5,"96":0,"97":5,"98":0,"99":1,"100":1,"101":0,"102":0,"103":0,"104":0,"105":0,"106":0,"107":0,"108":0,"109":0,"110":0,"111":0,"112":0,"113":0,"114":0,"115":0,"116":0,"117":0,"118":0,"119":0,"120":0,"121":0,"122":0,"123":0,"124":0,"125":0,"126":0,"127":0,"128":0,"129":0,"130":0,"131":0,"132":0,"133":0,"134":0,"135":0,"136":0,"137":0,"138":0,"139":0,"140":0,"141":0,"142":0,"143":0,"144":0,"145":0,"146":0,"147":0,"148":0,"149":0,"150":0,"151":0,"152":0,"153":0,"154":0,"155":0,"156":0,"157":0,"158":0,"159":0,"160":0,"161":0,"162":0,"163":0,"164":0,"165":0,"166":0,"167":0,"168":0,"169":0,"170":0,"171":0,"172":0,"173":0,"174":0,"175":0,"176":0,"177":0,"178":0,"179":0,"180":0,"181":0,"182":0,"183":0,"184":0,"185":0,"186":0},"b":{"0":[0,0],"1":[0,0],"2":[0,0],"3":[1,36],"4":[8,214],"5":[37,37,37,37,37,37],"6":[1,36],"7":[2,35],"8":[1,36],"9":[2,35],"10":[1,36],"11":[1,36],"12":[1,36],"13":[1,36],"14":[105,105,105,105,105,105],"15":[8,97],"16":[7,98],"17":[7,98],"18":[6,99],"19":[8,97],"20":[8,97],"21":[792,9900],"22":[792,9108],"23":[69,955],"24":[1024,491,491,69],"25":[19,50],"26":[11,8],"27":[17,33],"28":[9,8],"29":[18,15],"30":[9,9],"31":[7,8],"32":[2472,234],"33":[508,0],"34":[508,508],"35":[0],"36":[6474,6340],"37":[12638,70],"38":[69,1],"39":[790],"40":[37,753],"41":[2,751],"42":[0,1],"43":[1,0,0,0,0,0,0,0,0,0],"44":[0,0],"45":[0,0],"46":[0,0],"47":[658,70],"48":[0,1,0,1,1,1,1,0],"49":[94,10],"50":[94,10],"51":[94,10],"52":[94,10],"53":[94,10],"54":[94,10],"55":[94,10],"56":[94,10],"57":[18,18],"58":[2,2,2,2,2,2,2,2],"59":[3,1941],"60":[234,1710],"61":[2,1],"62":[2,1],"63":[2,1],"64":[2,1],"65":[2,1],"66":[2,1],"67":[5,0],"68":[5,15],"69":[0,1,1,1,1,1],"70":[5,0],"71":[5,14],"72":[1,0,1,1,1,1],"73":[5,0],"74":[5,13],"75":[1,1,0,1,1,1],"76":[5,0],"77":[5,12],"78":[1,1,1,0,1,1],"79":[5,0],"80":[5,11],"81":[1,1,1,1,0,1],"82":[5,0],"83":[5,10],"84":[1,1,1,1,1,0],"85":[1,1],"86":[0,0],"87":[0,0],"88":[0,0],"89":[0,0],"90":[0,0],"91":[0,0],"92":[0,0],"93":[0,0],"94":[0,0],"95":[0,0],"96":[0,0],"97":[0,0],"98":[0,0],"99":[0,0],"100":[0,0],"101":[0,0],"102":[0,0],"103":[0,0],"104":[0,0],"105":[0,0],"106":[0,0],"107":[0,0],"108":[0,0],"109":[0,0],"110":[0,0],"111":[0,0],"112":[0,0],"113":[0,0],"114":[0,0],"115":[0,0],"116":[0,0],"117":[0,0],"118":[0,0],"119":[0,0],"120":[0,0],"121":[0,0],"122":[0,0],"123":[0,0],"124":[0,0,0,0,0],"125":[0,0],"126":[0,0],"127":[0,0],"128":[0,0],"129":[0,0],"130":[0,0],"131":[0,0],"132":[0,0],"133":[0,0],"134":[0,0],"135":[0,0],"136":[0,0,0,0,0],"137":[0,0],"138":[0,0],"139":[0,0],"140":[0,0],"141":[0,0],"142":[0,0],"143":[0,0],"144":[0,0,0,0,0],"145":[0,0],"146":[0,0,0,0,0],"147":[0,0],"148":[0,0,0,0,0],"149":[0,0],"150":[0,0],"151":[0,0],"152":[0,0],"153":[0,0],"154":[0,0],"155":[0,0],"156":[0,0],"157":[0,0],"158":[0,0],"159":[0,0],"160":[0,0],"161":[0,0,0,0],"162":[0,0],"163":[0,0],"164":[0,0],"165":[0,0],"166":[0,0],"167":[0,0],"168":[0,0],"169":[0,0],"170":[0,0],"171":[0,0],"172":[0,0],"173":[0,0],"174":[0,0],"175":[0,0],"176":[0,0],"177":[0,0],"178":[0,0],"179":[0,0],"180":[0,0],"181":[0,0],"182":[0,0,0,0],"183":[0,0],"184":[0,0],"185":[0,0],"186":[0,0],"187":[0,0],"188":[0,0],"189":[0,0],"190":[0,0],"191":[0,0],"192":[0,0],"193":[0,0],"194":[0,0],"195":[0,0],"196":[0,0],"197":[0,0],"198":[0,0],"199":[0,0],"200":[0,0],"201":[0,0],"202":[0,0,0],"203":[0,0],"204":[0,0,0,0,0],"205":[0,0],"206":[0,0],"207":[0,0,0],"208":[0,0,0,0,0],"209":[0,0],"210":[0,0],"211":[0,0,0],"212":[0,0],"213":[0,0,0,0,0],"214":[0,0],"215":[0,0,0,0,0],"216":[0,0],"217":[0,0],"218":[0,0],"219":[0,0],"220":[0,0],"221":[0,0],"222":[0,0],"223":[0,0],"224":[0,0],"225":[0,0],"226":[0,0],"227":[0,0,0,0,0],"228":[0,0],"229":[0,0,0,0,0],"230":[0,0],"231":[0,0,0,0,0],"232":[0,0],"233":[0,0,0,0,0],"234":[0,0,0,0,0],"235":[0,0],"236":[0,0],"237":[0,0],"238":[0,0],"239":[0,0],"240":[0,0],"241":[0,0],"242":[0,0],"243":[0,0,0,0,0],"244":[0,0],"245":[0,0,0,0,0],"246":[0,0],"247":[0,0],"248":[0,0],"249":[0,0,0,0,0],"250":[0,0,0,0,0]},"_coverageSchema":"1a1c01bbd47fc00a2c39e90264f33305004495a9","hash":"93a0c3817afddf585591044a3880cc4b36c2b77f"}
}
