{"/home/vmuser/Downloads/2312053/cryptid-web-app-sd-2024/scripts.js": {"path":"/home/vmuser/Downloads/2312053/cryptid-web-app-sd-2024/scripts.js","statementMap":{"0":{"start":{"line":3,"column":12},"end":{"line":3,"column":44}},"1":{"start":{"line":4,"column":21},"end":{"line":4,"column":57}},"2":{"start":{"line":5,"column":17},"end":{"line":5,"column":50}},"3":{"start":{"line":7,"column":17},"end":{"line":7,"column":39}},"4":{"start":{"line":8,"column":17},"end":{"line":8,"column":43}},"5":{"start":{"line":9,"column":18},"end":{"line":9,"column":41}},"6":{"start":{"line":11,"column":26},"end":{"line":11,"column":70}},"7":{"start":{"line":12,"column":21},"end":{"line":12,"column":60}},"8":{"start":{"line":13,"column":11},"end":{"line":13,"column":28}},"9":{"start":{"line":13,"column":22},"end":{"line":13,"column":27}},"10":{"start":{"line":14,"column":14},"end":{"line":14,"column":15}},"11":{"start":{"line":15,"column":15},"end":{"line":15,"column":17}},"12":{"start":{"line":16,"column":12},"end":{"line":16,"column":23}},"13":{"start":{"line":17,"column":17},"end":{"line":17,"column":55}},"14":{"start":{"line":18,"column":21},"end":{"line":18,"column":59}},"15":{"start":{"line":19,"column":21},"end":{"line":19,"column":48}},"16":{"start":{"line":20,"column":22},"end":{"line":20,"column":40}},"17":{"start":{"line":21,"column":16},"end":{"line":21,"column":18}},"18":{"start":{"line":22,"column":16},"end":{"line":22,"column":33}},"19":{"start":{"line":23,"column":14},"end":{"line":23,"column":25}},"20":{"start":{"line":24,"column":15},"end":{"line":24,"column":26}},"21":{"start":{"line":25,"column":14},"end":{"line":25,"column":25}},"22":{"start":{"line":26,"column":15},"end":{"line":26,"column":26}},"23":{"start":{"line":27,"column":14},"end":{"line":27,"column":25}},"24":{"start":{"line":28,"column":19},"end":{"line":28,"column":28}},"25":{"start":{"line":29,"column":18},"end":{"line":29,"column":27}},"26":{"start":{"line":30,"column":19},"end":{"line":30,"column":28}},"27":{"start":{"line":31,"column":19},"end":{"line":31,"column":28}},"28":{"start":{"line":32,"column":16},"end":{"line":32,"column":25}},"29":{"start":{"line":33,"column":16},"end":{"line":33,"column":25}},"30":{"start":{"line":34,"column":16},"end":{"line":34,"column":25}},"31":{"start":{"line":35,"column":16},"end":{"line":35,"column":25}},"32":{"start":{"line":36,"column":16},"end":{"line":36,"column":25}},"33":{"start":{"line":37,"column":18},"end":{"line":37,"column":22}},"34":{"start":{"line":38,"column":18},"end":{"line":38,"column":22}},"35":{"start":{"line":39,"column":18},"end":{"line":39,"column":22}},"36":{"start":{"line":40,"column":18},"end":{"line":40,"column":23}},"37":{"start":{"line":41,"column":18},"end":{"line":41,"column":23}},"38":{"start":{"line":42,"column":13},"end":{"line":42,"column":15}},"39":{"start":{"line":43,"column":11},"end":{"line":43,"column":13}},"40":{"start":{"line":45,"column":14},"end":{"line":45,"column":149}},"41":{"start":{"line":46,"column":14},"end":{"line":46,"column":51}},"42":{"start":{"line":47,"column":14},"end":{"line":47,"column":133}},"43":{"start":{"line":48,"column":14},"end":{"line":48,"column":51}},"44":{"start":{"line":49,"column":14},"end":{"line":49,"column":127}},"45":{"start":{"line":50,"column":14},"end":{"line":50,"column":51}},"46":{"start":{"line":51,"column":14},"end":{"line":51,"column":133}},"47":{"start":{"line":52,"column":14},"end":{"line":52,"column":51}},"48":{"start":{"line":53,"column":14},"end":{"line":53,"column":127}},"49":{"start":{"line":54,"column":14},"end":{"line":54,"column":51}},"50":{"start":{"line":55,"column":14},"end":{"line":55,"column":129}},"51":{"start":{"line":56,"column":14},"end":{"line":56,"column":51}},"52":{"start":{"line":57,"column":24},"end":{"line":57,"column":58}},"53":{"start":{"line":58,"column":24},"end":{"line":58,"column":58}},"54":{"start":{"line":59,"column":26},"end":{"line":59,"column":62}},"55":{"start":{"line":60,"column":25},"end":{"line":60,"column":60}},"56":{"start":{"line":61,"column":25},"end":{"line":61,"column":60}},"57":{"start":{"line":62,"column":24},"end":{"line":62,"column":58}},"58":{"start":{"line":63,"column":20},"end":{"line":63,"column":58}},"59":{"start":{"line":64,"column":20},"end":{"line":64,"column":58}},"60":{"start":{"line":65,"column":22},"end":{"line":65,"column":62}},"61":{"start":{"line":66,"column":21},"end":{"line":66,"column":60}},"62":{"start":{"line":67,"column":21},"end":{"line":67,"column":60}},"63":{"start":{"line":68,"column":20},"end":{"line":68,"column":58}},"64":{"start":{"line":69,"column":20},"end":{"line":69,"column":61}},"65":{"start":{"line":70,"column":22},"end":{"line":70,"column":62}},"66":{"start":{"line":73,"column":16},"end":{"line":73,"column":18}},"67":{"start":{"line":74,"column":23},"end":{"line":74,"column":25}},"68":{"start":{"line":75,"column":22},"end":{"line":75,"column":24}},"69":{"start":{"line":76,"column":23},"end":{"line":76,"column":25}},"70":{"start":{"line":77,"column":23},"end":{"line":77,"column":25}},"71":{"start":{"line":78,"column":16},"end":{"line":78,"column":58}},"72":{"start":{"line":78,"column":23},"end":{"line":78,"column":58}},"73":{"start":{"line":79,"column":15},"end":{"line":79,"column":17}},"74":{"start":{"line":80,"column":0},"end":{"line":80,"column":35}},"75":{"start":{"line":81,"column":16},"end":{"line":81,"column":29}},"76":{"start":{"line":82,"column":11},"end":{"line":82,"column":24}},"77":{"start":{"line":84,"column":15},"end":{"line":84,"column":16}},"78":{"start":{"line":85,"column":14},"end":{"line":85,"column":16}},"79":{"start":{"line":86,"column":18},"end":{"line":86,"column":19}},"80":{"start":{"line":87,"column":23},"end":{"line":87,"column":25}},"81":{"start":{"line":88,"column":22},"end":{"line":88,"column":27}},"82":{"start":{"line":89,"column":22},"end":{"line":89,"column":24}},"83":{"start":{"line":90,"column":12},"end":{"line":90,"column":14}},"84":{"start":{"line":92,"column":24},"end":{"line":92,"column":26}},"85":{"start":{"line":93,"column":18},"end":{"line":93,"column":19}},"86":{"start":{"line":94,"column":13},"end":{"line":94,"column":18}},"87":{"start":{"line":95,"column":14},"end":{"line":152,"column":1}},"88":{"start":{"line":154,"column":10},"end":{"line":154,"column":55}},"89":{"start":{"line":155,"column":14},"end":{"line":155,"column":16}},"90":{"start":{"line":156,"column":0},"end":{"line":156,"column":20}},"91":{"start":{"line":157,"column":0},"end":{"line":157,"column":16}},"92":{"start":{"line":160,"column":4},"end":{"line":160,"column":19}},"93":{"start":{"line":161,"column":4},"end":{"line":161,"column":54}},"94":{"start":{"line":162,"column":4},"end":{"line":162,"column":54}},"95":{"start":{"line":163,"column":4},"end":{"line":163,"column":54}},"96":{"start":{"line":164,"column":4},"end":{"line":164,"column":54}},"97":{"start":{"line":165,"column":4},"end":{"line":165,"column":54}},"98":{"start":{"line":166,"column":4},"end":{"line":166,"column":55}},"99":{"start":{"line":167,"column":4},"end":{"line":167,"column":55}},"100":{"start":{"line":168,"column":4},"end":{"line":168,"column":55}},"101":{"start":{"line":169,"column":4},"end":{"line":169,"column":59}},"102":{"start":{"line":170,"column":4},"end":{"line":170,"column":64}},"103":{"start":{"line":171,"column":4},"end":{"line":171,"column":57}},"104":{"start":{"line":172,"column":4},"end":{"line":172,"column":58}},"105":{"start":{"line":173,"column":4},"end":{"line":173,"column":58}},"106":{"start":{"line":174,"column":4},"end":{"line":174,"column":58}},"107":{"start":{"line":175,"column":4},"end":{"line":175,"column":58}},"108":{"start":{"line":176,"column":4},"end":{"line":176,"column":22}},"109":{"start":{"line":177,"column":4},"end":{"line":177,"column":21}},"110":{"start":{"line":178,"column":4},"end":{"line":178,"column":17}},"111":{"start":{"line":179,"column":4},"end":{"line":179,"column":20}},"112":{"start":{"line":180,"column":4},"end":{"line":180,"column":26}},"113":{"start":{"line":181,"column":4},"end":{"line":181,"column":28}},"114":{"start":{"line":182,"column":4},"end":{"line":182,"column":25}},"115":{"start":{"line":183,"column":4},"end":{"line":183,"column":22}},"116":{"start":{"line":184,"column":4},"end":{"line":184,"column":19}},"117":{"start":{"line":185,"column":4},"end":{"line":185,"column":23}},"118":{"start":{"line":186,"column":4},"end":{"line":186,"column":28}},"119":{"start":{"line":187,"column":4},"end":{"line":187,"column":17}},"120":{"start":{"line":188,"column":4},"end":{"line":188,"column":56}},"121":{"start":{"line":189,"column":4},"end":{"line":189,"column":39}},"122":{"start":{"line":190,"column":4},"end":{"line":191,"column":43}},"123":{"start":{"line":192,"column":4},"end":{"line":192,"column":39}},"124":{"start":{"line":193,"column":4},"end":{"line":194,"column":43}},"125":{"start":{"line":195,"column":4},"end":{"line":195,"column":40}},"126":{"start":{"line":196,"column":4},"end":{"line":197,"column":53}},"127":{"start":{"line":198,"column":4},"end":{"line":198,"column":18}},"128":{"start":{"line":199,"column":4},"end":{"line":199,"column":37}},"129":{"start":{"line":200,"column":4},"end":{"line":200,"column":36}},"130":{"start":{"line":201,"column":4},"end":{"line":201,"column":37}},"131":{"start":{"line":202,"column":4},"end":{"line":202,"column":37}},"132":{"start":{"line":203,"column":4},"end":{"line":203,"column":14}},"133":{"start":{"line":204,"column":4},"end":{"line":204,"column":16}},"134":{"start":{"line":205,"column":4},"end":{"line":205,"column":30}},"135":{"start":{"line":206,"column":4},"end":{"line":206,"column":25}},"136":{"start":{"line":210,"column":4},"end":{"line":210,"column":42}},"137":{"start":{"line":211,"column":4},"end":{"line":211,"column":57}},"138":{"start":{"line":212,"column":4},"end":{"line":212,"column":74}},"139":{"start":{"line":217,"column":4},"end":{"line":217,"column":17}},"140":{"start":{"line":218,"column":4},"end":{"line":218,"column":56}},"141":{"start":{"line":219,"column":4},"end":{"line":219,"column":39}},"142":{"start":{"line":220,"column":4},"end":{"line":221,"column":43}},"143":{"start":{"line":222,"column":4},"end":{"line":222,"column":39}},"144":{"start":{"line":223,"column":4},"end":{"line":224,"column":61}},"145":{"start":{"line":225,"column":4},"end":{"line":225,"column":40}},"146":{"start":{"line":226,"column":4},"end":{"line":227,"column":53}},"147":{"start":{"line":228,"column":4},"end":{"line":228,"column":18}},"148":{"start":{"line":229,"column":4},"end":{"line":229,"column":37}},"149":{"start":{"line":230,"column":4},"end":{"line":230,"column":36}},"150":{"start":{"line":231,"column":4},"end":{"line":231,"column":37}},"151":{"start":{"line":232,"column":4},"end":{"line":232,"column":37}},"152":{"start":{"line":233,"column":4},"end":{"line":233,"column":14}},"153":{"start":{"line":234,"column":4},"end":{"line":234,"column":16}},"154":{"start":{"line":235,"column":4},"end":{"line":235,"column":22}},"155":{"start":{"line":236,"column":4},"end":{"line":236,"column":24}},"156":{"start":{"line":237,"column":4},"end":{"line":237,"column":24}},"157":{"start":{"line":238,"column":4},"end":{"line":238,"column":30}},"158":{"start":{"line":239,"column":4},"end":{"line":244,"column":5}},"159":{"start":{"line":240,"column":2},"end":{"line":240,"column":20}},"160":{"start":{"line":243,"column":2},"end":{"line":243,"column":20}},"161":{"start":{"line":245,"column":0},"end":{"line":245,"column":43}},"162":{"start":{"line":246,"column":0},"end":{"line":246,"column":17}},"163":{"start":{"line":247,"column":16},"end":{"line":247,"column":55}},"164":{"start":{"line":250,"column":0},"end":{"line":265,"column":3}},"165":{"start":{"line":252,"column":1},"end":{"line":252,"column":40}},"166":{"start":{"line":252,"column":18},"end":{"line":252,"column":40}},"167":{"start":{"line":253,"column":1},"end":{"line":253,"column":48}},"168":{"start":{"line":256,"column":16},"end":{"line":256,"column":43}},"169":{"start":{"line":257,"column":16},"end":{"line":257,"column":57}},"170":{"start":{"line":258,"column":16},"end":{"line":258,"column":45}},"171":{"start":{"line":259,"column":16},"end":{"line":259,"column":39}},"172":{"start":{"line":260,"column":16},"end":{"line":262,"column":17}},"173":{"start":{"line":261,"column":20},"end":{"line":261,"column":60}},"174":{"start":{"line":263,"column":16},"end":{"line":263,"column":37}},"175":{"start":{"line":274,"column":20},"end":{"line":274,"column":34}},"176":{"start":{"line":275,"column":0},"end":{"line":275,"column":23}},"177":{"start":{"line":276,"column":0},"end":{"line":278,"column":1}},"178":{"start":{"line":277,"column":4},"end":{"line":277,"column":17}},"179":{"start":{"line":280,"column":0},"end":{"line":280,"column":20}},"180":{"start":{"line":281,"column":0},"end":{"line":365,"column":1}},"181":{"start":{"line":281,"column":10},"end":{"line":281,"column":11}},"182":{"start":{"line":282,"column":4},"end":{"line":282,"column":35}},"183":{"start":{"line":283,"column":4},"end":{"line":289,"column":5}},"184":{"start":{"line":284,"column":8},"end":{"line":284,"column":20}},"185":{"start":{"line":285,"column":8},"end":{"line":285,"column":33}},"186":{"start":{"line":288,"column":8},"end":{"line":288,"column":30}},"187":{"start":{"line":290,"column":4},"end":{"line":363,"column":5}},"188":{"start":{"line":293,"column":12},"end":{"line":293,"column":74}},"189":{"start":{"line":296,"column":12},"end":{"line":301,"column":13}},"190":{"start":{"line":297,"column":16},"end":{"line":297,"column":43}},"191":{"start":{"line":300,"column":16},"end":{"line":300,"column":44}},"192":{"start":{"line":302,"column":12},"end":{"line":302,"column":18}},"193":{"start":{"line":305,"column":12},"end":{"line":305,"column":74}},"194":{"start":{"line":308,"column":12},"end":{"line":313,"column":13}},"195":{"start":{"line":309,"column":16},"end":{"line":309,"column":43}},"196":{"start":{"line":312,"column":16},"end":{"line":312,"column":44}},"197":{"start":{"line":314,"column":12},"end":{"line":314,"column":18}},"198":{"start":{"line":317,"column":12},"end":{"line":317,"column":76}},"199":{"start":{"line":320,"column":12},"end":{"line":325,"column":13}},"200":{"start":{"line":321,"column":16},"end":{"line":321,"column":45}},"201":{"start":{"line":324,"column":16},"end":{"line":324,"column":46}},"202":{"start":{"line":326,"column":12},"end":{"line":326,"column":18}},"203":{"start":{"line":329,"column":12},"end":{"line":329,"column":75}},"204":{"start":{"line":332,"column":12},"end":{"line":337,"column":13}},"205":{"start":{"line":333,"column":16},"end":{"line":333,"column":44}},"206":{"start":{"line":336,"column":16},"end":{"line":336,"column":45}},"207":{"start":{"line":338,"column":12},"end":{"line":338,"column":18}},"208":{"start":{"line":341,"column":12},"end":{"line":341,"column":75}},"209":{"start":{"line":344,"column":12},"end":{"line":349,"column":13}},"210":{"start":{"line":345,"column":16},"end":{"line":345,"column":44}},"211":{"start":{"line":348,"column":16},"end":{"line":348,"column":45}},"212":{"start":{"line":350,"column":12},"end":{"line":350,"column":18}},"213":{"start":{"line":353,"column":12},"end":{"line":353,"column":74}},"214":{"start":{"line":356,"column":12},"end":{"line":361,"column":13}},"215":{"start":{"line":357,"column":16},"end":{"line":357,"column":43}},"216":{"start":{"line":360,"column":16},"end":{"line":360,"column":44}},"217":{"start":{"line":362,"column":12},"end":{"line":362,"column":18}},"218":{"start":{"line":366,"column":0},"end":{"line":366,"column":23}},"219":{"start":{"line":367,"column":0},"end":{"line":367,"column":18}},"220":{"start":{"line":368,"column":16},"end":{"line":368,"column":51}},"221":{"start":{"line":369,"column":14},"end":{"line":369,"column":19}},"222":{"start":{"line":370,"column":0},"end":{"line":370,"column":68}},"223":{"start":{"line":372,"column":0},"end":{"line":372,"column":36}},"224":{"start":{"line":373,"column":0},"end":{"line":373,"column":36}},"225":{"start":{"line":374,"column":0},"end":{"line":374,"column":68}},"226":{"start":{"line":376,"column":0},"end":{"line":376,"column":36}},"227":{"start":{"line":377,"column":0},"end":{"line":377,"column":36}},"228":{"start":{"line":378,"column":0},"end":{"line":378,"column":68}},"229":{"start":{"line":380,"column":0},"end":{"line":380,"column":35}},"230":{"start":{"line":381,"column":0},"end":{"line":381,"column":35}},"231":{"start":{"line":382,"column":0},"end":{"line":417,"column":1}},"232":{"start":{"line":383,"column":4},"end":{"line":383,"column":72}},"233":{"start":{"line":385,"column":4},"end":{"line":385,"column":40}},"234":{"start":{"line":386,"column":4},"end":{"line":386,"column":40}},"235":{"start":{"line":387,"column":4},"end":{"line":387,"column":72}},"236":{"start":{"line":389,"column":4},"end":{"line":389,"column":40}},"237":{"start":{"line":390,"column":4},"end":{"line":390,"column":40}},"238":{"start":{"line":391,"column":4},"end":{"line":391,"column":74}},"239":{"start":{"line":393,"column":4},"end":{"line":393,"column":40}},"240":{"start":{"line":394,"column":4},"end":{"line":394,"column":40}},"241":{"start":{"line":395,"column":4},"end":{"line":395,"column":74}},"242":{"start":{"line":397,"column":4},"end":{"line":397,"column":39}},"243":{"start":{"line":398,"column":4},"end":{"line":398,"column":39}},"244":{"start":{"line":399,"column":4},"end":{"line":399,"column":74}},"245":{"start":{"line":401,"column":4},"end":{"line":401,"column":40}},"246":{"start":{"line":402,"column":4},"end":{"line":402,"column":40}},"247":{"start":{"line":405,"column":4},"end":{"line":405,"column":72}},"248":{"start":{"line":407,"column":4},"end":{"line":407,"column":40}},"249":{"start":{"line":408,"column":4},"end":{"line":408,"column":40}},"250":{"start":{"line":409,"column":4},"end":{"line":409,"column":72}},"251":{"start":{"line":411,"column":4},"end":{"line":411,"column":40}},"252":{"start":{"line":412,"column":4},"end":{"line":412,"column":40}},"253":{"start":{"line":413,"column":4},"end":{"line":413,"column":74}},"254":{"start":{"line":415,"column":4},"end":{"line":415,"column":39}},"255":{"start":{"line":416,"column":4},"end":{"line":416,"column":39}},"256":{"start":{"line":418,"column":0},"end":{"line":418,"column":33}},"257":{"start":{"line":419,"column":0},"end":{"line":419,"column":22}},"258":{"start":{"line":432,"column":0},"end":{"line":432,"column":29}},"259":{"start":{"line":433,"column":0},"end":{"line":433,"column":44}},"260":{"start":{"line":435,"column":0},"end":{"line":435,"column":43}},"261":{"start":{"line":436,"column":0},"end":{"line":436,"column":43}},"262":{"start":{"line":437,"column":0},"end":{"line":437,"column":41}},"263":{"start":{"line":438,"column":0},"end":{"line":440,"column":1}},"264":{"start":{"line":439,"column":4},"end":{"line":439,"column":47}},"265":{"start":{"line":441,"column":0},"end":{"line":441,"column":53}},"266":{"start":{"line":442,"column":0},"end":{"line":442,"column":70}},"267":{"start":{"line":447,"column":4},"end":{"line":523,"column":2}},"268":{"start":{"line":447,"column":15},"end":{"line":447,"column":16}},"269":{"start":{"line":448,"column":8},"end":{"line":448,"column":34}},"270":{"start":{"line":449,"column":8},"end":{"line":449,"column":29}},"271":{"start":{"line":450,"column":8},"end":{"line":523,"column":1}},"272":{"start":{"line":452,"column":12},"end":{"line":461,"column":13}},"273":{"start":{"line":453,"column":16},"end":{"line":453,"column":50}},"274":{"start":{"line":454,"column":16},"end":{"line":454,"column":48}},"275":{"start":{"line":455,"column":16},"end":{"line":455,"column":50}},"276":{"start":{"line":456,"column":16},"end":{"line":456,"column":44}},"277":{"start":{"line":459,"column":16},"end":{"line":459,"column":46}},"278":{"start":{"line":460,"column":16},"end":{"line":460,"column":42}},"279":{"start":{"line":462,"column":12},"end":{"line":462,"column":18}},"280":{"start":{"line":464,"column":12},"end":{"line":473,"column":13}},"281":{"start":{"line":465,"column":16},"end":{"line":465,"column":50}},"282":{"start":{"line":466,"column":16},"end":{"line":466,"column":48}},"283":{"start":{"line":467,"column":16},"end":{"line":467,"column":50}},"284":{"start":{"line":468,"column":16},"end":{"line":468,"column":44}},"285":{"start":{"line":471,"column":16},"end":{"line":471,"column":46}},"286":{"start":{"line":472,"column":16},"end":{"line":472,"column":42}},"287":{"start":{"line":474,"column":12},"end":{"line":474,"column":18}},"288":{"start":{"line":476,"column":12},"end":{"line":485,"column":13}},"289":{"start":{"line":477,"column":16},"end":{"line":477,"column":50}},"290":{"start":{"line":478,"column":16},"end":{"line":478,"column":48}},"291":{"start":{"line":479,"column":16},"end":{"line":479,"column":50}},"292":{"start":{"line":480,"column":16},"end":{"line":480,"column":44}},"293":{"start":{"line":483,"column":16},"end":{"line":483,"column":46}},"294":{"start":{"line":484,"column":16},"end":{"line":484,"column":42}},"295":{"start":{"line":486,"column":12},"end":{"line":486,"column":18}},"296":{"start":{"line":488,"column":12},"end":{"line":497,"column":13}},"297":{"start":{"line":489,"column":16},"end":{"line":489,"column":50}},"298":{"start":{"line":490,"column":16},"end":{"line":490,"column":48}},"299":{"start":{"line":491,"column":16},"end":{"line":491,"column":50}},"300":{"start":{"line":492,"column":16},"end":{"line":492,"column":44}},"301":{"start":{"line":495,"column":16},"end":{"line":495,"column":46}},"302":{"start":{"line":496,"column":16},"end":{"line":496,"column":42}},"303":{"start":{"line":498,"column":12},"end":{"line":498,"column":18}},"304":{"start":{"line":500,"column":12},"end":{"line":509,"column":13}},"305":{"start":{"line":501,"column":16},"end":{"line":501,"column":50}},"306":{"start":{"line":502,"column":16},"end":{"line":502,"column":48}},"307":{"start":{"line":503,"column":16},"end":{"line":503,"column":50}},"308":{"start":{"line":504,"column":16},"end":{"line":504,"column":44}},"309":{"start":{"line":507,"column":16},"end":{"line":507,"column":46}},"310":{"start":{"line":508,"column":16},"end":{"line":508,"column":42}},"311":{"start":{"line":510,"column":12},"end":{"line":510,"column":18}},"312":{"start":{"line":512,"column":12},"end":{"line":521,"column":13}},"313":{"start":{"line":513,"column":16},"end":{"line":513,"column":50}},"314":{"start":{"line":514,"column":16},"end":{"line":514,"column":48}},"315":{"start":{"line":515,"column":16},"end":{"line":515,"column":50}},"316":{"start":{"line":516,"column":16},"end":{"line":516,"column":44}},"317":{"start":{"line":519,"column":16},"end":{"line":519,"column":46}},"318":{"start":{"line":520,"column":16},"end":{"line":520,"column":42}},"319":{"start":{"line":522,"column":12},"end":{"line":522,"column":18}},"320":{"start":{"line":529,"column":19},"end":{"line":529,"column":21}},"321":{"start":{"line":530,"column":12},"end":{"line":530,"column":16}},"322":{"start":{"line":532,"column":10},"end":{"line":532,"column":11}},"323":{"start":{"line":533,"column":2},"end":{"line":562,"column":3}},"324":{"start":{"line":534,"column":6},"end":{"line":560,"column":7}},"325":{"start":{"line":535,"column":10},"end":{"line":535,"column":39}},"326":{"start":{"line":536,"column":10},"end":{"line":536,"column":33}},"327":{"start":{"line":537,"column":12},"end":{"line":537,"column":41}},"328":{"start":{"line":538,"column":10},"end":{"line":538,"column":59}},"329":{"start":{"line":540,"column":10},"end":{"line":548,"column":15}},"330":{"start":{"line":549,"column":12},"end":{"line":557,"column":19}},"331":{"start":{"line":558,"column":8},"end":{"line":558,"column":16}},"332":{"start":{"line":563,"column":2},"end":{"line":563,"column":23}},"333":{"start":{"line":565,"column":0},"end":{"line":565,"column":35}},"334":{"start":{"line":570,"column":28},"end":{"line":570,"column":65}},"335":{"start":{"line":571,"column":4},"end":{"line":576,"column":5}},"336":{"start":{"line":571,"column":14},"end":{"line":571,"column":15}},"337":{"start":{"line":572,"column":8},"end":{"line":572,"column":38}},"338":{"start":{"line":573,"column":8},"end":{"line":573,"column":23}},"339":{"start":{"line":574,"column":8},"end":{"line":574,"column":38}},"340":{"start":{"line":575,"column":8},"end":{"line":575,"column":134}},"341":{"start":{"line":578,"column":0},"end":{"line":578,"column":35}},"342":{"start":{"line":581,"column":14},"end":{"line":581,"column":18}},"343":{"start":{"line":582,"column":12},"end":{"line":582,"column":13}},"344":{"start":{"line":585,"column":4},"end":{"line":600,"column":5}},"345":{"start":{"line":586,"column":8},"end":{"line":586,"column":41}},"346":{"start":{"line":587,"column":8},"end":{"line":587,"column":31}},"347":{"start":{"line":588,"column":8},"end":{"line":588,"column":31}},"348":{"start":{"line":589,"column":8},"end":{"line":599,"column":9}},"349":{"start":{"line":591,"column":12},"end":{"line":591,"column":35}},"350":{"start":{"line":592,"column":12},"end":{"line":592,"column":41}},"351":{"start":{"line":593,"column":12},"end":{"line":593,"column":61}},"352":{"start":{"line":595,"column":13},"end":{"line":599,"column":9}},"353":{"start":{"line":596,"column":12},"end":{"line":596,"column":35}},"354":{"start":{"line":597,"column":12},"end":{"line":597,"column":39}},"355":{"start":{"line":598,"column":12},"end":{"line":598,"column":61}},"356":{"start":{"line":602,"column":0},"end":{"line":602,"column":35}},"357":{"start":{"line":606,"column":4},"end":{"line":651,"column":5}},"358":{"start":{"line":607,"column":14},"end":{"line":607,"column":18}},"359":{"start":{"line":608,"column":12},"end":{"line":608,"column":13}},"360":{"start":{"line":610,"column":4},"end":{"line":610,"column":31}},"361":{"start":{"line":611,"column":4},"end":{"line":611,"column":19}},"362":{"start":{"line":612,"column":4},"end":{"line":612,"column":19}},"363":{"start":{"line":614,"column":4},"end":{"line":645,"column":5}},"364":{"start":{"line":615,"column":8},"end":{"line":620,"column":9}},"365":{"start":{"line":616,"column":12},"end":{"line":616,"column":28}},"366":{"start":{"line":619,"column":12},"end":{"line":619,"column":28}},"367":{"start":{"line":622,"column":9},"end":{"line":645,"column":5}},"368":{"start":{"line":623,"column":8},"end":{"line":628,"column":9}},"369":{"start":{"line":624,"column":12},"end":{"line":624,"column":28}},"370":{"start":{"line":627,"column":12},"end":{"line":627,"column":28}},"371":{"start":{"line":630,"column":9},"end":{"line":645,"column":5}},"372":{"start":{"line":631,"column":8},"end":{"line":636,"column":9}},"373":{"start":{"line":632,"column":12},"end":{"line":632,"column":28}},"374":{"start":{"line":635,"column":12},"end":{"line":635,"column":28}},"375":{"start":{"line":639,"column":8},"end":{"line":644,"column":9}},"376":{"start":{"line":640,"column":12},"end":{"line":640,"column":28}},"377":{"start":{"line":643,"column":12},"end":{"line":643,"column":28}},"378":{"start":{"line":646,"column":4},"end":{"line":646,"column":94}},"379":{"start":{"line":646,"column":24},"end":{"line":646,"column":73}},"380":{"start":{"line":647,"column":4},"end":{"line":647,"column":27}},"381":{"start":{"line":648,"column":4},"end":{"line":648,"column":34}},"382":{"start":{"line":649,"column":4},"end":{"line":649,"column":75}},"383":{"start":{"line":653,"column":0},"end":{"line":653,"column":37}},"384":{"start":{"line":657,"column":4},"end":{"line":660,"column":5}},"385":{"start":{"line":658,"column":8},"end":{"line":658,"column":37}},"386":{"start":{"line":659,"column":8},"end":{"line":659,"column":37}},"387":{"start":{"line":664,"column":0},"end":{"line":664,"column":45}},"388":{"start":{"line":667,"column":4},"end":{"line":667,"column":32}},"389":{"start":{"line":668,"column":4},"end":{"line":668,"column":59}},"390":{"start":{"line":669,"column":4},"end":{"line":669,"column":13}},"391":{"start":{"line":671,"column":0},"end":{"line":671,"column":41}},"392":{"start":{"line":675,"column":4},"end":{"line":683,"column":5}},"393":{"start":{"line":676,"column":8},"end":{"line":676,"column":28}},"394":{"start":{"line":678,"column":9},"end":{"line":683,"column":5}},"395":{"start":{"line":679,"column":8},"end":{"line":679,"column":28}},"396":{"start":{"line":682,"column":8},"end":{"line":682,"column":29}},"397":{"start":{"line":684,"column":4},"end":{"line":684,"column":48}},"398":{"start":{"line":685,"column":12},"end":{"line":685,"column":13}},"399":{"start":{"line":686,"column":4},"end":{"line":686,"column":25}},"400":{"start":{"line":687,"column":4},"end":{"line":690,"column":5}},"401":{"start":{"line":688,"column":19},"end":{"line":688,"column":30}},"402":{"start":{"line":689,"column":8},"end":{"line":689,"column":36}},"403":{"start":{"line":691,"column":4},"end":{"line":691,"column":25}},"404":{"start":{"line":692,"column":4},"end":{"line":692,"column":20}},"405":{"start":{"line":693,"column":4},"end":{"line":693,"column":22}},"406":{"start":{"line":695,"column":0},"end":{"line":695,"column":35}},"407":{"start":{"line":699,"column":17},"end":{"line":699,"column":28}},"408":{"start":{"line":700,"column":14},"end":{"line":700,"column":15}},"409":{"start":{"line":700,"column":21},"end":{"line":700,"column":26}},"410":{"start":{"line":701,"column":4},"end":{"line":706,"column":5}},"411":{"start":{"line":702,"column":8},"end":{"line":702,"column":30}},"412":{"start":{"line":704,"column":9},"end":{"line":706,"column":5}},"413":{"start":{"line":705,"column":8},"end":{"line":705,"column":28}},"414":{"start":{"line":707,"column":4},"end":{"line":711,"column":5}},"415":{"start":{"line":709,"column":8},"end":{"line":709,"column":66}},"416":{"start":{"line":710,"column":8},"end":{"line":710,"column":20}},"417":{"start":{"line":713,"column":4},"end":{"line":713,"column":18}},"418":{"start":{"line":715,"column":0},"end":{"line":715,"column":39}},"419":{"start":{"line":719,"column":4},"end":{"line":719,"column":40}},"420":{"start":{"line":720,"column":4},"end":{"line":721,"column":53}},"421":{"start":{"line":723,"column":4},"end":{"line":731,"column":5}},"422":{"start":{"line":724,"column":8},"end":{"line":724,"column":42}},"423":{"start":{"line":725,"column":8},"end":{"line":725,"column":42}},"424":{"start":{"line":726,"column":8},"end":{"line":726,"column":32}},"425":{"start":{"line":727,"column":18},"end":{"line":727,"column":22}},"426":{"start":{"line":728,"column":17},"end":{"line":728,"column":35}},"427":{"start":{"line":729,"column":17},"end":{"line":729,"column":35}},"428":{"start":{"line":730,"column":8},"end":{"line":730,"column":80}},"429":{"start":{"line":732,"column":4},"end":{"line":829,"column":7}},"430":{"start":{"line":733,"column":8},"end":{"line":733,"column":33}},"431":{"start":{"line":735,"column":8},"end":{"line":828,"column":9}},"432":{"start":{"line":735,"column":19},"end":{"line":735,"column":20}},"433":{"start":{"line":736,"column":23},"end":{"line":736,"column":27}},"434":{"start":{"line":737,"column":12},"end":{"line":827,"column":13}},"435":{"start":{"line":739,"column":32},"end":{"line":739,"column":41}},"436":{"start":{"line":740,"column":32},"end":{"line":740,"column":53}},"437":{"start":{"line":741,"column":20},"end":{"line":741,"column":50}},"438":{"start":{"line":742,"column":20},"end":{"line":742,"column":44}},"439":{"start":{"line":743,"column":20},"end":{"line":743,"column":51}},"440":{"start":{"line":744,"column":20},"end":{"line":744,"column":95}},"441":{"start":{"line":745,"column":20},"end":{"line":745,"column":26}},"442":{"start":{"line":747,"column":32},"end":{"line":747,"column":41}},"443":{"start":{"line":748,"column":32},"end":{"line":748,"column":53}},"444":{"start":{"line":750,"column":20},"end":{"line":750,"column":50}},"445":{"start":{"line":751,"column":20},"end":{"line":751,"column":44}},"446":{"start":{"line":752,"column":20},"end":{"line":752,"column":51}},"447":{"start":{"line":753,"column":20},"end":{"line":753,"column":96}},"448":{"start":{"line":754,"column":20},"end":{"line":754,"column":26}},"449":{"start":{"line":756,"column":32},"end":{"line":756,"column":41}},"450":{"start":{"line":757,"column":32},"end":{"line":757,"column":53}},"451":{"start":{"line":759,"column":20},"end":{"line":759,"column":50}},"452":{"start":{"line":760,"column":20},"end":{"line":760,"column":44}},"453":{"start":{"line":761,"column":20},"end":{"line":761,"column":51}},"454":{"start":{"line":762,"column":20},"end":{"line":762,"column":95}},"455":{"start":{"line":763,"column":20},"end":{"line":763,"column":26}},"456":{"start":{"line":765,"column":32},"end":{"line":765,"column":41}},"457":{"start":{"line":766,"column":32},"end":{"line":766,"column":53}},"458":{"start":{"line":768,"column":20},"end":{"line":768,"column":50}},"459":{"start":{"line":769,"column":20},"end":{"line":769,"column":44}},"460":{"start":{"line":770,"column":20},"end":{"line":770,"column":51}},"461":{"start":{"line":771,"column":20},"end":{"line":771,"column":96}},"462":{"start":{"line":772,"column":20},"end":{"line":772,"column":26}},"463":{"start":{"line":774,"column":32},"end":{"line":774,"column":41}},"464":{"start":{"line":775,"column":32},"end":{"line":775,"column":53}},"465":{"start":{"line":777,"column":20},"end":{"line":777,"column":50}},"466":{"start":{"line":778,"column":20},"end":{"line":778,"column":44}},"467":{"start":{"line":779,"column":20},"end":{"line":779,"column":51}},"468":{"start":{"line":780,"column":20},"end":{"line":780,"column":95}},"469":{"start":{"line":781,"column":20},"end":{"line":781,"column":26}},"470":{"start":{"line":783,"column":32},"end":{"line":783,"column":41}},"471":{"start":{"line":784,"column":32},"end":{"line":784,"column":53}},"472":{"start":{"line":786,"column":20},"end":{"line":786,"column":50}},"473":{"start":{"line":787,"column":20},"end":{"line":787,"column":44}},"474":{"start":{"line":788,"column":20},"end":{"line":788,"column":51}},"475":{"start":{"line":789,"column":20},"end":{"line":789,"column":96}},"476":{"start":{"line":790,"column":20},"end":{"line":790,"column":26}},"477":{"start":{"line":792,"column":32},"end":{"line":792,"column":41}},"478":{"start":{"line":793,"column":32},"end":{"line":793,"column":53}},"479":{"start":{"line":795,"column":20},"end":{"line":795,"column":50}},"480":{"start":{"line":796,"column":20},"end":{"line":796,"column":44}},"481":{"start":{"line":797,"column":20},"end":{"line":797,"column":51}},"482":{"start":{"line":798,"column":20},"end":{"line":798,"column":95}},"483":{"start":{"line":799,"column":20},"end":{"line":799,"column":26}},"484":{"start":{"line":801,"column":32},"end":{"line":801,"column":41}},"485":{"start":{"line":802,"column":32},"end":{"line":802,"column":53}},"486":{"start":{"line":804,"column":20},"end":{"line":804,"column":50}},"487":{"start":{"line":805,"column":20},"end":{"line":805,"column":44}},"488":{"start":{"line":806,"column":20},"end":{"line":806,"column":51}},"489":{"start":{"line":807,"column":20},"end":{"line":807,"column":96}},"490":{"start":{"line":808,"column":20},"end":{"line":808,"column":26}},"491":{"start":{"line":810,"column":32},"end":{"line":810,"column":41}},"492":{"start":{"line":811,"column":32},"end":{"line":811,"column":53}},"493":{"start":{"line":813,"column":20},"end":{"line":813,"column":50}},"494":{"start":{"line":814,"column":20},"end":{"line":814,"column":44}},"495":{"start":{"line":815,"column":20},"end":{"line":815,"column":51}},"496":{"start":{"line":816,"column":20},"end":{"line":816,"column":95}},"497":{"start":{"line":817,"column":20},"end":{"line":817,"column":26}},"498":{"start":{"line":819,"column":32},"end":{"line":819,"column":41}},"499":{"start":{"line":820,"column":32},"end":{"line":820,"column":53}},"500":{"start":{"line":822,"column":20},"end":{"line":822,"column":50}},"501":{"start":{"line":823,"column":20},"end":{"line":823,"column":44}},"502":{"start":{"line":824,"column":20},"end":{"line":824,"column":51}},"503":{"start":{"line":825,"column":20},"end":{"line":825,"column":96}},"504":{"start":{"line":826,"column":20},"end":{"line":826,"column":26}},"505":{"start":{"line":831,"column":11},"end":{"line":831,"column":43}},"506":{"start":{"line":832,"column":15},"end":{"line":832,"column":48}},"507":{"start":{"line":833,"column":14},"end":{"line":833,"column":45}},"508":{"start":{"line":834,"column":14},"end":{"line":834,"column":35}},"509":{"start":{"line":839,"column":13},"end":{"line":839,"column":19}},"510":{"start":{"line":840,"column":13},"end":{"line":840,"column":19}},"511":{"start":{"line":841,"column":4},"end":{"line":841,"column":31}},"512":{"start":{"line":845,"column":0},"end":{"line":867,"column":10}},"513":{"start":{"line":846,"column":12},"end":{"line":846,"column":23}},"514":{"start":{"line":847,"column":12},"end":{"line":847,"column":23}},"515":{"start":{"line":848,"column":4},"end":{"line":848,"column":19}},"516":{"start":{"line":849,"column":4},"end":{"line":849,"column":19}},"517":{"start":{"line":851,"column":4},"end":{"line":865,"column":7}},"518":{"start":{"line":852,"column":8},"end":{"line":864,"column":9}},"519":{"start":{"line":854,"column":12},"end":{"line":854,"column":38}},"520":{"start":{"line":855,"column":12},"end":{"line":855,"column":35}},"521":{"start":{"line":856,"column":12},"end":{"line":861,"column":13}},"522":{"start":{"line":857,"column":16},"end":{"line":857,"column":64}},"523":{"start":{"line":860,"column":16},"end":{"line":860,"column":42}},"524":{"start":{"line":869,"column":0},"end":{"line":884,"column":2}},"525":{"start":{"line":870,"column":4},"end":{"line":872,"column":5}},"526":{"start":{"line":871,"column":8},"end":{"line":871,"column":21}},"527":{"start":{"line":873,"column":4},"end":{"line":873,"column":39}},"528":{"start":{"line":874,"column":4},"end":{"line":874,"column":115}},"529":{"start":{"line":874,"column":24},"end":{"line":874,"column":99}},"530":{"start":{"line":875,"column":4},"end":{"line":875,"column":39}},"531":{"start":{"line":876,"column":4},"end":{"line":877,"column":61}},"532":{"start":{"line":878,"column":4},"end":{"line":878,"column":47}},"533":{"start":{"line":879,"column":4},"end":{"line":879,"column":47}},"534":{"start":{"line":880,"column":4},"end":{"line":880,"column":45}},"535":{"start":{"line":881,"column":4},"end":{"line":881,"column":47}},"536":{"start":{"line":883,"column":4},"end":{"line":883,"column":26}},"537":{"start":{"line":886,"column":0},"end":{"line":901,"column":2}},"538":{"start":{"line":887,"column":4},"end":{"line":889,"column":5}},"539":{"start":{"line":888,"column":8},"end":{"line":888,"column":21}},"540":{"start":{"line":890,"column":4},"end":{"line":890,"column":39}},"541":{"start":{"line":891,"column":4},"end":{"line":891,"column":115}},"542":{"start":{"line":891,"column":24},"end":{"line":891,"column":99}},"543":{"start":{"line":892,"column":4},"end":{"line":892,"column":39}},"544":{"start":{"line":893,"column":4},"end":{"line":894,"column":61}},"545":{"start":{"line":895,"column":4},"end":{"line":895,"column":47}},"546":{"start":{"line":896,"column":4},"end":{"line":896,"column":47}},"547":{"start":{"line":897,"column":4},"end":{"line":897,"column":45}},"548":{"start":{"line":898,"column":4},"end":{"line":898,"column":47}},"549":{"start":{"line":900,"column":4},"end":{"line":900,"column":26}},"550":{"start":{"line":903,"column":0},"end":{"line":918,"column":2}},"551":{"start":{"line":904,"column":4},"end":{"line":906,"column":5}},"552":{"start":{"line":905,"column":8},"end":{"line":905,"column":21}},"553":{"start":{"line":907,"column":4},"end":{"line":907,"column":39}},"554":{"start":{"line":908,"column":4},"end":{"line":908,"column":115}},"555":{"start":{"line":908,"column":24},"end":{"line":908,"column":99}},"556":{"start":{"line":909,"column":4},"end":{"line":909,"column":39}},"557":{"start":{"line":910,"column":4},"end":{"line":911,"column":61}},"558":{"start":{"line":912,"column":4},"end":{"line":912,"column":47}},"559":{"start":{"line":913,"column":4},"end":{"line":913,"column":47}},"560":{"start":{"line":914,"column":4},"end":{"line":914,"column":45}},"561":{"start":{"line":915,"column":4},"end":{"line":915,"column":47}},"562":{"start":{"line":917,"column":4},"end":{"line":917,"column":26}},"563":{"start":{"line":920,"column":0},"end":{"line":935,"column":2}},"564":{"start":{"line":921,"column":4},"end":{"line":923,"column":5}},"565":{"start":{"line":922,"column":8},"end":{"line":922,"column":21}},"566":{"start":{"line":924,"column":4},"end":{"line":924,"column":39}},"567":{"start":{"line":925,"column":4},"end":{"line":925,"column":115}},"568":{"start":{"line":925,"column":24},"end":{"line":925,"column":99}},"569":{"start":{"line":926,"column":4},"end":{"line":926,"column":39}},"570":{"start":{"line":927,"column":4},"end":{"line":928,"column":61}},"571":{"start":{"line":929,"column":4},"end":{"line":929,"column":47}},"572":{"start":{"line":930,"column":4},"end":{"line":930,"column":47}},"573":{"start":{"line":931,"column":4},"end":{"line":931,"column":45}},"574":{"start":{"line":932,"column":4},"end":{"line":932,"column":47}},"575":{"start":{"line":934,"column":4},"end":{"line":934,"column":26}},"576":{"start":{"line":937,"column":0},"end":{"line":952,"column":2}},"577":{"start":{"line":938,"column":4},"end":{"line":940,"column":5}},"578":{"start":{"line":939,"column":8},"end":{"line":939,"column":21}},"579":{"start":{"line":941,"column":4},"end":{"line":941,"column":38}},"580":{"start":{"line":942,"column":4},"end":{"line":942,"column":113}},"581":{"start":{"line":942,"column":24},"end":{"line":942,"column":97}},"582":{"start":{"line":943,"column":4},"end":{"line":943,"column":39}},"583":{"start":{"line":944,"column":4},"end":{"line":945,"column":61}},"584":{"start":{"line":946,"column":4},"end":{"line":946,"column":47}},"585":{"start":{"line":947,"column":4},"end":{"line":947,"column":47}},"586":{"start":{"line":948,"column":4},"end":{"line":948,"column":45}},"587":{"start":{"line":949,"column":4},"end":{"line":949,"column":47}},"588":{"start":{"line":951,"column":4},"end":{"line":951,"column":26}},"589":{"start":{"line":954,"column":0},"end":{"line":969,"column":2}},"590":{"start":{"line":955,"column":4},"end":{"line":957,"column":5}},"591":{"start":{"line":956,"column":8},"end":{"line":956,"column":21}},"592":{"start":{"line":958,"column":4},"end":{"line":958,"column":38}},"593":{"start":{"line":959,"column":4},"end":{"line":959,"column":113}},"594":{"start":{"line":959,"column":24},"end":{"line":959,"column":97}},"595":{"start":{"line":960,"column":4},"end":{"line":960,"column":39}},"596":{"start":{"line":961,"column":4},"end":{"line":962,"column":61}},"597":{"start":{"line":963,"column":4},"end":{"line":963,"column":47}},"598":{"start":{"line":964,"column":4},"end":{"line":964,"column":47}},"599":{"start":{"line":965,"column":4},"end":{"line":965,"column":45}},"600":{"start":{"line":966,"column":4},"end":{"line":966,"column":47}},"601":{"start":{"line":968,"column":4},"end":{"line":968,"column":26}},"602":{"start":{"line":971,"column":0},"end":{"line":986,"column":2}},"603":{"start":{"line":972,"column":4},"end":{"line":974,"column":5}},"604":{"start":{"line":973,"column":8},"end":{"line":973,"column":21}},"605":{"start":{"line":975,"column":4},"end":{"line":975,"column":39}},"606":{"start":{"line":976,"column":4},"end":{"line":976,"column":115}},"607":{"start":{"line":976,"column":24},"end":{"line":976,"column":99}},"608":{"start":{"line":977,"column":4},"end":{"line":977,"column":39}},"609":{"start":{"line":978,"column":4},"end":{"line":979,"column":61}},"610":{"start":{"line":980,"column":4},"end":{"line":980,"column":47}},"611":{"start":{"line":981,"column":4},"end":{"line":981,"column":47}},"612":{"start":{"line":982,"column":4},"end":{"line":982,"column":45}},"613":{"start":{"line":983,"column":4},"end":{"line":983,"column":47}},"614":{"start":{"line":985,"column":4},"end":{"line":985,"column":26}},"615":{"start":{"line":988,"column":0},"end":{"line":1003,"column":2}},"616":{"start":{"line":989,"column":4},"end":{"line":991,"column":5}},"617":{"start":{"line":990,"column":8},"end":{"line":990,"column":21}},"618":{"start":{"line":992,"column":4},"end":{"line":992,"column":39}},"619":{"start":{"line":993,"column":4},"end":{"line":993,"column":115}},"620":{"start":{"line":993,"column":24},"end":{"line":993,"column":99}},"621":{"start":{"line":994,"column":4},"end":{"line":994,"column":39}},"622":{"start":{"line":995,"column":4},"end":{"line":996,"column":61}},"623":{"start":{"line":997,"column":4},"end":{"line":997,"column":47}},"624":{"start":{"line":998,"column":4},"end":{"line":998,"column":47}},"625":{"start":{"line":999,"column":4},"end":{"line":999,"column":45}},"626":{"start":{"line":1000,"column":4},"end":{"line":1000,"column":47}},"627":{"start":{"line":1002,"column":4},"end":{"line":1002,"column":26}},"628":{"start":{"line":1005,"column":0},"end":{"line":1047,"column":2}},"629":{"start":{"line":1006,"column":20},"end":{"line":1006,"column":109}},"630":{"start":{"line":1006,"column":40},"end":{"line":1006,"column":101}},"631":{"start":{"line":1007,"column":4},"end":{"line":1032,"column":5}},"632":{"start":{"line":1009,"column":12},"end":{"line":1009,"column":40}},"633":{"start":{"line":1010,"column":12},"end":{"line":1010,"column":18}},"634":{"start":{"line":1012,"column":12},"end":{"line":1012,"column":40}},"635":{"start":{"line":1013,"column":12},"end":{"line":1013,"column":18}},"636":{"start":{"line":1015,"column":12},"end":{"line":1015,"column":40}},"637":{"start":{"line":1016,"column":12},"end":{"line":1016,"column":18}},"638":{"start":{"line":1018,"column":12},"end":{"line":1018,"column":40}},"639":{"start":{"line":1019,"column":12},"end":{"line":1019,"column":18}},"640":{"start":{"line":1021,"column":12},"end":{"line":1021,"column":39}},"641":{"start":{"line":1022,"column":12},"end":{"line":1022,"column":18}},"642":{"start":{"line":1024,"column":12},"end":{"line":1024,"column":39}},"643":{"start":{"line":1025,"column":12},"end":{"line":1025,"column":18}},"644":{"start":{"line":1027,"column":12},"end":{"line":1027,"column":40}},"645":{"start":{"line":1028,"column":12},"end":{"line":1028,"column":18}},"646":{"start":{"line":1030,"column":12},"end":{"line":1030,"column":40}},"647":{"start":{"line":1031,"column":12},"end":{"line":1031,"column":18}},"648":{"start":{"line":1033,"column":4},"end":{"line":1035,"column":5}},"649":{"start":{"line":1034,"column":8},"end":{"line":1034,"column":21}},"650":{"start":{"line":1038,"column":4},"end":{"line":1038,"column":39}},"651":{"start":{"line":1039,"column":4},"end":{"line":1040,"column":61}},"652":{"start":{"line":1041,"column":4},"end":{"line":1041,"column":47}},"653":{"start":{"line":1042,"column":4},"end":{"line":1042,"column":47}},"654":{"start":{"line":1043,"column":4},"end":{"line":1043,"column":45}},"655":{"start":{"line":1044,"column":4},"end":{"line":1044,"column":47}},"656":{"start":{"line":1046,"column":4},"end":{"line":1046,"column":26}},"657":{"start":{"line":1049,"column":0},"end":{"line":1054,"column":6}},"658":{"start":{"line":1051,"column":4},"end":{"line":1051,"column":56}},"659":{"start":{"line":1052,"column":4},"end":{"line":1052,"column":71}},"660":{"start":{"line":1053,"column":4},"end":{"line":1053,"column":28}},"661":{"start":{"line":1056,"column":0},"end":{"line":1060,"column":2}},"662":{"start":{"line":1057,"column":4},"end":{"line":1057,"column":19}},"663":{"start":{"line":1058,"column":4},"end":{"line":1058,"column":24}},"664":{"start":{"line":1059,"column":4},"end":{"line":1059,"column":56}},"665":{"start":{"line":1062,"column":0},"end":{"line":1066,"column":6}},"666":{"start":{"line":1063,"column":4},"end":{"line":1063,"column":19}},"667":{"start":{"line":1064,"column":4},"end":{"line":1064,"column":24}},"668":{"start":{"line":1065,"column":4},"end":{"line":1065,"column":56}},"669":{"start":{"line":1068,"column":0},"end":{"line":1090,"column":2}},"670":{"start":{"line":1069,"column":4},"end":{"line":1074,"column":5}},"671":{"start":{"line":1070,"column":8},"end":{"line":1070,"column":20}},"672":{"start":{"line":1073,"column":8},"end":{"line":1073,"column":20}},"673":{"start":{"line":1075,"column":4},"end":{"line":1075,"column":39}},"674":{"start":{"line":1076,"column":4},"end":{"line":1077,"column":43}},"675":{"start":{"line":1078,"column":4},"end":{"line":1078,"column":14}},"676":{"start":{"line":1079,"column":4},"end":{"line":1079,"column":16}},"677":{"start":{"line":1080,"column":4},"end":{"line":1080,"column":37}},"678":{"start":{"line":1081,"column":4},"end":{"line":1081,"column":26}},"679":{"start":{"line":1082,"column":4},"end":{"line":1082,"column":48}},"680":{"start":{"line":1083,"column":4},"end":{"line":1083,"column":39}},"681":{"start":{"line":1084,"column":4},"end":{"line":1085,"column":61}},"682":{"start":{"line":1086,"column":4},"end":{"line":1086,"column":47}},"683":{"start":{"line":1087,"column":4},"end":{"line":1087,"column":47}},"684":{"start":{"line":1088,"column":4},"end":{"line":1088,"column":45}},"685":{"start":{"line":1089,"column":4},"end":{"line":1089,"column":47}},"686":{"start":{"line":1092,"column":0},"end":{"line":1114,"column":2}},"687":{"start":{"line":1093,"column":4},"end":{"line":1098,"column":5}},"688":{"start":{"line":1094,"column":8},"end":{"line":1094,"column":20}},"689":{"start":{"line":1097,"column":8},"end":{"line":1097,"column":20}},"690":{"start":{"line":1099,"column":4},"end":{"line":1099,"column":39}},"691":{"start":{"line":1100,"column":4},"end":{"line":1101,"column":43}},"692":{"start":{"line":1102,"column":4},"end":{"line":1102,"column":14}},"693":{"start":{"line":1103,"column":4},"end":{"line":1103,"column":16}},"694":{"start":{"line":1104,"column":4},"end":{"line":1104,"column":37}},"695":{"start":{"line":1105,"column":4},"end":{"line":1105,"column":26}},"696":{"start":{"line":1106,"column":4},"end":{"line":1106,"column":48}},"697":{"start":{"line":1107,"column":4},"end":{"line":1107,"column":39}},"698":{"start":{"line":1108,"column":4},"end":{"line":1109,"column":61}},"699":{"start":{"line":1110,"column":4},"end":{"line":1110,"column":47}},"700":{"start":{"line":1111,"column":4},"end":{"line":1111,"column":47}},"701":{"start":{"line":1112,"column":4},"end":{"line":1112,"column":45}},"702":{"start":{"line":1113,"column":4},"end":{"line":1113,"column":47}},"703":{"start":{"line":1116,"column":0},"end":{"line":1138,"column":2}},"704":{"start":{"line":1117,"column":4},"end":{"line":1122,"column":5}},"705":{"start":{"line":1118,"column":8},"end":{"line":1118,"column":20}},"706":{"start":{"line":1121,"column":8},"end":{"line":1121,"column":20}},"707":{"start":{"line":1123,"column":4},"end":{"line":1123,"column":39}},"708":{"start":{"line":1124,"column":4},"end":{"line":1125,"column":43}},"709":{"start":{"line":1126,"column":4},"end":{"line":1126,"column":14}},"710":{"start":{"line":1127,"column":4},"end":{"line":1127,"column":16}},"711":{"start":{"line":1128,"column":4},"end":{"line":1128,"column":37}},"712":{"start":{"line":1129,"column":4},"end":{"line":1129,"column":26}},"713":{"start":{"line":1130,"column":4},"end":{"line":1130,"column":48}},"714":{"start":{"line":1131,"column":4},"end":{"line":1131,"column":39}},"715":{"start":{"line":1132,"column":4},"end":{"line":1133,"column":61}},"716":{"start":{"line":1134,"column":4},"end":{"line":1134,"column":47}},"717":{"start":{"line":1135,"column":4},"end":{"line":1135,"column":47}},"718":{"start":{"line":1136,"column":4},"end":{"line":1136,"column":45}},"719":{"start":{"line":1137,"column":4},"end":{"line":1137,"column":47}},"720":{"start":{"line":1140,"column":0},"end":{"line":1162,"column":2}},"721":{"start":{"line":1141,"column":4},"end":{"line":1146,"column":5}},"722":{"start":{"line":1142,"column":8},"end":{"line":1142,"column":20}},"723":{"start":{"line":1145,"column":8},"end":{"line":1145,"column":20}},"724":{"start":{"line":1147,"column":4},"end":{"line":1147,"column":39}},"725":{"start":{"line":1148,"column":4},"end":{"line":1149,"column":43}},"726":{"start":{"line":1150,"column":4},"end":{"line":1150,"column":14}},"727":{"start":{"line":1151,"column":4},"end":{"line":1151,"column":16}},"728":{"start":{"line":1152,"column":4},"end":{"line":1152,"column":37}},"729":{"start":{"line":1153,"column":4},"end":{"line":1153,"column":26}},"730":{"start":{"line":1154,"column":4},"end":{"line":1154,"column":48}},"731":{"start":{"line":1155,"column":4},"end":{"line":1155,"column":39}},"732":{"start":{"line":1156,"column":4},"end":{"line":1157,"column":61}},"733":{"start":{"line":1158,"column":4},"end":{"line":1158,"column":47}},"734":{"start":{"line":1159,"column":4},"end":{"line":1159,"column":47}},"735":{"start":{"line":1160,"column":4},"end":{"line":1160,"column":45}},"736":{"start":{"line":1161,"column":4},"end":{"line":1161,"column":47}},"737":{"start":{"line":1164,"column":0},"end":{"line":1186,"column":2}},"738":{"start":{"line":1165,"column":4},"end":{"line":1170,"column":5}},"739":{"start":{"line":1166,"column":8},"end":{"line":1166,"column":20}},"740":{"start":{"line":1169,"column":8},"end":{"line":1169,"column":20}},"741":{"start":{"line":1171,"column":4},"end":{"line":1171,"column":39}},"742":{"start":{"line":1172,"column":4},"end":{"line":1173,"column":43}},"743":{"start":{"line":1174,"column":4},"end":{"line":1174,"column":14}},"744":{"start":{"line":1175,"column":4},"end":{"line":1175,"column":16}},"745":{"start":{"line":1176,"column":4},"end":{"line":1176,"column":37}},"746":{"start":{"line":1177,"column":4},"end":{"line":1177,"column":26}},"747":{"start":{"line":1178,"column":4},"end":{"line":1178,"column":48}},"748":{"start":{"line":1179,"column":4},"end":{"line":1179,"column":39}},"749":{"start":{"line":1180,"column":4},"end":{"line":1181,"column":61}},"750":{"start":{"line":1182,"column":4},"end":{"line":1182,"column":47}},"751":{"start":{"line":1183,"column":4},"end":{"line":1183,"column":47}},"752":{"start":{"line":1184,"column":4},"end":{"line":1184,"column":45}},"753":{"start":{"line":1185,"column":4},"end":{"line":1185,"column":47}},"754":{"start":{"line":1188,"column":0},"end":{"line":1210,"column":2}},"755":{"start":{"line":1189,"column":4},"end":{"line":1194,"column":5}},"756":{"start":{"line":1190,"column":8},"end":{"line":1190,"column":20}},"757":{"start":{"line":1193,"column":8},"end":{"line":1193,"column":20}},"758":{"start":{"line":1195,"column":4},"end":{"line":1195,"column":39}},"759":{"start":{"line":1196,"column":4},"end":{"line":1197,"column":43}},"760":{"start":{"line":1198,"column":4},"end":{"line":1198,"column":14}},"761":{"start":{"line":1199,"column":4},"end":{"line":1199,"column":16}},"762":{"start":{"line":1200,"column":4},"end":{"line":1200,"column":37}},"763":{"start":{"line":1201,"column":4},"end":{"line":1201,"column":26}},"764":{"start":{"line":1202,"column":4},"end":{"line":1202,"column":48}},"765":{"start":{"line":1203,"column":4},"end":{"line":1203,"column":39}},"766":{"start":{"line":1204,"column":4},"end":{"line":1205,"column":61}},"767":{"start":{"line":1206,"column":4},"end":{"line":1206,"column":47}},"768":{"start":{"line":1207,"column":4},"end":{"line":1207,"column":47}},"769":{"start":{"line":1208,"column":4},"end":{"line":1208,"column":45}},"770":{"start":{"line":1209,"column":4},"end":{"line":1209,"column":47}},"771":{"start":{"line":1212,"column":0},"end":{"line":1261,"column":2}},"772":{"start":{"line":1213,"column":4},"end":{"line":1260,"column":5}},"773":{"start":{"line":1214,"column":16},"end":{"line":1214,"column":38}},"774":{"start":{"line":1215,"column":17},"end":{"line":1215,"column":29}},"775":{"start":{"line":1216,"column":2},"end":{"line":1243,"column":3}},"776":{"start":{"line":1216,"column":13},"end":{"line":1216,"column":14}},"777":{"start":{"line":1217,"column":4},"end":{"line":1242,"column":5}},"778":{"start":{"line":1218,"column":8},"end":{"line":1218,"column":32}},"779":{"start":{"line":1219,"column":8},"end":{"line":1239,"column":9}},"780":{"start":{"line":1221,"column":16},"end":{"line":1221,"column":78}},"781":{"start":{"line":1222,"column":16},"end":{"line":1222,"column":22}},"782":{"start":{"line":1224,"column":16},"end":{"line":1224,"column":78}},"783":{"start":{"line":1225,"column":16},"end":{"line":1225,"column":22}},"784":{"start":{"line":1227,"column":16},"end":{"line":1227,"column":80}},"785":{"start":{"line":1228,"column":16},"end":{"line":1228,"column":22}},"786":{"start":{"line":1230,"column":16},"end":{"line":1230,"column":79}},"787":{"start":{"line":1231,"column":16},"end":{"line":1231,"column":22}},"788":{"start":{"line":1233,"column":16},"end":{"line":1233,"column":79}},"789":{"start":{"line":1234,"column":16},"end":{"line":1234,"column":22}},"790":{"start":{"line":1236,"column":16},"end":{"line":1236,"column":78}},"791":{"start":{"line":1237,"column":16},"end":{"line":1237,"column":22}},"792":{"start":{"line":1241,"column":8},"end":{"line":1241,"column":14}},"793":{"start":{"line":1244,"column":2},"end":{"line":1244,"column":25}},"794":{"start":{"line":1245,"column":2},"end":{"line":1245,"column":37}},"795":{"start":{"line":1246,"column":4},"end":{"line":1247,"column":43}},"796":{"start":{"line":1248,"column":4},"end":{"line":1248,"column":14}},"797":{"start":{"line":1249,"column":4},"end":{"line":1249,"column":16}},"798":{"start":{"line":1250,"column":4},"end":{"line":1250,"column":37}},"799":{"start":{"line":1251,"column":4},"end":{"line":1251,"column":26}},"800":{"start":{"line":1252,"column":4},"end":{"line":1252,"column":48}},"801":{"start":{"line":1253,"column":4},"end":{"line":1253,"column":39}},"802":{"start":{"line":1254,"column":4},"end":{"line":1255,"column":61}},"803":{"start":{"line":1256,"column":4},"end":{"line":1256,"column":47}},"804":{"start":{"line":1257,"column":4},"end":{"line":1257,"column":47}},"805":{"start":{"line":1258,"column":4},"end":{"line":1258,"column":45}},"806":{"start":{"line":1259,"column":4},"end":{"line":1259,"column":47}},"807":{"start":{"line":1265,"column":0},"end":{"line":1313,"column":2}},"808":{"start":{"line":1266,"column":4},"end":{"line":1312,"column":5}},"809":{"start":{"line":1267,"column":16},"end":{"line":1267,"column":38}},"810":{"start":{"line":1268,"column":17},"end":{"line":1268,"column":29}},"811":{"start":{"line":1269,"column":2},"end":{"line":1295,"column":3}},"812":{"start":{"line":1269,"column":13},"end":{"line":1269,"column":14}},"813":{"start":{"line":1270,"column":4},"end":{"line":1294,"column":5}},"814":{"start":{"line":1271,"column":8},"end":{"line":1271,"column":32}},"815":{"start":{"line":1272,"column":8},"end":{"line":1292,"column":9}},"816":{"start":{"line":1274,"column":16},"end":{"line":1274,"column":78}},"817":{"start":{"line":1275,"column":16},"end":{"line":1275,"column":22}},"818":{"start":{"line":1277,"column":16},"end":{"line":1277,"column":78}},"819":{"start":{"line":1278,"column":16},"end":{"line":1278,"column":22}},"820":{"start":{"line":1280,"column":16},"end":{"line":1280,"column":80}},"821":{"start":{"line":1281,"column":16},"end":{"line":1281,"column":22}},"822":{"start":{"line":1283,"column":16},"end":{"line":1283,"column":79}},"823":{"start":{"line":1284,"column":16},"end":{"line":1284,"column":22}},"824":{"start":{"line":1286,"column":16},"end":{"line":1286,"column":79}},"825":{"start":{"line":1287,"column":16},"end":{"line":1287,"column":22}},"826":{"start":{"line":1289,"column":16},"end":{"line":1289,"column":78}},"827":{"start":{"line":1290,"column":16},"end":{"line":1290,"column":22}},"828":{"start":{"line":1293,"column":8},"end":{"line":1293,"column":14}},"829":{"start":{"line":1296,"column":2},"end":{"line":1296,"column":25}},"830":{"start":{"line":1297,"column":2},"end":{"line":1297,"column":37}},"831":{"start":{"line":1298,"column":4},"end":{"line":1299,"column":43}},"832":{"start":{"line":1300,"column":4},"end":{"line":1300,"column":14}},"833":{"start":{"line":1301,"column":4},"end":{"line":1301,"column":16}},"834":{"start":{"line":1302,"column":4},"end":{"line":1302,"column":37}},"835":{"start":{"line":1303,"column":4},"end":{"line":1303,"column":26}},"836":{"start":{"line":1304,"column":4},"end":{"line":1304,"column":48}},"837":{"start":{"line":1305,"column":4},"end":{"line":1305,"column":39}},"838":{"start":{"line":1306,"column":4},"end":{"line":1307,"column":61}},"839":{"start":{"line":1308,"column":4},"end":{"line":1308,"column":47}},"840":{"start":{"line":1309,"column":4},"end":{"line":1309,"column":47}},"841":{"start":{"line":1310,"column":4},"end":{"line":1310,"column":45}},"842":{"start":{"line":1311,"column":4},"end":{"line":1311,"column":47}},"843":{"start":{"line":1316,"column":0},"end":{"line":1364,"column":2}},"844":{"start":{"line":1317,"column":4},"end":{"line":1363,"column":5}},"845":{"start":{"line":1318,"column":16},"end":{"line":1318,"column":38}},"846":{"start":{"line":1319,"column":17},"end":{"line":1319,"column":29}},"847":{"start":{"line":1320,"column":2},"end":{"line":1346,"column":3}},"848":{"start":{"line":1320,"column":13},"end":{"line":1320,"column":14}},"849":{"start":{"line":1321,"column":4},"end":{"line":1345,"column":5}},"850":{"start":{"line":1322,"column":8},"end":{"line":1322,"column":32}},"851":{"start":{"line":1323,"column":8},"end":{"line":1343,"column":9}},"852":{"start":{"line":1325,"column":16},"end":{"line":1325,"column":78}},"853":{"start":{"line":1326,"column":16},"end":{"line":1326,"column":22}},"854":{"start":{"line":1328,"column":16},"end":{"line":1328,"column":78}},"855":{"start":{"line":1329,"column":16},"end":{"line":1329,"column":22}},"856":{"start":{"line":1331,"column":16},"end":{"line":1331,"column":80}},"857":{"start":{"line":1332,"column":16},"end":{"line":1332,"column":22}},"858":{"start":{"line":1334,"column":16},"end":{"line":1334,"column":79}},"859":{"start":{"line":1335,"column":16},"end":{"line":1335,"column":22}},"860":{"start":{"line":1337,"column":16},"end":{"line":1337,"column":79}},"861":{"start":{"line":1338,"column":16},"end":{"line":1338,"column":22}},"862":{"start":{"line":1340,"column":16},"end":{"line":1340,"column":78}},"863":{"start":{"line":1341,"column":16},"end":{"line":1341,"column":22}},"864":{"start":{"line":1344,"column":8},"end":{"line":1344,"column":14}},"865":{"start":{"line":1347,"column":2},"end":{"line":1347,"column":25}},"866":{"start":{"line":1348,"column":2},"end":{"line":1348,"column":37}},"867":{"start":{"line":1349,"column":4},"end":{"line":1350,"column":43}},"868":{"start":{"line":1351,"column":4},"end":{"line":1351,"column":14}},"869":{"start":{"line":1352,"column":4},"end":{"line":1352,"column":16}},"870":{"start":{"line":1353,"column":4},"end":{"line":1353,"column":37}},"871":{"start":{"line":1354,"column":4},"end":{"line":1354,"column":26}},"872":{"start":{"line":1355,"column":4},"end":{"line":1355,"column":48}},"873":{"start":{"line":1356,"column":4},"end":{"line":1356,"column":39}},"874":{"start":{"line":1357,"column":4},"end":{"line":1358,"column":61}},"875":{"start":{"line":1359,"column":4},"end":{"line":1359,"column":47}},"876":{"start":{"line":1360,"column":4},"end":{"line":1360,"column":47}},"877":{"start":{"line":1361,"column":4},"end":{"line":1361,"column":45}},"878":{"start":{"line":1362,"column":4},"end":{"line":1362,"column":47}},"879":{"start":{"line":1367,"column":0},"end":{"line":1415,"column":2}},"880":{"start":{"line":1368,"column":4},"end":{"line":1414,"column":5}},"881":{"start":{"line":1369,"column":16},"end":{"line":1369,"column":38}},"882":{"start":{"line":1370,"column":17},"end":{"line":1370,"column":29}},"883":{"start":{"line":1371,"column":2},"end":{"line":1397,"column":3}},"884":{"start":{"line":1371,"column":13},"end":{"line":1371,"column":14}},"885":{"start":{"line":1372,"column":4},"end":{"line":1396,"column":5}},"886":{"start":{"line":1373,"column":8},"end":{"line":1373,"column":32}},"887":{"start":{"line":1374,"column":8},"end":{"line":1394,"column":9}},"888":{"start":{"line":1376,"column":16},"end":{"line":1376,"column":78}},"889":{"start":{"line":1377,"column":16},"end":{"line":1377,"column":22}},"890":{"start":{"line":1379,"column":16},"end":{"line":1379,"column":78}},"891":{"start":{"line":1380,"column":16},"end":{"line":1380,"column":22}},"892":{"start":{"line":1382,"column":16},"end":{"line":1382,"column":80}},"893":{"start":{"line":1383,"column":16},"end":{"line":1383,"column":22}},"894":{"start":{"line":1385,"column":16},"end":{"line":1385,"column":79}},"895":{"start":{"line":1386,"column":16},"end":{"line":1386,"column":22}},"896":{"start":{"line":1388,"column":16},"end":{"line":1388,"column":79}},"897":{"start":{"line":1389,"column":16},"end":{"line":1389,"column":22}},"898":{"start":{"line":1391,"column":16},"end":{"line":1391,"column":78}},"899":{"start":{"line":1392,"column":16},"end":{"line":1392,"column":22}},"900":{"start":{"line":1395,"column":8},"end":{"line":1395,"column":14}},"901":{"start":{"line":1398,"column":2},"end":{"line":1398,"column":25}},"902":{"start":{"line":1399,"column":2},"end":{"line":1399,"column":37}},"903":{"start":{"line":1400,"column":4},"end":{"line":1401,"column":43}},"904":{"start":{"line":1402,"column":4},"end":{"line":1402,"column":14}},"905":{"start":{"line":1403,"column":4},"end":{"line":1403,"column":16}},"906":{"start":{"line":1404,"column":4},"end":{"line":1404,"column":37}},"907":{"start":{"line":1405,"column":4},"end":{"line":1405,"column":26}},"908":{"start":{"line":1406,"column":4},"end":{"line":1406,"column":48}},"909":{"start":{"line":1407,"column":4},"end":{"line":1407,"column":39}},"910":{"start":{"line":1408,"column":4},"end":{"line":1409,"column":61}},"911":{"start":{"line":1410,"column":4},"end":{"line":1410,"column":47}},"912":{"start":{"line":1411,"column":4},"end":{"line":1411,"column":47}},"913":{"start":{"line":1412,"column":4},"end":{"line":1412,"column":45}},"914":{"start":{"line":1413,"column":4},"end":{"line":1413,"column":47}},"915":{"start":{"line":1417,"column":0},"end":{"line":1465,"column":2}},"916":{"start":{"line":1418,"column":4},"end":{"line":1464,"column":5}},"917":{"start":{"line":1419,"column":16},"end":{"line":1419,"column":38}},"918":{"start":{"line":1420,"column":17},"end":{"line":1420,"column":29}},"919":{"start":{"line":1421,"column":2},"end":{"line":1447,"column":3}},"920":{"start":{"line":1421,"column":13},"end":{"line":1421,"column":14}},"921":{"start":{"line":1422,"column":4},"end":{"line":1446,"column":5}},"922":{"start":{"line":1423,"column":8},"end":{"line":1423,"column":32}},"923":{"start":{"line":1424,"column":8},"end":{"line":1444,"column":9}},"924":{"start":{"line":1426,"column":16},"end":{"line":1426,"column":78}},"925":{"start":{"line":1427,"column":16},"end":{"line":1427,"column":22}},"926":{"start":{"line":1429,"column":16},"end":{"line":1429,"column":78}},"927":{"start":{"line":1430,"column":16},"end":{"line":1430,"column":22}},"928":{"start":{"line":1432,"column":16},"end":{"line":1432,"column":80}},"929":{"start":{"line":1433,"column":16},"end":{"line":1433,"column":22}},"930":{"start":{"line":1435,"column":16},"end":{"line":1435,"column":79}},"931":{"start":{"line":1436,"column":16},"end":{"line":1436,"column":22}},"932":{"start":{"line":1438,"column":16},"end":{"line":1438,"column":79}},"933":{"start":{"line":1439,"column":16},"end":{"line":1439,"column":22}},"934":{"start":{"line":1441,"column":16},"end":{"line":1441,"column":78}},"935":{"start":{"line":1442,"column":16},"end":{"line":1442,"column":22}},"936":{"start":{"line":1445,"column":8},"end":{"line":1445,"column":14}},"937":{"start":{"line":1448,"column":2},"end":{"line":1448,"column":25}},"938":{"start":{"line":1449,"column":2},"end":{"line":1449,"column":37}},"939":{"start":{"line":1450,"column":4},"end":{"line":1451,"column":43}},"940":{"start":{"line":1452,"column":4},"end":{"line":1452,"column":14}},"941":{"start":{"line":1453,"column":4},"end":{"line":1453,"column":16}},"942":{"start":{"line":1454,"column":4},"end":{"line":1454,"column":37}},"943":{"start":{"line":1455,"column":4},"end":{"line":1455,"column":26}},"944":{"start":{"line":1456,"column":4},"end":{"line":1456,"column":48}},"945":{"start":{"line":1457,"column":4},"end":{"line":1457,"column":39}},"946":{"start":{"line":1458,"column":4},"end":{"line":1459,"column":61}},"947":{"start":{"line":1460,"column":4},"end":{"line":1460,"column":47}},"948":{"start":{"line":1461,"column":4},"end":{"line":1461,"column":47}},"949":{"start":{"line":1462,"column":4},"end":{"line":1462,"column":45}},"950":{"start":{"line":1463,"column":4},"end":{"line":1463,"column":47}},"951":{"start":{"line":1467,"column":0},"end":{"line":1515,"column":2}},"952":{"start":{"line":1468,"column":4},"end":{"line":1514,"column":5}},"953":{"start":{"line":1469,"column":16},"end":{"line":1469,"column":38}},"954":{"start":{"line":1470,"column":17},"end":{"line":1470,"column":29}},"955":{"start":{"line":1471,"column":2},"end":{"line":1497,"column":3}},"956":{"start":{"line":1471,"column":13},"end":{"line":1471,"column":14}},"957":{"start":{"line":1472,"column":4},"end":{"line":1496,"column":5}},"958":{"start":{"line":1473,"column":8},"end":{"line":1473,"column":32}},"959":{"start":{"line":1474,"column":8},"end":{"line":1494,"column":9}},"960":{"start":{"line":1476,"column":16},"end":{"line":1476,"column":78}},"961":{"start":{"line":1477,"column":16},"end":{"line":1477,"column":22}},"962":{"start":{"line":1479,"column":16},"end":{"line":1479,"column":78}},"963":{"start":{"line":1480,"column":16},"end":{"line":1480,"column":22}},"964":{"start":{"line":1482,"column":16},"end":{"line":1482,"column":80}},"965":{"start":{"line":1483,"column":16},"end":{"line":1483,"column":22}},"966":{"start":{"line":1485,"column":16},"end":{"line":1485,"column":79}},"967":{"start":{"line":1486,"column":16},"end":{"line":1486,"column":22}},"968":{"start":{"line":1488,"column":16},"end":{"line":1488,"column":79}},"969":{"start":{"line":1489,"column":16},"end":{"line":1489,"column":22}},"970":{"start":{"line":1491,"column":16},"end":{"line":1491,"column":78}},"971":{"start":{"line":1492,"column":16},"end":{"line":1492,"column":22}},"972":{"start":{"line":1495,"column":8},"end":{"line":1495,"column":14}},"973":{"start":{"line":1498,"column":2},"end":{"line":1498,"column":25}},"974":{"start":{"line":1499,"column":2},"end":{"line":1499,"column":37}},"975":{"start":{"line":1500,"column":4},"end":{"line":1501,"column":43}},"976":{"start":{"line":1502,"column":4},"end":{"line":1502,"column":14}},"977":{"start":{"line":1503,"column":4},"end":{"line":1503,"column":16}},"978":{"start":{"line":1504,"column":4},"end":{"line":1504,"column":37}},"979":{"start":{"line":1505,"column":4},"end":{"line":1505,"column":26}},"980":{"start":{"line":1506,"column":4},"end":{"line":1506,"column":48}},"981":{"start":{"line":1507,"column":4},"end":{"line":1507,"column":39}},"982":{"start":{"line":1508,"column":4},"end":{"line":1509,"column":61}},"983":{"start":{"line":1510,"column":4},"end":{"line":1510,"column":47}},"984":{"start":{"line":1511,"column":4},"end":{"line":1511,"column":47}},"985":{"start":{"line":1512,"column":4},"end":{"line":1512,"column":45}},"986":{"start":{"line":1513,"column":4},"end":{"line":1513,"column":47}},"987":{"start":{"line":1519,"column":0},"end":{"line":1531,"column":2}},"988":{"start":{"line":1520,"column":4},"end":{"line":1520,"column":111}},"989":{"start":{"line":1520,"column":40},"end":{"line":1520,"column":101}},"990":{"start":{"line":1521,"column":4},"end":{"line":1526,"column":5}},"991":{"start":{"line":1521,"column":14},"end":{"line":1521,"column":15}},"992":{"start":{"line":1522,"column":8},"end":{"line":1525,"column":9}},"993":{"start":{"line":1523,"column":12},"end":{"line":1523,"column":36}},"994":{"start":{"line":1524,"column":12},"end":{"line":1524,"column":18}},"995":{"start":{"line":1527,"column":4},"end":{"line":1527,"column":30}},"996":{"start":{"line":1528,"column":4},"end":{"line":1528,"column":22}},"997":{"start":{"line":1529,"column":4},"end":{"line":1529,"column":17}},"998":{"start":{"line":1530,"column":4},"end":{"line":1530,"column":26}},"999":{"start":{"line":1533,"column":0},"end":{"line":1545,"column":2}},"1000":{"start":{"line":1534,"column":4},"end":{"line":1534,"column":111}},"1001":{"start":{"line":1534,"column":40},"end":{"line":1534,"column":101}},"1002":{"start":{"line":1535,"column":4},"end":{"line":1540,"column":5}},"1003":{"start":{"line":1535,"column":14},"end":{"line":1535,"column":15}},"1004":{"start":{"line":1536,"column":8},"end":{"line":1539,"column":9}},"1005":{"start":{"line":1537,"column":12},"end":{"line":1537,"column":36}},"1006":{"start":{"line":1538,"column":12},"end":{"line":1538,"column":18}},"1007":{"start":{"line":1541,"column":4},"end":{"line":1541,"column":30}},"1008":{"start":{"line":1542,"column":4},"end":{"line":1542,"column":22}},"1009":{"start":{"line":1543,"column":4},"end":{"line":1543,"column":17}},"1010":{"start":{"line":1544,"column":4},"end":{"line":1544,"column":26}},"1011":{"start":{"line":1547,"column":0},"end":{"line":1559,"column":2}},"1012":{"start":{"line":1548,"column":4},"end":{"line":1548,"column":111}},"1013":{"start":{"line":1548,"column":40},"end":{"line":1548,"column":101}},"1014":{"start":{"line":1549,"column":4},"end":{"line":1554,"column":5}},"1015":{"start":{"line":1549,"column":14},"end":{"line":1549,"column":15}},"1016":{"start":{"line":1550,"column":8},"end":{"line":1553,"column":9}},"1017":{"start":{"line":1551,"column":12},"end":{"line":1551,"column":36}},"1018":{"start":{"line":1552,"column":12},"end":{"line":1552,"column":18}},"1019":{"start":{"line":1555,"column":4},"end":{"line":1555,"column":30}},"1020":{"start":{"line":1556,"column":4},"end":{"line":1556,"column":22}},"1021":{"start":{"line":1557,"column":4},"end":{"line":1557,"column":17}},"1022":{"start":{"line":1558,"column":4},"end":{"line":1558,"column":26}},"1023":{"start":{"line":1561,"column":0},"end":{"line":1573,"column":2}},"1024":{"start":{"line":1562,"column":4},"end":{"line":1562,"column":111}},"1025":{"start":{"line":1562,"column":40},"end":{"line":1562,"column":101}},"1026":{"start":{"line":1563,"column":4},"end":{"line":1568,"column":5}},"1027":{"start":{"line":1563,"column":14},"end":{"line":1563,"column":15}},"1028":{"start":{"line":1564,"column":8},"end":{"line":1567,"column":9}},"1029":{"start":{"line":1565,"column":12},"end":{"line":1565,"column":36}},"1030":{"start":{"line":1566,"column":12},"end":{"line":1566,"column":18}},"1031":{"start":{"line":1569,"column":4},"end":{"line":1569,"column":30}},"1032":{"start":{"line":1570,"column":4},"end":{"line":1570,"column":22}},"1033":{"start":{"line":1571,"column":4},"end":{"line":1571,"column":17}},"1034":{"start":{"line":1572,"column":4},"end":{"line":1572,"column":26}},"1035":{"start":{"line":1575,"column":0},"end":{"line":1587,"column":2}},"1036":{"start":{"line":1576,"column":4},"end":{"line":1576,"column":111}},"1037":{"start":{"line":1576,"column":40},"end":{"line":1576,"column":101}},"1038":{"start":{"line":1577,"column":4},"end":{"line":1582,"column":5}},"1039":{"start":{"line":1577,"column":14},"end":{"line":1577,"column":15}},"1040":{"start":{"line":1578,"column":8},"end":{"line":1581,"column":9}},"1041":{"start":{"line":1579,"column":12},"end":{"line":1579,"column":36}},"1042":{"start":{"line":1580,"column":12},"end":{"line":1580,"column":18}},"1043":{"start":{"line":1583,"column":4},"end":{"line":1583,"column":30}},"1044":{"start":{"line":1584,"column":4},"end":{"line":1584,"column":22}},"1045":{"start":{"line":1585,"column":4},"end":{"line":1585,"column":17}},"1046":{"start":{"line":1586,"column":4},"end":{"line":1586,"column":26}},"1047":{"start":{"line":1589,"column":0},"end":{"line":1601,"column":2}},"1048":{"start":{"line":1590,"column":4},"end":{"line":1590,"column":111}},"1049":{"start":{"line":1590,"column":40},"end":{"line":1590,"column":101}},"1050":{"start":{"line":1591,"column":4},"end":{"line":1596,"column":5}},"1051":{"start":{"line":1591,"column":14},"end":{"line":1591,"column":15}},"1052":{"start":{"line":1592,"column":8},"end":{"line":1595,"column":9}},"1053":{"start":{"line":1593,"column":12},"end":{"line":1593,"column":36}},"1054":{"start":{"line":1594,"column":12},"end":{"line":1594,"column":18}},"1055":{"start":{"line":1597,"column":4},"end":{"line":1597,"column":30}},"1056":{"start":{"line":1598,"column":4},"end":{"line":1598,"column":22}},"1057":{"start":{"line":1599,"column":4},"end":{"line":1599,"column":17}},"1058":{"start":{"line":1600,"column":4},"end":{"line":1600,"column":26}},"1059":{"start":{"line":1603,"column":0},"end":{"line":1615,"column":2}},"1060":{"start":{"line":1604,"column":4},"end":{"line":1604,"column":111}},"1061":{"start":{"line":1604,"column":40},"end":{"line":1604,"column":101}},"1062":{"start":{"line":1605,"column":4},"end":{"line":1610,"column":5}},"1063":{"start":{"line":1605,"column":14},"end":{"line":1605,"column":15}},"1064":{"start":{"line":1606,"column":8},"end":{"line":1609,"column":9}},"1065":{"start":{"line":1607,"column":12},"end":{"line":1607,"column":36}},"1066":{"start":{"line":1608,"column":12},"end":{"line":1608,"column":18}},"1067":{"start":{"line":1611,"column":4},"end":{"line":1611,"column":30}},"1068":{"start":{"line":1612,"column":4},"end":{"line":1612,"column":22}},"1069":{"start":{"line":1613,"column":4},"end":{"line":1613,"column":17}},"1070":{"start":{"line":1614,"column":4},"end":{"line":1614,"column":26}},"1071":{"start":{"line":1617,"column":0},"end":{"line":1629,"column":2}},"1072":{"start":{"line":1618,"column":4},"end":{"line":1618,"column":111}},"1073":{"start":{"line":1618,"column":40},"end":{"line":1618,"column":101}},"1074":{"start":{"line":1619,"column":4},"end":{"line":1624,"column":5}},"1075":{"start":{"line":1619,"column":14},"end":{"line":1619,"column":15}},"1076":{"start":{"line":1620,"column":8},"end":{"line":1623,"column":9}},"1077":{"start":{"line":1621,"column":12},"end":{"line":1621,"column":36}},"1078":{"start":{"line":1622,"column":12},"end":{"line":1622,"column":18}},"1079":{"start":{"line":1625,"column":4},"end":{"line":1625,"column":30}},"1080":{"start":{"line":1626,"column":4},"end":{"line":1626,"column":22}},"1081":{"start":{"line":1627,"column":4},"end":{"line":1627,"column":17}},"1082":{"start":{"line":1628,"column":4},"end":{"line":1628,"column":26}},"1083":{"start":{"line":1631,"column":0},"end":{"line":1643,"column":2}},"1084":{"start":{"line":1632,"column":4},"end":{"line":1632,"column":111}},"1085":{"start":{"line":1632,"column":40},"end":{"line":1632,"column":101}},"1086":{"start":{"line":1633,"column":4},"end":{"line":1638,"column":5}},"1087":{"start":{"line":1633,"column":14},"end":{"line":1633,"column":15}},"1088":{"start":{"line":1634,"column":8},"end":{"line":1637,"column":9}},"1089":{"start":{"line":1635,"column":12},"end":{"line":1635,"column":36}},"1090":{"start":{"line":1636,"column":12},"end":{"line":1636,"column":18}},"1091":{"start":{"line":1639,"column":4},"end":{"line":1639,"column":30}},"1092":{"start":{"line":1640,"column":4},"end":{"line":1640,"column":22}},"1093":{"start":{"line":1641,"column":4},"end":{"line":1641,"column":17}},"1094":{"start":{"line":1642,"column":4},"end":{"line":1642,"column":26}},"1095":{"start":{"line":1645,"column":0},"end":{"line":1657,"column":2}},"1096":{"start":{"line":1646,"column":4},"end":{"line":1646,"column":111}},"1097":{"start":{"line":1646,"column":40},"end":{"line":1646,"column":101}},"1098":{"start":{"line":1647,"column":4},"end":{"line":1652,"column":5}},"1099":{"start":{"line":1647,"column":14},"end":{"line":1647,"column":15}},"1100":{"start":{"line":1648,"column":8},"end":{"line":1651,"column":9}},"1101":{"start":{"line":1649,"column":12},"end":{"line":1649,"column":36}},"1102":{"start":{"line":1650,"column":12},"end":{"line":1650,"column":18}},"1103":{"start":{"line":1653,"column":4},"end":{"line":1653,"column":30}},"1104":{"start":{"line":1654,"column":4},"end":{"line":1654,"column":22}},"1105":{"start":{"line":1655,"column":4},"end":{"line":1655,"column":17}},"1106":{"start":{"line":1656,"column":4},"end":{"line":1656,"column":26}},"1107":{"start":{"line":1659,"column":0},"end":{"line":1664,"column":2}},"1108":{"start":{"line":166
[...]
,"380":0,"381":0,"382":0,"383":1,"384":3,"385":3,"386":3,"387":1,"388":164,"389":164,"390":164,"391":1,"392":162,"393":162,"394":0,"395":0,"396":0,"397":162,"398":162,"399":162,"400":162,"401":972,"402":972,"403":162,"404":162,"405":162,"406":1,"407":16,"408":16,"409":16,"410":16,"411":1,"412":15,"413":1,"414":16,"415":97,"416":97,"417":16,"418":1,"419":0,"420":0,"421":0,"422":0,"423":0,"424":0,"425":0,"426":0,"427":0,"428":0,"429":0,"430":0,"431":0,"432":0,"433":0,"434":0,"435":0,"436":0,"437":0,"438":0,"439":0,"440":0,"441":0,"442":0,"443":0,"444":0,"445":0,"446":0,"447":0,"448":0,"449":0,"450":0,"451":0,"452":0,"453":0,"454":0,"455":0,"456":0,"457":0,"458":0,"459":0,"460":0,"461":0,"462":0,"463":0,"464":0,"465":0,"466":0,"467":0,"468":0,"469":0,"470":0,"471":0,"472":0,"473":0,"474":0,"475":0,"476":0,"477":0,"478":0,"479":0,"480":0,"481":0,"482":0,"483":0,"484":0,"485":0,"486":0,"487":0,"488":0,"489":0,"490":0,"491":0,"492":0,"493":0,"494":0,"495":0,"496":0,"497":0,"498":0,"499":0,"500":0,"501":0,"502":0,"503":0,"504":0,"505":1,"506":1,"507":1,"508":1,"509":0,"510":0,"511":0,"512":1,"513":0,"514":0,"515":0,"516":0,"517":0,"518":0,"519":0,"520":0,"521":0,"522":0,"523":0,"524":1,"525":0,"526":0,"527":0,"528":0,"529":0,"530":0,"531":0,"532":0,"533":0,"534":0,"535":0,"536":0,"537":1,"538":0,"539":0,"540":0,"541":0,"542":0,"543":0,"544":0,"545":0,"546":0,"547":0,"548":0,"549":0,"550":1,"551":0,"552":0,"553":0,"554":0,"555":0,"556":0,"557":0,"558":0,"559":0,"560":0,"561":0,"562":0,"563":1,"564":0,"565":0,"566":0,"567":0,"568":0,"569":0,"570":0,"571":0,"572":0,"573":0,"574":0,"575":0,"576":1,"577":0,"578":0,"579":0,"580":0,"581":0,"582":0,"583":0,"584":0,"585":0,"586":0,"587":0,"588":0,"589":1,"590":0,"591":0,"592":0,"593":0,"594":0,"595":0,"596":0,"597":0,"598":0,"599":0,"600":0,"601":0,"602":1,"603":0,"604":0,"605":0,"606":0,"607":0,"608":0,"609":0,"610":0,"611":0,"612":0,"613":0,"614":0,"615":1,"616":0,"617":0,"618":0,"619":0,"620":0,"621":0,"622":0,"623":0,"624":0,"625":0,"626":0,"627":0,"628":1,"629":0,"630":0,"631":0,"632":0,"633":0,"634":0,"635":0,"636":0,"637":0,"638":0,"639":0,"640":0,"641":0,"642":0,"643":0,"644":0,"645":0,"646":0,"647":0,"648":0,"649":0,"650":0,"651":0,"652":0,"653":0,"654":0,"655":0,"656":0,"657":1,"658":0,"659":0,"660":0,"661":1,"662":0,"663":0,"664":0,"665":1,"666":0,"667":0,"668":0,"669":1,"670":0,"671":0,"672":0,"673":0,"674":0,"675":0,"676":0,"677":0,"678":0,"679":0,"680":0,"681":0,"682":0,"683":0,"684":0,"685":0,"686":1,"687":0,"688":0,"689":0,"690":0,"691":0,"692":0,"693":0,"694":0,"695":0,"696":0,"697":0,"698":0,"699":0,"700":0,"701":0,"702":0,"703":1,"704":0,"705":0,"706":0,"707":0,"708":0,"709":0,"710":0,"711":0,"712":0,"713":0,"714":0,"715":0,"716":0,"717":0,"718":0,"719":0,"720":1,"721":0,"722":0,"723":0,"724":0,"725":0,"726":0,"727":0,"728":0,"729":0,"730":0,"731":0,"732":0,"733":0,"734":0,"735":0,"736":0,"737":1,"738":0,"739":0,"740":0,"741":0,"742":0,"743":0,"744":0,"745":0,"746":0,"747":0,"748":0,"749":0,"750":0,"751":0,"752":0,"753":0,"754":1,"755":0,"756":0,"757":0,"758":0,"759":0,"760":0,"761":0,"762":0,"763":0,"764":0,"765":0,"766":0,"767":0,"768":0,"769":0,"770":0,"771":1,"772":0,"773":0,"774":0,"775":0,"776":0,"777":0,"778":0,"779":0,"780":0,"781":0,"782":0,"783":0,"784":0,"785":0,"786":0,"787":0,"788":0,"789":0,"790":0,"791":0,"792":0,"793":0,"794":0,"795":0,"796":0,"797":0,"798":0,"799":0,"800":0,"801":0,"802":0,"803":0,"804":0,"805":0,"806":0,"807":1,"808":0,"809":0,"810":0,"811":0,"812":0,"813":0,"814":0,"815":0,"816":0,"817":0,"818":0,"819":0,"820":0,"821":0,"822":0,"823":0,"824":0,"825":0,"826":0,"827":0,"828":0,"829":0,"830":0,"831":0,"832":0,"833":0,"834":0,"835":0,"836":0,"837":0,"838":0,"839":0,"840":0,"841":0,"842":0,"843":1,"844":0,"845":0,"846":0,"847":0,"848":0,"849":0,"850":0,"851":0,"852":0,"853":0,"854":0,"855":0,"856":0,"857":0,"858":0,"859":0,"860":0,"861":0,"862":0,"863":0,"864":0,"865":0,"866":0,"867":0,"868":0,"869":0,"870":0,"871":0,"872":0,"873":0,"874":0,"875":0,"876":0,"877":0,"878":0,"879":1,"880":0,"881":0,"882":0,"883":0,"884":0,"885":0,"886":0,"887":0,"888":0,"889":0,"890":0,"891":0,"892":0,"893":0,"894":0,"895":0,"896":0,"897":0,"898":0,"899":0,"900":0,"901":0,"902":0,"903":0,"904":0,"905":0,"906":0,"907":0,"908":0,"909":0,"910":0,"911":0,"912":0,"913":0,"914":0,"915":1,"916":0,"917":0,"918":0,"919":0,"920":0,"921":0,"922":0,"923":0,"924":0,"925":0,"926":0,"927":0,"928":0,"929":0,"930":0,"931":0,"932":0,"933":0,"934":0,"935":0,"936":0,"937":0,"938":0,"939":0,"940":0,"941":0,"942":0,"943":0,"944":0,"945":0,"946":0,"947":0,"948":0,"949":0,"950":0,"951":1,"952":0,"953":0,"954":0,"955":0,"956":0,"957":0,"958":0,"959":0,"960":0,"961":0,"962":0,"963":0,"964":0,"965":0,"966":0,"967":0,"968":0,"969":0,"970":0,"971":0,"972":0,"973":0,"974":0,"975":0,"976":0,"977":0,"978":0,"979":0,"980":0,"981":0,"982":0,"983":0,"984":0,"985":0,"986":0,"987":1,"988":0,"989":0,"990":0,"991":0,"992":0,"993":0,"994":0,"995":0,"996":0,"997":0,"998":0,"999":1,"1000":0,"1001":0,"1002":0,"1003":0,"1004":0,"1005":0,"1006":0,"1007":0,"1008":0,"1009":0,"1010":0,"1011":1,"1012":0,"1013":0,"1014":0,"1015":0,"1016":0,"1017":0,"1018":0,"1019":0,"1020":0,"1021":0,"1022":0,"1023":1,"1024":0,"1025":0,"1026":0,"1027":0,"1028":0,"1029":0,"1030":0,"1031":0,"1032":0,"1033":0,"1034":0,"1035":1,"1036":0,"1037":0,"1038":0,"1039":0,"1040":0,"1041":0,"1042":0,"1043":0,"1044":0,"1045":0,"1046":0,"1047":1,"1048":0,"1049":0,"1050":0,"1051":0,"1052":0,"1053":0,"1054":0,"1055":0,"1056":0,"1057":0,"1058":0,"1059":1,"1060":0,"1061":0,"1062":0,"1063":0,"1064":0,"1065":0,"1066":0,"1067":0,"1068":0,"1069":0,"1070":0,"1071":1,"1072":0,"1073":0,"1074":0,"1075":0,"1076":0,"1077":0,"1078":0,"1079":0,"1080":0,"1081":0,"1082":0,"1083":1,"1084":0,"1085":0,"1086":0,"1087":0,"1088":0,"1089":0,"1090":0,"1091":0,"1092":0,"1093":0,"1094":0,"1095":1,"1096":0,"1097":0,"1098":0,"1099":0,"1100":0,"1101":0,"1102":0,"1103":0,"1104":0,"1105":0,"1106":0,"1107":1,"1108":0,"1109":0,"1110":0,"1111":0,"1112":0,"1113":1,"1114":0,"1115":0,"1116":0,"1117":0,"1118":0,"1119":0,"1120":0,"1121":1,"1122":0,"1123":0,"1124":0,"1125":0,"1126":0,"1127":0,"1128":0,"1129":0,"1130":0,"1131":0,"1132":0,"1133":0,"1134":0,"1135":0,"1136":0,"1137":0,"1138":0,"1139":0,"1140":0,"1141":0,"1142":1,"1143":0,"1144":0,"1145":0,"1146":0,"1147":0,"1148":0,"1149":0,"1150":0,"1151":0,"1152":0,"1153":0,"1154":0,"1155":0,"1156":0,"1157":0,"1158":0,"1159":0,"1160":0,"1161":0,"1162":1,"1163":0,"1164":0,"1165":0,"1166":0,"1167":0,"1168":0,"1169":0,"1170":0,"1171":0,"1172":0,"1173":0,"1174":0,"1175":0,"1176":0,"1177":0,"1178":0,"1179":0,"1180":0,"1181":0,"1182":0,"1183":1,"1184":0,"1185":0,"1186":1,"1187":0,"1188":0,"1189":1,"1190":0,"1191":0,"1192":1,"1193":0,"1194":0,"1195":1,"1196":0,"1197":0,"1198":1,"1199":0,"1200":1,"1201":0,"1202":1,"1203":0,"1204":0,"1205":1,"1206":0,"1207":1,"1208":0,"1209":0,"1210":0,"1211":0,"1212":0,"1213":0,"1214":0,"1215":0,"1216":0,"1217":0,"1218":0,"1219":0,"1220":0,"1221":0,"1222":0,"1223":0,"1224":0,"1225":0,"1226":0,"1227":0,"1228":1,"1229":0,"1230":0,"1231":0,"1232":0,"1233":0,"1234":0,"1235":0,"1236":0,"1237":0,"1238":0,"1239":0,"1240":0,"1241":0,"1242":0,"1243":1,"1244":0,"1245":1,"1246":0,"1247":1,"1248":0,"1249":0,"1250":0,"1251":0,"1252":0,"1253":0,"1254":0,"1255":0,"1256":0,"1257":0,"1258":0,"1259":0,"1260":1,"1261":1,"1262":1,"1263":1,"1264":1,"1265":0,"1266":0,"1267":1,"1268":0,"1269":0,"1270":0,"1271":0,"1272":0,"1273":0,"1274":0,"1275":0,"1276":0,"1277":0,"1278":0,"1279":0,"1280":0,"1281":1,"1282":0,"1283":0,"1284":0,"1285":0,"1286":0,"1287":0,"1288":0,"1289":0,"1290":0,"1291":0,"1292":0,"1293":0,"1294":0,"1295":0,"1296":0,"1297":0,"1298":0,"1299":0,"1300":0,"1301":0,"1302":0,"1303":0,"1304":0,"1305":0,"1306":0,"1307":0,"1308":0,"1309":0,"1310":0,"1311":0,"1312":0,"1313":0,"1314":0,"1315":0,"1316":0,"1317":0,"1318":0,"1319":0,"1320":0,"1321":0,"1322":0,"1323":0,"1324":0,"1325":0,"1326":0,"1327":0,"1328":0,"1329":0,"1330":0,"1331":0,"1332":0,"1333":0,"1334":0,"1335":1,"1336":0,"1337":0,"1338":0,"1339":0,"1340":0,"1341":0,"1342":0,"1343":0,"1344":0,"1345":0,"1346":0,"1347":0,"1348":0,"1349":0,"1350":0,"1351":0,"1352":0,"1353":0,"1354":0,"1355":0,"1356":0,"1357":0,"1358":0,"1359":1,"1360":0,"1361":0,"1362":0,"1363":0,"1364":0,"1365":0,"1366":0,"1367":0,"1368":0,"1369":0,"1370":0,"1371":0,"1372":0,"1373":0,"1374":0,"1375":0,"1376":0,"1377":0,"1378":0,"1379":0,"1380":0,"1381":0,"1382":0,"1383":0,"1384":0,"1385":0,"1386":0,"1387":0,"1388":0,"1389":0,"1390":0,"1391":0,"1392":0,"1393":0,"1394":0,"1395":0,"1396":0,"1397":0,"1398":0,"1399":0,"1400":0,"1401":0,"1402":0,"1403":0,"1404":0,"1405":0,"1406":0,"1407":0,"1408":0,"1409":0,"1410":0,"1411":0,"1412":0,"1413":0,"1414":0,"1415":0,"1416":0,"1417":0,"1418":0,"1419":0,"1420":0,"1421":0,"1422":0,"1423":0,"1424":0,"1425":0,"1426":0,"1427":0,"1428":0,"1429":0,"1430":0,"1431":0,"1432":0,"1433":0,"1434":0,"1435":0,"1436":0,"1437":0,"1438":0,"1439":0,"1440":0,"1441":0,"1442":0,"1443":0,"1444":0,"1445":0,"1446":0,"1447":0,"1448":0,"1449":0,"1450":0,"1451":0,"1452":0,"1453":0,"1454":0,"1455":0,"1456":0,"1457":0,"1458":0,"1459":0,"1460":0,"1461":0,"1462":0,"1463":0,"1464":0,"1465":0,"1466":0,"1467":0,"1468":0,"1469":0,"1470":0,"1471":0,"1472":0,"1473":0,"1474":0,"1475":0,"1476":0,"1477":0,"1478":0,"1479":0,"1480":0,"1481":0,"1482":0,"1483":0,"1484":0,"1485":0,"1486":0,"1487":0,"1488":0,"1489":0,"1490":0,"1491":0,"1492":0,"1493":0,"1494":0,"1495":0,"1496":0,"1497":0,"1498":0,"1499":0,"1500":0,"1501":0,"1502":0,"1503":0,"1504":0,"1505":0,"1506":0,"1507":0,"1508":0,"1509":0,"1510":0,"1511":0,"1512":0,"1513":0,"1514":0,"1515":0,"1516":0,"1517":0,"1518":0,"1519":0,"1520":0,"1521":0,"1522":0,"1523":0,"1524":0,"1525":0,"1526":0,"1527":0,"1528":0,"1529":0,"1530":0,"1531":0,"1532":0,"1533":0,"1534":0,"1535":0,"1536":0,"1537":0,"1538":0,"1539":0,"1540":0,"1541":0,"1542":0,"1543":0,"1544":0,"1545":0,"1546":0,"1547":0,"1548":0,"1549":0,"1550":0,"1551":0,"1552":0,"1553":0,"1554":0,"1555":0,"1556":0,"1557":0,"1558":0,"1559":0,"1560":0,"1561":0,"1562":0,"1563":0,"1564":0,"1565":0,"1566":0,"1567":0,"1568":0,"1569":0,"1570":0,"1571":0,"1572":0,"1573":0,"1574":0,"1575":0,"1576":0,"1577":0,"1578":0,"1579":0,"1580":0,"1581":0,"1582":0,"1583":0,"1584":0,"1585":0,"1586":0,"1587":0,"1588":0,"1589":0,"1590":0,"1591":0,"1592":0,"1593":1,"1594":1,"1595":0,"1596":0,"1597":0,"1598":0,"1599":0,"1600":0,"1601":0,"1602":0,"1603":0,"1604":0,"1605":0,"1606":0,"1607":0,"1608":0,"1609":0,"1610":0,"1611":0,"1612":0,"1613":0,"1614":0,"1615":0,"1616":0,"1617":0,"1618":0,"1619":0,"1620":0,"1621":0,"1622":0,"1623":0,"1624":0,"1625":0,"1626":0,"1627":0,"1628":0,"1629":0,"1630":0,"1631":0,"1632":0,"1633":0,"1634":0,"1635":0,"1636":0,"1637":0,"1638":0,"1639":0,"1640":0,"1641":0,"1642":0,"1643":0,"1644":0,"1645":0,"1646":0,"1647":0,"1648":0,"1649":0,"1650":0,"1651":0,"1652":0,"1653":0,"1654":0,"1655":0,"1656":0,"1657":0,"1658":0,"1659":0,"1660":0,"1661":0,"1662":0,"1663":0,"1664":0,"1665":0,"1666":0,"1667":0,"1668":0,"1669":0,"1670":0,"1671":0,"1672":0,"1673":0,"1674":0,"1675":0,"1676":0,"1677":0,"1678":0,"1679":0,"1680":0,"1681":0,"1682":0,"1683":0,"1684":0,"1685":0,"1686":0,"1687":0,"1688":0,"1689":0,"1690":0,"1691":0,"1692":0,"1693":0,"1694":0,"1695":0,"1696":0,"1697":0,"1698":0,"1699":0,"1700":0,"1701":0,"1702":0,"1703":0,"1704":0,"1705":0,"1706":0,"1707":0,"1708":0,"1709":0,"1710":0,"1711":0,"1712":0,"1713":0,"1714":0,"1715":0,"1716":0,"1717":0,"1718":0,"1719":0,"1720":0,"1721":0,"1722":0,"1723":0,"1724":0,"1725":0,"1726":0,"1727":0,"1728":0,"1729":0,"1730":0,"1731":0,"1732":0,"1733":0,"1734":0,"1735":0,"1736":0,"1737":0,"1738":0,"1739":0,"1740":0,"1741":0,"1742":0,"1743":0,"1744":0,"1745":0,"1746":0,"1747":0,"1748":0,"1749":0,"1750":0,"1751":0,"1752":0,"1753":0,"1754":0,"1755":0,"1756":0,"1757":0,"1758":0,"1759":0,"1760":0,"1761":0,"1762":0,"1763":0,"1764":0,"1765":0,"1766":0,"1767":0,"1768":0,"1769":0,"1770":0,"1771":0,"1772":0,"1773":0,"1774":0,"1775":0,"1776":0,"1777":0,"1778":0,"1779":0,"1780":0,"1781":0,"1782":0,"1783":0,"1784":0,"1785":0,"1786":0,"1787":0,"1788":0,"1789":0,"1790":0,"1791":0,"1792":0,"1793":0,"1794":0,"1795":0,"1796":0,"1797":0,"1798":0,"1799":0,"1800":0,"1801":0,"1802":0,"1803":0,"1804":0,"1805":0,"1806":0,"1807":0,"1808":0,"1809":0,"1810":0,"1811":0,"1812":0,"1813":0,"1814":0,"1815":0,"1816":0,"1817":0,"1818":0,"1819":0,"1820":0,"1821":0,"1822":0,"1823":0,"1824":0,"1825":0,"1826":0,"1827":0,"1828":0,"1829":0,"1830":0,"1831":0,"1832":0,"1833":0,"1834":0,"1835":0,"1836":0,"1837":0,"1838":0,"1839":0,"1840":0,"1841":0,"1842":0,"1843":0,"1844":0,"1845":0,"1846":0,"1847":0,"1848":0,"1849":0,"1850":1,"1851":0,"1852":0,"1853":0,"1854":0,"1855":0,"1856":0,"1857":0,"1858":0,"1859":0,"1860":0,"1861":0,"1862":0,"1863":0,"1864":0,"1865":0,"1866":0,"1867":0,"1868":0,"1869":0,"1870":0,"1871":0,"1872":0,"1873":0,"1874":0,"1875":0,"1876":0,"1877":0,"1878":0,"1879":0,"1880":0,"1881":0,"1882":0,"1883":0,"1884":0,"1885":0,"1886":0,"1887":0,"1888":0,"1889":0,"1890":0,"1891":0,"1892":0,"1893":0,"1894":0,"1895":0,"1896":0,"1897":0,"1898":0,"1899":0,"1900":0,"1901":0,"1902":0,"1903":0,"1904":1,"1905":0,"1906":0,"1907":0,"1908":0,"1909":0,"1910":1,"1911":0,"1912":0,"1913":0,"1914":0,"1915":0,"1916":1,"1917":0,"1918":0,"1919":0,"1920":0,"1921":0,"1922":1,"1923":0,"1924":0,"1925":0,"1926":0,"1927":0,"1928":1,"1929":0,"1930":0,"1931":0,"1932":0,"1933":0,"1934":1,"1935":1,"1936":1,"1937":0,"1938":0,"1939":0,"1940":0,"1941":0,"1942":0,"1943":0,"1944":0,"1945":0,"1946":0,"1947":0,"1948":0,"1949":0,"1950":0,"1951":0,"1952":0,"1953":0,"1954":0,"1955":0,"1956":0,"1957":0,"1958":0,"1959":0,"1960":0,"1961":0,"1962":0,"1963":0,"1964":0,"1965":0,"1966":0,"1967":0,"1968":0,"1969":0,"1970":0,"1971":0,"1972":0,"1973":0,"1974":0,"1975":0,"1976":1,"1977":0,"1978":0,"1979":0,"1980":0,"1981":0,"1982":0,"1983":0,"1984":0,"1985":0,"1986":0,"1987":0,"1988":0,"1989":0,"1990":0,"1991":0,"1992":0,"1993":0,"1994":0,"1995":0,"1996":0,"1997":0,"1998":0,"1999":0,"2000":0,"2001":0,"2002":0,"2003":0,"2004":0,"2005":0,"2006":0,"2007":0,"2008":0,"2009":0,"2010":0,"2011":0,"2012":0,"2013":0,"2014":0,"2015":0,"2016":0,"2017":0,"2018":1,"2019":0,"2020":0,"2021":0,"2022":0,"2023":0,"2024":0,"2025":0,"2026":0,"2027":0,"2028":0,"2029":0,"2030":0,"2031":0,"2032":0,"2033":0,"2034":0,"2035":0,"2036":0,"2037":0,"2038":0,"2039":0,"2040":0,"2041":0,"2042":0,"2043":0,"2044":0,"2045":0,"2046":0,"2047":0,"2048":0,"2049":0,"2050":0,"2051":0,"2052":0,"2053":0,"2054":0,"2055":0,"2056":0,"2057":0,"2058":0,"2059":0,"2060":0,"2061":0,"2062":0,"2063":0,"2064":1,"2065":0,"2066":0,"2067":0,"2068":0,"2069":0,"2070":0,"2071":0,"2072":0,"2073":0,"2074":0,"2075":0,"2076":0,"2077":0,"2078":0,"2079":0,"2080":0,"2081":0,"2082":0,"2083":0,"2084":0,"2085":0,"2086":0,"2087":0,"2088":0,"2089":0,"2090":0,"2091":0,"2092":0,"2093":0,"2094":0,"2095":0,"2096":0,"2097":0,"2098":0,"2099":0,"2100":0,"2101":0,"2102":0,"2103":0,"2104":0,"2105":1,"2106":0,"2107":0,"2108":0,"2109":0,"2110":0,"2111":0,"2112":0,"2113":0,"2114":0,"2115":0,"2116":0,"2117":0,"2118":0,"2119":0,"2120":0,"2121":0,"2122":0,"2123":0,"2124":0,"2125":0,"2126":0,"2127":0,"2128":0,"2129":0,"2130":0,"2131":0,"2132":0,"2133":0,"2134":0,"2135":0,"2136":0,"2137":0,"2138":0,"2139":0,"2140":0,"2141":0,"2142":0,"2143":0,"2144":0,"2145":0,"2146":0,"2147":0,"2148":0,"2149":0,"2150":0,"2151":0,"2152":0,"2153":1,"2154":0,"2155":0,"2156":0,"2157":0,"2158":0,"2159":0,"2160":0,"2161":0,"2162":0,"2163":0,"2164":0,"2165":0,"2166":0,"2167":0,"2168":0,"2169":0,"2170":0,"2171":0,"2172":0,"2173":0,"2174":0,"2175":0,"2176":0,"2177":0,"2178":0,"2179":0,"2180":0,"2181":0,"2182":0,"2183":0,"2184":0,"2185":0,"2186":0,"2187":0,"2188":0,"2189":0,"2190":0,"2191":0,"2192":0,"2193":0,"2194":0,"2195":0},"f":{"0":106,"1":0,"2":1,"3":0,"4":0,"5":0,"6":1,"7":1,"8":8,"9":1,"10":1,"11":6,"12":0,"13":3,"14":164,"15":162,"16":16,"17":0,"18":0,"19":0,"20":0,"21":0,"22":0,"23":0,"24":0,"25":0,"26":0,"27":0,"28":0,"29":0,"30":0,"31":0,"32":0,"33":0,"34":0,"35":0,"36":0,"37":0,"38":0,"39":0,"40":0,"41":0,"42":0,"43":0,"44":0,"45":0,"46":0,"47":0,"48":0,"49":0,"50":0,"51":0,"52":0,"53":0,"54":0,"55":0,"56":0,"57":0,"58":0,"59":0,"60":0,"61":0,"62":0,"63":0,"64":0,"65":0,"66":0,"67":0,"68":0,"69":0,"70":0,"71":0,"72":0,"73":0,"74":0,"75":0,"76":0,"77":0,"78":0,"79":0,"80":0,"81":0,"82":0,"83":0,"84":0,"85":0,"86":0,"87":0,"88":0,"89":0,"90":0,"91":0,"92":0,"93":0,"94":0,"95":0,"96":0,"97":0,"98":0,"99":0,"100":0,"101":0,"102":0,"103":0,"104":0,"105":0,"106":0,"107":0,"108":0,"109":0,"110":0,"111":0,"112":0,"113":0,"114":0,"115":0,"116":0,"117":0,"118":0,"119":0,"120":0,"121":0,"122":0,"123":0,"124":0,"125":0,"126":0,"127":0,"128":0,"129":0,"130":0,"131":0,"132":0,"133":0,"134":0,"135":0,"136":0,"137":0,"138":0,"139":0,"140":0,"141":0},"b":{"0":[0,0],"1":[0,0],"2":[0,0],"3":[0,1],"4":[0,6],"5":[1,1,1,1,1,1],"6":[0,1],"7":[0,1],"8":[0,1],"9":[0,1],"10":[0,1],"11":[0,1],"12":[0,1],"13":[0,1],"14":[1,1,1,1,1,1],"15":[0,1],"16":[0,1],"17":[0,1],"18":[0,1],"19":[0,1],"20":[0,1],"21":[8,100],"22":[8,92],"23":[0,6],"24":[6,6,6,0],"25":[0,0],"26":[0,0],"27":[0,0],"28":[0,0],"29":[0,0],"30":[0,0],"31":[0,0],"32":[0,0],"33":[3,0],"34":[3,3],"35":[0],"36":[83,81],"37":[162,0],"38":[0,0],"39":[16],"40":[1,15],"41":[1,14],"42":[0,0],"43":[0,0,0,0,0,0,0,0,0,0],"44":[0,0],"45":[0,0],"46":[0,0],"47":[0,0],"48":[0,0],"49":[0,0],"50":[0,0],"51":[0,0],"52":[0,0],"53":[0,0],"54":[0,0],"55":[0,0],"56":[0,0,0,0,0,0,0,0],"57":[0,0],"58":[0,0],"59":[0,0],"60":[0,0],"61":[0,0],"62":[0,0],"63":[0,0],"64":[0,0],"65":[0,0,0,0,0,0],"66":[0,0],"67":[0,0],"68":[0,0,0,0,0,0],"69":[0,0],"70":[0,0],"71":[0,0,0,0,0,0],"72":[0,0],"73":[0,0],"74":[0,0,0,0,0,0],"75":[0,0],"76":[0,0],"77":[0,0,0,0,0,0],"78":[0,0],"79":[0,0],"80":[0,0,0,0,0,0],"81":[0,0],"82":[0,0],"83":[0,0],"84":[0,0],"85":[0,0],"86":[0,0],"87":[0,0],"88":[0,0],"89":[0,0],"90":[0,0],"91":[0,0],"92":[0,0],"93":[0,0],"94":[0,0],"95":[0,0],"96":[0,0],"97":[0,0],"98":[0,0],"99":[0,0],"100":[0,0],"101":[0,0],"102":[0,0],"103":[0,0],"104":[0,0],"105":[0,0],"106":[0,0],"107":[0,0],"108":[0,0],"109":[0,0],"110":[0,0],"111":[0,0],"112":[0,0],"113":[0,0],"114":[0,0],"115":[0,0],"116":[0,0],"117":[0,0],"118":[0,0],"119":[0,0],"120":[0,0,0,0,0],"121":[0,0],"122":[0,0],"123":[0,0],"124":[0,0],"125":[0,0],"126":[0,0],"127":[0,0],"128":[0,0],"129":[0,0],"130":[0,0],"131":[0,0],"132":[0,0,0,0,0],"133":[0,0],"134":[0,0],"135":[0,0],"136":[0,0],"137":[0,0],"138":[0,0],"139":[0,0],"140":[0,0,0,0,0],"141":[0,0],"142":[0,0,0,0,0],"143":[0,0],"144":[0,0,0,0,0],"145":[0,0],"146":[0,0],"147":[0,0],"148":[0,0],"149":[0,0],"150":[0,0],"151":[0,0],"152":[0,0],"153":[0,0],"154":[0,0],"155":[0,0],"156":[0,0],"157":[0,0,0,0],"158":[0,0],"159":[0,0],"160":[0,0],"161":[0,0],"162":[0,0],"163":[0,0],"164":[0,0],"165":[0,0],"166":[0,0],"167":[0,0],"168":[0,0],"169":[0,0],"170":[0,0],"171":[0,0],"172":[0,0],"173":[0,0],"174":[0,0],"175":[0,0],"176":[0,0],"177":[0,0],"178":[0,0,0,0],"179":[0,0],"180":[0,0],"181":[0,0],"182":[0,0],"183":[0,0],"184":[0,0],"185":[0,0],"186":[0,0],"187":[0,0],"188":[0,0],"189":[0,0],"190":[0,0],"191":[0,0],"192":[0,0],"193":[0,0],"194":[0,0],"195":[0,0],"196":[0,0],"197":[0,0],"198":[0,0,0],"199":[0,0],"200":[0,0,0,0,0],"201":[0,0],"202":[0,0],"203":[0,0,0],"204":[0,0,0,0,0],"205":[0,0],"206":[0,0],"207":[0,0,0],"208":[0,0],"209":[0,0,0,0,0],"210":[0,0],"211":[0,0,0,0,0],"212":[0,0],"213":[0,0],"214":[0,0],"215":[0,0],"216":[0,0],"217":[0,0],"218":[0,0],"219":[0,0],"220":[0,0],"221":[0,0],"222":[0,0],"223":[0,0,0,0,0],"224":[0,0],"225":[0,0,0,0,0],"226":[0,0],"227":[0,0,0,0,0],"228":[0,0],"229":[0,0,0,0,0],"230":[0,0,0,0,0],"231":[0,0],"232":[0,0],"233":[0,0],"234":[0,0],"235":[0,0],"236":[0,0],"237":[0,0],"238":[0,0],"239":[0,0,0,0,0],"240":[0,0],"241":[0,0,0,0,0],"242":[0,0],"243":[0,0],"244":[0,0],"245":[0,0,0,0,0],"246":[0,0,0,0,0]},"_coverageSchema":"1a1c01bbd47fc00a2c39e90264f33305004495a9","hash":"2bfdbd11566a0418abc954c6f97c93a81156e2ce"}
}
