TN:
SF:scripts.js
FN:21,(anonymous_0)
FN:68,getColors
FN:71,setColors
FN:78,getHabs
FN:81,setHabs
FN:136,getWhiteCoords
FN:140,setWhiteCoords
FN:146,getBlueCoords
FN:150,setBlueCoords
FN:156,getGreenCoords
FN:160,setGreenCoords
FN:166,getBlackCoords
FN:170,setBlackCoords
FN:174,(anonymous_13)
FN:177,getElements
FN:180,setElements
FN:186,setTileOrder
FN:189,getTileOrder
FN:193,setFlip
FN:196,getFlip
FN:279,genEmptyBoard
FN:336,genNewBoard
FN:371,(anonymous_22)
FN:375,(anonymous_23)
FN:394,drawBoard
FN:569,createGridLayout
FN:661,drawTile
FN:700,drawGrid
FN:716,drawHabs
FN:741,drawBuild
FN:782,(anonymous_30)
FN:791,drawBuildings
FN:803,gridToPixel
FN:810,drawPoly
FN:835,createPoly
FN:855,drawTokens
FN:869,(anonymous_36)
FN:976,inside_circle
FN:982,getSelectedElem
FN:985,setSelectedElem
FN:991,(anonymous_40)
FN:997,(anonymous_41)
FN:1014,removeBuildsFromSelectedElem
FN:1015,(anonymous_43)
FN:1045,btnWhiteStoneClickTest
FN:1053,(anonymous_45)
FN:1065,(anonymous_46)
FN:1069,btnWhiteShackClickTest
FN:1077,(anonymous_48)
FN:1089,(anonymous_49)
FN:1093,btnGreenStoneClickTest
FN:1098,(anonymous_51)
FN:1110,(anonymous_52)
FN:1114,btnGreenShackClickTest
FN:1120,(anonymous_54)
FN:1132,(anonymous_55)
FN:1136,btnBlueStoneClickTest
FN:1142,(anonymous_57)
FN:1154,(anonymous_58)
FN:1158,btnBlueShackClickTest
FN:1164,(anonymous_60)
FN:1176,(anonymous_61)
FN:1180,btnBlackStoneClickTest
FN:1186,(anonymous_63)
FN:1198,(anonymous_64)
FN:1202,btnBlackShackClickTest
FN:1208,(anonymous_66)
FN:1220,(anonymous_67)
FN:1224,btnNoBuildClickTest
FN:1225,(anonymous_69)
FN:1281,(anonymous_70)
FN:1285,btnNewBoardTest
FN:1291,(anonymous_72)
FN:1293,(anonymous_73)
FN:1299,(anonymous_74)
FN:1305,tileOneFlipClickTest
FN:1331,(anonymous_76)
FN:1333,tileTwoFlipClickTest
FN:1359,(anonymous_78)
FN:1361,tileThreeFlipClickTest
FN:1386,(anonymous_80)
FN:1390,tileFourFlipClickTest
FN:1415,(anonymous_82)
FN:1419,tileFiveFlipClickTest
FN:1444,(anonymous_84)
FN:1448,tileSixFlipClickTest
FN:1473,(anonymous_86)
FN:1477,tileOneSelectorClickTest
FN:1535,(anonymous_88)
FN:1541,tileTwoSelectorClickTest
FN:1596,(anonymous_90)
FN:1601,tileThreeSelectorClickTest
FN:1656,(anonymous_92)
FN:1661,tileFourSelectorClickTest
FN:1716,(anonymous_94)
FN:1721,tileFiveSelectorClickTest
FN:1776,(anonymous_96)
FN:1781,tileSixSelectorClickTest
FN:1836,(anonymous_98)
FN:1843,btnP1CubeClickTest
FN:1844,(anonymous_100)
FN:1856,(anonymous_101)
FN:1861,(anonymous_102)
FN:1862,(anonymous_103)
FN:1875,(anonymous_104)
FN:1876,(anonymous_105)
FN:1889,(anonymous_106)
FN:1890,(anonymous_107)
FN:1903,(anonymous_108)
FN:1904,(anonymous_109)
FN:1917,(anonymous_110)
FN:1918,(anonymous_111)
FN:1931,(anonymous_112)
FN:1932,(anonymous_113)
FN:1945,(anonymous_114)
FN:1946,(anonymous_115)
FN:1959,(anonymous_116)
FN:1960,(anonymous_117)
FN:1973,(anonymous_118)
FN:1974,(anonymous_119)
FN:1987,(anonymous_120)
FN:1988,(anonymous_121)
FN:1994,(anonymous_122)
FN:2009,(anonymous_123)
FN:2034,(anonymous_124)
FN:2059,(anonymous_125)
FN:2084,(anonymous_126)
FN:2089,(anonymous_127)
FN:2094,(anonymous_128)
FN:2099,(anonymous_129)
FN:2104,(anonymous_130)
FN:2109,(anonymous_131)
FN:2113,(anonymous_132)
FN:2117,(anonymous_133)
FN:2123,(anonymous_134)
FN:2127,(anonymous_135)
FN:2152,(anonymous_136)
FN:2156,(anonymous_137)
FN:2171,(anonymous_138)
FN:2175,(anonymous_139)
FN:2179,(anonymous_140)
FN:2206,recordTurn
FN:2218,(anonymous_142)
FN:2242,(anonymous_143)
FN:2243,(anonymous_144)
FN:2318,(anonymous_145)
FN:2324,countCubesFunc
FN:2329,(anonymous_147)
FN:2336,(anonymous_148)
FN:2343,(anonymous_149)
FN:2350,(anonymous_150)
FN:2357,(anonymous_151)
FN:2367,(anonymous_152)
FN:2679,(anonymous_153)
FN:2684,(anonymous_154)
FN:2701,(anonymous_155)
FN:2718,(anonymous_156)
FN:2735,(anonymous_157)
FN:2759,(anonymous_158)
FN:2778,(anonymous_159)
FN:2797,(anonymous_160)
FN:2821,(anonymous_161)
FN:2838,(anonymous_162)
FN:2855,(anonymous_163)
FN:2872,(anonymous_164)
FN:2896,(anonymous_165)
FN:2916,(anonymous_166)
FN:2935,(anonymous_167)
FN:3075,(anonymous_168)
FN:3144,(anonymous_169)
FN:3151,(anonymous_170)
FN:3158,(anonymous_171)
FN:3165,(anonymous_172)
FN:3172,(anonymous_173)
FN:3181,(anonymous_174)
FN:3183,(anonymous_175)
FN:3207,(anonymous_176)
FN:3232,(anonymous_177)
FN:3234,(anonymous_178)
FN:3258,(anonymous_179)
FN:3286,(anonymous_180)
FN:3336,(anonymous_181)
FN:3351,(anonymous_182)
FN:3409,(anonymous_183)
FN:3411,(anonymous_184)
FN:3471,(anonymous_185)
FN:3473,(anonymous_186)
FNF:187
FNH:67
FNDA:5579,(anonymous_0)
FNDA:37,getColors
FNDA:0,setColors
FNDA:38,getHabs
FNDA:0,setHabs
FNDA:7,getWhiteCoords
FNDA:65,setWhiteCoords
FNDA:3,getBlueCoords
FNDA:60,setBlueCoords
FNDA:6,getGreenCoords
FNDA:63,setGreenCoords
FNDA:3,getBlackCoords
FNDA:60,setBlackCoords
FNDA:0,(anonymous_13)
FNDA:56,getElements
FNDA:20,setElements
FNDA:26,setTileOrder
FNDA:104,getTileOrder
FNDA:29,setFlip
FNDA:104,getFlip
FNDA:33,genEmptyBoard
FNDA:0,genNewBoard
FNDA:0,(anonymous_22)
FNDA:0,(anonymous_23)
FNDA:37,drawBoard
FNDA:105,createGridLayout
FNDA:614,drawTile
FNDA:101,drawGrid
FNDA:99,drawHabs
FNDA:1024,drawBuild
FNDA:2472,(anonymous_30)
FNDA:508,drawBuildings
FNDA:12814,gridToPixel
FNDA:12708,drawPoly
FNDA:790,createPoly
FNDA:1,drawTokens
FNDA:216,(anonymous_36)
FNDA:0,inside_circle
FNDA:36,getSelectedElem
FNDA:36,setSelectedElem
FNDA:0,(anonymous_40)
FNDA:0,(anonymous_41)
FNDA:28,removeBuildsFromSelectedElem
FNDA:658,(anonymous_43)
FNDA:4,btnWhiteStoneClickTest
FNDA:94,(anonymous_45)
FNDA:0,(anonymous_46)
FNDA:4,btnWhiteShackClickTest
FNDA:94,(anonymous_48)
FNDA:0,(anonymous_49)
FNDA:4,btnGreenStoneClickTest
FNDA:94,(anonymous_51)
FNDA:0,(anonymous_52)
FNDA:4,btnGreenShackClickTest
FNDA:94,(anonymous_54)
FNDA:0,(anonymous_55)
FNDA:4,btnBlueStoneClickTest
FNDA:94,(anonymous_57)
FNDA:0,(anonymous_58)
FNDA:4,btnBlueShackClickTest
FNDA:94,(anonymous_60)
FNDA:0,(anonymous_61)
FNDA:4,btnBlackStoneClickTest
FNDA:94,(anonymous_63)
FNDA:0,(anonymous_64)
FNDA:4,btnBlackShackClickTest
FNDA:94,(anonymous_66)
FNDA:0,(anonymous_67)
FNDA:18,btnNoBuildClickTest
FNDA:18,(anonymous_69)
FNDA:0,(anonymous_70)
FNDA:0,btnNewBoardTest
FNDA:0,(anonymous_72)
FNDA:0,(anonymous_73)
FNDA:0,(anonymous_74)
FNDA:3,tileOneFlipClickTest
FNDA:0,(anonymous_76)
FNDA:3,tileTwoFlipClickTest
FNDA:0,(anonymous_78)
FNDA:3,tileThreeFlipClickTest
FNDA:0,(anonymous_80)
FNDA:3,tileFourFlipClickTest
FNDA:0,(anonymous_82)
FNDA:3,tileFiveFlipClickTest
FNDA:0,(anonymous_84)
FNDA:3,tileSixFlipClickTest
FNDA:0,(anonymous_86)
FNDA:5,tileOneSelectorClickTest
FNDA:0,(anonymous_88)
FNDA:5,tileTwoSelectorClickTest
FNDA:0,(anonymous_90)
FNDA:5,tileThreeSelectorClickTest
FNDA:0,(anonymous_92)
FNDA:5,tileFourSelectorClickTest
FNDA:0,(anonymous_94)
FNDA:5,tileFiveSelectorClickTest
FNDA:0,(anonymous_96)
FNDA:5,tileSixSelectorClickTest
FNDA:0,(anonymous_98)
FNDA:1,btnP1CubeClickTest
FNDA:1,(anonymous_100)
FNDA:0,(anonymous_101)
FNDA:0,(anonymous_102)
FNDA:0,(anonymous_103)
FNDA:0,(anonymous_104)
FNDA:0,(anonymous_105)
FNDA:0,(anonymous_106)
FNDA:0,(anonymous_107)
FNDA:0,(anonymous_108)
FNDA:0,(anonymous_109)
FNDA:0,(anonymous_110)
FNDA:0,(anonymous_111)
FNDA:0,(anonymous_112)
FNDA:0,(anonymous_113)
FNDA:0,(anonymous_114)
FNDA:0,(anonymous_115)
FNDA:0,(anonymous_116)
FNDA:0,(anonymous_117)
FNDA:0,(anonymous_118)
FNDA:0,(anonymous_119)
FNDA:0,(anonymous_120)
FNDA:0,(anonymous_121)
FNDA:0,(anonymous_122)
FNDA:0,(anonymous_123)
FNDA:0,(anonymous_124)
FNDA:0,(anonymous_125)
FNDA:0,(anonymous_126)
FNDA:0,(anonymous_127)
FNDA:0,(anonymous_128)
FNDA:0,(anonymous_129)
FNDA:0,(anonymous_130)
FNDA:0,(anonymous_131)
FNDA:0,(anonymous_132)
FNDA:0,(anonymous_133)
FNDA:0,(anonymous_134)
FNDA:0,(anonymous_135)
FNDA:0,(anonymous_136)
FNDA:0,(anonymous_137)
FNDA:0,(anonymous_138)
FNDA:0,(anonymous_139)
FNDA:0,(anonymous_140)
FNDA:0,recordTurn
FNDA:0,(anonymous_142)
FNDA:0,(anonymous_143)
FNDA:0,(anonymous_144)
FNDA:0,(anonymous_145)
FNDA:0,countCubesFunc
FNDA:0,(anonymous_147)
FNDA:0,(anonymous_148)
FNDA:0,(anonymous_149)
FNDA:0,(anonymous_150)
FNDA:0,(anonymous_151)
FNDA:0,(anonymous_152)
FNDA:0,(anonymous_153)
FNDA:0,(anonymous_154)
FNDA:0,(anonymous_155)
FNDA:0,(anonymous_156)
FNDA:0,(anonymous_157)
FNDA:0,(anonymous_158)
FNDA:0,(anonymous_159)
FNDA:0,(anonymous_160)
FNDA:0,(anonymous_161)
FNDA:0,(anonymous_162)
FNDA:0,(anonymous_163)
FNDA:0,(anonymous_164)
FNDA:0,(anonymous_165)
FNDA:0,(anonymous_166)
FNDA:0,(anonymous_167)
FNDA:0,(anonymous_168)
FNDA:0,(anonymous_169)
FNDA:0,(anonymous_170)
FNDA:0,(anonymous_171)
FNDA:0,(anonymous_172)
FNDA:0,(anonymous_173)
FNDA:0,(anonymous_174)
FNDA:0,(anonymous_175)
FNDA:0,(anonymous_176)
FNDA:0,(anonymous_177)
FNDA:0,(anonymous_178)
FNDA:0,(anonymous_179)
FNDA:0,(anonymous_180)
FNDA:0,(anonymous_181)
FNDA:0,(anonymous_182)
FNDA:0,(anonymous_183)
FNDA:0,(anonymous_184)
FNDA:0,(anonymous_185)
FNDA:0,(anonymous_186)
DA:3,1
DA:4,1
DA:5,1
DA:6,1
DA:7,1
DA:8,1
DA:10,1
DA:11,1
DA:12,1
DA:13,1
DA:14,1
DA:15,1
DA:17,1
DA:18,1
DA:19,1
DA:20,1
DA:21,5579
DA:22,1
DA:23,1
DA:24,1
DA:25,1
DA:26,1
DA:27,1
DA:28,1
DA:29,1
DA:30,1
DA:31,1
DA:32,1
DA:33,1
DA:34,1
DA:35,1
DA:36,1
DA:37,1
DA:38,1
DA:39,1
DA:40,1
DA:41,1
DA:42,1
DA:43,1
DA:44,1
DA:45,1
DA:46,1
DA:47,1
DA:48,1
DA:49,1
DA:50,1
DA:51,1
DA:52,1
DA:53,1
DA:54,1
DA:55,1
DA:56,1
DA:57,1
DA:58,1
DA:59,1
DA:60,1
DA:61,1
DA:62,1
DA:63,1
DA:64,1
DA:65,1
DA:66,1
DA:67,1
DA:69,37
DA:72,0
DA:74,1
DA:75,1
DA:76,1
DA:77,1
DA:79,38
DA:82,0
DA:84,1
DA:85,1
DA:86,1
DA:88,1
DA:89,1
DA:90,1
DA:91,1
DA:92,1
DA:93,1
DA:94,1
DA:96,1
DA:97,1
DA:98,1
DA:99,1
DA:101,1
DA:102,1
DA:103,1
DA:104,1
DA:106,1
DA:107,1
DA:108,1
DA:109,1
DA:111,1
DA:112,1
DA:113,1
DA:114,1
DA:116,1
DA:117,1
DA:118,1
DA:119,1
DA:120,1
DA:121,1
DA:122,1
DA:123,1
DA:124,1
DA:125,1
DA:126,1
DA:127,1
DA:128,1
DA:129,1
DA:130,1
DA:133,1
DA:134,1
DA:135,1
DA:137,7
DA:139,1
DA:141,65
DA:143,1
DA:144,1
DA:145,1
DA:147,3
DA:149,1
DA:151,60
DA:153,1
DA:154,1
DA:155,1
DA:157,6
DA:159,1
DA:161,63
DA:163,1
DA:164,1
DA:165,1
DA:167,3
DA:169,1
DA:171,60
DA:173,1
DA:174,1
DA:175,1
DA:176,1
DA:178,56
DA:181,20
DA:183,1
DA:184,1
DA:185,1
DA:187,26
DA:190,104
DA:192,1
DA:194,29
DA:197,104
DA:199,1
DA:200,1
DA:201,1
DA:202,1
DA:204,1
DA:205,1
DA:206,1
DA:207,1
DA:208,1
DA:209,1
DA:210,1
DA:212,1
DA:213,1
DA:214,1
DA:215,1
DA:274,1
DA:275,1
DA:276,1
DA:277,1
DA:280,33
DA:281,33
DA:282,33
DA:283,33
DA:284,33
DA:285,33
DA:286,33
DA:287,33
DA:288,33
DA:289,33
DA:290,33
DA:291,33
DA:292,33
DA:293,33
DA:294,33
DA:295,33
DA:296,33
DA:297,33
DA:298,33
DA:299,33
DA:300,33
DA:301,33
DA:302,33
DA:303,33
DA:304,33
DA:305,33
DA:306,33
DA:307,33
DA:308,33
DA:309,33
DA:310,33
DA:312,33
DA:313,33
DA:315,33
DA:316,33
DA:318,33
DA:319,33
DA:320,33
DA:321,33
DA:322,33
DA:323,33
DA:324,33
DA:325,33
DA:326,33
DA:330,33
DA:331,33
DA:332,33
DA:337,0
DA:338,0
DA:339,0
DA:340,0
DA:342,0
DA:343,0
DA:345,0
DA:346,0
DA:348,0
DA:349,0
DA:350,0
DA:351,0
DA:352,0
DA:353,0
DA:354,0
DA:355,0
DA:356,0
DA:357,0
DA:358,0
DA:359,0
DA:360,0
DA:363,0
DA:365,0
DA:366,0
DA:367,0
DA:370,0
DA:372,0
DA:373,0
DA:376,0
DA:377,0
DA:378,0
DA:379,0
DA:380,0
DA:381,0
DA:383,0
DA:387,1
DA:388,1
DA:395,37
DA:396,37
DA:397,37
DA:398,1
DA:401,37
DA:402,37
DA:403,222
DA:404,222
DA:405,8
DA:406,8
DA:409,214
DA:411,222
DA:414,37
DA:417,37
DA:418,1
DA:421,36
DA:423,37
DA:426,37
DA:429,37
DA:430,2
DA:433,35
DA:435,37
DA:438,37
DA:441,37
DA:442,1
DA:445,36
DA:447,37
DA:450,37
DA:453,37
DA:454,2
DA:457,35
DA:459,37
DA:462,37
DA:465,37
DA:466,1
DA:469,36
DA:471,37
DA:474,37
DA:477,37
DA:478,1
DA:481,36
DA:483,37
DA:487,37
DA:488,37
DA:489,37
DA:490,37
DA:491,37
DA:493,37
DA:494,37
DA:495,37
DA:497,37
DA:498,37
DA:499,37
DA:501,37
DA:502,37
DA:503,37
DA:504,1
DA:506,1
DA:507,1
DA:508,1
DA:510,1
DA:511,1
DA:512,1
DA:514,1
DA:515,1
DA:516,1
DA:518,1
DA:519,1
DA:520,1
DA:522,1
DA:523,1
DA:526,36
DA:528,36
DA:529,36
DA:530,36
DA:532,36
DA:533,36
DA:534,36
DA:536,36
DA:537,36
DA:539,37
DA:540,37
DA:553,37
DA:554,37
DA:556,37
DA:557,37
DA:558,37
DA:559,37
DA:560,1
DA:562,37
DA:563,37
DA:565,1
DA:566,1
DA:570,105
DA:571,105
DA:572,105
DA:573,630
DA:574,630
DA:575,630
DA:577,105
DA:578,8
DA:579,8
DA:580,8
DA:581,8
DA:582,8
DA:583,8
DA:584,8
DA:587,97
DA:588,97
DA:590,105
DA:592,105
DA:593,7
DA:594,7
DA:595,7
DA:596,7
DA:599,98
DA:600,98
DA:602,105
DA:604,105
DA:605,7
DA:606,7
DA:607,7
DA:608,7
DA:611,98
DA:612,98
DA:614,105
DA:616,105
DA:617,6
DA:618,6
DA:619,6
DA:620,6
DA:623,99
DA:624,99
DA:626,105
DA:628,105
DA:629,8
DA:630,8
DA:631,8
DA:632,8
DA:635,97
DA:636,97
DA:638,105
DA:640,105
DA:641,8
DA:642,8
DA:643,8
DA:644,8
DA:647,97
DA:648,97
DA:650,105
DA:657,1
DA:658,1
DA:662,614
DA:664,614
DA:666,614
DA:667,614
DA:668,1842
DA:669,11052
DA:670,11052
DA:671,11052
DA:672,11052
DA:673,11052
DA:675,11052
DA:676,11052
DA:678,11052
DA:687,11052
DA:689,11052
DA:696,614
DA:698,1
DA:703,101
DA:704,101
DA:705,606
DA:708,606
DA:711,606
DA:714,1
DA:717,99
DA:718,99
DA:721,99
DA:722,10692
DA:723,10692
DA:724,10692
DA:725,10692
DA:727,792
DA:728,792
DA:729,792
DA:731,9900
DA:732,792
DA:733,792
DA:734,792
DA:738,1
DA:742,1024
DA:743,69
DA:744,69
DA:746,69
DA:747,69
DA:748,69
DA:750,69
DA:751,19
DA:752,11
DA:755,8
DA:758,50
DA:759,17
DA:760,9
DA:763,8
DA:766,33
DA:767,18
DA:768,9
DA:771,9
DA:775,15
DA:776,7
DA:779,8
DA:782,2472
DA:783,69
DA:784,69
DA:785,69
DA:789,1
DA:793,508
DA:794,508
DA:795,508
DA:801,1
DA:804,12814
DA:805,12814
DA:806,12814
DA:808,1
DA:812,12708
DA:813,12638
DA:815,70
DA:816,69
DA:819,1
DA:821,12708
DA:822,12708
DA:823,12708
DA:824,12708
DA:825,76204
DA:826,76204
DA:828,12708
DA:829,12708
DA:830,12708
DA:832,1
DA:836,790
DA:837,790
DA:838,790
DA:839,37
DA:841,753
DA:842,2
DA:844,790
DA:846,4697
DA:847,4697
DA:850,790
DA:852,1
DA:856,1
DA:857,1
DA:860,1
DA:861,0
DA:862,0
DA:863,0
DA:864,0
DA:865,0
DA:866,0
DA:867,0
DA:869,1
DA:870,216
DA:872,216
DA:873,1
DA:874,1
DA:876,1
DA:877,1
DA:878,1
DA:879,1
DA:880,1
DA:881,1
DA:882,1
DA:884,0
DA:885,0
DA:887,0
DA:888,0
DA:889,0
DA:890,0
DA:891,0
DA:893,0
DA:894,0
DA:896,0
DA:897,0
DA:898,0
DA:899,0
DA:900,0
DA:902,0
DA:903,0
DA:905,0
DA:906,0
DA:907,0
DA:908,0
DA:909,0
DA:911,0
DA:912,0
DA:914,0
DA:915,0
DA:916,0
DA:917,0
DA:918,0
DA:920,0
DA:921,0
DA:923,0
DA:924,0
DA:925,0
DA:926,0
DA:927,0
DA:929,0
DA:930,0
DA:932,0
DA:933,0
DA:934,0
DA:935,0
DA:936,0
DA:938,0
DA:939,0
DA:941,0
DA:942,0
DA:943,0
DA:944,0
DA:945,0
DA:947,0
DA:948,0
DA:950,0
DA:951,0
DA:952,0
DA:953,0
DA:954,0
DA:956,0
DA:957,0
DA:959,0
DA:960,0
DA:961,0
DA:962,0
DA:963,0
DA:968,1
DA:969,1
DA:970,1
DA:971,1
DA:972,1
DA:977,0
DA:978,0
DA:979,0
DA:983,36
DA:986,36
DA:988,1
DA:989,1
DA:991,1
DA:992,0
DA:993,0
DA:994,0
DA:995,0
DA:997,0
DA:998,0
DA:1000,0
DA:1001,0
DA:1002,0
DA:1003,0
DA:1006,0
DA:1015,658
DA:1017,28
DA:1019,0
DA:1020,0
DA:1022,1
DA:1023,1
DA:1025,0
DA:1026,0
DA:1028,1
DA:1029,1
DA:1031,1
DA:1032,1
DA:1034,1
DA:1035,1
DA:1037,1
DA:1038,1
DA:1040,0
DA:1041,0
DA:1047,4
DA:1048,4
DA:1049,432
DA:1051,4
DA:1052,4
DA:1053,94
DA:1054,4
DA:1055,4
DA:1057,4
DA:1058,4
DA:1059,4
DA:1060,4
DA:1062,4
DA:1064,1
DA:1065,1
DA:1066,0
DA:1070,4
DA:1071,4
DA:1072,432
DA:1074,4
DA:1075,4
DA:1076,4
DA:1077,94
DA:1078,4
DA:1079,4
DA:1081,4
DA:1082,4
DA:1083,4
DA:1084,4
DA:1086,4
DA:1088,1
DA:1089,1
DA:1090,0
DA:1094,4
DA:1095,432
DA:1097,4
DA:1098,94
DA:1099,4
DA:1100,4
DA:1102,4
DA:1103,4
DA:1104,4
DA:1105,4
DA:1107,4
DA:1109,1
DA:1110,1
DA:1111,0
DA:1115,4
DA:1116,4
DA:1117,432
DA:1119,4
DA:1120,94
DA:1121,4
DA:1122,4
DA:1124,4
DA:1125,4
DA:1126,4
DA:1127,4
DA:1129,4
DA:1131,1
DA:1132,1
DA:1133,0
DA:1137,4
DA:1138,4
DA:1139,432
DA:1141,4
DA:1142,94
DA:1143,4
DA:1144,4
DA:1146,4
DA:1147,4
DA:1148,4
DA:1149,4
DA:1151,4
DA:1153,1
DA:1154,1
DA:1155,0
DA:1159,4
DA:1160,4
DA:1161,432
DA:1163,4
DA:1164,94
DA:1165,4
DA:1166,4
DA:1168,4
DA:1169,4
DA:1170,4
DA:1171,4
DA:1173,4
DA:1175,1
DA:1176,1
DA:1177,0
DA:1181,4
DA:1182,4
DA:1183,432
DA:1185,4
DA:1186,94
DA:1187,4
DA:1188,4
DA:1190,4
DA:1191,4
DA:1192,4
DA:1193,4
DA:1195,4
DA:1197,1
DA:1198,1
DA:1199,0
DA:1203,4
DA:1204,4
DA:1205,432
DA:1207,4
DA:1208,94
DA:1209,4
DA:1210,4
DA:1212,4
DA:1213,4
DA:1214,4
DA:1215,4
DA:1217,4
DA:1219,1
DA:1220,1
DA:1221,0
DA:1225,18
DA:1226,18
DA:1227,18
DA:1229,2
DA:1230,2
DA:1232,2
DA:1233,2
DA:1235,2
DA:1236,2
DA:1238,2
DA:1239,2
DA:1241,2
DA:1242,2
DA:1244,2
DA:1245,2
DA:1247,2
DA:1248,2
DA:1250,2
DA:1251,2
DA:1252,2
DA:1254,18
DA:1255,18
DA:1257,1944
DA:1258,3
DA:1259,3
DA:1260,3
DA:1262,1944
DA:1263,1944
DA:1264,234
DA:1267,18
DA:1270,18
DA:1271,18
DA:1273,18
DA:1274,18
DA:1275,18
DA:1276,18
DA:1278,18
DA:1280,1
DA:1281,1
DA:1282,0
DA:1286,0
DA:1287,0
DA:1288,0
DA:1290,1
DA:1291,1
DA:1293,1
DA:1294,0
DA:1295,0
DA:1296,0
DA:1299,1
DA:1300,0
DA:1301,0
DA:1302,0
DA:1307,3
DA:1308,3
DA:1309,2
DA:1312,1
DA:1314,3
DA:1315,3
DA:1317,3
DA:1318,3
DA:1319,3
DA:1320,3
DA:1321,3
DA:1322,3
DA:1323,3
DA:1325,3
DA:1326,3
DA:1327,3
DA:1328,3
DA:1330,1
DA:1331,1
DA:1335,3
DA:1336,3
DA:1337,2
DA:1340,1
DA:1342,3
DA:1343,3
DA:1345,3
DA:1346,3
DA:1347,3
DA:1348,3
DA:1349,3
DA:1350,3
DA:1351,3
DA:1353,3
DA:1354,3
DA:1355,3
DA:1356,3
DA:1358,1
DA:1359,1
DA:1362,3
DA:1363,3
DA:1364,2
DA:1367,1
DA:1369,3
DA:1370,3
DA:1372,3
DA:1373,3
DA:1374,3
DA:1375,3
DA:1376,3
DA:1377,3
DA:1378,3
DA:1380,3
DA:1381,3
DA:1382,3
DA:1383,3
DA:1385,1
DA:1386,1
DA:1387,0
DA:1391,3
DA:1392,3
DA:1393,2
DA:1396,1
DA:1398,3
DA:1399,3
DA:1401,3
DA:1402,3
DA:1403,3
DA:1404,3
DA:1405,3
DA:1406,3
DA:1407,3
DA:1409,3
DA:1410,3
DA:1411,3
DA:1412,3
DA:1414,1
DA:1415,1
DA:1416,0
DA:1420,3
DA:1421,3
DA:1422,2
DA:1425,1
DA:1427,3
DA:1428,3
DA:1430,3
DA:1431,3
DA:1432,3
DA:1433,3
DA:1434,3
DA:1435,3
DA:1436,3
DA:1438,3
DA:1439,3
DA:1440,3
DA:1441,3
DA:1443,1
DA:1444,1
DA:1445,0
DA:1449,3
DA:1450,3
DA:1451,2
DA:1454,1
DA:1456,3
DA:1457,3
DA:1459,3
DA:1460,3
DA:1461,3
DA:1462,3
DA:1463,3
DA:1464,3
DA:1465,3
DA:1467,3
DA:1468,3
DA:1469,3
DA:1470,3
DA:1472,1
DA:1473,1
DA:1474,0
DA:1478,5
DA:1479,5
DA:1480,5
DA:1481,5
DA:1482,5
DA:1483,5
DA:1485,5
DA:1486,5
DA:1487,5
DA:1488,5
DA:1489,20
DA:1490,5
DA:1491,5
DA:1493,0
DA:1494,0
DA:1496,1
DA:1497,1
DA:1499,1
DA:1500,1
DA:1502,1
DA:1503,1
DA:1505,1
DA:1506,1
DA:1508,1
DA:1509,1
DA:1513,5
DA:1516,5
DA:1517,5
DA:1518,5
DA:1520,5
DA:1521,5
DA:1522,5
DA:1523,5
DA:1524,5
DA:1525,5
DA:1526,5
DA:1528,5
DA:1529,5
DA:1530,5
DA:1531,5
DA:1534,1
DA:1535,1
DA:1536,0
DA:1542,5
DA:1543,5
DA:1544,5
DA:1545,5
DA:1546,5
DA:1547,5
DA:1548,5
DA:1549,5
DA:1550,5
DA:1551,5
DA:1552,19
DA:1553,5
DA:1554,5
DA:1556,1
DA:1557,1
DA:1559,0
DA:1560,0
DA:1562,1
DA:1563,1
DA:1565,1
DA:1566,1
DA:1568,1
DA:1569,1
DA:1571,1
DA:1572,1
DA:1575,5
DA:1578,5
DA:1579,5
DA:1580,5
DA:1582,5
DA:1583,5
DA:1584,5
DA:1585,5
DA:1586,5
DA:1587,5
DA:1588,5
DA:1590,5
DA:1591,5
DA:1592,5
DA:1593,5
DA:1596,1
DA:1597,0
DA:1599,1
DA:1602,5
DA:1603,5
DA:1604,5
DA:1605,5
DA:1606,5
DA:1607,5
DA:1608,5
DA:1609,5
DA:1610,5
DA:1611,5
DA:1612,18
DA:1613,5
DA:1614,5
DA:1616,1
DA:1617,1
DA:1619,1
DA:1620,1
DA:1622,0
DA:1623,0
DA:1625,1
DA:1626,1
DA:1628,1
DA:1629,1
DA:1631,1
DA:1632,1
DA:1635,5
DA:1638,5
DA:1639,5
DA:1640,5
DA:1642,5
DA:1643,5
DA:1644,5
DA:1645,5
DA:1646,5
DA:1647,5
DA:1648,5
DA:1650,5
DA:1651,5
DA:1652,5
DA:1653,5
DA:1656,1
DA:1657,0
DA:1659,1
DA:1662,5
DA:1663,5
DA:1664,5
DA:1665,5
DA:1666,5
DA:1667,5
DA:1668,5
DA:1669,5
DA:1670,5
DA:1671,5
DA:1672,17
DA:1673,5
DA:1674,5
DA:1676,1
DA:1677,1
DA:1679,1
DA:1680,1
DA:1682,1
DA:1683,1
DA:1685,0
DA:1686,0
DA:1688,1
DA:1689,1
DA:1691,1
DA:1692,1
DA:1695,5
DA:1698,5
DA:1699,5
DA:1700,5
DA:1702,5
DA:1703,5
DA:1704,5
DA:1705,5
DA:1706,5
DA:1707,5
DA:1708,5
DA:1710,5
DA:1711,5
DA:1712,5
DA:1713,5
DA:1716,1
DA:1717,0
DA:1719,1
DA:1722,5
DA:1723,5
DA:1724,5
DA:1725,5
DA:1726,5
DA:1727,5
DA:1728,5
DA:1729,5
DA:1730,5
DA:1731,5
DA:1732,16
DA:1733,5
DA:1734,5
DA:1736,1
DA:1737,1
DA:1739,1
DA:1740,1
DA:1742,1
DA:1743,1
DA:1745,1
DA:1746,1
DA:1748,0
DA:1749,0
DA:1751,1
DA:1752,1
DA:1755,5
DA:1758,5
DA:1759,5
DA:1760,5
DA:1762,5
DA:1763,5
DA:1764,5
DA:1765,5
DA:1766,5
DA:1767,5
DA:1768,5
DA:1770,5
DA:1771,5
DA:1772,5
DA:1773,5
DA:1776,1
DA:1777,0
DA:1779,1
DA:1782,5
DA:1783,5
DA:1784,5
DA:1785,5
DA:1786,5
DA:1787,5
DA:1788,5
DA:1789,5
DA:1790,5
DA:1791,5
DA:1792,15
DA:1793,5
DA:1794,5
DA:1796,1
DA:1797,1
DA:1799,1
DA:1800,1
DA:1802,1
DA:1803,1
DA:1805,1
DA:1806,1
DA:1808,1
DA:1809,1
DA:1811,0
DA:1812,0
DA:1815,5
DA:1818,5
DA:1819,5
DA:1820,5
DA:1822,5
DA:1823,5
DA:1824,5
DA:1825,5
DA:1826,5
DA:1827,5
DA:1828,5
DA:1830,5
DA:1831,5
DA:1832,5
DA:1833,5
DA:1836,1
DA:1837,0
DA:1839,1
DA:1844,1
DA:1845,1
DA:1846,0
DA:1847,0
DA:1848,0
DA:1851,1
DA:1852,1
DA:1853,1
DA:1854,1
DA:1856,1
DA:1857,0
DA:1859,1
DA:1861,1
DA:1862,0
DA:1863,0
DA:1864,0
DA:1865,0
DA:1866,0
DA:1869,0
DA:1870,0
DA:1871,0
DA:1872,0
DA:1875,1
DA:1876,0
DA:1877,0
DA:1878,0
DA:1879,0
DA:1880,0
DA:1883,0
DA:1884,0
DA:1885,0
DA:1886,0
DA:1889,1
DA:1890,0
DA:1891,0
DA:1892,0
DA:1893,0
DA:1894,0
DA:1897,0
DA:1898,0
DA:1899,0
DA:1900,0
DA:1903,1
DA:1904,0
DA:1905,0
DA:1906,0
DA:1907,0
DA:1908,0
DA:1911,0
DA:1912,0
DA:1913,0
DA:1914,0
DA:1917,1
DA:1918,0
DA:1919,0
DA:1920,0
DA:1921,0
DA:1922,0
DA:1925,0
DA:1926,0
DA:1927,0
DA:1928,0
DA:1931,1
DA:1932,0
DA:1933,0
DA:1934,0
DA:1935,0
DA:1936,0
DA:1939,0
DA:1940,0
DA:1941,0
DA:1942,0
DA:1945,1
DA:1946,0
DA:1947,0
DA:1948,0
DA:1949,0
DA:1950,0
DA:1953,0
DA:1954,0
DA:1955,0
DA:1956,0
DA:1959,1
DA:1960,0
DA:1961,0
DA:1962,0
DA:1963,0
DA:1964,0
DA:1967,0
DA:1968,0
DA:1969,0
DA:1970,0
DA:1973,1
DA:1974,0
DA:1975,0
DA:1976,0
DA:1977,0
DA:1978,0
DA:1981,0
DA:1982,0
DA:1983,0
DA:1984,0
DA:1987,1
DA:1988,0
DA:1989,0
DA:1990,0
DA:1991,0
DA:1994,1
DA:1995,0
DA:1996,0
DA:1999,0
DA:2001,0
DA:2002,0
DA:2003,0
DA:2004,0
DA:2009,1
DA:2010,0
DA:2011,0
DA:2012,0
DA:2013,0
DA:2014,0
DA:2015,0
DA:2016,0
DA:2017,0
DA:2018,0
DA:2019,0
DA:2020,0
DA:2021,0
DA:2022,0
DA:2023,0
DA:2026,0
DA:2027,0
DA:2028,0
DA:2029,0
DA:2030,0
DA:2031,0
DA:2034,1
DA:2035,0
DA:2036,0
DA:2037,0
DA:2038,0
DA:2039,0
DA:2040,0
DA:2041,0
DA:2042,0
DA:2043,0
DA:2044,0
DA:2045,0
DA:2046,0
DA:2047,0
DA:2048,0
DA:2049,0
DA:2051,0
DA:2052,0
DA:2054,0
DA:2056,0
DA:2059,1
DA:2060,0
DA:2061,0
DA:2062,0
DA:2063,0
DA:2064,0
DA:2065,0
DA:2066,0
DA:2067,0
DA:2068,0
DA:2069,0
DA:2070,0
DA:2071,0
DA:2072,0
DA:2073,0
DA:2074,0
DA:2075,0
DA:2076,0
DA:2077,0
DA:2079,0
DA:2081,0
DA:2084,1
DA:2085,0
DA:2086,0
DA:2089,1
DA:2090,0
DA:2091,0
DA:2094,1
DA:2095,0
DA:2096,0
DA:2099,1
DA:2100,0
DA:2101,0
DA:2104,1
DA:2105,0
DA:2106,0
DA:2109,1
DA:2110,0
DA:2113,1
DA:2114,0
DA:2117,1
DA:2118,0
DA:2119,0
DA:2123,1
DA:2124,0
DA:2127,1
DA:2128,0
DA:2129,0
DA:2130,0
DA:2131,0
DA:2132,0
DA:2134,0
DA:2135,0
DA:2137,0
DA:2138,0
DA:2139,0
DA:2140,0
DA:2141,0
DA:2142,0
DA:2143,0
DA:2144,0
DA:2145,0
DA:2146,0
DA:2147,0
DA:2148,0
DA:2149,0
DA:2152,1
DA:2153,0
DA:2154,0
DA:2156,0
DA:2157,0
DA:2159,0
DA:2160,0
DA:2161,0
DA:2162,0
DA:2163,0
DA:2164,0
DA:2165,0
DA:2166,0
DA:2167,0
DA:2168,0
DA:2171,1
DA:2172,0
DA:2175,1
DA:2176,0
DA:2179,1
DA:2180,0
DA:2181,0
DA:2182,0
DA:2183,0
DA:2184,0
DA:2185,0
DA:2187,0
DA:2188,0
DA:2190,0
DA:2191,0
DA:2192,0
DA:2193,0
DA:2199,1
DA:2200,1
DA:2201,1
DA:2202,1
DA:2203,1
DA:2207,0
DA:2215,0
DA:2218,1
DA:2219,0
DA:2229,0
DA:2230,0
DA:2231,0
DA:2232,0
DA:2233,0
DA:2234,0
DA:2235,0
DA:2236,0
DA:2237,0
DA:2238,0
DA:2239,0
DA:2240,0
DA:2242,1
DA:2243,0
DA:2245,0
DA:2247,0
DA:2248,0
DA:2249,0
DA:2250,0
DA:2253,0
DA:2254,0
DA:2255,0
DA:2256,0
DA:2259,0
DA:2261,0
DA:2262,0
DA:2263,0
DA:2264,0
DA:2267,0
DA:2268,0
DA:2269,0
DA:2270,0
DA:2273,0
DA:2275,0
DA:2276,0
DA:2277,0
DA:2278,0
DA:2281,0
DA:2282,0
DA:2283,0
DA:2284,0
DA:2287,0
DA:2289,0
DA:2290,0
DA:2291,0
DA:2292,0
DA:2295,0
DA:2296,0
DA:2297,0
DA:2298,0
DA:2301,0
DA:2303,0
DA:2304,0
DA:2305,0
DA:2306,0
DA:2309,0
DA:2310,0
DA:2311,0
DA:2312,0
DA:2315,0
DA:2318,0
DA:2319,0
DA:2320,0
DA:2321,0
DA:2323,1
DA:2325,0
DA:2327,0
DA:2329,0
DA:2330,0
DA:2331,0
DA:2334,0
DA:2336,0
DA:2337,0
DA:2338,0
DA:2341,0
DA:2343,0
DA:2344,0
DA:2345,0
DA:2348,0
DA:2350,0
DA:2351,0
DA:2352,0
DA:2355,0
DA:2357,0
DA:2358,0
DA:2359,0
DA:2362,0
DA:2364,0
DA:2367,1
DA:2368,0
DA:2369,0
DA:2372,0
DA:2373,0
DA:2375,0
DA:2376,0
DA:2377,0
DA:2378,0
DA:2379,0
DA:2380,0
DA:2381,0
DA:2382,0
DA:2383,0
DA:2384,0
DA:2385,0
DA:2387,0
DA:2389,0
DA:2390,0
DA:2391,0
DA:2392,0
DA:2393,0
DA:2394,0
DA:2395,0
DA:2396,0
DA:2397,0
DA:2398,0
DA:2399,0
DA:2401,0
DA:2403,0
DA:2404,0
DA:2405,0
DA:2406,0
DA:2407,0
DA:2408,0
DA:2409,0
DA:2410,0
DA:2411,0
DA:2412,0
DA:2413,0
DA:2415,0
DA:2417,0
DA:2418,0
DA:2419,0
DA:2420,0
DA:2421,0
DA:2422,0
DA:2423,0
DA:2424,0
DA:2425,0
DA:2426,0
DA:2427,0
DA:2429,0
DA:2431,0
DA:2432,0
DA:2433,0
DA:2434,0
DA:2435,0
DA:2436,0
DA:2437,0
DA:2438,0
DA:2439,0
DA:2440,0
DA:2441,0
DA:2443,0
DA:2446,0
DA:2447,0
DA:2449,0
DA:2450,0
DA:2451,0
DA:2452,0
DA:2453,0
DA:2454,0
DA:2455,0
DA:2456,0
DA:2457,0
DA:2458,0
DA:2459,0
DA:2461,0
DA:2463,0
DA:2464,0
DA:2465,0
DA:2466,0
DA:2467,0
DA:2468,0
DA:2469,0
DA:2470,0
DA:2471,0
DA:2472,0
DA:2473,0
DA:2475,0
DA:2477,0
DA:2478,0
DA:2479,0
DA:2480,0
DA:2481,0
DA:2482,0
DA:2483,0
DA:2484,0
DA:2485,0
DA:2486,0
DA:2487,0
DA:2489,0
DA:2491,0
DA:2492,0
DA:2493,0
DA:2494,0
DA:2495,0
DA:2496,0
DA:2497,0
DA:2498,0
DA:2499,0
DA:2500,0
DA:2501,0
DA:2503,0
DA:2505,0
DA:2506,0
DA:2507,0
DA:2508,0
DA:2509,0
DA:2510,0
DA:2511,0
DA:2512,0
DA:2513,0
DA:2514,0
DA:2515,0
DA:2517,0
DA:2521,0
DA:2522,0
DA:2523,0
DA:2525,0
DA:2526,0
DA:2529,0
DA:2530,0
DA:2531,0
DA:2532,0
DA:2533,0
DA:2534,0
DA:2535,0
DA:2536,0
DA:2537,0
DA:2538,0
DA:2539,0
DA:2540,0
DA:2541,0
DA:2542,0
DA:2543,0
DA:2546,0
DA:2550,0
DA:2551,0
DA:2552,0
DA:2555,0
DA:2558,0
DA:2559,0
DA:2560,0
DA:2561,0
DA:2562,0
DA:2563,0
DA:2564,0
DA:2565,0
DA:2566,0
DA:2567,0
DA:2568,0
DA:2569,0
DA:2570,0
DA:2571,0
DA:2572,0
DA:2575,0
DA:2579,0
DA:2580,0
DA:2581,0
DA:2584,0
DA:2587,0
DA:2588,0
DA:2589,0
DA:2590,0
DA:2591,0
DA:2592,0
DA:2593,0
DA:2594,0
DA:2595,0
DA:2596,0
DA:2597,0
DA:2598,0
DA:2599,0
DA:2600,0
DA:2601,0
DA:2604,0
DA:2608,0
DA:2609,0
DA:2610,0
DA:2613,0
DA:2616,0
DA:2617,0
DA:2618,0
DA:2619,0
DA:2620,0
DA:2621,0
DA:2622,0
DA:2623,0
DA:2624,0
DA:2625,0
DA:2626,0
DA:2627,0
DA:2628,0
DA:2629,0
DA:2630,0
DA:2633,0
DA:2637,0
DA:2638,0
DA:2639,0
DA:2642,0
DA:2645,0
DA:2646,0
DA:2647,0
DA:2648,0
DA:2649,0
DA:2650,0
DA:2651,0
DA:2652,0
DA:2653,0
DA:2654,0
DA:2655,0
DA:2656,0
DA:2657,0
DA:2658,0
DA:2659,0
DA:2662,0
DA:2666,0
DA:2667,0
DA:2668,0
DA:2671,0
DA:2674,0
DA:2675,0
DA:2677,1
DA:2679,1
DA:2680,0
DA:2681,0
DA:2682,0
DA:2684,0
DA:2685,0
DA:2686,0
DA:2689,0
DA:2690,0
DA:2691,0
DA:2694,0
DA:2695,0
DA:2696,0
DA:2697,0
DA:2699,0
DA:2701,0
DA:2702,0
DA:2703,0
DA:2706,0
DA:2707,0
DA:2708,0
DA:2711,0
DA:2712,0
DA:2713,0
DA:2714,0
DA:2716,0
DA:2718,0
DA:2719,0
DA:2720,0
DA:2723,0
DA:2724,0
DA:2725,0
DA:2728,0
DA:2729,0
DA:2730,0
DA:2731,0
DA:2733,0
DA:2735,0
DA:2736,0
DA:2737,0
DA:2740,0
DA:2741,0
DA:2742,0
DA:2745,0
DA:2746,0
DA:2747,0
DA:2748,0
DA:2750,0
DA:2756,0
DA:2757,0
DA:2758,0
DA:2759,0
DA:2760,0
DA:2761,0
DA:2764,0
DA:2765,0
DA:2766,0
DA:2769,0
DA:2770,0
DA:2771,0
DA:2772,0
DA:2773,0
DA:2774,0
DA:2777,0
DA:2778,0
DA:2779,0
DA:2780,0
DA:2783,0
DA:2784,0
DA:2785,0
DA:2788,0
DA:2789,0
DA:2790,0
DA:2791,0
DA:2792,0
DA:2793,0
DA:2797,0
DA:2798,0
DA:2799,0
DA:2802,0
DA:2803,0
DA:2804,0
DA:2807,0
DA:2808,0
DA:2809,0
DA:2810,0
DA:2811,0
DA:2812,0
DA:2817,0
DA:2818,0
DA:2819,0
DA:2821,0
DA:2822,0
DA:2823,0
DA:2826,0
DA:2827,0
DA:2828,0
DA:2831,0
DA:2832,0
DA:2833,0
DA:2834,0
DA:2836,0
DA:2838,0
DA:2839,0
DA:2840,0
DA:2843,0
DA:2844,0
DA:2845,0
DA:2848,0
DA:2849,0
DA:2850,0
DA:2851,0
DA:2853,0
DA:2855,0
DA:2856,0
DA:2857,0
DA:2860,0
DA:2861,0
DA:2862,0
DA:2865,0
DA:2866,0
DA:2867,0
DA:2868,0
DA:2870,0
DA:2872,0
DA:2873,0
DA:2874,0
DA:2877,0
DA:2878,0
DA:2879,0
DA:2882,0
DA:2883,0
DA:2884,0
DA:2885,0
DA:2887,0
DA:2893,0
DA:2894,0
DA:2895,0
DA:2896,0
DA:2897,0
DA:2898,0
DA:2901,0
DA:2902,0
DA:2903,0
DA:2906,0
DA:2907,0
DA:2908,0
DA:2909,0
DA:2910,0
DA:2911,0
DA:2915,0
DA:2916,0
DA:2917,0
DA:2918,0
DA:2921,0
DA:2922,0
DA:2923,0
DA:2926,0
DA:2927,0
DA:2928,0
DA:2929,0
DA:2930,0
DA:2931,0
DA:2935,0
DA:2936,0
DA:2937,0
DA:2940,0
DA:2941,0
DA:2942,0
DA:2945,0
DA:2946,0
DA:2947,0
DA:2948,0
DA:2949,0
DA:2950,0
DA:2955,0
DA:2956,0
DA:2957,0
DA:2958,0
DA:2959,0
DA:2962,0
DA:2963,0
DA:2965,0
DA:2966,0
DA:2967,0
DA:2969,0
DA:2970,0
DA:2971,0
DA:2973,0
DA:2974,0
DA:2975,0
DA:2977,0
DA:2978,0
DA:2979,0
DA:2981,0
DA:2982,0
DA:2983,0
DA:2985,0
DA:2986,0
DA:2987,0
DA:2988,0
DA:2990,0
DA:2991,0
DA:2992,0
DA:2993,0
DA:2996,0
DA:2997,0
DA:2998,0
DA:3001,0
DA:3002,0
DA:3005,0
DA:3006,0
DA:3009,0
DA:3010,0
DA:3013,0
DA:3014,0
DA:3017,0
DA:3018,0
DA:3021,0
DA:3022,0
DA:3023,0
DA:3025,0
DA:3026,0
DA:3028,0
DA:3029,0
DA:3031,0
DA:3032,0
DA:3033,0
DA:3034,0
DA:3035,0
DA:3038,0
DA:3039,0
DA:3041,0
DA:3042,0
DA:3043,0
DA:3045,0
DA:3046,0
DA:3047,0
DA:3049,0
DA:3050,0
DA:3051,0
DA:3053,0
DA:3054,0
DA:3055,0
DA:3057,0
DA:3058,0
DA:3059,0
DA:3061,0
DA:3062,0
DA:3063,0
DA:3064,0
DA:3066,0
DA:3067,0
DA:3068,0
DA:3069,0
DA:3072,0
DA:3075,1
DA:3076,0
DA:3077,0
DA:3078,0
DA:3080,0
DA:3081,0
DA:3082,0
DA:3083,0
DA:3084,0
DA:3085,0
DA:3086,0
DA:3088,0
DA:3089,0
DA:3091,0
DA:3093,0
DA:3094,0
DA:3095,0
DA:3096,0
DA:3097,0
DA:3098,0
DA:3099,0
DA:3101,0
DA:3102,0
DA:3104,0
DA:3106,0
DA:3107,0
DA:3108,0
DA:3109,0
DA:3110,0
DA:3111,0
DA:3112,0
DA:3114,0
DA:3115,0
DA:3117,0
DA:3119,0
DA:3120,0
DA:3121,0
DA:3122,0
DA:3123,0
DA:3124,0
DA:3125,0
DA:3127,0
DA:3129,0
DA:3130,0
DA:3131,0
DA:3132,0
DA:3133,0
DA:3134,0
DA:3136,0
DA:3137,0
DA:3138,0
DA:3139,0
DA:3140,0
DA:3141,0
DA:3144,1
DA:3145,0
DA:3146,0
DA:3147,0
DA:3148,0
DA:3149,0
DA:3151,1
DA:3152,0
DA:3153,0
DA:3154,0
DA:3155,0
DA:3156,0
DA:3158,1
DA:3159,0
DA:3160,0
DA:3161,0
DA:3162,0
DA:3163,0
DA:3165,1
DA:3166,0
DA:3167,0
DA:3168,0
DA:3169,0
DA:3170,0
DA:3172,1
DA:3173,0
DA:3174,0
DA:3175,0
DA:3176,0
DA:3177,0
DA:3179,1
DA:3180,1
DA:3181,1
DA:3182,0
DA:3183,0
DA:3184,0
DA:3186,0
DA:3187,0
DA:3188,0
DA:3190,0
DA:3191,0
DA:3192,0
DA:3194,0
DA:3195,0
DA:3196,0
DA:3198,0
DA:3199,0
DA:3200,0
DA:3202,0
DA:3203,0
DA:3204,0
DA:3206,0
DA:3207,0
DA:3208,0
DA:3209,0
DA:3210,0
DA:3212,0
DA:3213,0
DA:3215,0
DA:3216,0
DA:3218,0
DA:3219,0
DA:3221,0
DA:3222,0
DA:3224,0
DA:3225,0
DA:3227,0
DA:3228,0
DA:3229,0
DA:3230,0
DA:3232,1
DA:3233,0
DA:3234,0
DA:3235,0
DA:3237,0
DA:3238,0
DA:3239,0
DA:3241,0
DA:3242,0
DA:3243,0
DA:3245,0
DA:3246,0
DA:3247,0
DA:3249,0
DA:3250,0
DA:3251,0
DA:3253,0
DA:3254,0
DA:3255,0
DA:3257,0
DA:3258,0
DA:3259,0
DA:3260,0
DA:3261,0
DA:3263,0
DA:3264,0
DA:3266,0
DA:3267,0
DA:3269,0
DA:3270,0
DA:3272,0
DA:3273,0
DA:3275,0
DA:3276,0
DA:3278,0
DA:3279,0
DA:3280,0
DA:3281,0
DA:3282,0
DA:3283,0
DA:3286,1
DA:3288,0
DA:3289,0
DA:3291,0
DA:3292,0
DA:3293,0
DA:3295,0
DA:3296,0
DA:3297,0
DA:3298,0
DA:3300,0
DA:3301,0
DA:3302,0
DA:3303,0
DA:3305,0
DA:3306,0
DA:3308,0
DA:3309,0
DA:3310,0
DA:3312,0
DA:3313,0
DA:3314,0
DA:3316,0
DA:3318,0
DA:3319,0
DA:3321,0
DA:3322,0
DA:3323,0
DA:3325,0
DA:3326,0
DA:3327,0
DA:3329,0
DA:3331,0
DA:3332,0
DA:3333,0
DA:3334,0
DA:3336,0
DA:3337,0
DA:3338,0
DA:3339,0
DA:3340,0
DA:3344,0
DA:3346,0
DA:3347,0
DA:3348,0
DA:3351,1
DA:3352,0
DA:3353,0
DA:3354,0
DA:3355,0
DA:3356,0
DA:3357,0
DA:3358,0
DA:3360,0
DA:3361,0
DA:3363,0
DA:3364,0
DA:3365,0
DA:3366,0
DA:3367,0
DA:3368,0
DA:3369,0
DA:3370,0
DA:3371,0
DA:3372,0
DA:3373,0
DA:3374,0
DA:3375,0
DA:3376,0
DA:3377,0
DA:3378,0
DA:3379,0
DA:3382,0
DA:3384,0
DA:3385,0
DA:3388,0
DA:3389,0
DA:3391,0
DA:3392,0
DA:3394,0
DA:3395,0
DA:3397,0
DA:3398,0
DA:3401,0
DA:3402,0
DA:3403,0
DA:3409,1
DA:3410,0
DA:3411,0
DA:3413,0
DA:3415,0
DA:3416,0
DA:3417,0
DA:3418,0
DA:3419,0
DA:3421,0
DA:3422,0
DA:3423,0
DA:3424,0
DA:3425,0
DA:3427,0
DA:3428,0
DA:3429,0
DA:3431,0
DA:3432,0
DA:3433,0
DA:3435,0
DA:3436,0
DA:3437,0
DA:3439,0
DA:3441,0
DA:3442,0
DA:3443,0
DA:3445,0
DA:3446,0
DA:3447,0
DA:3449,0
DA:3450,0
DA:3451,0
DA:3453,0
DA:3455,0
DA:3456,0
DA:3457,0
DA:3458,0
DA:3459,0
DA:3461,0
DA:3462,0
DA:3463,0
DA:3464,0
DA:3465,0
DA:3467,0
DA:3468,0
DA:3469,0
DA:3471,1
DA:3472,0
DA:3473,0
DA:3475,0
DA:3477,0
DA:3478,0
DA:3479,0
DA:3481,0
DA:3482,0
DA:3483,0
DA:3485,0
DA:3486,0
DA:3487,0
DA:3489,0
DA:3490,0
DA:3491,0
DA:3493,0
DA:3494,0
DA:3495,0
DA:3497,0
DA:3498,0
DA:3500,0
DA:3501,0
DA:3503,0
DA:3504,0
DA:3506,0
DA:3507,0
DA:3509,0
DA:3510,0
DA:3512,0
DA:3513,0
DA:3515,0
DA:3516,0
DA:3517,0
DA:3518,0
DA:3520,0
DA:3521,0
DA:3522,0
DA:3523,0
DA:3524,0
DA:3525,0
DA:3526,0
LF:2362
LH:1075
BRDA:359,0,0,0
BRDA:359,0,1,0
BRDA:372,1,0,0
BRDA:372,1,1,0
BRDA:380,2,0,0
BRDA:380,2,1,0
BRDA:397,3,0,1
BRDA:397,3,1,36
BRDA:404,4,0,8
BRDA:404,4,1,214
BRDA:411,5,0,37
BRDA:411,5,1,37
BRDA:411,5,2,37
BRDA:411,5,3,37
BRDA:411,5,4,37
BRDA:411,5,5,37
BRDA:417,6,0,1
BRDA:417,6,1,36
BRDA:429,7,0,2
BRDA:429,7,1,35
BRDA:441,8,0,1
BRDA:441,8,1,36
BRDA:453,9,0,2
BRDA:453,9,1,35
BRDA:465,10,0,1
BRDA:465,10,1,36
BRDA:477,11,0,1
BRDA:477,11,1,36
BRDA:503,12,0,1
BRDA:503,12,1,36
BRDA:559,13,0,1
BRDA:559,13,1,36
BRDA:575,14,0,105
BRDA:575,14,1,105
BRDA:575,14,2,105
BRDA:575,14,3,105
BRDA:575,14,4,105
BRDA:575,14,5,105
BRDA:577,15,0,8
BRDA:577,15,1,97
BRDA:592,16,0,7
BRDA:592,16,1,98
BRDA:604,17,0,7
BRDA:604,17,1,98
BRDA:616,18,0,6
BRDA:616,18,1,99
BRDA:628,19,0,8
BRDA:628,19,1,97
BRDA:640,20,0,8
BRDA:640,20,1,97
BRDA:725,21,0,792
BRDA:725,21,1,9900
BRDA:731,22,0,792
BRDA:731,22,1,9108
BRDA:742,23,0,69
BRDA:742,23,1,955
BRDA:742,24,0,1024
BRDA:742,24,1,491
BRDA:742,24,2,491
BRDA:742,24,3,69
BRDA:750,25,0,19
BRDA:750,25,1,50
BRDA:751,26,0,11
BRDA:751,26,1,8
BRDA:758,27,0,17
BRDA:758,27,1,33
BRDA:759,28,0,9
BRDA:759,28,1,8
BRDA:766,29,0,18
BRDA:766,29,1,15
BRDA:767,30,0,9
BRDA:767,30,1,9
BRDA:775,31,0,7
BRDA:775,31,1,8
BRDA:782,32,0,2472
BRDA:782,32,1,234
BRDA:793,33,0,508
BRDA:793,33,1,0
BRDA:793,34,0,508
BRDA:793,34,1,508
BRDA:803,35,0,0
BRDA:805,36,0,6474
BRDA:805,36,1,6340
BRDA:812,37,0,12638
BRDA:812,37,1,70
BRDA:815,38,0,69
BRDA:815,38,1,1
BRDA:835,39,0,790
BRDA:838,40,0,37
BRDA:838,40,1,753
BRDA:841,41,0,2
BRDA:841,41,1,751
BRDA:860,42,0,0
BRDA:860,42,1,1
BRDA:874,43,0,1
BRDA:874,43,1,0
BRDA:874,43,2,0
BRDA:874,43,3,0
BRDA:874,43,4,0
BRDA:874,43,5,0
BRDA:874,43,6,0
BRDA:874,43,7,0
BRDA:874,43,8,0
BRDA:874,43,9,0
BRDA:998,44,0,0
BRDA:998,44,1,0
BRDA:1002,45,0,0
BRDA:1002,45,1,0
BRDA:1002,46,0,0
BRDA:1002,46,1,0
BRDA:1015,47,0,658
BRDA:1015,47,1,70
BRDA:1017,48,0,0
BRDA:1017,48,1,1
BRDA:1017,48,2,0
BRDA:1017,48,3,1
BRDA:1017,48,4,1
BRDA:1017,48,5,1
BRDA:1017,48,6,1
BRDA:1017,48,7,0
BRDA:1053,49,0,94
BRDA:1053,49,1,10
BRDA:1077,50,0,94
BRDA:1077,50,1,10
BRDA:1098,51,0,94
BRDA:1098,51,1,10
BRDA:1120,52,0,94
BRDA:1120,52,1,10
BRDA:1142,53,0,94
BRDA:1142,53,1,10
BRDA:1164,54,0,94
BRDA:1164,54,1,10
BRDA:1186,55,0,94
BRDA:1186,55,1,10
BRDA:1208,56,0,94
BRDA:1208,56,1,10
BRDA:1225,57,0,18
BRDA:1225,57,1,18
BRDA:1227,58,0,2
BRDA:1227,58,1,2
BRDA:1227,58,2,2
BRDA:1227,58,3,2
BRDA:1227,58,4,2
BRDA:1227,58,5,2
BRDA:1227,58,6,2
BRDA:1227,58,7,2
BRDA:1257,59,0,3
BRDA:1257,59,1,1941
BRDA:1263,60,0,234
BRDA:1263,60,1,1710
BRDA:1308,61,0,2
BRDA:1308,61,1,1
BRDA:1336,62,0,2
BRDA:1336,62,1,1
BRDA:1363,63,0,2
BRDA:1363,63,1,1
BRDA:1392,64,0,2
BRDA:1392,64,1,1
BRDA:1421,65,0,2
BRDA:1421,65,1,1
BRDA:1450,66,0,2
BRDA:1450,66,1,1
BRDA:1485,67,0,5
BRDA:1485,67,1,0
BRDA:1489,68,0,5
BRDA:1489,68,1,15
BRDA:1491,69,0,0
BRDA:1491,69,1,1
BRDA:1491,69,2,1
BRDA:1491,69,3,1
BRDA:1491,69,4,1
BRDA:1491,69,5,1
BRDA:1548,70,0,5
BRDA:1548,70,1,0
BRDA:1552,71,0,5
BRDA:1552,71,1,14
BRDA:1554,72,0,1
BRDA:1554,72,1,0
BRDA:1554,72,2,1
BRDA:1554,72,3,1
BRDA:1554,72,4,1
BRDA:1554,72,5,1
BRDA:1608,73,0,5
BRDA:1608,73,1,0
BRDA:1612,74,0,5
BRDA:1612,74,1,13
BRDA:1614,75,0,1
BRDA:1614,75,1,1
BRDA:1614,75,2,0
BRDA:1614,75,3,1
BRDA:1614,75,4,1
BRDA:1614,75,5,1
BRDA:1668,76,0,5
BRDA:1668,76,1,0
BRDA:1672,77,0,5
BRDA:1672,77,1,12
BRDA:1674,78,0,1
BRDA:1674,78,1,1
BRDA:1674,78,2,1
BRDA:1674,78,3,0
BRDA:1674,78,4,1
BRDA:1674,78,5,1
BRDA:1728,79,0,5
BRDA:1728,79,1,0
BRDA:1732,80,0,5
BRDA:1732,80,1,11
BRDA:1734,81,0,1
BRDA:1734,81,1,1
BRDA:1734,81,2,1
BRDA:1734,81,3,1
BRDA:1734,81,4,0
BRDA:1734,81,5,1
BRDA:1788,82,0,5
BRDA:1788,82,1,0
BRDA:1792,83,0,5
BRDA:1792,83,1,10
BRDA:1794,84,0,1
BRDA:1794,84,1,1
BRDA:1794,84,2,1
BRDA:1794,84,3,1
BRDA:1794,84,4,1
BRDA:1794,84,5,0
BRDA:1844,85,0,1
BRDA:1844,85,1,1
BRDA:1846,86,0,0
BRDA:1846,86,1,0
BRDA:1846,87,0,0
BRDA:1846,87,1,0
BRDA:1862,88,0,0
BRDA:1862,88,1,0
BRDA:1864,89,0,0
BRDA:1864,89,1,0
BRDA:1864,90,0,0
BRDA:1864,90,1,0
BRDA:1876,91,0,0
BRDA:1876,91,1,0
BRDA:1878,92,0,0
BRDA:1878,92,1,0
BRDA:1878,93,0,0
BRDA:1878,93,1,0
BRDA:1890,94,0,0
BRDA:1890,94,1,0
BRDA:1892,95,0,0
BRDA:1892,95,1,0
BRDA:1892,96,0,0
BRDA:1892,96,1,0
BRDA:1904,97,0,0
BRDA:1904,97,1,0
BRDA:1906,98,0,0
BRDA:1906,98,1,0
BRDA:1906,99,0,0
BRDA:1906,99,1,0
BRDA:1918,100,0,0
BRDA:1918,100,1,0
BRDA:1920,101,0,0
BRDA:1920,101,1,0
BRDA:1920,102,0,0
BRDA:1920,102,1,0
BRDA:1932,103,0,0
BRDA:1932,103,1,0
BRDA:1934,104,0,0
BRDA:1934,104,1,0
BRDA:1934,105,0,0
BRDA:1934,105,1,0
BRDA:1946,106,0,0
BRDA:1946,106,1,0
BRDA:1948,107,0,0
BRDA:1948,107,1,0
BRDA:1948,108,0,0
BRDA:1948,108,1,0
BRDA:1960,109,0,0
BRDA:1960,109,1,0
BRDA:1962,110,0,0
BRDA:1962,110,1,0
BRDA:1962,111,0,0
BRDA:1962,111,1,0
BRDA:1974,112,0,0
BRDA:1974,112,1,0
BRDA:1976,113,0,0
BRDA:1976,113,1,0
BRDA:1976,114,0,0
BRDA:1976,114,1,0
BRDA:1988,115,0,0
BRDA:1988,115,1,0
BRDA:1995,116,0,0
BRDA:1995,116,1,0
BRDA:2131,117,0,0
BRDA:2131,117,1,0
BRDA:2131,118,0,0
BRDA:2131,118,1,0
BRDA:2134,119,0,0
BRDA:2134,119,1,0
BRDA:2184,120,0,0
BRDA:2184,120,1,0
BRDA:2184,121,0,0
BRDA:2184,121,1,0
BRDA:2187,122,0,0
BRDA:2187,122,1,0
BRDA:2243,123,0,0
BRDA:2243,123,1,0
BRDA:2245,124,0,0
BRDA:2245,124,1,0
BRDA:2245,124,2,0
BRDA:2245,124,3,0
BRDA:2245,124,4,0
BRDA:2248,125,0,0
BRDA:2248,125,1,0
BRDA:2254,126,0,0
BRDA:2254,126,1,0
BRDA:2262,127,0,0
BRDA:2262,127,1,0
BRDA:2268,128,0,0
BRDA:2268,128,1,0
BRDA:2276,129,0,0
BRDA:2276,129,1,0
BRDA:2282,130,0,0
BRDA:2282,130,1,0
BRDA:2290,131,0,0
BRDA:2290,131,1,0
BRDA:2296,132,0,0
BRDA:2296,132,1,0
BRDA:2304,133,0,0
BRDA:2304,133,1,0
BRDA:2310,134,0,0
BRDA:2310,134,1,0
BRDA:2318,135,0,0
BRDA:2318,135,1,0
BRDA:2327,136,0,0
BRDA:2327,136,1,0
BRDA:2327,136,2,0
BRDA:2327,136,3,0
BRDA:2327,136,4,0
BRDA:2330,137,0,0
BRDA:2330,137,1,0
BRDA:2337,138,0,0
BRDA:2337,138,1,0
BRDA:2344,139,0,0
BRDA:2344,139,1,0
BRDA:2351,140,0,0
BRDA:2351,140,1,0
BRDA:2358,141,0,0
BRDA:2358,141,1,0
BRDA:2368,142,0,0
BRDA:2368,142,1,0
BRDA:2372,143,0,0
BRDA:2372,143,1,0
BRDA:2373,144,0,0
BRDA:2373,144,1,0
BRDA:2373,144,2,0
BRDA:2373,144,3,0
BRDA:2373,144,4,0
BRDA:2446,145,0,0
BRDA:2446,145,1,0
BRDA:2447,146,0,0
BRDA:2447,146,1,0
BRDA:2447,146,2,0
BRDA:2447,146,3,0
BRDA:2447,146,4,0
BRDA:2522,147,0,0
BRDA:2522,147,1,0
BRDA:2526,148,0,0
BRDA:2526,148,1,0
BRDA:2526,148,2,0
BRDA:2526,148,3,0
BRDA:2526,148,4,0
BRDA:2540,149,0,0
BRDA:2540,149,1,0
BRDA:2542,150,0,0
BRDA:2542,150,1,0
BRDA:2569,151,0,0
BRDA:2569,151,1,0
BRDA:2571,152,0,0
BRDA:2571,152,1,0
BRDA:2598,153,0,0
BRDA:2598,153,1,0
BRDA:2600,154,0,0
BRDA:2600,154,1,0
BRDA:2627,155,0,0
BRDA:2627,155,1,0
BRDA:2629,156,0,0
BRDA:2629,156,1,0
BRDA:2656,157,0,0
BRDA:2656,157,1,0
BRDA:2658,158,0,0
BRDA:2658,158,1,0
BRDA:2680,159,0,0
BRDA:2680,159,1,0
BRDA:2680,160,0,0
BRDA:2680,160,1,0
BRDA:2682,161,0,0
BRDA:2682,161,1,0
BRDA:2682,161,2,0
BRDA:2682,161,3,0
BRDA:2685,162,0,0
BRDA:2685,162,1,0
BRDA:2689,163,0,0
BRDA:2689,163,1,0
BRDA:2702,164,0,0
BRDA:2702,164,1,0
BRDA:2706,165,0,0
BRDA:2706,165,1,0
BRDA:2719,166,0,0
BRDA:2719,166,1,0
BRDA:2723,167,0,0
BRDA:2723,167,1,0
BRDA:2736,168,0,0
BRDA:2736,168,1,0
BRDA:2740,169,0,0
BRDA:2740,169,1,0
BRDA:2756,170,0,0
BRDA:2756,170,1,0
BRDA:2756,171,0,0
BRDA:2756,171,1,0
BRDA:2758,172,0,0
BRDA:2758,172,1,0
BRDA:2760,173,0,0
BRDA:2760,173,1,0
BRDA:2764,174,0,0
BRDA:2764,174,1,0
BRDA:2777,175,0,0
BRDA:2777,175,1,0
BRDA:2779,176,0,0
BRDA:2779,176,1,0
BRDA:2783,177,0,0
BRDA:2783,177,1,0
BRDA:2798,178,0,0
BRDA:2798,178,1,0
BRDA:2802,179,0,0
BRDA:2802,179,1,0
BRDA:2817,180,0,0
BRDA:2817,180,1,0
BRDA:2817,181,0,0
BRDA:2817,181,1,0
BRDA:2819,182,0,0
BRDA:2819,182,1,0
BRDA:2819,182,2,0
BRDA:2819,182,3,0
BRDA:2822,183,0,0
BRDA:2822,183,1,0
BRDA:2826,184,0,0
BRDA:2826,184,1,0
BRDA:2839,185,0,0
BRDA:2839,185,1,0
BRDA:2843,186,0,0
BRDA:2843,186,1,0
BRDA:2856,187,0,0
BRDA:2856,187,1,0
BRDA:2860,188,0,0
BRDA:2860,188,1,0
BRDA:2873,189,0,0
BRDA:2873,189,1,0
BRDA:2877,190,0,0
BRDA:2877,190,1,0
BRDA:2893,191,0,0
BRDA:2893,191,1,0
BRDA:2893,192,0,0
BRDA:2893,192,1,0
BRDA:2895,193,0,0
BRDA:2895,193,1,0
BRDA:2897,194,0,0
BRDA:2897,194,1,0
BRDA:2901,195,0,0
BRDA:2901,195,1,0
BRDA:2915,196,0,0
BRDA:2915,196,1,0
BRDA:2917,197,0,0
BRDA:2917,197,1,0
BRDA:2921,198,0,0
BRDA:2921,198,1,0
BRDA:2936,199,0,0
BRDA:2936,199,1,0
BRDA:2940,200,0,0
BRDA:2940,200,1,0
BRDA:2955,201,0,0
BRDA:2955,201,1,0
BRDA:2955,202,0,0
BRDA:2955,202,1,0
BRDA:2955,202,2,0
BRDA:2957,203,0,0
BRDA:2957,203,1,0
BRDA:2963,204,0,0
BRDA:2963,204,1,0
BRDA:2963,204,2,0
BRDA:2963,204,3,0
BRDA:2963,204,4,0
BRDA:2986,205,0,0
BRDA:2986,205,1,0
BRDA:2996,206,0,0
BRDA:2996,206,1,0
BRDA:2996,207,0,0
BRDA:2996,207,1,0
BRDA:2996,207,2,0
BRDA:2998,208,0,0
BRDA:2998,208,1,0
BRDA:2998,208,2,0
BRDA:2998,208,3,0
BRDA:2998,208,4,0
BRDA:3021,209,0,0
BRDA:3021,209,1,0
BRDA:3031,210,0,0
BRDA:3031,210,1,0
BRDA:3031,211,0,0
BRDA:3031,211,1,0
BRDA:3031,211,2,0
BRDA:3033,212,0,0
BRDA:3033,212,1,0
BRDA:3039,213,0,0
BRDA:3039,213,1,0
BRDA:3039,213,2,0
BRDA:3039,213,3,0
BRDA:3039,213,4,0
BRDA:3062,214,0,0
BRDA:3062,214,1,0
BRDA:3078,215,0,0
BRDA:3078,215,1,0
BRDA:3078,215,2,0
BRDA:3078,215,3,0
BRDA:3078,215,4,0
BRDA:3085,216,0,0
BRDA:3085,216,1,0
BRDA:3085,217,0,0
BRDA:3085,217,1,0
BRDA:3088,218,0,0
BRDA:3088,218,1,0
BRDA:3098,219,0,0
BRDA:3098,219,1,0
BRDA:3098,220,0,0
BRDA:3098,220,1,0
BRDA:3101,221,0,0
BRDA:3101,221,1,0
BRDA:3111,222,0,0
BRDA:3111,222,1,0
BRDA:3111,223,0,0
BRDA:3111,223,1,0
BRDA:3114,224,0,0
BRDA:3114,224,1,0
BRDA:3124,225,0,0
BRDA:3124,225,1,0
BRDA:3183,226,0,0
BRDA:3183,226,1,0
BRDA:3184,227,0,0
BRDA:3184,227,1,0
BRDA:3184,227,2,0
BRDA:3184,227,3,0
BRDA:3184,227,4,0
BRDA:3207,228,0,0
BRDA:3207,228,1,0
BRDA:3210,229,0,0
BRDA:3210,229,1,0
BRDA:3210,229,2,0
BRDA:3210,229,3,0
BRDA:3210,229,4,0
BRDA:3234,230,0,0
BRDA:3234,230,1,0
BRDA:3235,231,0,0
BRDA:3235,231,1,0
BRDA:3235,231,2,0
BRDA:3235,231,3,0
BRDA:3235,231,4,0
BRDA:3258,232,0,0
BRDA:3258,232,1,0
BRDA:3261,233,0,0
BRDA:3261,233,1,0
BRDA:3261,233,2,0
BRDA:3261,233,3,0
BRDA:3261,233,4,0
BRDA:3293,234,0,0
BRDA:3293,234,1,0
BRDA:3293,234,2,0
BRDA:3293,234,3,0
BRDA:3293,234,4,0
BRDA:3306,235,0,0
BRDA:3306,235,1,0
BRDA:3319,236,0,0
BRDA:3319,236,1,0
BRDA:3336,237,0,0
BRDA:3336,237,1,0
BRDA:3352,238,0,0
BRDA:3352,238,1,0
BRDA:3353,239,0,0
BRDA:3353,239,1,0
BRDA:3357,240,0,0
BRDA:3357,240,1,0
BRDA:3357,241,0,0
BRDA:3357,241,1,0
BRDA:3360,242,0,0
BRDA:3360,242,1,0
BRDA:3382,243,0,0
BRDA:3382,243,1,0
BRDA:3382,243,2,0
BRDA:3382,243,3,0
BRDA:3382,243,4,0
BRDA:3411,244,0,0
BRDA:3411,244,1,0
BRDA:3413,245,0,0
BRDA:3413,245,1,0
BRDA:3413,245,2,0
BRDA:3413,245,3,0
BRDA:3413,245,4,0
BRDA:3429,246,0,0
BRDA:3429,246,1,0
BRDA:3443,247,0,0
BRDA:3443,247,1,0
BRDA:3473,248,0,0
BRDA:3473,248,1,0
BRDA:3475,249,0,0
BRDA:3475,249,1,0
BRDA:3475,249,2,0
BRDA:3475,249,3,0
BRDA:3475,249,4,0
BRDA:3498,250,0,0
BRDA:3498,250,1,0
BRDA:3498,250,2,0
BRDA:3498,250,3,0
BRDA:3498,250,4,0
BRF:615
BRH:185
end_of_record
