TN:
SF:scripts.js
FN:13,(anonymous_0)
FN:78,(anonymous_1)
FN:159,genEmptyBoard
FN:216,genNewBoard
FN:251,(anonymous_4)
FN:255,(anonymous_5)
FN:273,drawBoard
FN:446,createGridLayout
FN:528,drawTile
FN:567,drawGrid
FN:580,drawHabs
FN:605,drawBuild
FN:646,(anonymous_12)
FN:655,drawBuildings
FN:666,gridToPixel
FN:673,drawPoly
FN:698,createPoly
FN:718,drawTokens
FN:732,(anonymous_18)
FN:838,inside_circle
FN:845,(anonymous_20)
FN:851,(anonymous_21)
FN:869,(anonymous_22)
FN:874,(anonymous_23)
FN:886,(anonymous_24)
FN:891,(anonymous_25)
FN:903,(anonymous_26)
FN:908,(anonymous_27)
FN:920,(anonymous_28)
FN:925,(anonymous_29)
FN:937,(anonymous_30)
FN:942,(anonymous_31)
FN:954,(anonymous_32)
FN:959,(anonymous_33)
FN:971,(anonymous_34)
FN:976,(anonymous_35)
FN:988,(anonymous_36)
FN:993,(anonymous_37)
FN:1005,(anonymous_38)
FN:1006,(anonymous_39)
FN:1049,(anonymous_40)
FN:1056,(anonymous_41)
FN:1062,(anonymous_42)
FN:1068,(anonymous_43)
FN:1092,(anonymous_44)
FN:1116,(anonymous_45)
FN:1140,(anonymous_46)
FN:1164,(anonymous_47)
FN:1188,(anonymous_48)
FN:1212,(anonymous_49)
FN:1265,(anonymous_50)
FN:1316,(anonymous_51)
FN:1367,(anonymous_52)
FN:1417,(anonymous_53)
FN:1467,(anonymous_54)
FN:1519,(anonymous_55)
FN:1520,(anonymous_56)
FN:1533,(anonymous_57)
FN:1534,(anonymous_58)
FN:1547,(anonymous_59)
FN:1548,(anonymous_60)
FN:1561,(anonymous_61)
FN:1562,(anonymous_62)
FN:1575,(anonymous_63)
FN:1576,(anonymous_64)
FN:1589,(anonymous_65)
FN:1590,(anonymous_66)
FN:1603,(anonymous_67)
FN:1604,(anonymous_68)
FN:1617,(anonymous_69)
FN:1618,(anonymous_70)
FN:1631,(anonymous_71)
FN:1632,(anonymous_72)
FN:1645,(anonymous_73)
FN:1646,(anonymous_74)
FN:1659,(anonymous_75)
FN:1660,(anonymous_76)
FN:1666,(anonymous_77)
FN:1681,(anonymous_78)
FN:1706,(anonymous_79)
FN:1731,(anonymous_80)
FN:1756,(anonymous_81)
FN:1761,(anonymous_82)
FN:1766,(anonymous_83)
FN:1771,(anonymous_84)
FN:1776,(anonymous_85)
FN:1781,(anonymous_86)
FN:1785,(anonymous_87)
FN:1789,(anonymous_88)
FN:1795,(anonymous_89)
FN:1799,(anonymous_90)
FN:1824,(anonymous_91)
FN:1828,(anonymous_92)
FN:1843,(anonymous_93)
FN:1847,(anonymous_94)
FN:1851,(anonymous_95)
FN:1878,recordTurn
FN:1890,(anonymous_97)
FN:1914,(anonymous_98)
FN:1915,(anonymous_99)
FN:1990,(anonymous_100)
FN:1996,countCubesFunc
FN:2001,(anonymous_102)
FN:2008,(anonymous_103)
FN:2015,(anonymous_104)
FN:2022,(anonymous_105)
FN:2029,(anonymous_106)
FN:2039,(anonymous_107)
FN:2351,(anonymous_108)
FN:2356,(anonymous_109)
FN:2373,(anonymous_110)
FN:2390,(anonymous_111)
FN:2407,(anonymous_112)
FN:2431,(anonymous_113)
FN:2450,(anonymous_114)
FN:2469,(anonymous_115)
FN:2493,(anonymous_116)
FN:2510,(anonymous_117)
FN:2527,(anonymous_118)
FN:2544,(anonymous_119)
FN:2568,(anonymous_120)
FN:2588,(anonymous_121)
FN:2607,(anonymous_122)
FN:2747,(anonymous_123)
FN:2816,(anonymous_124)
FN:2823,(anonymous_125)
FN:2830,(anonymous_126)
FN:2837,(anonymous_127)
FN:2844,(anonymous_128)
FN:2853,(anonymous_129)
FN:2855,(anonymous_130)
FN:2879,(anonymous_131)
FN:2904,(anonymous_132)
FN:2906,(anonymous_133)
FN:2930,(anonymous_134)
FN:2958,(anonymous_135)
FN:3008,(anonymous_136)
FN:3023,(anonymous_137)
FN:3081,(anonymous_138)
FN:3083,(anonymous_139)
FN:3143,(anonymous_140)
FN:3145,(anonymous_141)
FNF:142
FNH:12
FNDA:106,(anonymous_0)
FNDA:0,(anonymous_1)
FNDA:1,genEmptyBoard
FNDA:0,genNewBoard
FNDA:0,(anonymous_4)
FNDA:0,(anonymous_5)
FNDA:1,drawBoard
FNDA:1,createGridLayout
FNDA:8,drawTile
FNDA:1,drawGrid
FNDA:1,drawHabs
FNDA:6,drawBuild
FNDA:0,(anonymous_12)
FNDA:3,drawBuildings
FNDA:164,gridToPixel
FNDA:162,drawPoly
FNDA:16,createPoly
FNDA:0,drawTokens
FNDA:0,(anonymous_18)
FNDA:0,inside_circle
FNDA:0,(anonymous_20)
FNDA:0,(anonymous_21)
FNDA:0,(anonymous_22)
FNDA:0,(anonymous_23)
FNDA:0,(anonymous_24)
FNDA:0,(anonymous_25)
FNDA:0,(anonymous_26)
FNDA:0,(anonymous_27)
FNDA:0,(anonymous_28)
FNDA:0,(anonymous_29)
FNDA:0,(anonymous_30)
FNDA:0,(anonymous_31)
FNDA:0,(anonymous_32)
FNDA:0,(anonymous_33)
FNDA:0,(anonymous_34)
FNDA:0,(anonymous_35)
FNDA:0,(anonymous_36)
FNDA:0,(anonymous_37)
FNDA:0,(anonymous_38)
FNDA:0,(anonymous_39)
FNDA:0,(anonymous_40)
FNDA:0,(anonymous_41)
FNDA:0,(anonymous_42)
FNDA:0,(anonymous_43)
FNDA:0,(anonymous_44)
FNDA:0,(anonymous_45)
FNDA:0,(anonymous_46)
FNDA:0,(anonymous_47)
FNDA:0,(anonymous_48)
FNDA:0,(anonymous_49)
FNDA:0,(anonymous_50)
FNDA:0,(anonymous_51)
FNDA:0,(anonymous_52)
FNDA:0,(anonymous_53)
FNDA:0,(anonymous_54)
FNDA:0,(anonymous_55)
FNDA:0,(anonymous_56)
FNDA:0,(anonymous_57)
FNDA:0,(anonymous_58)
FNDA:0,(anonymous_59)
FNDA:0,(anonymous_60)
FNDA:0,(anonymous_61)
FNDA:0,(anonymous_62)
FNDA:0,(anonymous_63)
FNDA:0,(anonymous_64)
FNDA:0,(anonymous_65)
FNDA:0,(anonymous_66)
FNDA:0,(anonymous_67)
FNDA:0,(anonymous_68)
FNDA:0,(anonymous_69)
FNDA:0,(anonymous_70)
FNDA:0,(anonymous_71)
FNDA:0,(anonymous_72)
FNDA:0,(anonymous_73)
FNDA:0,(anonymous_74)
FNDA:0,(anonymous_75)
FNDA:0,(anonymous_76)
FNDA:0,(anonymous_77)
FNDA:0,(anonymous_78)
FNDA:0,(anonymous_79)
FNDA:0,(anonymous_80)
FNDA:0,(anonymous_81)
FNDA:0,(anonymous_82)
FNDA:0,(anonymous_83)
FNDA:0,(anonymous_84)
FNDA:0,(anonymous_85)
FNDA:0,(anonymous_86)
FNDA:0,(anonymous_87)
FNDA:0,(anonymous_88)
FNDA:0,(anonymous_89)
FNDA:0,(anonymous_90)
FNDA:0,(anonymous_91)
FNDA:0,(anonymous_92)
FNDA:0,(anonymous_93)
FNDA:0,(anonymous_94)
FNDA:0,(anonymous_95)
FNDA:0,recordTurn
FNDA:0,(anonymous_97)
FNDA:0,(anonymous_98)
FNDA:0,(anonymous_99)
FNDA:0,(anonymous_100)
FNDA:0,countCubesFunc
FNDA:0,(anonymous_102)
FNDA:0,(anonymous_103)
FNDA:0,(anonymous_104)
FNDA:0,(anonymous_105)
FNDA:0,(anonymous_106)
FNDA:0,(anonymous_107)
FNDA:0,(anonymous_108)
FNDA:0,(anonymous_109)
FNDA:0,(anonymous_110)
FNDA:0,(anonymous_111)
FNDA:0,(anonymous_112)
FNDA:0,(anonymous_113)
FNDA:0,(anonymous_114)
FNDA:0,(anonymous_115)
FNDA:0,(anonymous_116)
FNDA:0,(anonymous_117)
FNDA:0,(anonymous_118)
FNDA:0,(anonymous_119)
FNDA:0,(anonymous_120)
FNDA:0,(anonymous_121)
FNDA:0,(anonymous_122)
FNDA:0,(anonymous_123)
FNDA:0,(anonymous_124)
FNDA:0,(anonymous_125)
FNDA:0,(anonymous_126)
FNDA:0,(anonymous_127)
FNDA:0,(anonymous_128)
FNDA:0,(anonymous_129)
FNDA:0,(anonymous_130)
FNDA:0,(anonymous_131)
FNDA:0,(anonymous_132)
FNDA:0,(anonymous_133)
FNDA:0,(anonymous_134)
FNDA:0,(anonymous_135)
FNDA:0,(anonymous_136)
FNDA:0,(anonymous_137)
FNDA:0,(anonymous_138)
FNDA:0,(anonymous_139)
FNDA:0,(anonymous_140)
FNDA:0,(anonymous_141)
DA:3,1
DA:4,1
DA:5,1
DA:7,1
DA:8,1
DA:9,1
DA:11,1
DA:12,1
DA:13,106
DA:14,1
DA:15,1
DA:16,1
DA:17,1
DA:18,1
DA:19,1
DA:20,1
DA:21,1
DA:22,1
DA:23,1
DA:24,1
DA:25,1
DA:26,1
DA:27,1
DA:28,1
DA:29,1
DA:30,1
DA:31,1
DA:32,1
DA:33,1
DA:34,1
DA:35,1
DA:36,1
DA:37,1
DA:38,1
DA:39,1
DA:40,1
DA:41,1
DA:42,1
DA:43,1
DA:45,1
DA:46,1
DA:47,1
DA:48,1
DA:49,1
DA:50,1
DA:51,1
DA:52,1
DA:53,1
DA:54,1
DA:55,1
DA:56,1
DA:57,1
DA:58,1
DA:59,1
DA:60,1
DA:61,1
DA:62,1
DA:63,1
DA:64,1
DA:65,1
DA:66,1
DA:67,1
DA:68,1
DA:69,1
DA:70,1
DA:73,1
DA:74,1
DA:75,1
DA:76,1
DA:77,1
DA:78,1
DA:79,1
DA:80,1
DA:81,1
DA:82,1
DA:84,1
DA:85,1
DA:86,1
DA:87,1
DA:88,1
DA:89,1
DA:90,1
DA:92,1
DA:93,1
DA:94,1
DA:95,1
DA:154,1
DA:155,1
DA:156,1
DA:157,1
DA:160,1
DA:161,1
DA:162,1
DA:163,1
DA:164,1
DA:165,1
DA:166,1
DA:167,1
DA:168,1
DA:169,1
DA:170,1
DA:171,1
DA:172,1
DA:173,1
DA:174,1
DA:175,1
DA:176,1
DA:177,1
DA:178,1
DA:179,1
DA:180,1
DA:181,1
DA:182,1
DA:183,1
DA:184,1
DA:185,1
DA:186,1
DA:187,1
DA:188,1
DA:189,1
DA:190,1
DA:192,1
DA:193,1
DA:195,1
DA:196,1
DA:198,1
DA:199,1
DA:200,1
DA:201,1
DA:202,1
DA:203,1
DA:204,1
DA:205,1
DA:206,1
DA:210,1
DA:211,1
DA:212,1
DA:217,0
DA:218,0
DA:219,0
DA:220,0
DA:222,0
DA:223,0
DA:225,0
DA:226,0
DA:228,0
DA:229,0
DA:230,0
DA:231,0
DA:232,0
DA:233,0
DA:234,0
DA:235,0
DA:236,0
DA:237,0
DA:238,0
DA:239,0
DA:240,0
DA:243,0
DA:245,0
DA:246,0
DA:247,0
DA:250,0
DA:252,0
DA:253,0
DA:256,0
DA:257,0
DA:258,0
DA:259,0
DA:260,0
DA:261,0
DA:263,0
DA:274,1
DA:275,1
DA:276,1
DA:277,0
DA:280,1
DA:281,1
DA:282,6
DA:283,6
DA:284,0
DA:285,0
DA:288,6
DA:290,6
DA:293,1
DA:296,1
DA:297,0
DA:300,1
DA:302,1
DA:305,1
DA:308,1
DA:309,0
DA:312,1
DA:314,1
DA:317,1
DA:320,1
DA:321,0
DA:324,1
DA:326,1
DA:329,1
DA:332,1
DA:333,0
DA:336,1
DA:338,1
DA:341,1
DA:344,1
DA:345,0
DA:348,1
DA:350,1
DA:353,1
DA:356,1
DA:357,0
DA:360,1
DA:362,1
DA:366,1
DA:367,1
DA:368,1
DA:369,1
DA:370,1
DA:372,1
DA:373,1
DA:374,1
DA:376,1
DA:377,1
DA:378,1
DA:380,1
DA:381,1
DA:382,1
DA:383,0
DA:385,0
DA:386,0
DA:387,0
DA:389,0
DA:390,0
DA:391,0
DA:393,0
DA:394,0
DA:395,0
DA:397,0
DA:398,0
DA:399,0
DA:401,0
DA:402,0
DA:405,1
DA:407,1
DA:408,1
DA:409,1
DA:411,1
DA:412,1
DA:413,1
DA:415,1
DA:416,1
DA:418,1
DA:419,1
DA:432,1
DA:433,1
DA:435,1
DA:436,1
DA:437,1
DA:438,1
DA:439,0
DA:441,1
DA:442,1
DA:447,1
DA:448,6
DA:449,6
DA:450,6
DA:452,1
DA:453,0
DA:454,0
DA:455,0
DA:456,0
DA:459,1
DA:460,1
DA:462,1
DA:464,1
DA:465,0
DA:466,0
DA:467,0
DA:468,0
DA:471,1
DA:472,1
DA:474,1
DA:476,1
DA:477,0
DA:478,0
DA:479,0
DA:480,0
DA:483,1
DA:484,1
DA:486,1
DA:488,1
DA:489,0
DA:490,0
DA:491,0
DA:492,0
DA:495,1
DA:496,1
DA:498,1
DA:500,1
DA:501,0
DA:502,0
DA:503,0
DA:504,0
DA:507,1
DA:508,1
DA:510,1
DA:512,1
DA:513,0
DA:514,0
DA:515,0
DA:516,0
DA:519,1
DA:520,1
DA:522,1
DA:529,8
DA:530,8
DA:532,8
DA:533,8
DA:534,24
DA:535,144
DA:536,144
DA:537,144
DA:538,144
DA:540,144
DA:549,144
DA:558,144
DA:563,8
DA:565,1
DA:570,1
DA:571,1
DA:572,6
DA:573,6
DA:574,6
DA:575,6
DA:578,1
DA:581,1
DA:582,1
DA:585,1
DA:586,108
DA:587,108
DA:588,108
DA:589,108
DA:591,8
DA:592,8
DA:593,8
DA:595,100
DA:596,8
DA:597,8
DA:598,8
DA:602,1
DA:606,6
DA:607,0
DA:608,0
DA:610,0
DA:611,0
DA:612,0
DA:614,0
DA:615,0
DA:616,0
DA:619,0
DA:622,0
DA:623,0
DA:624,0
DA:627,0
DA:630,0
DA:631,0
DA:632,0
DA:635,0
DA:639,0
DA:640,0
DA:643,0
DA:646,0
DA:647,0
DA:648,0
DA:649,0
DA:653,1
DA:657,3
DA:658,3
DA:659,3
DA:664,1
DA:667,164
DA:668,164
DA:669,164
DA:671,1
DA:675,162
DA:676,162
DA:678,0
DA:679,0
DA:682,0
DA:684,162
DA:685,162
DA:686,162
DA:687,162
DA:688,972
DA:689,972
DA:691,162
DA:692,162
DA:693,162
DA:695,1
DA:699,16
DA:700,16
DA:701,16
DA:702,1
DA:704,15
DA:705,1
DA:707,16
DA:709,97
DA:710,97
DA:713,16
DA:715,1
DA:719,0
DA:720,0
DA:723,0
DA:724,0
DA:725,0
DA:726,0
DA:727,0
DA:728,0
DA:729,0
DA:730,0
DA:732,0
DA:733,0
DA:735,0
DA:736,0
DA:737,0
DA:739,0
DA:740,0
DA:741,0
DA:742,0
DA:743,0
DA:744,0
DA:745,0
DA:747,0
DA:748,0
DA:750,0
DA:751,0
DA:752,0
DA:753,0
DA:754,0
DA:756,0
DA:757,0
DA:759,0
DA:760,0
DA:761,0
DA:762,0
DA:763,0
DA:765,0
DA:766,0
DA:768,0
DA:769,0
DA:770,0
DA:771,0
DA:772,0
DA:774,0
DA:775,0
DA:777,0
DA:778,0
DA:779,0
DA:780,0
DA:781,0
DA:783,0
DA:784,0
DA:786,0
DA:787,0
DA:788,0
DA:789,0
DA:790,0
DA:792,0
DA:793,0
DA:795,0
DA:796,0
DA:797,0
DA:798,0
DA:799,0
DA:801,0
DA:802,0
DA:804,0
DA:805,0
DA:806,0
DA:807,0
DA:808,0
DA:810,0
DA:811,0
DA:813,0
DA:814,0
DA:815,0
DA:816,0
DA:817,0
DA:819,0
DA:820,0
DA:822,0
DA:823,0
DA:824,0
DA:825,0
DA:826,0
DA:831,1
DA:832,1
DA:833,1
DA:834,1
DA:839,0
DA:840,0
DA:841,0
DA:845,1
DA:846,0
DA:847,0
DA:848,0
DA:849,0
DA:851,0
DA:852,0
DA:854,0
DA:855,0
DA:856,0
DA:857,0
DA:860,0
DA:869,1
DA:870,0
DA:871,0
DA:873,0
DA:874,0
DA:875,0
DA:876,0
DA:878,0
DA:879,0
DA:880,0
DA:881,0
DA:883,0
DA:886,1
DA:887,0
DA:888,0
DA:890,0
DA:891,0
DA:892,0
DA:893,0
DA:895,0
DA:896,0
DA:897,0
DA:898,0
DA:900,0
DA:903,1
DA:904,0
DA:905,0
DA:907,0
DA:908,0
DA:909,0
DA:910,0
DA:912,0
DA:913,0
DA:914,0
DA:915,0
DA:917,0
DA:920,1
DA:921,0
DA:922,0
DA:924,0
DA:925,0
DA:926,0
DA:927,0
DA:929,0
DA:930,0
DA:931,0
DA:932,0
DA:934,0
DA:937,1
DA:938,0
DA:939,0
DA:941,0
DA:942,0
DA:943,0
DA:944,0
DA:946,0
DA:947,0
DA:948,0
DA:949,0
DA:951,0
DA:954,1
DA:955,0
DA:956,0
DA:958,0
DA:959,0
DA:960,0
DA:961,0
DA:963,0
DA:964,0
DA:965,0
DA:966,0
DA:968,0
DA:971,1
DA:972,0
DA:973,0
DA:975,0
DA:976,0
DA:977,0
DA:978,0
DA:980,0
DA:981,0
DA:982,0
DA:983,0
DA:985,0
DA:988,1
DA:989,0
DA:990,0
DA:992,0
DA:993,0
DA:994,0
DA:995,0
DA:997,0
DA:998,0
DA:999,0
DA:1000,0
DA:1002,0
DA:1005,1
DA:1006,0
DA:1007,0
DA:1009,0
DA:1010,0
DA:1012,0
DA:1013,0
DA:1015,0
DA:1016,0
DA:1018,0
DA:1019,0
DA:1021,0
DA:1022,0
DA:1024,0
DA:1025,0
DA:1027,0
DA:1028,0
DA:1030,0
DA:1031,0
DA:1033,0
DA:1034,0
DA:1038,0
DA:1039,0
DA:1041,0
DA:1042,0
DA:1043,0
DA:1044,0
DA:1046,0
DA:1049,1
DA:1051,0
DA:1052,0
DA:1053,0
DA:1056,1
DA:1057,0
DA:1058,0
DA:1059,0
DA:1062,1
DA:1063,0
DA:1064,0
DA:1065,0
DA:1068,1
DA:1069,0
DA:1070,0
DA:1073,0
DA:1075,0
DA:1076,0
DA:1078,0
DA:1079,0
DA:1080,0
DA:1081,0
DA:1082,0
DA:1083,0
DA:1084,0
DA:1086,0
DA:1087,0
DA:1088,0
DA:1089,0
DA:1092,1
DA:1093,0
DA:1094,0
DA:1097,0
DA:1099,0
DA:1100,0
DA:1102,0
DA:1103,0
DA:1104,0
DA:1105,0
DA:1106,0
DA:1107,0
DA:1108,0
DA:1110,0
DA:1111,0
DA:1112,0
DA:1113,0
DA:1116,1
DA:1117,0
DA:1118,0
DA:1121,0
DA:1123,0
DA:1124,0
DA:1126,0
DA:1127,0
DA:1128,0
DA:1129,0
DA:1130,0
DA:1131,0
DA:1132,0
DA:1134,0
DA:1135,0
DA:1136,0
DA:1137,0
DA:1140,1
DA:1141,0
DA:1142,0
DA:1145,0
DA:1147,0
DA:1148,0
DA:1150,0
DA:1151,0
DA:1152,0
DA:1153,0
DA:1154,0
DA:1155,0
DA:1156,0
DA:1158,0
DA:1159,0
DA:1160,0
DA:1161,0
DA:1164,1
DA:1165,0
DA:1166,0
DA:1169,0
DA:1171,0
DA:1172,0
DA:1174,0
DA:1175,0
DA:1176,0
DA:1177,0
DA:1178,0
DA:1179,0
DA:1180,0
DA:1182,0
DA:1183,0
DA:1184,0
DA:1185,0
DA:1188,1
DA:1189,0
DA:1190,0
DA:1193,0
DA:1195,0
DA:1196,0
DA:1198,0
DA:1199,0
DA:1200,0
DA:1201,0
DA:1202,0
DA:1203,0
DA:1204,0
DA:1206,0
DA:1207,0
DA:1208,0
DA:1209,0
DA:1212,1
DA:1213,0
DA:1214,0
DA:1215,0
DA:1216,0
DA:1217,0
DA:1218,0
DA:1219,0
DA:1221,0
DA:1222,0
DA:1224,0
DA:1225,0
DA:1227,0
DA:1228,0
DA:1230,0
DA:1231,0
DA:1233,0
DA:1234,0
DA:1236,0
DA:1237,0
DA:1241,0
DA:1244,0
DA:1245,0
DA:1246,0
DA:1248,0
DA:1249,0
DA:1250,0
DA:1251,0
DA:1252,0
DA:1253,0
DA:1254,0
DA:1256,0
DA:1257,0
DA:1258,0
DA:1259,0
DA:1265,1
DA:1266,0
DA:1267,0
DA:1268,0
DA:1269,0
DA:1270,0
DA:1271,0
DA:1272,0
DA:1274,0
DA:1275,0
DA:1277,0
DA:1278,0
DA:1280,0
DA:1281,0
DA:1283,0
DA:1284,0
DA:1286,0
DA:1287,0
DA:1289,0
DA:1290,0
DA:1293,0
DA:1296,0
DA:1297,0
DA:1298,0
DA:1300,0
DA:1301,0
DA:1302,0
DA:1303,0
DA:1304,0
DA:1305,0
DA:1306,0
DA:1308,0
DA:1309,0
DA:1310,0
DA:1311,0
DA:1316,1
DA:1317,0
DA:1318,0
DA:1319,0
DA:1320,0
DA:1321,0
DA:1322,0
DA:1323,0
DA:1325,0
DA:1326,0
DA:1328,0
DA:1329,0
DA:1331,0
DA:1332,0
DA:1334,0
DA:1335,0
DA:1337,0
DA:1338,0
DA:1340,0
DA:1341,0
DA:1344,0
DA:1347,0
DA:1348,0
DA:1349,0
DA:1351,0
DA:1352,0
DA:1353,0
DA:1354,0
DA:1355,0
DA:1356,0
DA:1357,0
DA:1359,0
DA:1360,0
DA:1361,0
DA:1362,0
DA:1367,1
DA:1368,0
DA:1369,0
DA:1370,0
DA:1371,0
DA:1372,0
DA:1373,0
DA:1374,0
DA:1376,0
DA:1377,0
DA:1379,0
DA:1380,0
DA:1382,0
DA:1383,0
DA:1385,0
DA:1386,0
DA:1388,0
DA:1389,0
DA:1391,0
DA:1392,0
DA:1395,0
DA:1398,0
DA:1399,0
DA:1400,0
DA:1402,0
DA:1403,0
DA:1404,0
DA:1405,0
DA:1406,0
DA:1407,0
DA:1408,0
DA:1410,0
DA:1411,0
DA:1412,0
DA:1413,0
DA:1417,1
DA:1418,0
DA:1419,0
DA:1420,0
DA:1421,0
DA:1422,0
DA:1423,0
DA:1424,0
DA:1426,0
DA:1427,0
DA:1429,0
DA:1430,0
DA:1432,0
DA:1433,0
DA:1435,0
DA:1436,0
DA:1438,0
DA:1439,0
DA:1441,0
DA:1442,0
DA:1445,0
DA:1448,0
DA:1449,0
DA:1450,0
DA:1452,0
DA:1453,0
DA:1454,0
DA:1455,0
DA:1456,0
DA:1457,0
DA:1458,0
DA:1460,0
DA:1461,0
DA:1462,0
DA:1463,0
DA:1467,1
DA:1468,0
DA:1469,0
DA:1470,0
DA:1471,0
DA:1472,0
DA:1473,0
DA:1474,0
DA:1476,0
DA:1477,0
DA:1479,0
DA:1480,0
DA:1482,0
DA:1483,0
DA:1485,0
DA:1486,0
DA:1488,0
DA:1489,0
DA:1491,0
DA:1492,0
DA:1495,0
DA:1498,0
DA:1499,0
DA:1500,0
DA:1502,0
DA:1503,0
DA:1504,0
DA:1505,0
DA:1506,0
DA:1507,0
DA:1508,0
DA:1510,0
DA:1511,0
DA:1512,0
DA:1513,0
DA:1519,1
DA:1520,0
DA:1521,0
DA:1522,0
DA:1523,0
DA:1524,0
DA:1527,0
DA:1528,0
DA:1529,0
DA:1530,0
DA:1533,1
DA:1534,0
DA:1535,0
DA:1536,0
DA:1537,0
DA:1538,0
DA:1541,0
DA:1542,0
DA:1543,0
DA:1544,0
DA:1547,1
DA:1548,0
DA:1549,0
DA:1550,0
DA:1551,0
DA:1552,0
DA:1555,0
DA:1556,0
DA:1557,0
DA:1558,0
DA:1561,1
DA:1562,0
DA:1563,0
DA:1564,0
DA:1565,0
DA:1566,0
DA:1569,0
DA:1570,0
DA:1571,0
DA:1572,0
DA:1575,1
DA:1576,0
DA:1577,0
DA:1578,0
DA:1579,0
DA:1580,0
DA:1583,0
DA:1584,0
DA:1585,0
DA:1586,0
DA:1589,1
DA:1590,0
DA:1591,0
DA:1592,0
DA:1593,0
DA:1594,0
DA:1597,0
DA:1598,0
DA:1599,0
DA:1600,0
DA:1603,1
DA:1604,0
DA:1605,0
DA:1606,0
DA:1607,0
DA:1608,0
DA:1611,0
DA:1612,0
DA:1613,0
DA:1614,0
DA:1617,1
DA:1618,0
DA:1619,0
DA:1620,0
DA:1621,0
DA:1622,0
DA:1625,0
DA:1626,0
DA:1627,0
DA:1628,0
DA:1631,1
DA:1632,0
DA:1633,0
DA:1634,0
DA:1635,0
DA:1636,0
DA:1639,0
DA:1640,0
DA:1641,0
DA:1642,0
DA:1645,1
DA:1646,0
DA:1647,0
DA:1648,0
DA:1649,0
DA:1650,0
DA:1653,0
DA:1654,0
DA:1655,0
DA:1656,0
DA:1659,1
DA:1660,0
DA:1661,0
DA:1662,0
DA:1663,0
DA:1666,1
DA:1667,0
DA:1668,0
DA:1671,0
DA:1673,0
DA:1674,0
DA:1675,0
DA:1676,0
DA:1681,1
DA:1682,0
DA:1683,0
DA:1684,0
DA:1685,0
DA:1686,0
DA:1687,0
DA:1688,0
DA:1689,0
DA:1690,0
DA:1691,0
DA:1692,0
DA:1693,0
DA:1694,0
DA:1695,0
DA:1698,0
DA:1699,0
DA:1700,0
DA:1701,0
DA:1702,0
DA:1703,0
DA:1706,1
DA:1707,0
DA:1708,0
DA:1709,0
DA:1710,0
DA:1711,0
DA:1712,0
DA:1713,0
DA:1714,0
DA:1715,0
DA:1716,0
DA:1717,0
DA:1718,0
DA:1719,0
DA:1720,0
DA:1721,0
DA:1723,0
DA:1724,0
DA:1726,0
DA:1728,0
DA:1731,1
DA:1732,0
DA:1733,0
DA:1734,0
DA:1735,0
DA:1736,0
DA:1737,0
DA:1738,0
DA:1739,0
DA:1740,0
DA:1741,0
DA:1742,0
DA:1743,0
DA:1744,0
DA:1745,0
DA:1746,0
DA:1747,0
DA:1748,0
DA:1749,0
DA:1751,0
DA:1753,0
DA:1756,1
DA:1757,0
DA:1758,0
DA:1761,1
DA:1762,0
DA:1763,0
DA:1766,1
DA:1767,0
DA:1768,0
DA:1771,1
DA:1772,0
DA:1773,0
DA:1776,1
DA:1777,0
DA:1778,0
DA:1781,1
DA:1782,0
DA:1785,1
DA:1786,0
DA:1789,1
DA:1790,0
DA:1791,0
DA:1795,1
DA:1796,0
DA:1799,1
DA:1800,0
DA:1801,0
DA:1802,0
DA:1803,0
DA:1804,0
DA:1806,0
DA:1807,0
DA:1809,0
DA:1810,0
DA:1811,0
DA:1812,0
DA:1813,0
DA:1814,0
DA:1815,0
DA:1816,0
DA:1817,0
DA:1818,0
DA:1819,0
DA:1820,0
DA:1821,0
DA:1824,1
DA:1825,0
DA:1826,0
DA:1828,0
DA:1829,0
DA:1831,0
DA:1832,0
DA:1833,0
DA:1834,0
DA:1835,0
DA:1836,0
DA:1837,0
DA:1838,0
DA:1839,0
DA:1840,0
DA:1843,1
DA:1844,0
DA:1847,1
DA:1848,0
DA:1851,1
DA:1852,0
DA:1853,0
DA:1854,0
DA:1855,0
DA:1856,0
DA:1857,0
DA:1859,0
DA:1860,0
DA:1862,0
DA:1863,0
DA:1864,0
DA:1865,0
DA:1871,1
DA:1872,1
DA:1873,1
DA:1874,1
DA:1875,1
DA:1879,0
DA:1887,0
DA:1890,1
DA:1891,0
DA:1901,0
DA:1902,0
DA:1903,0
DA:1904,0
DA:1905,0
DA:1906,0
DA:1907,0
DA:1908,0
DA:1909,0
DA:1910,0
DA:1911,0
DA:1912,0
DA:1914,1
DA:1915,0
DA:1917,0
DA:1919,0
DA:1920,0
DA:1921,0
DA:1922,0
DA:1925,0
DA:1926,0
DA:1927,0
DA:1928,0
DA:1931,0
DA:1933,0
DA:1934,0
DA:1935,0
DA:1936,0
DA:1939,0
DA:1940,0
DA:1941,0
DA:1942,0
DA:1945,0
DA:1947,0
DA:1948,0
DA:1949,0
DA:1950,0
DA:1953,0
DA:1954,0
DA:1955,0
DA:1956,0
DA:1959,0
DA:1961,0
DA:1962,0
DA:1963,0
DA:1964,0
DA:1967,0
DA:1968,0
DA:1969,0
DA:1970,0
DA:1973,0
DA:1975,0
DA:1976,0
DA:1977,0
DA:1978,0
DA:1981,0
DA:1982,0
DA:1983,0
DA:1984,0
DA:1987,0
DA:1990,0
DA:1991,0
DA:1992,0
DA:1993,0
DA:1995,1
DA:1997,0
DA:1999,0
DA:2001,0
DA:2002,0
DA:2003,0
DA:2006,0
DA:2008,0
DA:2009,0
DA:2010,0
DA:2013,0
DA:2015,0
DA:2016,0
DA:2017,0
DA:2020,0
DA:2022,0
DA:2023,0
DA:2024,0
DA:2027,0
DA:2029,0
DA:2030,0
DA:2031,0
DA:2034,0
DA:2036,0
DA:2039,1
DA:2040,0
DA:2041,0
DA:2044,0
DA:2045,0
DA:2047,0
DA:2048,0
DA:2049,0
DA:2050,0
DA:2051,0
DA:2052,0
DA:2053,0
DA:2054,0
DA:2055,0
DA:2056,0
DA:2057,0
DA:2059,0
DA:2061,0
DA:2062,0
DA:2063,0
DA:2064,0
DA:2065,0
DA:2066,0
DA:2067,0
DA:2068,0
DA:2069,0
DA:2070,0
DA:2071,0
DA:2073,0
DA:2075,0
DA:2076,0
DA:2077,0
DA:2078,0
DA:2079,0
DA:2080,0
DA:2081,0
DA:2082,0
DA:2083,0
DA:2084,0
DA:2085,0
DA:2087,0
DA:2089,0
DA:2090,0
DA:2091,0
DA:2092,0
DA:2093,0
DA:2094,0
DA:2095,0
DA:2096,0
DA:2097,0
DA:2098,0
DA:2099,0
DA:2101,0
DA:2103,0
DA:2104,0
DA:2105,0
DA:2106,0
DA:2107,0
DA:2108,0
DA:2109,0
DA:2110,0
DA:2111,0
DA:2112,0
DA:2113,0
DA:2115,0
DA:2118,0
DA:2119,0
DA:2121,0
DA:2122,0
DA:2123,0
DA:2124,0
DA:2125,0
DA:2126,0
DA:2127,0
DA:2128,0
DA:2129,0
DA:2130,0
DA:2131,0
DA:2133,0
DA:2135,0
DA:2136,0
DA:2137,0
DA:2138,0
DA:2139,0
DA:2140,0
DA:2141,0
DA:2142,0
DA:2143,0
DA:2144,0
DA:2145,0
DA:2147,0
DA:2149,0
DA:2150,0
DA:2151,0
DA:2152,0
DA:2153,0
DA:2154,0
DA:2155,0
DA:2156,0
DA:2157,0
DA:2158,0
DA:2159,0
DA:2161,0
DA:2163,0
DA:2164,0
DA:2165,0
DA:2166,0
DA:2167,0
DA:2168,0
DA:2169,0
DA:2170,0
DA:2171,0
DA:2172,0
DA:2173,0
DA:2175,0
DA:2177,0
DA:2178,0
DA:2179,0
DA:2180,0
DA:2181,0
DA:2182,0
DA:2183,0
DA:2184,0
DA:2185,0
DA:2186,0
DA:2187,0
DA:2189,0
DA:2193,0
DA:2194,0
DA:2195,0
DA:2197,0
DA:2198,0
DA:2201,0
DA:2202,0
DA:2203,0
DA:2204,0
DA:2205,0
DA:2206,0
DA:2207,0
DA:2208,0
DA:2209,0
DA:2210,0
DA:2211,0
DA:2212,0
DA:2213,0
DA:2214,0
DA:2215,0
DA:2218,0
DA:2222,0
DA:2223,0
DA:2224,0
DA:2227,0
DA:2230,0
DA:2231,0
DA:2232,0
DA:2233,0
DA:2234,0
DA:2235,0
DA:2236,0
DA:2237,0
DA:2238,0
DA:2239,0
DA:2240,0
DA:2241,0
DA:2242,0
DA:2243,0
DA:2244,0
DA:2247,0
DA:2251,0
DA:2252,0
DA:2253,0
DA:2256,0
DA:2259,0
DA:2260,0
DA:2261,0
DA:2262,0
DA:2263,0
DA:2264,0
DA:2265,0
DA:2266,0
DA:2267,0
DA:2268,0
DA:2269,0
DA:2270,0
DA:2271,0
DA:2272,0
DA:2273,0
DA:2276,0
DA:2280,0
DA:2281,0
DA:2282,0
DA:2285,0
DA:2288,0
DA:2289,0
DA:2290,0
DA:2291,0
DA:2292,0
DA:2293,0
DA:2294,0
DA:2295,0
DA:2296,0
DA:2297,0
DA:2298,0
DA:2299,0
DA:2300,0
DA:2301,0
DA:2302,0
DA:2305,0
DA:2309,0
DA:2310,0
DA:2311,0
DA:2314,0
DA:2317,0
DA:2318,0
DA:2319,0
DA:2320,0
DA:2321,0
DA:2322,0
DA:2323,0
DA:2324,0
DA:2325,0
DA:2326,0
DA:2327,0
DA:2328,0
DA:2329,0
DA:2330,0
DA:2331,0
DA:2334,0
DA:2338,0
DA:2339,0
DA:2340,0
DA:2343,0
DA:2346,0
DA:2347,0
DA:2349,1
DA:2351,1
DA:2352,0
DA:2353,0
DA:2354,0
DA:2356,0
DA:2357,0
DA:2358,0
DA:2361,0
DA:2362,0
DA:2363,0
DA:2366,0
DA:2367,0
DA:2368,0
DA:2369,0
DA:2371,0
DA:2373,0
DA:2374,0
DA:2375,0
DA:2378,0
DA:2379,0
DA:2380,0
DA:2383,0
DA:2384,0
DA:2385,0
DA:2386,0
DA:2388,0
DA:2390,0
DA:2391,0
DA:2392,0
DA:2395,0
DA:2396,0
DA:2397,0
DA:2400,0
DA:2401,0
DA:2402,0
DA:2403,0
DA:2405,0
DA:2407,0
DA:2408,0
DA:2409,0
DA:2412,0
DA:2413,0
DA:2414,0
DA:2417,0
DA:2418,0
DA:2419,0
DA:2420,0
DA:2422,0
DA:2428,0
DA:2429,0
DA:2430,0
DA:2431,0
DA:2432,0
DA:2433,0
DA:2436,0
DA:2437,0
DA:2438,0
DA:2441,0
DA:2442,0
DA:2443,0
DA:2444,0
DA:2445,0
DA:2446,0
DA:2449,0
DA:2450,0
DA:2451,0
DA:2452,0
DA:2455,0
DA:2456,0
DA:2457,0
DA:2460,0
DA:2461,0
DA:2462,0
DA:2463,0
DA:2464,0
DA:2465,0
DA:2469,0
DA:2470,0
DA:2471,0
DA:2474,0
DA:2475,0
DA:2476,0
DA:2479,0
DA:2480,0
DA:2481,0
DA:2482,0
DA:2483,0
DA:2484,0
DA:2489,0
DA:2490,0
DA:2491,0
DA:2493,0
DA:2494,0
DA:2495,0
DA:2498,0
DA:2499,0
DA:2500,0
DA:2503,0
DA:2504,0
DA:2505,0
DA:2506,0
DA:2508,0
DA:2510,0
DA:2511,0
DA:2512,0
DA:2515,0
DA:2516,0
DA:2517,0
DA:2520,0
DA:2521,0
DA:2522,0
DA:2523,0
DA:2525,0
DA:2527,0
DA:2528,0
DA:2529,0
DA:2532,0
DA:2533,0
DA:2534,0
DA:2537,0
DA:2538,0
DA:2539,0
DA:2540,0
DA:2542,0
DA:2544,0
DA:2545,0
DA:2546,0
DA:2549,0
DA:2550,0
DA:2551,0
DA:2554,0
DA:2555,0
DA:2556,0
DA:2557,0
DA:2559,0
DA:2565,0
DA:2566,0
DA:2567,0
DA:2568,0
DA:2569,0
DA:2570,0
DA:2573,0
DA:2574,0
DA:2575,0
DA:2578,0
DA:2579,0
DA:2580,0
DA:2581,0
DA:2582,0
DA:2583,0
DA:2587,0
DA:2588,0
DA:2589,0
DA:2590,0
DA:2593,0
DA:2594,0
DA:2595,0
DA:2598,0
DA:2599,0
DA:2600,0
DA:2601,0
DA:2602,0
DA:2603,0
DA:2607,0
DA:2608,0
DA:2609,0
DA:2612,0
DA:2613,0
DA:2614,0
DA:2617,0
DA:2618,0
DA:2619,0
DA:2620,0
DA:2621,0
DA:2622,0
DA:2627,0
DA:2628,0
DA:2629,0
DA:2630,0
DA:2631,0
DA:2634,0
DA:2635,0
DA:2637,0
DA:2638,0
DA:2639,0
DA:2641,0
DA:2642,0
DA:2643,0
DA:2645,0
DA:2646,0
DA:2647,0
DA:2649,0
DA:2650,0
DA:2651,0
DA:2653,0
DA:2654,0
DA:2655,0
DA:2657,0
DA:2658,0
DA:2659,0
DA:2660,0
DA:2662,0
DA:2663,0
DA:2664,0
DA:2665,0
DA:2668,0
DA:2669,0
DA:2670,0
DA:2673,0
DA:2674,0
DA:2677,0
DA:2678,0
DA:2681,0
DA:2682,0
DA:2685,0
DA:2686,0
DA:2689,0
DA:2690,0
DA:2693,0
DA:2694,0
DA:2695,0
DA:2697,0
DA:2698,0
DA:2700,0
DA:2701,0
DA:2703,0
DA:2704,0
DA:2705,0
DA:2706,0
DA:2707,0
DA:2710,0
DA:2711,0
DA:2713,0
DA:2714,0
DA:2715,0
DA:2717,0
DA:2718,0
DA:2719,0
DA:2721,0
DA:2722,0
DA:2723,0
DA:2725,0
DA:2726,0
DA:2727,0
DA:2729,0
DA:2730,0
DA:2731,0
DA:2733,0
DA:2734,0
DA:2735,0
DA:2736,0
DA:2738,0
DA:2739,0
DA:2740,0
DA:2741,0
DA:2744,0
DA:2747,1
DA:2748,0
DA:2749,0
DA:2750,0
DA:2752,0
DA:2753,0
DA:2754,0
DA:2755,0
DA:2756,0
DA:2757,0
DA:2758,0
DA:2760,0
DA:2761,0
DA:2763,0
DA:2765,0
DA:2766,0
DA:2767,0
DA:2768,0
DA:2769,0
DA:2770,0
DA:2771,0
DA:2773,0
DA:2774,0
DA:2776,0
DA:2778,0
DA:2779,0
DA:2780,0
DA:2781,0
DA:2782,0
DA:2783,0
DA:2784,0
DA:2786,0
DA:2787,0
DA:2789,0
DA:2791,0
DA:2792,0
DA:2793,0
DA:2794,0
DA:2795,0
DA:2796,0
DA:2797,0
DA:2799,0
DA:2801,0
DA:2802,0
DA:2803,0
DA:2804,0
DA:2805,0
DA:2806,0
DA:2808,0
DA:2809,0
DA:2810,0
DA:2811,0
DA:2812,0
DA:2813,0
DA:2816,1
DA:2817,0
DA:2818,0
DA:2819,0
DA:2820,0
DA:2821,0
DA:2823,1
DA:2824,0
DA:2825,0
DA:2826,0
DA:2827,0
DA:2828,0
DA:2830,1
DA:2831,0
DA:2832,0
DA:2833,0
DA:2834,0
DA:2835,0
DA:2837,1
DA:2838,0
DA:2839,0
DA:2840,0
DA:2841,0
DA:2842,0
DA:2844,1
DA:2845,0
DA:2846,0
DA:2847,0
DA:2848,0
DA:2849,0
DA:2851,1
DA:2852,1
DA:2853,1
DA:2854,0
DA:2855,0
DA:2856,0
DA:2858,0
DA:2859,0
DA:2860,0
DA:2862,0
DA:2863,0
DA:2864,0
DA:2866,0
DA:2867,0
DA:2868,0
DA:2870,0
DA:2871,0
DA:2872,0
DA:2874,0
DA:2875,0
DA:2876,0
DA:2878,0
DA:2879,0
DA:2880,0
DA:2881,0
DA:2882,0
DA:2884,0
DA:2885,0
DA:2887,0
DA:2888,0
DA:2890,0
DA:2891,0
DA:2893,0
DA:2894,0
DA:2896,0
DA:2897,0
DA:2899,0
DA:2900,0
DA:2901,0
DA:2902,0
DA:2904,1
DA:2905,0
DA:2906,0
DA:2907,0
DA:2909,0
DA:2910,0
DA:2911,0
DA:2913,0
DA:2914,0
DA:2915,0
DA:2917,0
DA:2918,0
DA:2919,0
DA:2921,0
DA:2922,0
DA:2923,0
DA:2925,0
DA:2926,0
DA:2927,0
DA:2929,0
DA:2930,0
DA:2931,0
DA:2932,0
DA:2933,0
DA:2935,0
DA:2936,0
DA:2938,0
DA:2939,0
DA:2941,0
DA:2942,0
DA:2944,0
DA:2945,0
DA:2947,0
DA:2948,0
DA:2950,0
DA:2951,0
DA:2952,0
DA:2953,0
DA:2954,0
DA:2955,0
DA:2958,1
DA:2960,0
DA:2961,0
DA:2963,0
DA:2964,0
DA:2965,0
DA:2967,0
DA:2968,0
DA:2969,0
DA:2970,0
DA:2972,0
DA:2973,0
DA:2974,0
DA:2975,0
DA:2977,0
DA:2978,0
DA:2980,0
DA:2981,0
DA:2982,0
DA:2984,0
DA:2985,0
DA:2986,0
DA:2988,0
DA:2990,0
DA:2991,0
DA:2993,0
DA:2994,0
DA:2995,0
DA:2997,0
DA:2998,0
DA:2999,0
DA:3001,0
DA:3003,0
DA:3004,0
DA:3005,0
DA:3006,0
DA:3008,0
DA:3009,0
DA:3010,0
DA:3011,0
DA:3012,0
DA:3016,0
DA:3018,0
DA:3019,0
DA:3020,0
DA:3023,1
DA:3024,0
DA:3025,0
DA:3026,0
DA:3027,0
DA:3028,0
DA:3029,0
DA:3030,0
DA:3032,0
DA:3033,0
DA:3035,0
DA:3036,0
DA:3037,0
DA:3038,0
DA:3039,0
DA:3040,0
DA:3041,0
DA:3042,0
DA:3043,0
DA:3044,0
DA:3045,0
DA:3046,0
DA:3047,0
DA:3048,0
DA:3049,0
DA:3050,0
DA:3051,0
DA:3054,0
DA:3056,0
DA:3057,0
DA:3060,0
DA:3061,0
DA:3063,0
DA:3064,0
DA:3066,0
DA:3067,0
DA:3069,0
DA:3070,0
DA:3073,0
DA:3074,0
DA:3075,0
DA:3081,1
DA:3082,0
DA:3083,0
DA:3085,0
DA:3087,0
DA:3088,0
DA:3089,0
DA:3090,0
DA:3091,0
DA:3093,0
DA:3094,0
DA:3095,0
DA:3096,0
DA:3097,0
DA:3099,0
DA:3100,0
DA:3101,0
DA:3103,0
DA:3104,0
DA:3105,0
DA:3107,0
DA:3108,0
DA:3109,0
DA:3111,0
DA:3113,0
DA:3114,0
DA:3115,0
DA:3117,0
DA:3118,0
DA:3119,0
DA:3121,0
DA:3122,0
DA:3123,0
DA:3125,0
DA:3127,0
DA:3128,0
DA:3129,0
DA:3130,0
DA:3131,0
DA:3133,0
DA:3134,0
DA:3135,0
DA:3136,0
DA:3137,0
DA:3139,0
DA:3140,0
DA:3141,0
DA:3143,1
DA:3144,0
DA:3145,0
DA:3147,0
DA:3149,0
DA:3150,0
DA:3151,0
DA:3153,0
DA:3154,0
DA:3155,0
DA:3157,0
DA:3158,0
DA:3159,0
DA:3161,0
DA:3162,0
DA:3163,0
DA:3165,0
DA:3166,0
DA:3167,0
DA:3169,0
DA:3170,0
DA:3172,0
DA:3173,0
DA:3175,0
DA:3176,0
DA:3178,0
DA:3179,0
DA:3181,0
DA:3182,0
DA:3184,0
DA:3185,0
DA:3187,0
DA:3188,0
DA:3189,0
DA:3190,0
DA:3192,0
DA:3193,0
DA:3194,0
DA:3195,0
DA:3196,0
DA:3197,0
DA:3198,0
LF:2142
LH:383
BRDA:239,0,0,0
BRDA:239,0,1,0
BRDA:252,1,0,0
BRDA:252,1,1,0
BRDA:260,2,0,0
BRDA:260,2,1,0
BRDA:276,3,0,0
BRDA:276,3,1,1
BRDA:283,4,0,0
BRDA:283,4,1,6
BRDA:290,5,0,1
BRDA:290,5,1,1
BRDA:290,5,2,1
BRDA:290,5,3,1
BRDA:290,5,4,1
BRDA:290,5,5,1
BRDA:296,6,0,0
BRDA:296,6,1,1
BRDA:308,7,0,0
BRDA:308,7,1,1
BRDA:320,8,0,0
BRDA:320,8,1,1
BRDA:332,9,0,0
BRDA:332,9,1,1
BRDA:344,10,0,0
BRDA:344,10,1,1
BRDA:356,11,0,0
BRDA:356,11,1,1
BRDA:382,12,0,0
BRDA:382,12,1,1
BRDA:438,13,0,0
BRDA:438,13,1,1
BRDA:450,14,0,1
BRDA:450,14,1,1
BRDA:450,14,2,1
BRDA:450,14,3,1
BRDA:450,14,4,1
BRDA:450,14,5,1
BRDA:452,15,0,0
BRDA:452,15,1,1
BRDA:464,16,0,0
BRDA:464,16,1,1
BRDA:476,17,0,0
BRDA:476,17,1,1
BRDA:488,18,0,0
BRDA:488,18,1,1
BRDA:500,19,0,0
BRDA:500,19,1,1
BRDA:512,20,0,0
BRDA:512,20,1,1
BRDA:589,21,0,8
BRDA:589,21,1,100
BRDA:595,22,0,8
BRDA:595,22,1,92
BRDA:606,23,0,0
BRDA:606,23,1,6
BRDA:606,24,0,6
BRDA:606,24,1,6
BRDA:606,24,2,6
BRDA:606,24,3,0
BRDA:614,25,0,0
BRDA:614,25,1,0
BRDA:615,26,0,0
BRDA:615,26,1,0
BRDA:622,27,0,0
BRDA:622,27,1,0
BRDA:623,28,0,0
BRDA:623,28,1,0
BRDA:630,29,0,0
BRDA:630,29,1,0
BRDA:631,30,0,0
BRDA:631,30,1,0
BRDA:639,31,0,0
BRDA:639,31,1,0
BRDA:646,32,0,0
BRDA:646,32,1,0
BRDA:657,33,0,3
BRDA:657,33,1,0
BRDA:657,34,0,3
BRDA:657,34,1,3
BRDA:666,35,0,0
BRDA:668,36,0,83
BRDA:668,36,1,81
BRDA:675,37,0,162
BRDA:675,37,1,0
BRDA:678,38,0,0
BRDA:678,38,1,0
BRDA:698,39,0,16
BRDA:701,40,0,1
BRDA:701,40,1,15
BRDA:704,41,0,1
BRDA:704,41,1,14
BRDA:723,42,0,0
BRDA:723,42,1,0
BRDA:737,43,0,0
BRDA:737,43,1,0
BRDA:737,43,2,0
BRDA:737,43,3,0
BRDA:737,43,4,0
BRDA:737,43,5,0
BRDA:737,43,6,0
BRDA:737,43,7,0
BRDA:737,43,8,0
BRDA:737,43,9,0
BRDA:852,44,0,0
BRDA:852,44,1,0
BRDA:856,45,0,0
BRDA:856,45,1,0
BRDA:856,46,0,0
BRDA:856,46,1,0
BRDA:874,47,0,0
BRDA:874,47,1,0
BRDA:891,48,0,0
BRDA:891,48,1,0
BRDA:908,49,0,0
BRDA:908,49,1,0
BRDA:925,50,0,0
BRDA:925,50,1,0
BRDA:942,51,0,0
BRDA:942,51,1,0
BRDA:959,52,0,0
BRDA:959,52,1,0
BRDA:976,53,0,0
BRDA:976,53,1,0
BRDA:993,54,0,0
BRDA:993,54,1,0
BRDA:1006,55,0,0
BRDA:1006,55,1,0
BRDA:1007,56,0,0
BRDA:1007,56,1,0
BRDA:1007,56,2,0
BRDA:1007,56,3,0
BRDA:1007,56,4,0
BRDA:1007,56,5,0
BRDA:1007,56,6,0
BRDA:1007,56,7,0
BRDA:1069,57,0,0
BRDA:1069,57,1,0
BRDA:1093,58,0,0
BRDA:1093,58,1,0
BRDA:1117,59,0,0
BRDA:1117,59,1,0
BRDA:1141,60,0,0
BRDA:1141,60,1,0
BRDA:1165,61,0,0
BRDA:1165,61,1,0
BRDA:1189,62,0,0
BRDA:1189,62,1,0
BRDA:1213,63,0,0
BRDA:1213,63,1,0
BRDA:1217,64,0,0
BRDA:1217,64,1,0
BRDA:1219,65,0,0
BRDA:1219,65,1,0
BRDA:1219,65,2,0
BRDA:1219,65,3,0
BRDA:1219,65,4,0
BRDA:1219,65,5,0
BRDA:1266,66,0,0
BRDA:1266,66,1,0
BRDA:1270,67,0,0
BRDA:1270,67,1,0
BRDA:1272,68,0,0
BRDA:1272,68,1,0
BRDA:1272,68,2,0
BRDA:1272,68,3,0
BRDA:1272,68,4,0
BRDA:1272,68,5,0
BRDA:1317,69,0,0
BRDA:1317,69,1,0
BRDA:1321,70,0,0
BRDA:1321,70,1,0
BRDA:1323,71,0,0
BRDA:1323,71,1,0
BRDA:1323,71,2,0
BRDA:1323,71,3,0
BRDA:1323,71,4,0
BRDA:1323,71,5,0
BRDA:1368,72,0,0
BRDA:1368,72,1,0
BRDA:1372,73,0,0
BRDA:1372,73,1,0
BRDA:1374,74,0,0
BRDA:1374,74,1,0
BRDA:1374,74,2,0
BRDA:1374,74,3,0
BRDA:1374,74,4,0
BRDA:1374,74,5,0
BRDA:1418,75,0,0
BRDA:1418,75,1,0
BRDA:1422,76,0,0
BRDA:1422,76,1,0
BRDA:1424,77,0,0
BRDA:1424,77,1,0
BRDA:1424,77,2,0
BRDA:1424,77,3,0
BRDA:1424,77,4,0
BRDA:1424,77,5,0
BRDA:1468,78,0,0
BRDA:1468,78,1,0
BRDA:1472,79,0,0
BRDA:1472,79,1,0
BRDA:1474,80,0,0
BRDA:1474,80,1,0
BRDA:1474,80,2,0
BRDA:1474,80,3,0
BRDA:1474,80,4,0
BRDA:1474,80,5,0
BRDA:1520,81,0,0
BRDA:1520,81,1,0
BRDA:1522,82,0,0
BRDA:1522,82,1,0
BRDA:1522,83,0,0
BRDA:1522,83,1,0
BRDA:1534,84,0,0
BRDA:1534,84,1,0
BRDA:1536,85,0,0
BRDA:1536,85,1,0
BRDA:1536,86,0,0
BRDA:1536,86,1,0
BRDA:1548,87,0,0
BRDA:1548,87,1,0
BRDA:1550,88,0,0
BRDA:1550,88,1,0
BRDA:1550,89,0,0
BRDA:1550,89,1,0
BRDA:1562,90,0,0
BRDA:1562,90,1,0
BRDA:1564,91,0,0
BRDA:1564,91,1,0
BRDA:1564,92,0,0
BRDA:1564,92,1,0
BRDA:1576,93,0,0
BRDA:1576,93,1,0
BRDA:1578,94,0,0
BRDA:1578,94,1,0
BRDA:1578,95,0,0
BRDA:1578,95,1,0
BRDA:1590,96,0,0
BRDA:1590,96,1,0
BRDA:1592,97,0,0
BRDA:1592,97,1,0
BRDA:1592,98,0,0
BRDA:1592,98,1,0
BRDA:1604,99,0,0
BRDA:1604,99,1,0
BRDA:1606,100,0,0
BRDA:1606,100,1,0
BRDA:1606,101,0,0
BRDA:1606,101,1,0
BRDA:1618,102,0,0
BRDA:1618,102,1,0
BRDA:1620,103,0,0
BRDA:1620,103,1,0
BRDA:1620,104,0,0
BRDA:1620,104,1,0
BRDA:1632,105,0,0
BRDA:1632,105,1,0
BRDA:1634,106,0,0
BRDA:1634,106,1,0
BRDA:1634,107,0,0
BRDA:1634,107,1,0
BRDA:1646,108,0,0
BRDA:1646,108,1,0
BRDA:1648,109,0,0
BRDA:1648,109,1,0
BRDA:1648,110,0,0
BRDA:1648,110,1,0
BRDA:1660,111,0,0
BRDA:1660,111,1,0
BRDA:1667,112,0,0
BRDA:1667,112,1,0
BRDA:1803,113,0,0
BRDA:1803,113,1,0
BRDA:1803,114,0,0
BRDA:1803,114,1,0
BRDA:1806,115,0,0
BRDA:1806,115,1,0
BRDA:1856,116,0,0
BRDA:1856,116,1,0
BRDA:1856,117,0,0
BRDA:1856,117,1,0
BRDA:1859,118,0,0
BRDA:1859,118,1,0
BRDA:1915,119,0,0
BRDA:1915,119,1,0
BRDA:1917,120,0,0
BRDA:1917,120,1,0
BRDA:1917,120,2,0
BRDA:1917,120,3,0
BRDA:1917,120,4,0
BRDA:1920,121,0,0
BRDA:1920,121,1,0
BRDA:1926,122,0,0
BRDA:1926,122,1,0
BRDA:1934,123,0,0
BRDA:1934,123,1,0
BRDA:1940,124,0,0
BRDA:1940,124,1,0
BRDA:1948,125,0,0
BRDA:1948,125,1,0
BRDA:1954,126,0,0
BRDA:1954,126,1,0
BRDA:1962,127,0,0
BRDA:1962,127,1,0
BRDA:1968,128,0,0
BRDA:1968,128,1,0
BRDA:1976,129,0,0
BRDA:1976,129,1,0
BRDA:1982,130,0,0
BRDA:1982,130,1,0
BRDA:1990,131,0,0
BRDA:1990,131,1,0
BRDA:1999,132,0,0
BRDA:1999,132,1,0
BRDA:1999,132,2,0
BRDA:1999,132,3,0
BRDA:1999,132,4,0
BRDA:2002,133,0,0
BRDA:2002,133,1,0
BRDA:2009,134,0,0
BRDA:2009,134,1,0
BRDA:2016,135,0,0
BRDA:2016,135,1,0
BRDA:2023,136,0,0
BRDA:2023,136,1,0
BRDA:2030,137,0,0
BRDA:2030,137,1,0
BRDA:2040,138,0,0
BRDA:2040,138,1,0
BRDA:2044,139,0,0
BRDA:2044,139,1,0
BRDA:2045,140,0,0
BRDA:2045,140,1,0
BRDA:2045,140,2,0
BRDA:2045,140,3,0
BRDA:2045,140,4,0
BRDA:2118,141,0,0
BRDA:2118,141,1,0
BRDA:2119,142,0,0
BRDA:2119,142,1,0
BRDA:2119,142,2,0
BRDA:2119,142,3,0
BRDA:2119,142,4,0
BRDA:2194,143,0,0
BRDA:2194,143,1,0
BRDA:2198,144,0,0
BRDA:2198,144,1,0
BRDA:2198,144,2,0
BRDA:2198,144,3,0
BRDA:2198,144,4,0
BRDA:2212,145,0,0
BRDA:2212,145,1,0
BRDA:2214,146,0,0
BRDA:2214,146,1,0
BRDA:2241,147,0,0
BRDA:2241,147,1,0
BRDA:2243,148,0,0
BRDA:2243,148,1,0
BRDA:2270,149,0,0
BRDA:2270,149,1,0
BRDA:2272,150,0,0
BRDA:2272,150,1,0
BRDA:2299,151,0,0
BRDA:2299,151,1,0
BRDA:2301,152,0,0
BRDA:2301,152,1,0
BRDA:2328,153,0,0
BRDA:2328,153,1,0
BRDA:2330,154,0,0
BRDA:2330,154,1,0
BRDA:2352,155,0,0
BRDA:2352,155,1,0
BRDA:2352,156,0,0
BRDA:2352,156,1,0
BRDA:2354,157,0,0
BRDA:2354,157,1,0
BRDA:2354,157,2,0
BRDA:2354,157,3,0
BRDA:2357,158,0,0
BRDA:2357,158,1,0
BRDA:2361,159,0,0
BRDA:2361,159,1,0
BRDA:2374,160,0,0
BRDA:2374,160,1,0
BRDA:2378,161,0,0
BRDA:2378,161,1,0
BRDA:2391,162,0,0
BRDA:2391,162,1,0
BRDA:2395,163,0,0
BRDA:2395,163,1,0
BRDA:2408,164,0,0
BRDA:2408,164,1,0
BRDA:2412,165,0,0
BRDA:2412,165,1,0
BRDA:2428,166,0,0
BRDA:2428,166,1,0
BRDA:2428,167,0,0
BRDA:2428,167,1,0
BRDA:2430,168,0,0
BRDA:2430,168,1,0
BRDA:2432,169,0,0
BRDA:2432,169,1,0
BRDA:2436,170,0,0
BRDA:2436,170,1,0
BRDA:2449,171,0,0
BRDA:2449,171,1,0
BRDA:2451,172,0,0
BRDA:2451,172,1,0
BRDA:2455,173,0,0
BRDA:2455,173,1,0
BRDA:2470,174,0,0
BRDA:2470,174,1,0
BRDA:2474,175,0,0
BRDA:2474,175,1,0
BRDA:2489,176,0,0
BRDA:2489,176,1,0
BRDA:2489,177,0,0
BRDA:2489,177,1,0
BRDA:2491,178,0,0
BRDA:2491,178,1,0
BRDA:2491,178,2,0
BRDA:2491,178,3,0
BRDA:2494,179,0,0
BRDA:2494,179,1,0
BRDA:2498,180,0,0
BRDA:2498,180,1,0
BRDA:2511,181,0,0
BRDA:2511,181,1,0
BRDA:2515,182,0,0
BRDA:2515,182,1,0
BRDA:2528,183,0,0
BRDA:2528,183,1,0
BRDA:2532,184,0,0
BRDA:2532,184,1,0
BRDA:2545,185,0,0
BRDA:2545,185,1,0
BRDA:2549,186,0,0
BRDA:2549,186,1,0
BRDA:2565,187,0,0
BRDA:2565,187,1,0
BRDA:2565,188,0,0
BRDA:2565,188,1,0
BRDA:2567,189,0,0
BRDA:2567,189,1,0
BRDA:2569,190,0,0
BRDA:2569,190,1,0
BRDA:2573,191,0,0
BRDA:2573,191,1,0
BRDA:2587,192,0,0
BRDA:2587,192,1,0
BRDA:2589,193,0,0
BRDA:2589,193,1,0
BRDA:2593,194,0,0
BRDA:2593,194,1,0
BRDA:2608,195,0,0
BRDA:2608,195,1,0
BRDA:2612,196,0,0
BRDA:2612,196,1,0
BRDA:2627,197,0,0
BRDA:2627,197,1,0
BRDA:2627,198,0,0
BRDA:2627,198,1,0
BRDA:2627,198,2,0
BRDA:2629,199,0,0
BRDA:2629,199,1,0
BRDA:2635,200,0,0
BRDA:2635,200,1,0
BRDA:2635,200,2,0
BRDA:2635,200,3,0
BRDA:2635,200,4,0
BRDA:2658,201,0,0
BRDA:2658,201,1,0
BRDA:2668,202,0,0
BRDA:2668,202,1,0
BRDA:2668,203,0,0
BRDA:2668,203,1,0
BRDA:2668,203,2,0
BRDA:2670,204,0,0
BRDA:2670,204,1,0
BRDA:2670,204,2,0
BRDA:2670,204,3,0
BRDA:2670,204,4,0
BRDA:2693,205,0,0
BRDA:2693,205,1,0
BRDA:2703,206,0,0
BRDA:2703,206,1,0
BRDA:2703,207,0,0
BRDA:2703,207,1,0
BRDA:2703,207,2,0
BRDA:2705,208,0,0
BRDA:2705,208,1,0
BRDA:2711,209,0,0
BRDA:2711,209,1,0
BRDA:2711,209,2,0
BRDA:2711,209,3,0
BRDA:2711,209,4,0
BRDA:2734,210,0,0
BRDA:2734,210,1,0
BRDA:2750,211,0,0
BRDA:2750,211,1,0
BRDA:2750,211,2,0
BRDA:2750,211,3,0
BRDA:2750,211,4,0
BRDA:2757,212,0,0
BRDA:2757,212,1,0
BRDA:2757,213,0,0
BRDA:2757,213,1,0
BRDA:2760,214,0,0
BRDA:2760,214,1,0
BRDA:2770,215,0,0
BRDA:2770,215,1,0
BRDA:2770,216,0,0
BRDA:2770,216,1,0
BRDA:2773,217,0,0
BRDA:2773,217,1,0
BRDA:2783,218,0,0
BRDA:2783,218,1,0
BRDA:2783,219,0,0
BRDA:2783,219,1,0
BRDA:2786,220,0,0
BRDA:2786,220,1,0
BRDA:2796,221,0,0
BRDA:2796,221,1,0
BRDA:2855,222,0,0
BRDA:2855,222,1,0
BRDA:2856,223,0,0
BRDA:2856,223,1,0
BRDA:2856,223,2,0
BRDA:2856,223,3,0
BRDA:2856,223,4,0
BRDA:2879,224,0,0
BRDA:2879,224,1,0
BRDA:2882,225,0,0
BRDA:2882,225,1,0
BRDA:2882,225,2,0
BRDA:2882,225,3,0
BRDA:2882,225,4,0
BRDA:2906,226,0,0
BRDA:2906,226,1,0
BRDA:2907,227,0,0
BRDA:2907,227,1,0
BRDA:2907,227,2,0
BRDA:2907,227,3,0
BRDA:2907,227,4,0
BRDA:2930,228,0,0
BRDA:2930,228,1,0
BRDA:2933,229,0,0
BRDA:2933,229,1,0
BRDA:2933,229,2,0
BRDA:2933,229,3,0
BRDA:2933,229,4,0
BRDA:2965,230,0,0
BRDA:2965,230,1,0
BRDA:2965,230,2,0
BRDA:2965,230,3,0
BRDA:2965,230,4,0
BRDA:2978,231,0,0
BRDA:2978,231,1,0
BRDA:2991,232,0,0
BRDA:2991,232,1,0
BRDA:3008,233,0,0
BRDA:3008,233,1,0
BRDA:3024,234,0,0
BRDA:3024,234,1,0
BRDA:3025,235,0,0
BRDA:3025,235,1,0
BRDA:3029,236,0,0
BRDA:3029,236,1,0
BRDA:3029,237,0,0
BRDA:3029,237,1,0
BRDA:3032,238,0,0
BRDA:3032,238,1,0
BRDA:3054,239,0,0
BRDA:3054,239,1,0
BRDA:3054,239,2,0
BRDA:3054,239,3,0
BRDA:3054,239,4,0
BRDA:3083,240,0,0
BRDA:3083,240,1,0
BRDA:3085,241,0,0
BRDA:3085,241,1,0
BRDA:3085,241,2,0
BRDA:3085,241,3,0
BRDA:3085,241,4,0
BRDA:3101,242,0,0
BRDA:3101,242,1,0
BRDA:3115,243,0,0
BRDA:3115,243,1,0
BRDA:3145,244,0,0
BRDA:3145,244,1,0
BRDA:3147,245,0,0
BRDA:3147,245,1,0
BRDA:3147,245,2,0
BRDA:3147,245,3,0
BRDA:3147,245,4,0
BRDA:3170,246,0,0
BRDA:3170,246,1,0
BRDA:3170,246,2,0
BRDA:3170,246,3,0
BRDA:3170,246,4,0
BRF:601
BRH:47
end_of_record
